<?xml version="1.0" encoding="UTF-8"?>
<!-- Generated by org.testng.reporters.JUnitXMLReporter -->
<testsuite hostname="DESKTOP-N7K85DJ" name="AUW_Firefox_Dev" tests="10" failures="0" timestamp="29 Sep 2021 14:55:49 GMT" time="1014.005" errors="0">
  <testcase name="AboutUS" time="56.66" classname="Test_Case_dev.AUW_AboutUS"/>
  <testcase name="main" time="274.654" classname="Test_Case_dev.AUW_Experience"/>
  <testcase name="main" time="43.771" classname="Test_Case_dev.AUW_CallUpdate"/>
  <testcase name="main" time="42.179" classname="Test_Case_dev.AUW_NJ_Update"/>
  <testcase name="main" time="48.169" classname="Test_Case_dev.AUW_header_web_Development"/>
  <testcase name="AUW_Footer" time="75.449" classname="Test_Case_dev.AUW_Footer_Development"/>
  <testcase name="main" time="82.749" classname="Test_Case_dev.AUW_Intelligence_TC"/>
  <testcase name="main" time="19.604" classname="Test_Case_dev.AUW_PPP"/>
  <testcase name="Practices_AgentsBrokers" time="51.12" classname="Test_Case_dev.Practices_AgentsBrokers"/>
  <testcase name="Practices_CustomerSeekingCoverage" time="221.886" classname="Test_Case_dev.Practices_CustomerSeekingCoverage"/>
</testsuite> <!-- AUW_Firefox_Dev -->
