<?xml version="1.0" encoding="UTF-8"?>
<!-- Generated by org.testng.reporters.JUnitXMLReporter -->
<testsuite hostname="DESKTOP-N7K85DJ" name="AUW_Firefox_Prod" tests="10" failures="0" timestamp="19 Oct 2021 11:19:12 GMT" time="2047.941" errors="0">
  <testcase name="AUW_Footer" time="72.745" classname="Test_case_prod.AUW_Footer_Prod"/>
  <testcase name="AboutUS" time="53.284" classname="Test_case_prod.AUW_AboutUS"/>
  <testcase name="main" time="17.293" classname="Test_case_prod.AUW_PPP"/>
  <testcase name="main" time="37.929" classname="Test_case_prod.AUW_NJ_Update"/>
  <testcase name="main" time="38.578" classname="Test_case_prod.AUW_CallUpdate"/>
  <testcase name="main" time="271.794" classname="Test_case_prod.AUW_Experience"/>
  <testcase name="main" time="79.458" classname="Test_case_prod.AUW_Intelligence_TC"/>
  <testcase name="main" time="55.53" classname="Test_case_prod.AUW_header_web_Prod"/>
  <testcase name="Practices_AgentsBrokers" time="50.967" classname="Test_case_prod.Practices_AgentsBrokers"/>
  <testcase name="Practices_CustomerSeekingCoverage" time="1286.036" classname="Test_case_prod.Practices_CustomerSeekingCoverage"/>
</testsuite> <!-- AUW_Firefox_Prod -->
