<?xml version="1.0" encoding="UTF-8"?>
<!-- Generated by org.testng.reporters.JUnitXMLReporter -->
<testsuite hostname="DESKTOP-N7K85DJ" name="AUWGlobal_ChromeTest_Development" tests="3" failures="0" timestamp="29 Dec 2021 11:24:36 GMT" time="91.667" errors="0">
  <testcase name="LearnMore" time="16.873" classname="AUW_Global_Test_Cases_Development.LearnMore_TC"/>
  <testcase name="More_button" time="48.45" classname="AUW_Global_Test_Cases_Development.Home_More"/>
  <testcase name="HomePage" time="10.974" classname="AUW_Global_Test_Cases_Development.Home_Page_TC"/>
</testsuite> <!-- AUWGlobal_ChromeTest_Development -->
