<?xml version="1.0" encoding="UTF-8"?>
<!-- Generated by org.testng.reporters.JUnitXMLReporter -->
<testsuite hostname="DESKTOP-N7K85DJ" name="MTL_Dev_Firefox" tests="13" failures="0" timestamp="30 Sep 2021 06:03:12 GMT" time="595.842" errors="0">
  <testcase name="Heading1" time="32.292" classname="Test_Cases.What_we_offer1_TC"/>
  <testcase name="Heading10" time="35.776" classname="Test_Cases.What_we_offer1_TC"/>
  <testcase name="Heading11" time="50.831" classname="Test_Cases.What_we_offer1_TC"/>
  <testcase name="Heading2" time="35.649" classname="Test_Cases.What_we_offer1_TC"/>
  <testcase name="Heading3" time="35.714" classname="Test_Cases.What_we_offer1_TC"/>
  <testcase name="Heading4" time="35.927" classname="Test_Cases.What_we_offer1_TC"/>
  <testcase name="Heading5" time="36.048" classname="Test_Cases.What_we_offer1_TC"/>
  <testcase name="Heading6" time="36.041" classname="Test_Cases.What_we_offer1_TC"/>
  <testcase name="Heading7" time="35.882" classname="Test_Cases.What_we_offer1_TC"/>
  <testcase name="Heading8" time="35.794" classname="Test_Cases.What_we_offer1_TC"/>
  <testcase name="Heading9" time="35.574" classname="Test_Cases.What_we_offer1_TC"/>
  <testcase name="More_offers" time="39.412" classname="Test_Cases.More_offers_TC"/>
  <testcase name="Footer" time="38.911" classname="Test_Cases.Home_URL"/>
</testsuite> <!-- MTL_Dev_Firefox -->
