<?xml version="1.0" encoding="UTF-8"?>
<!-- Generated by org.testng.reporters.JUnitXMLReporter -->
<testsuite hostname="DESKTOP-N7K85DJ" name="CG_Prod_Firefox" tests="6" failures="0" timestamp="15 Nov 2021 09:36:36 GMT" time="160.159" errors="0">
  <testcase name="HomePage_Header_login" time="41.018" classname="Test_Cases_Prod.What_we_Do_TC"/>
  <testcase name="HomePage_Header_login" time="9.097" classname="Test_Cases_Prod.Forgot_Password"/>
  <testcase name="HomePage_Header_ContactUS_btn" time="10.859" classname="Test_Cases_Prod.Home_TC"/>
  <testcase name="HomePage_Header_Our_approach" time="11.346" classname="Test_Cases_Prod.Home_TC"/>
  <testcase name="HomePage_Header_What_weDo" time="6.724" classname="Test_Cases_Prod.Home_TC"/>
  <testcase name="HomePage_Header_login" time="24.568" classname="Test_Cases_Prod.Home_TC"/>
</testsuite> <!-- CG_Prod_Firefox -->
