<?xml version="1.0" encoding="UTF-8"?>
<testng-results skipped="0" failed="0" total="11" passed="11">
  <reporter-output>
    <line>
      <![CDATA[=====firefox Browser Session Started=====]]>
    </line>
    <line>
      <![CDATA[=====Application Started=====]]>
    </line>
    <line>
      <![CDATA[=====Browser Session End=====]]>
    </line>
    <line>
      <![CDATA[=====firefox Browser Session Started=====]]>
    </line>
    <line>
      <![CDATA[=====Application Started=====]]>
    </line>
    <line>
      <![CDATA[=====Browser Session End=====]]>
    </line>
    <line>
      <![CDATA[=====firefox Browser Session Started=====]]>
    </line>
    <line>
      <![CDATA[=====Application Started=====]]>
    </line>
    <line>
      <![CDATA[=====Browser Session End=====]]>
    </line>
    <line>
      <![CDATA[=====firefox Browser Session Started=====]]>
    </line>
    <line>
      <![CDATA[=====Application Started=====]]>
    </line>
    <line>
      <![CDATA[=====Browser Session End=====]]>
    </line>
    <line>
      <![CDATA[=====firefox Browser Session Started=====]]>
    </line>
    <line>
      <![CDATA[=====Application Started=====]]>
    </line>
    <line>
      <![CDATA[=====Browser Session End=====]]>
    </line>
    <line>
      <![CDATA[=====Chrome Browser Session Started=====]]>
    </line>
    <line>
      <![CDATA[=====Application Started=====]]>
    </line>
    <line>
      <![CDATA[=====Browser Session End=====]]>
    </line>
    <line>
      <![CDATA[=====Chrome Browser Session Started=====]]>
    </line>
    <line>
      <![CDATA[=====Application Started=====]]>
    </line>
    <line>
      <![CDATA[=====Browser Session End=====]]>
    </line>
    <line>
      <![CDATA[=====Chrome Browser Session Started=====]]>
    </line>
    <line>
      <![CDATA[=====Application Started=====]]>
    </line>
    <line>
      <![CDATA[=====Browser Session End=====]]>
    </line>
    <line>
      <![CDATA[=====Chrome Browser Session Started=====]]>
    </line>
    <line>
      <![CDATA[=====Application Started=====]]>
    </line>
    <line>
      <![CDATA[=====Browser Session End=====]]>
    </line>
    <line>
      <![CDATA[=====Chrome Browser Session Started=====]]>
    </line>
    <line>
      <![CDATA[=====Application Started=====]]>
    </line>
    <line>
      <![CDATA[=====Browser Session End=====]]>
    </line>
    <line>
      <![CDATA[=====Chrome Browser Session Started=====]]>
    </line>
    <line>
      <![CDATA[=====Application Started=====]]>
    </line>
    <line>
      <![CDATA[=====Browser Session End=====]]>
    </line>
  </reporter-output>
  <suite name="Suite" duration-ms="509678" started-at="2021-09-30T07:15:11Z" finished-at="2021-09-30T07:23:40Z">
    <groups>
    </groups>
    <test name="JumboGC_Prod_firefox" duration-ms="208306" started-at="2021-09-30T07:15:11Z" finished-at="2021-09-30T07:18:39Z">
      <class name="Test_case_prod.Header_footer">
        <test-method status="PASS" signature="setupApplication(java.lang.String)[pri:0, instance:Test_case_prod.Header_footer@7907ec20]" name="setupApplication" is-config="true" duration-ms="21027" started-at="2021-09-30T12:45:11Z" finished-at="2021-09-30T12:45:32Z">
          <params>
            <param index="0">
              <value>
                <![CDATA[firefox]]>
              </value>
            </param>
          </params>
          <reporter-output>
            <line>
              <![CDATA[=====firefox Browser Session Started=====]]>
            </line>
            <line>
              <![CDATA[=====Application Started=====]]>
            </line>
          </reporter-output>
        </test-method> <!-- setupApplication -->
        <test-method status="PASS" signature="Footer_Facebook()[pri:0, instance:Test_case_prod.Header_footer@7907ec20]" name="Footer_Facebook" duration-ms="25831" started-at="2021-09-30T12:45:32Z" finished-at="2021-09-30T12:45:58Z">
          <reporter-output>
          </reporter-output>
        </test-method> <!-- Footer_Facebook -->
        <test-method status="PASS" signature="tearDown(org.testng.ITestResult)[pri:0, instance:Test_case_prod.Header_footer@7907ec20]" name="tearDown" is-config="true" duration-ms="2246" started-at="2021-09-30T12:45:58Z" finished-at="2021-09-30T12:46:00Z">
          <params>
            <param index="0">
              <value>
                <![CDATA[[TestResult name=Footer_Facebook status=SUCCESS method=Header_footer.Footer_Facebook()[pri:0, instance:Test_case_prod.Header_footer@7907ec20] output={null}]]]>
              </value>
            </param>
          </params>
          <reporter-output>
            <line>
              <![CDATA[=====Browser Session End=====]]>
            </line>
          </reporter-output>
        </test-method> <!-- tearDown -->
        <test-method status="PASS" signature="setupApplication(java.lang.String)[pri:0, instance:Test_case_prod.Header_footer@7907ec20]" name="setupApplication" is-config="true" duration-ms="9054" started-at="2021-09-30T12:46:00Z" finished-at="2021-09-30T12:46:09Z">
          <params>
            <param index="0">
              <value>
                <![CDATA[firefox]]>
              </value>
            </param>
          </params>
          <reporter-output>
            <line>
              <![CDATA[=====firefox Browser Session Started=====]]>
            </line>
            <line>
              <![CDATA[=====Application Started=====]]>
            </line>
          </reporter-output>
        </test-method> <!-- setupApplication -->
        <test-method status="PASS" signature="Footer_Instagram()[pri:0, instance:Test_case_prod.Header_footer@7907ec20]" name="Footer_Instagram" duration-ms="25562" started-at="2021-09-30T12:46:09Z" finished-at="2021-09-30T12:46:34Z">
          <reporter-output>
          </reporter-output>
        </test-method> <!-- Footer_Instagram -->
        <test-method status="PASS" signature="tearDown(org.testng.ITestResult)[pri:0, instance:Test_case_prod.Header_footer@7907ec20]" name="tearDown" is-config="true" duration-ms="1601" started-at="2021-09-30T12:46:34Z" finished-at="2021-09-30T12:46:36Z">
          <params>
            <param index="0">
              <value>
                <![CDATA[[TestResult name=Footer_Instagram status=SUCCESS method=Header_footer.Footer_Instagram()[pri:0, instance:Test_case_prod.Header_footer@7907ec20] output={null}]]]>
              </value>
            </param>
          </params>
          <reporter-output>
            <line>
              <![CDATA[=====Browser Session End=====]]>
            </line>
          </reporter-output>
        </test-method> <!-- tearDown -->
        <test-method status="PASS" signature="setupApplication(java.lang.String)[pri:0, instance:Test_case_prod.Header_footer@7907ec20]" name="setupApplication" is-config="true" duration-ms="17937" started-at="2021-09-30T12:46:36Z" finished-at="2021-09-30T12:46:54Z">
          <params>
            <param index="0">
              <value>
                <![CDATA[firefox]]>
              </value>
            </param>
          </params>
          <reporter-output>
            <line>
              <![CDATA[=====firefox Browser Session Started=====]]>
            </line>
            <line>
              <![CDATA[=====Application Started=====]]>
            </line>
          </reporter-output>
        </test-method> <!-- setupApplication -->
        <test-method status="PASS" signature="Footer_Privacy()[pri:0, instance:Test_case_prod.Header_footer@7907ec20]" name="Footer_Privacy" duration-ms="35945" started-at="2021-09-30T12:46:54Z" finished-at="2021-09-30T12:47:30Z">
          <reporter-output>
          </reporter-output>
        </test-method> <!-- Footer_Privacy -->
        <test-method status="PASS" signature="tearDown(org.testng.ITestResult)[pri:0, instance:Test_case_prod.Header_footer@7907ec20]" name="tearDown" is-config="true" duration-ms="1463" started-at="2021-09-30T12:47:30Z" finished-at="2021-09-30T12:47:31Z">
          <params>
            <param index="0">
              <value>
                <![CDATA[[TestResult name=Footer_Privacy status=SUCCESS method=Header_footer.Footer_Privacy()[pri:0, instance:Test_case_prod.Header_footer@7907ec20] output={null}]]]>
              </value>
            </param>
          </params>
          <reporter-output>
            <line>
              <![CDATA[=====Browser Session End=====]]>
            </line>
          </reporter-output>
        </test-method> <!-- tearDown -->
        <test-method status="PASS" signature="setupApplication(java.lang.String)[pri:0, instance:Test_case_prod.Header_footer@7907ec20]" name="setupApplication" is-config="true" duration-ms="9077" started-at="2021-09-30T12:47:31Z" finished-at="2021-09-30T12:47:40Z">
          <params>
            <param index="0">
              <value>
                <![CDATA[firefox]]>
              </value>
            </param>
          </params>
          <reporter-output>
            <line>
              <![CDATA[=====firefox Browser Session Started=====]]>
            </line>
            <line>
              <![CDATA[=====Application Started=====]]>
            </line>
          </reporter-output>
        </test-method> <!-- setupApplication -->
        <test-method status="PASS" signature="Footer_linkedIN()[pri:0, instance:Test_case_prod.Header_footer@7907ec20]" name="Footer_linkedIN" duration-ms="25922" started-at="2021-09-30T12:47:40Z" finished-at="2021-09-30T12:48:06Z">
          <reporter-output>
          </reporter-output>
        </test-method> <!-- Footer_linkedIN -->
        <test-method status="PASS" signature="tearDown(org.testng.ITestResult)[pri:0, instance:Test_case_prod.Header_footer@7907ec20]" name="tearDown" is-config="true" duration-ms="1583" started-at="2021-09-30T12:48:06Z" finished-at="2021-09-30T12:48:08Z">
          <params>
            <param index="0">
              <value>
                <![CDATA[[TestResult name=Footer_linkedIN status=SUCCESS method=Header_footer.Footer_linkedIN()[pri:0, instance:Test_case_prod.Header_footer@7907ec20] output={null}]]]>
              </value>
            </param>
          </params>
          <reporter-output>
            <line>
              <![CDATA[=====Browser Session End=====]]>
            </line>
          </reporter-output>
        </test-method> <!-- tearDown -->
        <test-method status="PASS" signature="setupApplication(java.lang.String)[pri:0, instance:Test_case_prod.Header_footer@7907ec20]" name="setupApplication" is-config="true" duration-ms="9126" started-at="2021-09-30T12:48:08Z" finished-at="2021-09-30T12:48:17Z">
          <params>
            <param index="0">
              <value>
                <![CDATA[firefox]]>
              </value>
            </param>
          </params>
          <reporter-output>
            <line>
              <![CDATA[=====firefox Browser Session Started=====]]>
            </line>
            <line>
              <![CDATA[=====Application Started=====]]>
            </line>
          </reporter-output>
        </test-method> <!-- setupApplication -->
        <test-method status="PASS" signature="Header_Login()[pri:0, instance:Test_case_prod.Header_footer@7907ec20]" name="Header_Login" duration-ms="20263" started-at="2021-09-30T12:48:17Z" finished-at="2021-09-30T12:48:37Z">
          <reporter-output>
          </reporter-output>
        </test-method> <!-- Header_Login -->
        <test-method status="PASS" signature="tearDown(org.testng.ITestResult)[pri:0, instance:Test_case_prod.Header_footer@7907ec20]" name="tearDown" is-config="true" duration-ms="1644" started-at="2021-09-30T12:48:37Z" finished-at="2021-09-30T12:48:39Z">
          <params>
            <param index="0">
              <value>
                <![CDATA[[TestResult name=Header_Login status=SUCCESS method=Header_footer.Header_Login()[pri:0, instance:Test_case_prod.Header_footer@7907ec20] output={null}]]]>
              </value>
            </param>
          </params>
          <reporter-output>
            <line>
              <![CDATA[=====Browser Session End=====]]>
            </line>
          </reporter-output>
        </test-method> <!-- tearDown -->
      </class> <!-- Test_case_prod.Header_footer -->
    </test> <!-- JumboGC_Prod_firefox -->
    <test name="JumboGC_Prod_chrome" duration-ms="301346" started-at="2021-09-30T07:18:39Z" finished-at="2021-09-30T07:23:40Z">
      <class name="Test_case_prod.Side_Heading">
        <test-method status="PASS" signature="setupApplication(java.lang.String)[pri:0, instance:Test_case_prod.Side_Heading@3f0ee7cb]" name="setupApplication" is-config="true" duration-ms="4942" started-at="2021-09-30T12:48:39Z" finished-at="2021-09-30T12:48:44Z">
          <params>
            <param index="0">
              <value>
                <![CDATA[chrome]]>
              </value>
            </param>
          </params>
          <reporter-output>
            <line>
              <![CDATA[=====Chrome Browser Session Started=====]]>
            </line>
            <line>
              <![CDATA[=====Application Started=====]]>
            </line>
          </reporter-output>
        </test-method> <!-- setupApplication -->
        <test-method status="PASS" signature="Header_Footer()[pri:0, instance:Test_case_prod.Side_Heading@3f0ee7cb]" name="Header_Footer" duration-ms="103774" started-at="2021-09-30T12:48:44Z" finished-at="2021-09-30T12:50:28Z">
          <reporter-output>
          </reporter-output>
        </test-method> <!-- Header_Footer -->
        <test-method status="PASS" signature="tearDown(org.testng.ITestResult)[pri:0, instance:Test_case_prod.Side_Heading@3f0ee7cb]" name="tearDown" is-config="true" duration-ms="837" started-at="2021-09-30T12:50:28Z" finished-at="2021-09-30T12:50:29Z">
          <params>
            <param index="0">
              <value>
                <![CDATA[[TestResult name=Header_Footer status=SUCCESS method=Side_Heading.Header_Footer()[pri:0, instance:Test_case_prod.Side_Heading@3f0ee7cb] output={null}]]]>
              </value>
            </param>
          </params>
          <reporter-output>
            <line>
              <![CDATA[=====Browser Session End=====]]>
            </line>
          </reporter-output>
        </test-method> <!-- tearDown -->
      </class> <!-- Test_case_prod.Side_Heading -->
      <class name="Test_case_prod.Header_footer">
        <test-method status="PASS" signature="setupApplication(java.lang.String)[pri:0, instance:Test_case_prod.Header_footer@75bd9247]" name="setupApplication" is-config="true" duration-ms="14206" started-at="2021-09-30T12:50:29Z" finished-at="2021-09-30T12:50:43Z">
          <params>
            <param index="0">
              <value>
                <![CDATA[chrome]]>
              </value>
            </param>
          </params>
          <reporter-output>
            <line>
              <![CDATA[=====Chrome Browser Session Started=====]]>
            </line>
            <line>
              <![CDATA[=====Application Started=====]]>
            </line>
          </reporter-output>
        </test-method> <!-- setupApplication -->
        <test-method status="PASS" signature="Footer_Facebook()[pri:0, instance:Test_case_prod.Header_footer@75bd9247]" name="Footer_Facebook" duration-ms="25592" started-at="2021-09-30T12:50:43Z" finished-at="2021-09-30T12:51:08Z">
          <reporter-output>
          </reporter-output>
        </test-method> <!-- Footer_Facebook -->
        <test-method status="PASS" signature="tearDown(org.testng.ITestResult)[pri:0, instance:Test_case_prod.Header_footer@75bd9247]" name="tearDown" is-config="true" duration-ms="912" started-at="2021-09-30T12:51:08Z" finished-at="2021-09-30T12:51:09Z">
          <params>
            <param index="0">
              <value>
                <![CDATA[[TestResult name=Footer_Facebook status=SUCCESS method=Header_footer.Footer_Facebook()[pri:0, instance:Test_case_prod.Header_footer@75bd9247] output={null}]]]>
              </value>
            </param>
          </params>
          <reporter-output>
            <line>
              <![CDATA[=====Browser Session End=====]]>
            </line>
          </reporter-output>
        </test-method> <!-- tearDown -->
        <test-method status="PASS" signature="setupApplication(java.lang.String)[pri:0, instance:Test_case_prod.Header_footer@75bd9247]" name="setupApplication" is-config="true" duration-ms="4766" started-at="2021-09-30T12:51:09Z" finished-at="2021-09-30T12:51:14Z">
          <params>
            <param index="0">
              <value>
                <![CDATA[chrome]]>
              </value>
            </param>
          </params>
          <reporter-output>
            <line>
              <![CDATA[=====Chrome Browser Session Started=====]]>
            </line>
            <line>
              <![CDATA[=====Application Started=====]]>
            </line>
          </reporter-output>
        </test-method> <!-- setupApplication -->
        <test-method status="PASS" signature="Footer_Instagram()[pri:0, instance:Test_case_prod.Header_footer@75bd9247]" name="Footer_Instagram" duration-ms="25500" started-at="2021-09-30T12:51:14Z" finished-at="2021-09-30T12:51:40Z">
          <reporter-output>
          </reporter-output>
        </test-method> <!-- Footer_Instagram -->
        <test-method status="PASS" signature="tearDown(org.testng.ITestResult)[pri:0, instance:Test_case_prod.Header_footer@75bd9247]" name="tearDown" is-config="true" duration-ms="1147" started-at="2021-09-30T12:51:40Z" finished-at="2021-09-30T12:51:41Z">
          <params>
            <param index="0">
              <value>
                <![CDATA[[TestResult name=Footer_Instagram status=SUCCESS method=Header_footer.Footer_Instagram()[pri:0, instance:Test_case_prod.Header_footer@75bd9247] output={null}]]]>
              </value>
            </param>
          </params>
          <reporter-output>
            <line>
              <![CDATA[=====Browser Session End=====]]>
            </line>
          </reporter-output>
        </test-method> <!-- tearDown -->
        <test-method status="PASS" signature="setupApplication(java.lang.String)[pri:0, instance:Test_case_prod.Header_footer@75bd9247]" name="setupApplication" is-config="true" duration-ms="14045" started-at="2021-09-30T12:51:41Z" finished-at="2021-09-30T12:51:55Z">
          <params>
            <param index="0">
              <value>
                <![CDATA[chrome]]>
              </value>
            </param>
          </params>
          <reporter-output>
            <line>
              <![CDATA[=====Chrome Browser Session Started=====]]>
            </line>
            <line>
              <![CDATA[=====Application Started=====]]>
            </line>
          </reporter-output>
        </test-method> <!-- setupApplication -->
        <test-method status="PASS" signature="Footer_Privacy()[pri:0, instance:Test_case_prod.Header_footer@75bd9247]" name="Footer_Privacy" duration-ms="35779" started-at="2021-09-30T12:51:55Z" finished-at="2021-09-30T12:52:30Z">
          <reporter-output>
          </reporter-output>
        </test-method> <!-- Footer_Privacy -->
        <test-method status="PASS" signature="tearDown(org.testng.ITestResult)[pri:0, instance:Test_case_prod.Header_footer@75bd9247]" name="tearDown" is-config="true" duration-ms="819" started-at="2021-09-30T12:52:30Z" finished-at="2021-09-30T12:52:31Z">
          <params>
            <param index="0">
              <value>
                <![CDATA[[TestResult name=Footer_Privacy status=SUCCESS method=Header_footer.Footer_Privacy()[pri:0, instance:Test_case_prod.Header_footer@75bd9247] output={null}]]]>
              </value>
            </param>
          </params>
          <reporter-output>
            <line>
              <![CDATA[=====Browser Session End=====]]>
            </line>
          </reporter-output>
        </test-method> <!-- tearDown -->
        <test-method status="PASS" signature="setupApplication(java.lang.String)[pri:0, instance:Test_case_prod.Header_footer@75bd9247]" name="setupApplication" is-config="true" duration-ms="4550" started-at="2021-09-30T12:52:31Z" finished-at="2021-09-30T12:52:36Z">
          <params>
            <param index="0">
              <value>
                <![CDATA[chrome]]>
              </value>
            </param>
          </params>
          <reporter-output>
            <line>
              <![CDATA[=====Chrome Browser Session Started=====]]>
            </line>
            <line>
              <![CDATA[=====Application Started=====]]>
            </line>
          </reporter-output>
        </test-method> <!-- setupApplication -->
        <test-method status="PASS" signature="Footer_linkedIN()[pri:0, instance:Test_case_prod.Header_footer@75bd9247]" name="Footer_linkedIN" duration-ms="25423" started-at="2021-09-30T12:52:36Z" finished-at="2021-09-30T12:53:01Z">
          <reporter-output>
          </reporter-output>
        </test-method> <!-- Footer_linkedIN -->
        <test-method status="PASS" signature="tearDown(org.testng.ITestResult)[pri:0, instance:Test_case_prod.Header_footer@75bd9247]" name="tearDown" is-config="true" duration-ms="973" started-at="2021-09-30T12:53:01Z" finished-at="2021-09-30T12:53:02Z">
          <params>
            <param index="0">
              <value>
                <![CDATA[[TestResult name=Footer_linkedIN status=SUCCESS method=Header_footer.Footer_linkedIN()[pri:0, instance:Test_case_prod.Header_footer@75bd9247] output={null}]]]>
              </value>
            </param>
          </params>
          <reporter-output>
            <line>
              <![CDATA[=====Browser Session End=====]]>
            </line>
          </reporter-output>
        </test-method> <!-- tearDown -->
        <test-method status="PASS" signature="setupApplication(java.lang.String)[pri:0, instance:Test_case_prod.Header_footer@75bd9247]" name="setupApplication" is-config="true" duration-ms="7152" started-at="2021-09-30T12:53:02Z" finished-at="2021-09-30T12:53:09Z">
          <params>
            <param index="0">
              <value>
                <![CDATA[chrome]]>
              </value>
            </param>
          </params>
          <reporter-output>
            <line>
              <![CDATA[=====Chrome Browser Session Started=====]]>
            </line>
            <line>
              <![CDATA[=====Application Started=====]]>
            </line>
          </reporter-output>
        </test-method> <!-- setupApplication -->
        <test-method status="PASS" signature="Header_Login()[pri:0, instance:Test_case_prod.Header_footer@75bd9247]" name="Header_Login" duration-ms="29441" started-at="2021-09-30T12:53:09Z" finished-at="2021-09-30T12:53:39Z">
          <reporter-output>
          </reporter-output>
        </test-method> <!-- Header_Login -->
        <test-method status="PASS" signature="tearDown(org.testng.ITestResult)[pri:0, instance:Test_case_prod.Header_footer@75bd9247]" name="tearDown" is-config="true" duration-ms="1475" started-at="2021-09-30T12:53:39Z" finished-at="2021-09-30T12:53:40Z">
          <params>
            <param index="0">
              <value>
                <![CDATA[[TestResult name=Header_Login status=SUCCESS method=Header_footer.Header_Login()[pri:0, instance:Test_case_prod.Header_footer@75bd9247] output={null}]]]>
              </value>
            </param>
          </params>
          <reporter-output>
            <line>
              <![CDATA[=====Browser Session End=====]]>
            </line>
          </reporter-output>
        </test-method> <!-- tearDown -->
      </class> <!-- Test_case_prod.Header_footer -->
    </test> <!-- JumboGC_Prod_chrome -->
  </suite> <!-- Suite -->
</testng-results>
