<?xml version="1.0" encoding="UTF-8"?>
<!-- Generated by org.testng.reporters.JUnitXMLReporter -->
<testsuite hostname="DESKTOP-N7K85DJ" name="Solution1_Chrome" tests="6" failures="0" timestamp="15 Sep 2021 17:47:32 GMT" time="357.072" errors="0">
  <testcase name="Side_Heading_Five" time="50.88" classname="Test_Case.Side_Heading_Production"/>
  <testcase name="Side_Heading_Four" time="46.328" classname="Test_Case.Side_Heading_Production"/>
  <testcase name="Side_Heading_One" time="42.465" classname="Test_Case.Side_Heading_Production"/>
  <testcase name="Side_Heading_Three" time="48.533" classname="Test_Case.Side_Heading_Production"/>
  <testcase name="Side_Heading_Two" time="45.298" classname="Test_Case.Side_Heading_Production"/>
  <testcase name="Footer" time="49.47" classname="Test_Case.Footer_Production"/>
</testsuite> <!-- Solution1_Chrome -->
