<?xml version="1.0" encoding="UTF-8"?>
<!-- Generated by org.testng.reporters.JUnitXMLReporter -->
<testsuite hostname="DESKTOP-N7K85DJ" name="JumboGC_Prod_firefox" tests="5" failures="0" timestamp="29 Dec 2021 14:39:55 GMT" time="204.008" errors="0">
  <testcase name="Footer_Facebook" time="25.668" classname="JumboGC_Test_case_prod.Header_footer"/>
  <testcase name="Footer_Instagram" time="25.523" classname="JumboGC_Test_case_prod.Header_footer"/>
  <testcase name="Footer_Privacy" time="35.921" classname="JumboGC_Test_case_prod.Header_footer"/>
  <testcase name="Footer_linkedIN" time="25.835" classname="JumboGC_Test_case_prod.Header_footer"/>
  <testcase name="Header_Login" time="20.257" classname="JumboGC_Test_case_prod.Header_footer"/>
</testsuite> <!-- JumboGC_Prod_firefox -->
