<?xml version="1.0" encoding="UTF-8"?>
<!-- Generated by org.testng.reporters.JUnitXMLReporter -->
<testsuite hostname="DESKTOP-N7K85DJ" name="JumboGC_chrome" tests="6" failures="0" timestamp="24 Nov 2021 14:41:35 GMT" time="285.103" errors="0">
  <testcase name="Footer_Facebook" time="25.465" classname="Test_case.Header_footer"/>
  <testcase name="Footer_Instagram" time="25.456" classname="Test_case.Header_footer"/>
  <testcase name="Footer_Privacy" time="35.836" classname="Test_case.Header_footer"/>
  <testcase name="Footer_linkedIN" time="25.469" classname="Test_case.Header_footer"/>
  <testcase name="Header_Login" time="20.382" classname="Test_case.Header_footer"/>
  <testcase name="Side_heading" time="121.599" classname="Test_case.Side_Heading"/>
</testsuite> <!-- JumboGC_chrome -->
