<?xml version="1.0" encoding="UTF-8"?>
<!-- Generated by org.testng.reporters.JUnitXMLReporter -->
<testsuite hostname="DESKTOP-N7K85DJ" name="Casuality_FirefoxTest_Production" tests="5" failures="0" timestamp="21 Mar 2022 16:42:58 GMT" time="145.311" errors="0">
  <testcase name="HomePage" time="41.723" classname="Casuality_Prod_TC.Menu_About_US"/>
  <testcase name="HomePage" time="63.026" classname="Casuality_Prod_TC.Home_page"/>
  <testcase name="HomePage" time="21.664" classname="Casuality_Prod_TC.Menu_Contact_Us"/>
  <testcase name="Carriers" time="33.586" classname="Casuality_Prod_TC.Menu_Our_Carriers"/>
  <testcase name="HomePage" time="52.526" classname="Casuality_Prod_TC.Menu_Press_Room"/>
</testsuite> <!-- Casuality_FirefoxTest_Production -->
