<?xml version="1.0" encoding="UTF-8"?>
<!-- Generated by org.testng.reporters.JUnitXMLReporter -->
<testsuite hostname="DESKTOP-N7K85DJ" name="Casuality_ChromeTest_Production" tests="5" failures="0" timestamp="24 May 2022 10:13:41 GMT" time="272.961" errors="0">
  <testcase name="Carriers" time="36.676" classname="Casuality_Prod_TC.Menu_Our_Carriers"/>
  <testcase name="HomePage" time="68.036" classname="Casuality_Prod_TC.Home_page"/>
  <testcase name="HomePage" time="48.541" classname="Casuality_Prod_TC.Menu_About_US"/>
  <testcase name="HomePage" time="23.599" classname="Casuality_Prod_TC.Menu_Contact_Us"/>
  <testcase name="HomePage" time="56.098" classname="Casuality_Prod_TC.Menu_Press_Room"/>
</testsuite> <!-- Casuality_ChromeTest_Production -->
