<?xml version="1.0" encoding="UTF-8"?>
<!-- Generated by org.testng.reporters.JUnitXMLReporter -->
<testsuite hostname="DESKTOP-N7K85DJ" name="Casuality_FirefoxTest_Production" tests="5" failures="0" timestamp="15 Mar 2022 13:05:03 GMT" time="165.678" errors="0">
  <testcase name="HomePage" time="45.585" classname="Casuality_Prod_TC.Menu_About_US"/>
  <testcase name="HomePage" time="64.693" classname="Casuality_Prod_TC.Home_page"/>
  <testcase name="HomePage" time="25.939" classname="Casuality_Prod_TC.Menu_Contact_Us"/>
  <testcase name="Carriers" time="33.961" classname="Casuality_Prod_TC.Menu_Our_Carriers"/>
  <testcase name="HomePage" time="53.954" classname="Casuality_Prod_TC.Menu_Press_Room"/>
</testsuite> <!-- Casuality_FirefoxTest_Production -->
