<?xml version="1.0" encoding="UTF-8"?>
<!-- Generated by org.testng.reporters.JUnitXMLReporter -->
<testsuite hostname="DESKTOP-N7K85DJ" name="Chrome_Developmet" tests="66" failures="1" timestamp="28 Feb 2022 07:32:29 GMT" time="1704.842" errors="0">
  <testcase name="main" time="50.122" classname="AUW_Test_Case_dev.AUW_header_web_Development"/>
  <testcase name="main" time="20.313" classname="AUW_Test_Case_dev.AUW_PPP"/>
  <testcase name="AboutUS" time="106.091" classname="AUW_Test_Case_dev.AUW_AboutUS"/>
  <testcase name="AUW_Footer" time="110.917" classname="AUW_Test_Case_dev.AUW_Footer_Development"/>
  <testcase name="main" time="49.121" classname="AUW_Test_Case_dev.AUW_CallUpdate"/>
  <testcase name="main" time="47.52" classname="AUW_Test_Case_dev.AUW_NJ_Update"/>
  <testcase name="main" time="104.466" classname="AUW_Test_Case_dev.AUW_Intelligence_TC"/>
  <testcase name="LearnMore" time="16.937" classname="AUW_Global_Test_Cases_Development.LearnMore_TC"/>
  <testcase name="Practices_AgentsBrokers" time="85.936" classname="AUW_Test_Case_dev.Practices_AgentsBrokers"/>
  <testcase name="HomePage" time="18.618" classname="AUW_Global_Test_Cases_Development.Home_Page_TC"/>
  <testcase name="main" time="362.294" classname="AUW_Test_Case_dev.AUW_Experience"/>
  <testcase name="Siheading_2" time="36.327" classname="Promesa_Test_Case_Development.FAQ"/>
  <testcase name="More_button" time="102.949" classname="AUW_Global_Test_Cases_Development.Home_More"/>
  <testcase name="Side_Heading_One" time="31.531" classname="Promesa_Test_Case_Development.Side_Heading_One"/>
  <testcase name="Footer" time="68.16" classname="Promesa_Test_Case_Development.Footer"/>
  <testcase name="Siheading_2" time="17.113" classname="Promesa_Test_Case_Development.Side_Heading_Two"/>
  <testcase name="Practices_CustomerSeekingCoverage" time="280.617" classname="AUW_Test_Case_dev.Practices_CustomerSeekingCoverage"/>
  <testcase name="Change_Language" time="5.177" classname="Promesa_Test_Case_Development.Change_language"/>
  <testcase name="Footer" time="21.088" classname="Speciality_underwriters_Test_Case_Dev.Contact_US_TC"/>
  <testcase name="Footer" time="11.884" classname="Speciality_underwriters_Test_Case_Dev.About_Us"/>
  <testcase name="Footer" time="39.866" classname="Speciality_underwriters_Test_Case_Dev.What_We_offer"/>
  <testcase name="Footer" time="22.529" classname="Speciality_underwriters_Test_Case_Dev.Home_TC"/>
  <testcase name="ContactUs_Page" time="31.963" classname="AFL_Test_Cases_Dev.ContactUS_OutsideUS_dev"/>
  <testcase name="Side_Heading_One" time="140.508" classname="Promesa_Test_Case_Development.Pharmacy_search"/>
  <testcase name="main_Home_Page" time="33.532" classname="AFL_Test_Cases_Dev.AboutUS_OutsideUS_dev"/>
  <testcase name="main_Home_Page" time="20.828" classname="Adler_TestCases_Development.Home"/>
  <testcase name="Footer" time="82.264" classname="AFL_Test_Cases_Dev.Footer_TC_dev"/>
  <testcase name="Home_Page" time="159.326" classname="AFL_Test_Cases_Dev.HomePage_TC_dev"/>
  <testcase name="main_Home_Page" time="154.484" classname="Adler_TestCases_Development.News"/>
  <testcase name="Side_Heading" time="153.08" classname="Careers_Test_case_Development.Side_Heading1"/>
  <testcase name="AUW_Footer" time="104.085" classname="Careers_Test_case_Development.Footer"/>
  <testcase name="main_Home_Page" time="49.787" classname="Pinnacle_Test_Cases_Development.HomePage_TC"/>
  <testcase name="HomePage_Header_ContactUS_btn" time="17.563" classname="Credit_Global_Test_Cases_Dev.Home_TC"/>
  <testcase name="HomePage_Header_login" time="9.246" classname="Credit_Global_Test_Cases_Dev.Forgot_Password"/>
  <testcase name="Footer" time="364.747" classname="AFL_Test_Cases_Dev.What_We_offer_OutSideUs_dev"/>
  <testcase name="HomePage_Header_Our_approach" time="12.731" classname="Credit_Global_Test_Cases_Dev.Home_TC"/>
  <testcase name="HomePage_Header_What_weDo" time="8.604" classname="Credit_Global_Test_Cases_Dev.Home_TC"/>
  <testcase name="HomePage_Header_login" time="31.606" classname="Credit_Global_Test_Cases_Dev.What_we_Do_TC"/>
  <testcase name="HomePage_Header_login" time="12.995" classname="Credit_Global_Test_Cases_Dev.Home_TC"/>
  <testcase name="ContactUS" time="62.92" classname="Warranty_Test_Case_Dev.Contact_US"/>
  <testcase name="partner" time="14.855" classname="Warranty_Test_Case_Dev.Partner_With_US"/>
  <testcase name="Partner1" time="97.314" classname="Warranty_Test_Case_Dev.Our_Partner"/>
  <testcase name="Home_page" time="33.984" classname="Warranty_Test_Case_Dev.About_US"/>
  <testcase name="WhatsNew" time="332.356" classname="Pinnacle_Test_Cases_Development.WatsNew"/>
  <testcase name="Partner2" time="75.896" classname="Warranty_Test_Case_Dev.Our_Partner"/>
  <testcase name="Home_page" time="291.27" classname="Warranty_Test_Case_Dev.HomePage_Testcase"/>
  <testcase name="Side_Heading_Three" time="68.317" classname="Solution_one_Development.Side_head_sample"/>
  <testcase name="NewsEvents" time="134.224" classname="Warranty_Test_Case_Dev.NewsEvents"/>
  <testcase name="Partner3" time="80.835" classname="Warranty_Test_Case_Dev.Our_Partner"/>
  <testcase name="Footer_Facebook" time="26.943" classname="JumboGC_Test_case_Devlopment.Header_footer"/>
  <testcase name="Footer" time="74.741" classname="Solution_one_Development.Footer_Develop"/>
  <testcase name="Footer_Instagram" time="31.102" classname="JumboGC_Test_case_Devlopment.Header_footer"/>
  <testcase name="Partner4" time="81.691" classname="Warranty_Test_Case_Dev.Our_Partner"/>
  <testcase name="main_Home_Page" time="40.484" classname="Tradewel_Test_Cases_Development.About_US"/>
  <testcase name="Footer_Privacy" time="42.908" classname="JumboGC_Test_case_Devlopment.Header_footer"/>
  <testcase name="Partner5" time="96.59" classname="Warranty_Test_Case_Dev.Our_Partner"/>
  <testcase name="Footer_linkedIN" time="35.949" classname="JumboGC_Test_case_Devlopment.Header_footer"/>
  <testcase name="Side_heading" time="245.746" classname="JumboGC_Test_case_Devlopment.Side_Heading"/>
  <testcase name="Header_Login" time="21.725" classname="JumboGC_Test_case_Devlopment.Header_footer"/>
  <testcase name="Partner6" time="92.919" classname="Warranty_Test_Case_Dev.Our_Partner"/>
  <testcase name="Carriers" time="29.427" classname="Casuality_Dev_TC.Menu_Our_Carriers">
    <failure type="org.openqa.selenium.ElementClickInterceptedException" message="element click intercepted: Element &amp;lt;a href=&amp;quot;https://www..../home/default.aspx&amp;quot; target=&amp;quot;_blank&amp;quot; rel=&amp;quot;noreferrer noopener&amp;quot;&amp;gt;ambest.com&amp;lt;/a&amp;gt; is not clickable at point (499, 12). Other element would receive the click: &amp;lt;div class=&amp;quot;jss40 jss23&amp;quot;&amp;gt;...&amp;lt;/div&amp;gt;
  (Session info: chrome=98.0.4758.102)
Build info: version: &amp;apos;3.141.59&amp;apos;, revision: &amp;apos;e82be7d358&amp;apos;, time: &amp;apos;2018-11-14T08:17:03&amp;apos;
System info: host: &amp;apos;DESKTOP-N7K85DJ&amp;apos;, ip: &amp;apos;192.168.1.4&amp;apos;, os.name: &amp;apos;Windows 10&amp;apos;, os.arch: &amp;apos;amd64&amp;apos;, os.version: &amp;apos;10.0&amp;apos;, java.version: &amp;apos;1.8.0_291&amp;apos;
Driver info: org.openqa.selenium.chrome.ChromeDriver
Capabilities {acceptInsecureCerts: false, browserName: chrome, browserVersion: 98.0.4758.102, chrome: {chromedriverVersion: 98.0.4758.102 (273bf7ac8c90..., userDataDir: C:\Users\Sweta\AppData\Loca...}, goog:chromeOptions: {debuggerAddress: localhost:61423}, javascriptEnabled: true, networkConnectionEnabled: false, pageLoadStrategy: normal, platform: WINDOWS, platformName: WINDOWS, proxy: Proxy(), setWindowRect: true, strictFileInteractability: false, timeouts: {implicit: 0, pageLoad: 300000, script: 30000}, unhandledPromptBehavior: dismiss and notify, webauthn:extension:credBlob: true, webauthn:extension:largeBlob: true, webauthn:virtualAuthenticators: true}
Session ID: 08de5a2bbdd34bd5bec5edfdf99069c0">
      <![CDATA[org.openqa.selenium.ElementClickInterceptedException: element click intercepted: Element <a href="https://www..../home/default.aspx" target="_blank" rel="noreferrer noopener">ambest.com</a> is not clickable at point (499, 12). Other element would receive the click: <div class="jss40 jss23">...</div>
  (Session info: chrome=98.0.4758.102)
Build info: version: '3.141.59', revision: 'e82be7d358', time: '2018-11-14T08:17:03'
System info: host: 'DESKTOP-N7K85DJ', ip: '192.168.1.4', os.name: 'Windows 10', os.arch: 'amd64', os.version: '10.0', java.version: '1.8.0_291'
Driver info: org.openqa.selenium.chrome.ChromeDriver
Capabilities {acceptInsecureCerts: false, browserName: chrome, browserVersion: 98.0.4758.102, chrome: {chromedriverVersion: 98.0.4758.102 (273bf7ac8c90..., userDataDir: C:\Users\Sweta\AppData\Loca...}, goog:chromeOptions: {debuggerAddress: localhost:61423}, javascriptEnabled: true, networkConnectionEnabled: false, pageLoadStrategy: normal, platform: WINDOWS, platformName: WINDOWS, proxy: Proxy(), setWindowRect: true, strictFileInteractability: false, timeouts: {implicit: 0, pageLoad: 300000, script: 30000}, unhandledPromptBehavior: dismiss and notify, webauthn:extension:credBlob: true, webauthn:extension:largeBlob: true, webauthn:virtualAuthenticators: true}
Session ID: 08de5a2bbdd34bd5bec5edfdf99069c0
	at org.openqa.selenium.remote.http.W3CHttpResponseCodec.createException(W3CHttpResponseCodec.java:187)
	at org.openqa.selenium.remote.http.W3CHttpResponseCodec.decode(W3CHttpResponseCodec.java:122)
	at org.openqa.selenium.remote.http.W3CHttpResponseCodec.decode(W3CHttpResponseCodec.java:49)
	at org.openqa.selenium.remote.HttpCommandExecutor.execute(HttpCommandExecutor.java:158)
	at org.openqa.selenium.remote.service.DriverCommandExecutor.execute(DriverCommandExecutor.java:83)
	at org.openqa.selenium.remote.RemoteWebDriver.execute(RemoteWebDriver.java:552)
	at org.openqa.selenium.remote.RemoteWebElement.execute(RemoteWebElement.java:285)
	at org.openqa.selenium.remote.RemoteWebElement.click(RemoteWebElement.java:84)
	at Casuality_pages.Menu_Carriers.Ambest(Menu_Carriers.java:55)
	at Casuality_Dev_TC.Menu_Our_Carriers.Carriers(Menu_Our_Carriers.java:19)
	at java.util.concurrent.ThreadPoolExecutor.runWorker(ThreadPoolExecutor.java:1149)
	at java.util.concurrent.ThreadPoolExecutor$Worker.run(ThreadPoolExecutor.java:624)
	at java.lang.Thread.run(Thread.java:748)
... Removed 14 stack frames]]>
    </failure>
  </testcase> <!-- Carriers -->
  <testcase name="HomePage" time="60.252" classname="Casuality_Dev_TC.Menu_Press_Room"/>
  <testcase name="HomePage" time="69.975" classname="Casuality_Dev_TC.Home_page"/>
  <testcase name="HomePage" time="22.831" classname="Casuality_Dev_TC.Menu_Contact_Us"/>
  <testcase name="Comprehensive" time="213.469" classname="Tradewel_Test_Cases_Development.comprehensive_Protection"/>
  <testcase name="HomePage" time="49.574" classname="Casuality_Dev_TC.Menu_About_US"/>
</testsuite> <!-- Chrome_Developmet -->
