<?xml version="1.0" encoding="UTF-8"?>
<!-- Generated by org.testng.reporters.JUnitXMLReporter -->
<testsuite hostname="DESKTOP-N7K85DJ" name="Chrome_Developmet" tests="65" failures="3" timestamp="28 Dec 2021 08:28:06 GMT" time="4432.811" errors="0">
  <testcase name="main" time="80.476" classname="AUW_Test_Case_dev.AUW_Experience">
    <failure type="org.openqa.selenium.NoSuchElementException" message="no such element: Unable to locate element: {&amp;quot;method&amp;quot;:&amp;quot;xpath&amp;quot;,&amp;quot;selector&amp;quot;:&amp;quot;(//*[contains(@class, &amp;apos;blog-image&amp;apos;)])[2]&amp;quot;}
  (Session info: chrome=96.0.4664.110)
For documentation on this error, please visit: https://www.seleniumhq.org/exceptions/no_such_element.html
Build info: version: &amp;apos;3.141.59&amp;apos;, revision: &amp;apos;e82be7d358&amp;apos;, time: &amp;apos;2018-11-14T08:17:03&amp;apos;
System info: host: &amp;apos;DESKTOP-N7K85DJ&amp;apos;, ip: &amp;apos;192.168.1.4&amp;apos;, os.name: &amp;apos;Windows 10&amp;apos;, os.arch: &amp;apos;amd64&amp;apos;, os.version: &amp;apos;10.0&amp;apos;, java.version: &amp;apos;1.8.0_301&amp;apos;
Driver info: org.openqa.selenium.chrome.ChromeDriver
Capabilities {acceptInsecureCerts: false, browserName: chrome, browserVersion: 96.0.4664.110, chrome: {chromedriverVersion: 96.0.4664.45 (76e4c1bb2ab46..., userDataDir: C:\Users\Sweta\AppData\Loca...}, goog:chromeOptions: {debuggerAddress: localhost:60342}, javascriptEnabled: true, networkConnectionEnabled: false, pageLoadStrategy: normal, platform: WINDOWS, platformName: WINDOWS, proxy: Proxy(), setWindowRect: true, strictFileInteractability: false, timeouts: {implicit: 0, pageLoad: 300000, script: 30000}, unhandledPromptBehavior: dismiss and notify, webauthn:extension:credBlob: true, webauthn:extension:largeBlob: true, webauthn:virtualAuthenticators: true}
Session ID: ca925372df2df2f7f5f1111b6c182848
*** Element info: {Using=xpath, value=(//*[contains(@class, &amp;apos;blog-image&amp;apos;)])[2]}">
      <![CDATA[org.openqa.selenium.NoSuchElementException: no such element: Unable to locate element: {"method":"xpath","selector":"(//*[contains(@class, 'blog-image')])[2]"}
  (Session info: chrome=96.0.4664.110)
For documentation on this error, please visit: https://www.seleniumhq.org/exceptions/no_such_element.html
Build info: version: '3.141.59', revision: 'e82be7d358', time: '2018-11-14T08:17:03'
System info: host: 'DESKTOP-N7K85DJ', ip: '192.168.1.4', os.name: 'Windows 10', os.arch: 'amd64', os.version: '10.0', java.version: '1.8.0_301'
Driver info: org.openqa.selenium.chrome.ChromeDriver
Capabilities {acceptInsecureCerts: false, browserName: chrome, browserVersion: 96.0.4664.110, chrome: {chromedriverVersion: 96.0.4664.45 (76e4c1bb2ab46..., userDataDir: C:\Users\Sweta\AppData\Loca...}, goog:chromeOptions: {debuggerAddress: localhost:60342}, javascriptEnabled: true, networkConnectionEnabled: false, pageLoadStrategy: normal, platform: WINDOWS, platformName: WINDOWS, proxy: Proxy(), setWindowRect: true, strictFileInteractability: false, timeouts: {implicit: 0, pageLoad: 300000, script: 30000}, unhandledPromptBehavior: dismiss and notify, webauthn:extension:credBlob: true, webauthn:extension:largeBlob: true, webauthn:virtualAuthenticators: true}
Session ID: ca925372df2df2f7f5f1111b6c182848
*** Element info: {Using=xpath, value=(//*[contains(@class, 'blog-image')])[2]}
	at org.openqa.selenium.remote.http.W3CHttpResponseCodec.createException(W3CHttpResponseCodec.java:187)
	at org.openqa.selenium.remote.http.W3CHttpResponseCodec.decode(W3CHttpResponseCodec.java:122)
	at org.openqa.selenium.remote.http.W3CHttpResponseCodec.decode(W3CHttpResponseCodec.java:49)
	at org.openqa.selenium.remote.HttpCommandExecutor.execute(HttpCommandExecutor.java:158)
	at org.openqa.selenium.remote.service.DriverCommandExecutor.execute(DriverCommandExecutor.java:83)
	at org.openqa.selenium.remote.RemoteWebDriver.execute(RemoteWebDriver.java:552)
	at org.openqa.selenium.remote.RemoteWebDriver.findElement(RemoteWebDriver.java:323)
	at org.openqa.selenium.remote.RemoteWebDriver.findElementByXPath(RemoteWebDriver.java:428)
	at org.openqa.selenium.By$ByXPath.findElement(By.java:353)
	at org.openqa.selenium.remote.RemoteWebDriver.findElement(RemoteWebDriver.java:315)
	at AUW_Pages.Experience_page.Exp_card2(Experience_page.java:182)
	at AUW_Test_Case_dev.AUW_Experience.main(AUW_Experience.java:57)
... Removed 28 stack frames]]>
    </failure>
  </testcase> <!-- main -->
  <testcase name="main" time="40.293" classname="AUW_Test_Case_dev.AUW_header_web_Development"/>
  <testcase name="AUW_Footer" time="70.169" classname="AUW_Test_Case_dev.AUW_Footer_Development"/>
  <testcase name="AboutUS" time="67.428" classname="AUW_Test_Case_dev.AUW_AboutUS"/>
  <testcase name="main" time="18.807" classname="AUW_Test_Case_dev.AUW_PPP"/>
  <testcase name="main" time="43.773" classname="AUW_Test_Case_dev.AUW_CallUpdate"/>
  <testcase name="main" time="41.456" classname="AUW_Test_Case_dev.AUW_NJ_Update"/>
  <testcase name="main" time="85.93" classname="AUW_Test_Case_dev.AUW_Intelligence_TC"/>
  <testcase name="Practices_AgentsBrokers" time="65.359" classname="AUW_Test_Case_dev.Practices_AgentsBrokers"/>
  <testcase name="Practices_CustomerSeekingCoverage" time="226.012" classname="AUW_Test_Case_dev.Practices_CustomerSeekingCoverage"/>
  <testcase name="LearnMore" time="16.62" classname="AUW_Global_Test_Cases_Development.LearnMore_TC"/>
  <testcase name="HomePage" time="13.825" classname="AUW_Global_Test_Cases_Development.Home_Page_TC"/>
  <testcase name="More_button" time="67.729" classname="AUW_Global_Test_Cases_Development.Home_More"/>
  <testcase name="Siheading_2" time="25.471" classname="Promesa_Test_Case_Development.FAQ"/>
  <testcase name="Footer" time="69.967" classname="Promesa_Test_Case_Development.Footer"/>
  <testcase name="Side_Heading_One" time="29.58" classname="Promesa_Test_Case_Development.Side_Heading_One"/>
  <testcase name="Side_Heading_One" time="125.607" classname="Promesa_Test_Case_Development.Pharmacy_search"/>
  <testcase name="Siheading_2" time="17.367" classname="Promesa_Test_Case_Development.Side_Heading_Two"/>
  <testcase name="Change_Language" time="4.033" classname="Promesa_Test_Case_Development.Change_language"/>
  <testcase name="Footer" time="18.892" classname="Speciality_underwriters_Test_Case_Dev.Contact_US_TC"/>
  <testcase name="Footer" time="11.152" classname="Speciality_underwriters_Test_Case_Dev.About_Us"/>
  <testcase name="Footer" time="39.024" classname="Speciality_underwriters_Test_Case_Dev.What_We_offer"/>
  <testcase name="Footer" time="20.61" classname="Speciality_underwriters_Test_Case_Dev.Home_TC"/>
  <testcase name="ContactUs_Page" time="23.927" classname="AFL_Test_Cases_Dev.ContactUS_OutsideUS_dev"/>
  <testcase name="main_Home_Page" time="29.471" classname="AFL_Test_Cases_Dev.AboutUS_OutsideUS_dev"/>
  <testcase name="Footer" time="277.453" classname="AFL_Test_Cases_Dev.What_We_offer_OutSideUs_dev"/>
  <testcase name="Footer" time="71.456" classname="AFL_Test_Cases_Dev.Footer_TC_dev"/>
  <testcase name="Home_Page" time="167.625" classname="AFL_Test_Cases_Dev.HomePage_TC_dev"/>
  <testcase name="main_Home_Page" time="19.956" classname="Adler_TestCases_Development.Home"/>
  <testcase name="main_Home_Page" time="131.4" classname="Adler_TestCases_Development.News"/>
  <testcase name="Side_Heading" time="125.911" classname="Careers_Test_case_Development.Side_Heading1"/>
  <testcase name="AUW_Footer" time="94.36" classname="Careers_Test_case_Development.Footer"/>
  <testcase name="WhatsNew" time="117.943" classname="Pinnacle_Test_Cases_Development.WatsNew"/>
  <testcase name="main_Home_Page" time="45.945" classname="Pinnacle_Test_Cases_Development.HomePage_TC"/>
  <testcase name="HomePage_Header_ContactUS_btn" time="15.939" classname="Credit_Global_Test_Cases_Dev.Home_TC"/>
  <testcase name="HomePage_Header_Our_approach" time="11.657" classname="Credit_Global_Test_Cases_Dev.Home_TC"/>
  <testcase name="HomePage_Header_What_weDo" time="7.6" classname="Credit_Global_Test_Cases_Dev.Home_TC"/>
  <testcase name="HomePage_Header_login" time="11.143" classname="Credit_Global_Test_Cases_Dev.Home_TC"/>
  <testcase name="HomePage_Header_login" time="9.547" classname="Credit_Global_Test_Cases_Dev.Forgot_Password"/>
  <testcase name="HomePage_Header_login" time="29.141" classname="Credit_Global_Test_Cases_Dev.What_we_Do_TC"/>
  <testcase name="Home_page" time="264.894" classname="Warranty_Test_Case_Dev.HomePage_Testcase"/>
  <testcase name="ContactUS" time="39.312" classname="Warranty_Test_Case_Dev.Contact_US"/>
  <testcase name="Partner1" time="65.75" classname="Warranty_Test_Case_Dev.Our_Partner"/>
  <testcase name="Partner2" time="65.793" classname="Warranty_Test_Case_Dev.Our_Partner"/>
  <testcase name="Partner3" time="66.589" classname="Warranty_Test_Case_Dev.Our_Partner"/>
  <testcase name="Partner4" time="68.256" classname="Warranty_Test_Case_Dev.Our_Partner"/>
  <testcase name="Partner5" time="27.503" classname="Warranty_Test_Case_Dev.Our_Partner">
    <failure type="org.openqa.selenium.ElementClickInterceptedException" message="element click intercepted: Element &amp;lt;p class=&amp;quot;jss148 jss156 jss32&amp;quot;&amp;gt;...&amp;lt;/p&amp;gt; is not clickable at point (467, 15). Other element would receive the click: &amp;lt;div class=&amp;quot;jss45 jss69 jss2&amp;quot;&amp;gt;...&amp;lt;/div&amp;gt;
  (Session info: chrome=96.0.4664.110)
Build info: version: &amp;apos;3.141.59&amp;apos;, revision: &amp;apos;e82be7d358&amp;apos;, time: &amp;apos;2018-11-14T08:17:03&amp;apos;
System info: host: &amp;apos;DESKTOP-N7K85DJ&amp;apos;, ip: &amp;apos;192.168.1.4&amp;apos;, os.name: &amp;apos;Windows 10&amp;apos;, os.arch: &amp;apos;amd64&amp;apos;, os.version: &amp;apos;10.0&amp;apos;, java.version: &amp;apos;1.8.0_301&amp;apos;
Driver info: org.openqa.selenium.chrome.ChromeDriver
Capabilities {acceptInsecureCerts: false, browserName: chrome, browserVersion: 96.0.4664.110, chrome: {chromedriverVersion: 96.0.4664.45 (76e4c1bb2ab46..., userDataDir: C:\Users\Sweta\AppData\Loca...}, goog:chromeOptions: {debuggerAddress: localhost:64029}, javascriptEnabled: true, networkConnectionEnabled: false, pageLoadStrategy: normal, platform: WINDOWS, platformName: WINDOWS, proxy: Proxy(), setWindowRect: true, strictFileInteractability: false, timeouts: {implicit: 0, pageLoad: 300000, script: 30000}, unhandledPromptBehavior: dismiss and notify, webauthn:extension:credBlob: true, webauthn:extension:largeBlob: true, webauthn:virtualAuthenticators: true}
Session ID: e2e89a972015eeb137b5fecd02f833ed">
      <![CDATA[org.openqa.selenium.ElementClickInterceptedException: element click intercepted: Element <p class="jss148 jss156 jss32">...</p> is not clickable at point (467, 15). Other element would receive the click: <div class="jss45 jss69 jss2">...</div>
  (Session info: chrome=96.0.4664.110)
Build info: version: '3.141.59', revision: 'e82be7d358', time: '2018-11-14T08:17:03'
System info: host: 'DESKTOP-N7K85DJ', ip: '192.168.1.4', os.name: 'Windows 10', os.arch: 'amd64', os.version: '10.0', java.version: '1.8.0_301'
Driver info: org.openqa.selenium.chrome.ChromeDriver
Capabilities {acceptInsecureCerts: false, browserName: chrome, browserVersion: 96.0.4664.110, chrome: {chromedriverVersion: 96.0.4664.45 (76e4c1bb2ab46..., userDataDir: C:\Users\Sweta\AppData\Loca...}, goog:chromeOptions: {debuggerAddress: localhost:64029}, javascriptEnabled: true, networkConnectionEnabled: false, pageLoadStrategy: normal, platform: WINDOWS, platformName: WINDOWS, proxy: Proxy(), setWindowRect: true, strictFileInteractability: false, timeouts: {implicit: 0, pageLoad: 300000, script: 30000}, unhandledPromptBehavior: dismiss and notify, webauthn:extension:credBlob: true, webauthn:extension:largeBlob: true, webauthn:virtualAuthenticators: true}
Session ID: e2e89a972015eeb137b5fecd02f833ed
	at org.openqa.selenium.remote.http.W3CHttpResponseCodec.createException(W3CHttpResponseCodec.java:187)
	at org.openqa.selenium.remote.http.W3CHttpResponseCodec.decode(W3CHttpResponseCodec.java:122)
	at org.openqa.selenium.remote.http.W3CHttpResponseCodec.decode(W3CHttpResponseCodec.java:49)
	at org.openqa.selenium.remote.HttpCommandExecutor.execute(HttpCommandExecutor.java:158)
	at org.openqa.selenium.remote.service.DriverCommandExecutor.execute(DriverCommandExecutor.java:83)
	at org.openqa.selenium.remote.RemoteWebDriver.execute(RemoteWebDriver.java:552)
	at org.openqa.selenium.remote.RemoteWebElement.execute(RemoteWebElement.java:285)
	at org.openqa.selenium.remote.RemoteWebElement.click(RemoteWebElement.java:84)
	at Warranty_Page.Our_Partners_page.card1(Our_Partners_page.java:198)
	at Warranty_Test_Case_Dev.Our_Partner.Partner5(Our_Partner.java:73)
... Removed 28 stack frames]]>
    </failure>
  </testcase> <!-- Partner5 -->
  <testcase name="Partner6" time="65.137" classname="Warranty_Test_Case_Dev.Our_Partner"/>
  <testcase name="partner" time="11.525" classname="Warranty_Test_Case_Dev.Partner_With_US"/>
  <testcase name="Home_page" time="31.872" classname="Warranty_Test_Case_Dev.About_US"/>
  <testcase name="NewsEvents" time="113.151" classname="Warranty_Test_Case_Dev.NewsEvents"/>
  <testcase name="Side_Heading_Five" time="51.006" classname="Solution_one_Development.Side_head_sample"/>
  <testcase name="Side_Heading_Four" time="75.904" classname="Solution_one_Development.Side_head_sample">
    <failure type="org.openqa.selenium.ElementNotInteractableException" message="element not interactable
  (Session info: chrome=96.0.4664.110)
Build info: version: &amp;apos;3.141.59&amp;apos;, revision: &amp;apos;e82be7d358&amp;apos;, time: &amp;apos;2018-11-14T08:17:03&amp;apos;
System info: host: &amp;apos;DESKTOP-N7K85DJ&amp;apos;, ip: &amp;apos;192.168.1.4&amp;apos;, os.name: &amp;apos;Windows 10&amp;apos;, os.arch: &amp;apos;amd64&amp;apos;, os.version: &amp;apos;10.0&amp;apos;, java.version: &amp;apos;1.8.0_301&amp;apos;
Driver info: org.openqa.selenium.chrome.ChromeDriver
Capabilities {acceptInsecureCerts: false, browserName: chrome, browserVersion: 96.0.4664.110, chrome: {chromedriverVersion: 96.0.4664.45 (76e4c1bb2ab46..., userDataDir: C:\Users\Sweta\AppData\Loca...}, goog:chromeOptions: {debuggerAddress: localhost:64291}, javascriptEnabled: true, networkConnectionEnabled: false, pageLoadStrategy: normal, platform: WINDOWS, platformName: WINDOWS, proxy: Proxy(), setWindowRect: true, strictFileInteractability: false, timeouts: {implicit: 0, pageLoad: 300000, script: 30000}, unhandledPromptBehavior: dismiss and notify, webauthn:extension:credBlob: true, webauthn:extension:largeBlob: true, webauthn:virtualAuthenticators: true}
Session ID: dc0959bebfad33384b389505ce3f04ec">
      <![CDATA[org.openqa.selenium.ElementNotInteractableException: element not interactable
  (Session info: chrome=96.0.4664.110)
Build info: version: '3.141.59', revision: 'e82be7d358', time: '2018-11-14T08:17:03'
System info: host: 'DESKTOP-N7K85DJ', ip: '192.168.1.4', os.name: 'Windows 10', os.arch: 'amd64', os.version: '10.0', java.version: '1.8.0_301'
Driver info: org.openqa.selenium.chrome.ChromeDriver
Capabilities {acceptInsecureCerts: false, browserName: chrome, browserVersion: 96.0.4664.110, chrome: {chromedriverVersion: 96.0.4664.45 (76e4c1bb2ab46..., userDataDir: C:\Users\Sweta\AppData\Loca...}, goog:chromeOptions: {debuggerAddress: localhost:64291}, javascriptEnabled: true, networkConnectionEnabled: false, pageLoadStrategy: normal, platform: WINDOWS, platformName: WINDOWS, proxy: Proxy(), setWindowRect: true, strictFileInteractability: false, timeouts: {implicit: 0, pageLoad: 300000, script: 30000}, unhandledPromptBehavior: dismiss and notify, webauthn:extension:credBlob: true, webauthn:extension:largeBlob: true, webauthn:virtualAuthenticators: true}
Session ID: dc0959bebfad33384b389505ce3f04ec
	at org.openqa.selenium.remote.http.W3CHttpResponseCodec.createException(W3CHttpResponseCodec.java:187)
	at org.openqa.selenium.remote.http.W3CHttpResponseCodec.decode(W3CHttpResponseCodec.java:122)
	at org.openqa.selenium.remote.http.W3CHttpResponseCodec.decode(W3CHttpResponseCodec.java:49)
	at org.openqa.selenium.remote.HttpCommandExecutor.execute(HttpCommandExecutor.java:158)
	at org.openqa.selenium.remote.service.DriverCommandExecutor.execute(DriverCommandExecutor.java:83)
	at org.openqa.selenium.remote.RemoteWebDriver.execute(RemoteWebDriver.java:552)
	at org.openqa.selenium.remote.RemoteWebElement.execute(RemoteWebElement.java:285)
	at org.openqa.selenium.remote.RemoteWebElement.click(RemoteWebElement.java:84)
	at Solution_one_Pages.Amplience.Solution_slotEdit_four(Amplience.java:195)
	at Solution_one_Development.Side_head_sample.Side_Heading_Four(Side_head_sample.java:137)
... Removed 28 stack frames]]>
    </failure>
  </testcase> <!-- Side_Heading_Four -->
  <testcase name="Side_Heading_One" time="47.981" classname="Solution_one_Development.Side_head_sample"/>
  <testcase name="Side_Heading_Three" time="52.555" classname="Solution_one_Development.Side_head_sample"/>
  <testcase name="Side_Heading_Two" time="49.958" classname="Solution_one_Development.Side_head_sample"/>
  <testcase name="Footer" time="56.529" classname="Solution_one_Development.Footer_Develop"/>
  <testcase name="Footer_Facebook" time="25.694" classname="JumboGC_Test_case_Devlopment.Header_footer"/>
  <testcase name="Footer_Instagram" time="25.672" classname="JumboGC_Test_case_Devlopment.Header_footer"/>
  <testcase name="Footer_Privacy" time="36.18" classname="JumboGC_Test_case_Devlopment.Header_footer"/>
  <testcase name="Footer_linkedIN" time="25.6" classname="JumboGC_Test_case_Devlopment.Header_footer"/>
  <testcase name="Header_Login" time="20.559" classname="JumboGC_Test_case_Devlopment.Header_footer"/>
  <testcase name="Side_heading" time="131.665" classname="JumboGC_Test_case_Devlopment.Side_Heading"/>
  <testcase name="main_Home_Page" time="32.995" classname="Tradewel_Test_Cases_Development.About_US"/>
  <testcase name="Comprehensive" time="165.985" classname="Tradewel_Test_Cases_Development.comprehensive_Protection"/>
</testsuite> <!-- Chrome_Developmet -->
