<?xml version="1.0" encoding="UTF-8"?>
<!-- Generated by org.testng.reporters.JUnitXMLReporter -->
<testsuite hostname="DESKTOP-N7K85DJ" name="Chrome_Developmet" tests="61" failures="3" timestamp="24 Jan 2022 10:38:12 GMT" time="1676.218" errors="0">
  <testcase name="main" time="49.433" classname="AUW_Test_Case_dev.AUW_header_web_Development"/>
  <testcase name="AboutUS" time="88.754" classname="AUW_Test_Case_dev.AUW_AboutUS"/>
  <testcase name="AUW_Footer" time="89.112" classname="AUW_Test_Case_dev.AUW_Footer_Development"/>
  <testcase name="main" time="20.128" classname="AUW_Test_Case_dev.AUW_PPP"/>
  <testcase name="main" time="45.627" classname="AUW_Test_Case_dev.AUW_NJ_Update"/>
  <testcase name="main" time="47.321" classname="AUW_Test_Case_dev.AUW_CallUpdate"/>
  <testcase name="main" time="100.841" classname="AUW_Test_Case_dev.AUW_Intelligence_TC"/>
  <testcase name="LearnMore" time="30.122" classname="AUW_Global_Test_Cases_Development.LearnMore_TC">
    <failure type="org.openqa.selenium.TimeoutException" message="Expected condition failed: waiting for visibility of element located by By.xpath: //*[text()=&amp;apos;Learn More&amp;apos;] (tried for 30 second(s) with 500 milliseconds interval)">
      <![CDATA[org.openqa.selenium.TimeoutException: Expected condition failed: waiting for visibility of element located by By.xpath: //*[text()='Learn More'] (tried for 30 second(s) with 500 milliseconds interval)
	at org.openqa.selenium.support.ui.WebDriverWait.timeoutException(WebDriverWait.java:95)
	at org.openqa.selenium.support.ui.FluentWait.until(FluentWait.java:272)
	at AUW_Global_Pages.Home_page.Learn_more(Home_page.java:158)
	at AUW_Global_Test_Cases_Development.LearnMore_TC.LearnMore(LearnMore_TC.java:20)
	at java.util.concurrent.ThreadPoolExecutor.runWorker(Unknown Source)
	at java.util.concurrent.ThreadPoolExecutor$Worker.run(Unknown Source)
	at java.lang.Thread.run(Unknown Source)
Caused by: org.openqa.selenium.NoSuchElementException: no such element: Unable to locate element: {"method":"xpath","selector":"//*[text()='Learn More']"}
  (Session info: chrome=97.0.4692.71)
For documentation on this error, please visit: https://www.seleniumhq.org/exceptions/no_such_element.html
Build info: version: '3.141.59', revision: 'e82be7d358', time: '2018-11-14T08:17:03'
System info: host: 'DESKTOP-N7K85DJ', ip: '192.168.1.3', os.name: 'Windows 10', os.arch: 'amd64', os.version: '10.0', java.version: '1.8.0_301'
Driver info: org.openqa.selenium.chrome.ChromeDriver
Capabilities {acceptInsecureCerts: false, browserName: chrome, browserVersion: 97.0.4692.71, chrome: {chromedriverVersion: 96.0.4664.45 (76e4c1bb2ab46..., userDataDir: C:\Users\Sweta\AppData\Loca...}, goog:chromeOptions: {debuggerAddress: localhost:54141}, javascriptEnabled: true, networkConnectionEnabled: false, pageLoadStrategy: normal, platform: WINDOWS, platformName: WINDOWS, proxy: Proxy(), setWindowRect: true, strictFileInteractability: false, timeouts: {implicit: 0, pageLoad: 300000, script: 30000}, unhandledPromptBehavior: dismiss and notify, webauthn:extension:credBlob: true, webauthn:extension:largeBlob: true, webauthn:virtualAuthenticators: true}
Session ID: df5ffe6b2d95a84f303e38b4c3be0686
*** Element info: {Using=xpath, value=//*[text()='Learn More']}
	at org.openqa.selenium.remote.http.W3CHttpResponseCodec.createException(W3CHttpResponseCodec.java:187)
	at org.openqa.selenium.remote.http.W3CHttpResponseCodec.decode(W3CHttpResponseCodec.java:122)
	at org.openqa.selenium.remote.http.W3CHttpResponseCodec.decode(W3CHttpResponseCodec.java:49)
	at org.openqa.selenium.remote.HttpCommandExecutor.execute(HttpCommandExecutor.java:158)
	at org.openqa.selenium.remote.service.DriverCommandExecutor.execute(DriverCommandExecutor.java:83)
	at org.openqa.selenium.remote.RemoteWebDriver.execute(RemoteWebDriver.java:552)
	at org.openqa.selenium.remote.RemoteWebDriver.findElement(RemoteWebDriver.java:323)
	at org.openqa.selenium.remote.RemoteWebDriver.findElementByXPath(RemoteWebDriver.java:428)
	at org.openqa.selenium.By$ByXPath.findElement(By.java:353)
	at org.openqa.selenium.remote.RemoteWebDriver.findElement(RemoteWebDriver.java:315)
	at org.openqa.selenium.support.ui.ExpectedConditions$7.apply(ExpectedConditions.java:205)
	at org.openqa.selenium.support.ui.ExpectedConditions$7.apply(ExpectedConditions.java:201)
	at org.openqa.selenium.support.ui.FluentWait.until(FluentWait.java:249)
	... 15 more
... Removed 14 stack frames]]>
    </failure>
  </testcase> <!-- LearnMore -->
  <testcase name="HomePage" time="14.107" classname="AUW_Global_Test_Cases_Development.Home_Page_TC"/>
  <testcase name="Practices_AgentsBrokers" time="137.056" classname="AUW_Test_Case_dev.Practices_AgentsBrokers"/>
  <testcase name="Siheading_2" time="23.471" classname="Promesa_Test_Case_Development.FAQ"/>
  <testcase name="More_button" time="91.441" classname="AUW_Global_Test_Cases_Development.Home_More">
    <failure type="org.openqa.selenium.TimeoutException" message="Expected condition failed: waiting for visibility of element located by By.xpath: //*[text()=&amp;apos; AUW Global Homepage &amp;apos;] (tried for 60 second(s) with 500 milliseconds interval)">
      <![CDATA[org.openqa.selenium.TimeoutException: Expected condition failed: waiting for visibility of element located by By.xpath: //*[text()=' AUW Global Homepage '] (tried for 60 second(s) with 500 milliseconds interval)
	at org.openqa.selenium.support.ui.WebDriverWait.timeoutException(WebDriverWait.java:95)
	at org.openqa.selenium.support.ui.FluentWait.until(FluentWait.java:272)
	at AUW_Global_Pages.Amplience.Global_slotEdit_one(Amplience.java:96)
	at AUW_Global_Test_Cases_Development.Home_More.More_button(Home_More.java:39)
	at java.util.concurrent.ThreadPoolExecutor.runWorker(Unknown Source)
	at java.util.concurrent.ThreadPoolExecutor$Worker.run(Unknown Source)
	at java.lang.Thread.run(Unknown Source)
Caused by: org.openqa.selenium.NoSuchElementException: no such element: Unable to locate element: {"method":"xpath","selector":"//*[text()=' AUW Global Homepage ']"}
  (Session info: chrome=97.0.4692.71)
For documentation on this error, please visit: https://www.seleniumhq.org/exceptions/no_such_element.html
Build info: version: '3.141.59', revision: 'e82be7d358', time: '2018-11-14T08:17:03'
System info: host: 'DESKTOP-N7K85DJ', ip: '192.168.1.3', os.name: 'Windows 10', os.arch: 'amd64', os.version: '10.0', java.version: '1.8.0_301'
Driver info: org.openqa.selenium.chrome.ChromeDriver
Capabilities {acceptInsecureCerts: false, browserName: chrome, browserVersion: 97.0.4692.71, chrome: {chromedriverVersion: 96.0.4664.45 (76e4c1bb2ab46..., userDataDir: C:\Users\Sweta\AppData\Loca...}, goog:chromeOptions: {debuggerAddress: localhost:54205}, javascriptEnabled: true, networkConnectionEnabled: false, pageLoadStrategy: normal, platform: WINDOWS, platformName: WINDOWS, proxy: Proxy(), setWindowRect: true, strictFileInteractability: false, timeouts: {implicit: 0, pageLoad: 300000, script: 30000}, unhandledPromptBehavior: dismiss and notify, webauthn:extension:credBlob: true, webauthn:extension:largeBlob: true, webauthn:virtualAuthenticators: true}
Session ID: 7873ede036d570f9837e9548646e7571
*** Element info: {Using=xpath, value=//*[text()=' AUW Global Homepage ']}
	at org.openqa.selenium.remote.http.W3CHttpResponseCodec.createException(W3CHttpResponseCodec.java:187)
	at org.openqa.selenium.remote.http.W3CHttpResponseCodec.decode(W3CHttpResponseCodec.java:122)
	at org.openqa.selenium.remote.http.W3CHttpResponseCodec.decode(W3CHttpResponseCodec.java:49)
	at org.openqa.selenium.remote.HttpCommandExecutor.execute(HttpCommandExecutor.java:158)
	at org.openqa.selenium.remote.service.DriverCommandExecutor.execute(DriverCommandExecutor.java:83)
	at org.openqa.selenium.remote.RemoteWebDriver.execute(RemoteWebDriver.java:552)
	at org.openqa.selenium.remote.RemoteWebDriver.findElement(RemoteWebDriver.java:323)
	at org.openqa.selenium.remote.RemoteWebDriver.findElementByXPath(RemoteWebDriver.java:428)
	at org.openqa.selenium.By$ByXPath.findElement(By.java:353)
	at org.openqa.selenium.remote.RemoteWebDriver.findElement(RemoteWebDriver.java:315)
	at org.openqa.selenium.support.ui.ExpectedConditions$7.apply(ExpectedConditions.java:205)
	at org.openqa.selenium.support.ui.ExpectedConditions$7.apply(ExpectedConditions.java:201)
	at org.openqa.selenium.support.ui.FluentWait.until(FluentWait.java:249)
	... 15 more
... Removed 14 stack frames]]>
    </failure>
  </testcase> <!-- More_button -->
  <testcase name="main" time="365.609" classname="AUW_Test_Case_dev.AUW_Experience"/>
  <testcase name="Footer" time="65.318" classname="Promesa_Test_Case_Development.Footer"/>
  <testcase name="Side_Heading_One" time="33.127" classname="Promesa_Test_Case_Development.Side_Heading_One"/>
  <testcase name="Practices_CustomerSeekingCoverage" time="258.361" classname="AUW_Test_Case_dev.Practices_CustomerSeekingCoverage"/>
  <testcase name="Siheading_2" time="17.078" classname="Promesa_Test_Case_Development.Side_Heading_Two"/>
  <testcase name="Change_Language" time="3.676" classname="Promesa_Test_Case_Development.Change_language"/>
  <testcase name="Footer" time="17.901" classname="Speciality_underwriters_Test_Case_Dev.Contact_US_TC"/>
  <testcase name="Footer" time="11.539" classname="Speciality_underwriters_Test_Case_Dev.About_Us"/>
  <testcase name="Footer" time="17.168" classname="Speciality_underwriters_Test_Case_Dev.Home_TC"/>
  <testcase name="ContactUs_Page" time="24.708" classname="AFL_Test_Cases_Dev.ContactUS_OutsideUS_dev"/>
  <testcase name="Side_Heading_One" time="133.468" classname="Promesa_Test_Case_Development.Pharmacy_search"/>
  <testcase name="Footer" time="40.681" classname="Speciality_underwriters_Test_Case_Dev.What_We_offer"/>
  <testcase name="main_Home_Page" time="31.965" classname="AFL_Test_Cases_Dev.AboutUS_OutsideUS_dev"/>
  <testcase name="main_Home_Page" time="21.954" classname="Adler_TestCases_Development.Home"/>
  <testcase name="Footer" time="78.071" classname="AFL_Test_Cases_Dev.Footer_TC_dev"/>
  <testcase name="Home_Page" time="146.414" classname="AFL_Test_Cases_Dev.HomePage_TC_dev"/>
  <testcase name="main_Home_Page" time="143.499" classname="Adler_TestCases_Development.News"/>
  <testcase name="AUW_Footer" time="79.045" classname="Careers_Test_case_Development.Footer"/>
  <testcase name="Side_Heading" time="156.163" classname="Careers_Test_case_Development.Side_Heading1"/>
  <testcase name="HomePage_Header_ContactUS_btn" time="17.226" classname="Credit_Global_Test_Cases_Dev.Home_TC"/>
  <testcase name="main_Home_Page" time="52.091" classname="Pinnacle_Test_Cases_Development.HomePage_TC"/>
  <testcase name="HomePage_Header_Our_approach" time="13.018" classname="Credit_Global_Test_Cases_Dev.Home_TC"/>
  <testcase name="HomePage_Header_What_weDo" time="9.368" classname="Credit_Global_Test_Cases_Dev.Home_TC"/>
  <testcase name="HomePage_Header_login" time="9.684" classname="Credit_Global_Test_Cases_Dev.Forgot_Password"/>
  <testcase name="HomePage_Header_login" time="12.78" classname="Credit_Global_Test_Cases_Dev.Home_TC"/>
  <testcase name="Footer" time="362.001" classname="AFL_Test_Cases_Dev.What_We_offer_OutSideUs_dev"/>
  <testcase name="HomePage_Header_login" time="34.561" classname="Credit_Global_Test_Cases_Dev.What_we_Do_TC"/>
  <testcase name="WhatsNew" time="190.737" classname="Pinnacle_Test_Cases_Development.WatsNew"/>
  <testcase name="ContactUS" time="45.627" classname="Warranty_Test_Case_Dev.Contact_US"/>
  <testcase name="partner" time="13.064" classname="Warranty_Test_Case_Dev.Partner_With_US"/>
  <testcase name="Partner1" time="82.892" classname="Warranty_Test_Case_Dev.Our_Partner"/>
  <testcase name="Home_page" time="32.823" classname="Warranty_Test_Case_Dev.About_US"/>
  <testcase name="Partner2" time="90.183" classname="Warranty_Test_Case_Dev.Our_Partner"/>
  <testcase name="Side_Heading_Three" time="89.727" classname="Solution_one_Development.Side_head_sample"/>
  <testcase name="NewsEvents" time="136.191" classname="Warranty_Test_Case_Dev.NewsEvents"/>
  <testcase name="Footer_Facebook" time="44.575" classname="JumboGC_Test_case_Devlopment.Header_footer"/>
  <testcase name="Home_page" time="308.922" classname="Warranty_Test_Case_Dev.HomePage_Testcase"/>
  <testcase name="Partner3" time="107.513" classname="Warranty_Test_Case_Dev.Our_Partner"/>
  <testcase name="Footer" time="104.216" classname="Solution_one_Development.Footer_Develop"/>
  <testcase name="Footer_Instagram" time="49.291" classname="JumboGC_Test_case_Devlopment.Header_footer"/>
  <testcase name="Partner4" time="141.519" classname="Warranty_Test_Case_Dev.Our_Partner"/>
  <testcase name="main_Home_Page" time="82.525" classname="Tradewel_Test_Cases_Development.About_US"/>
  <testcase name="Footer_Privacy" time="68.873" classname="JumboGC_Test_case_Devlopment.Header_footer"/>
  <testcase name="Partner5" time="77.699" classname="Warranty_Test_Case_Dev.Our_Partner"/>
  <testcase name="Side_heading" time="305.408" classname="JumboGC_Test_case_Devlopment.Side_Heading"/>
  <testcase name="Footer_linkedIN" time="27.641" classname="JumboGC_Test_case_Devlopment.Header_footer"/>
  <testcase name="Header_Login" time="22.078" classname="JumboGC_Test_case_Devlopment.Header_footer"/>
  <testcase name="Partner6" time="77.172" classname="Warranty_Test_Case_Dev.Our_Partner"/>
  <testcase name="Comprehensive" time="153.587" classname="Tradewel_Test_Cases_Development.comprehensive_Protection">
    <failure type="org.openqa.selenium.NoSuchElementException" message="no such element: Unable to locate element: {&amp;quot;method&amp;quot;:&amp;quot;xpath&amp;quot;,&amp;quot;selector&amp;quot;:&amp;quot;//*[@id=&amp;apos;root&amp;apos;]/div/div/div/div/div/div[2]/div[2]/div/p&amp;quot;}
  (Session info: chrome=97.0.4692.71)
For documentation on this error, please visit: https://www.seleniumhq.org/exceptions/no_such_element.html
Build info: version: &amp;apos;3.141.59&amp;apos;, revision: &amp;apos;e82be7d358&amp;apos;, time: &amp;apos;2018-11-14T08:17:03&amp;apos;
System info: host: &amp;apos;DESKTOP-N7K85DJ&amp;apos;, ip: &amp;apos;192.168.1.3&amp;apos;, os.name: &amp;apos;Windows 10&amp;apos;, os.arch: &amp;apos;amd64&amp;apos;, os.version: &amp;apos;10.0&amp;apos;, java.version: &amp;apos;1.8.0_301&amp;apos;
Driver info: org.openqa.selenium.chrome.ChromeDriver
Capabilities {acceptInsecureCerts: false, browserName: chrome, browserVersion: 97.0.4692.71, chrome: {chromedriverVersion: 96.0.4664.45 (76e4c1bb2ab46..., userDataDir: C:\Users\Sweta\AppData\Loca...}, goog:chromeOptions: {debuggerAddress: localhost:56779}, javascriptEnabled: true, networkConnectionEnabled: false, pageLoadStrategy: normal, platform: WINDOWS, platformName: WINDOWS, proxy: Proxy(), setWindowRect: true, strictFileInteractability: false, timeouts: {implicit: 0, pageLoad: 300000, script: 30000}, unhandledPromptBehavior: dismiss and notify, webauthn:extension:credBlob: true, webauthn:extension:largeBlob: true, webauthn:virtualAuthenticators: true}
Session ID: 37a1e134829ab08e7ff7527c012115b0
*** Element info: {Using=xpath, value=//*[@id=&amp;apos;root&amp;apos;]/div/div/div/div/div/div[2]/div[2]/div/p}">
      <![CDATA[org.openqa.selenium.NoSuchElementException: no such element: Unable to locate element: {"method":"xpath","selector":"//*[@id='root']/div/div/div/div/div/div[2]/div[2]/div/p"}
  (Session info: chrome=97.0.4692.71)
For documentation on this error, please visit: https://www.seleniumhq.org/exceptions/no_such_element.html
Build info: version: '3.141.59', revision: 'e82be7d358', time: '2018-11-14T08:17:03'
System info: host: 'DESKTOP-N7K85DJ', ip: '192.168.1.3', os.name: 'Windows 10', os.arch: 'amd64', os.version: '10.0', java.version: '1.8.0_301'
Driver info: org.openqa.selenium.chrome.ChromeDriver
Capabilities {acceptInsecureCerts: false, browserName: chrome, browserVersion: 97.0.4692.71, chrome: {chromedriverVersion: 96.0.4664.45 (76e4c1bb2ab46..., userDataDir: C:\Users\Sweta\AppData\Loca...}, goog:chromeOptions: {debuggerAddress: localhost:56779}, javascriptEnabled: true, networkConnectionEnabled: false, pageLoadStrategy: normal, platform: WINDOWS, platformName: WINDOWS, proxy: Proxy(), setWindowRect: true, strictFileInteractability: false, timeouts: {implicit: 0, pageLoad: 300000, script: 30000}, unhandledPromptBehavior: dismiss and notify, webauthn:extension:credBlob: true, webauthn:extension:largeBlob: true, webauthn:virtualAuthenticators: true}
Session ID: 37a1e134829ab08e7ff7527c012115b0
*** Element info: {Using=xpath, value=//*[@id='root']/div/div/div/div/div/div[2]/div[2]/div/p}
	at org.openqa.selenium.remote.http.W3CHttpResponseCodec.createException(W3CHttpResponseCodec.java:187)
	at org.openqa.selenium.remote.http.W3CHttpResponseCodec.decode(W3CHttpResponseCodec.java:122)
	at org.openqa.selenium.remote.http.W3CHttpResponseCodec.decode(W3CHttpResponseCodec.java:49)
	at org.openqa.selenium.remote.HttpCommandExecutor.execute(HttpCommandExecutor.java:158)
	at org.openqa.selenium.remote.service.DriverCommandExecutor.execute(DriverCommandExecutor.java:83)
	at org.openqa.selenium.remote.RemoteWebDriver.execute(RemoteWebDriver.java:552)
	at org.openqa.selenium.remote.RemoteWebDriver.findElement(RemoteWebDriver.java:323)
	at org.openqa.selenium.remote.RemoteWebDriver.findElementByXPath(RemoteWebDriver.java:428)
	at org.openqa.selenium.By$ByXPath.findElement(By.java:353)
	at org.openqa.selenium.remote.RemoteWebDriver.findElement(RemoteWebDriver.java:315)
	at Tradewel_Test_Cases_Development.comprehensive_Protection.Comprehensive(comprehensive_Protection.java:86)
	at java.util.concurrent.ThreadPoolExecutor.runWorker(Unknown Source)
	at java.util.concurrent.ThreadPoolExecutor$Worker.run(Unknown Source)
	at java.lang.Thread.run(Unknown Source)
... Removed 14 stack frames]]>
    </failure>
  </testcase> <!-- Comprehensive -->
</testsuite> <!-- Chrome_Developmet -->
