<?xml version="1.0" encoding="UTF-8"?>
<!-- Generated by org.testng.reporters.JUnitXMLReporter -->
<testsuite hostname="DESKTOP-N7K85DJ" name="Chrome_Developmet" tests="65" failures="0" timestamp="23 Dec 2021 11:29:18 GMT" time="5154.224" errors="0">
  <testcase name="main" time="329.444" classname="AUW_Test_Case_dev.AUW_Experience"/>
  <testcase name="main" time="45.133" classname="AUW_Test_Case_dev.AUW_header_web_Development"/>
  <testcase name="AUW_Footer" time="89.523" classname="AUW_Test_Case_dev.AUW_Footer_Development"/>
  <testcase name="AboutUS" time="73.664" classname="AUW_Test_Case_dev.AUW_AboutUS"/>
  <testcase name="main" time="21.093" classname="AUW_Test_Case_dev.AUW_PPP"/>
  <testcase name="main" time="49.523" classname="AUW_Test_Case_dev.AUW_CallUpdate"/>
  <testcase name="main" time="48.856" classname="AUW_Test_Case_dev.AUW_NJ_Update"/>
  <testcase name="main" time="99.608" classname="AUW_Test_Case_dev.AUW_Intelligence_TC"/>
  <testcase name="Practices_AgentsBrokers" time="71.742" classname="AUW_Test_Case_dev.Practices_AgentsBrokers"/>
  <testcase name="Practices_CustomerSeekingCoverage" time="258.271" classname="AUW_Test_Case_dev.Practices_CustomerSeekingCoverage"/>
  <testcase name="LearnMore" time="19.939" classname="AUW_Global_Test_Cases_Development.LearnMore_TC"/>
  <testcase name="HomePage" time="20.194" classname="AUW_Global_Test_Cases_Development.Home_Page_TC"/>
  <testcase name="More_button" time="62.77" classname="AUW_Global_Test_Cases_Development.Home_More"/>
  <testcase name="Siheading_2" time="23.067" classname="Promesa_Test_Case_Development.FAQ"/>
  <testcase name="Footer" time="67.311" classname="Promesa_Test_Case_Development.Footer"/>
  <testcase name="Side_Heading_One" time="28.673" classname="Promesa_Test_Case_Development.Side_Heading_One"/>
  <testcase name="Side_Heading_One" time="123.374" classname="Promesa_Test_Case_Development.Pharmacy_search"/>
  <testcase name="Siheading_2" time="16.512" classname="Promesa_Test_Case_Development.Side_Heading_Two"/>
  <testcase name="Change_Language" time="3.3" classname="Promesa_Test_Case_Development.Change_language"/>
  <testcase name="Footer" time="19.2" classname="Speciality_underwriters_Test_Case_Dev.Contact_US_TC"/>
  <testcase name="Footer" time="12.061" classname="Speciality_underwriters_Test_Case_Dev.About_Us"/>
  <testcase name="Footer" time="39.996" classname="Speciality_underwriters_Test_Case_Dev.What_We_offer"/>
  <testcase name="Footer" time="15.78" classname="Speciality_underwriters_Test_Case_Dev.Home_TC"/>
  <testcase name="ContactUs_Page" time="23.216" classname="AFL_Test_Cases_Dev.ContactUS_OutsideUS_dev"/>
  <testcase name="main_Home_Page" time="31.045" classname="AFL_Test_Cases_Dev.AboutUS_OutsideUS_dev"/>
  <testcase name="Footer" time="303.443" classname="AFL_Test_Cases_Dev.What_We_offer_OutSideUs_dev"/>
  <testcase name="Footer" time="77.811" classname="AFL_Test_Cases_Dev.Footer_TC_dev"/>
  <testcase name="Home_Page" time="141.377" classname="AFL_Test_Cases_Dev.HomePage_TC_dev"/>
  <testcase name="main_Home_Page" time="19.781" classname="Adler_TestCases_Development.Home"/>
  <testcase name="main_Home_Page" time="133.953" classname="Adler_TestCases_Development.News"/>
  <testcase name="Side_Heading" time="128.373" classname="Careers_Test_case_Development.Side_Heading1"/>
  <testcase name="AUW_Footer" time="71.635" classname="Careers_Test_case_Development.Footer"/>
  <testcase name="WhatsNew" time="121.014" classname="Pinnacle_Test_Cases_Development.WatsNew"/>
  <testcase name="main_Home_Page" time="48.137" classname="Pinnacle_Test_Cases_Development.HomePage_TC"/>
  <testcase name="HomePage_Header_ContactUS_btn" time="17.131" classname="Credit_Global_Test_Cases_Dev.Home_TC"/>
  <testcase name="HomePage_Header_Our_approach" time="14.761" classname="Credit_Global_Test_Cases_Dev.Home_TC"/>
  <testcase name="HomePage_Header_What_weDo" time="10.333" classname="Credit_Global_Test_Cases_Dev.Home_TC"/>
  <testcase name="HomePage_Header_login" time="13.987" classname="Credit_Global_Test_Cases_Dev.Home_TC"/>
  <testcase name="HomePage_Header_login" time="11.12" classname="Credit_Global_Test_Cases_Dev.Forgot_Password"/>
  <testcase name="HomePage_Header_login" time="34.417" classname="Credit_Global_Test_Cases_Dev.What_we_Do_TC"/>
  <testcase name="Home_page" time="289.39" classname="Warranty_Test_Case_Dev.HomePage_Testcase"/>
  <testcase name="ContactUS" time="44.911" classname="Warranty_Test_Case_Dev.Contact_US"/>
  <testcase name="Partner1" time="72.58" classname="Warranty_Test_Case_Dev.Our_Partner"/>
  <testcase name="Partner2" time="77.277" classname="Warranty_Test_Case_Dev.Our_Partner"/>
  <testcase name="Partner3" time="78.555" classname="Warranty_Test_Case_Dev.Our_Partner"/>
  <testcase name="Partner4" time="76.138" classname="Warranty_Test_Case_Dev.Our_Partner"/>
  <testcase name="Partner5" time="73.141" classname="Warranty_Test_Case_Dev.Our_Partner"/>
  <testcase name="Partner6" time="79.493" classname="Warranty_Test_Case_Dev.Our_Partner"/>
  <testcase name="partner" time="13.141" classname="Warranty_Test_Case_Dev.Partner_With_US"/>
  <testcase name="Home_page" time="33.425" classname="Warranty_Test_Case_Dev.About_US"/>
  <testcase name="NewsEvents" time="124.651" classname="Warranty_Test_Case_Dev.NewsEvents"/>
  <testcase name="Side_Heading_Five" time="56.787" classname="Solution_one_Development.Side_head_sample"/>
  <testcase name="Side_Heading_Four" time="55.334" classname="Solution_one_Development.Side_head_sample"/>
  <testcase name="Side_Heading_One" time="60.374" classname="Solution_one_Development.Side_head_sample"/>
  <testcase name="Side_Heading_Three" time="61.389" classname="Solution_one_Development.Side_head_sample"/>
  <testcase name="Side_Heading_Two" time="56.87" classname="Solution_one_Development.Side_head_sample"/>
  <testcase name="Footer" time="58.578" classname="Solution_one_Development.Footer_Develop"/>
  <testcase name="Footer_Facebook" time="28.253" classname="JumboGC_Test_case_Devlopment.Header_footer"/>
  <testcase name="Footer_Instagram" time="27.23" classname="JumboGC_Test_case_Devlopment.Header_footer"/>
  <testcase name="Footer_Privacy" time="36.291" classname="JumboGC_Test_case_Devlopment.Header_footer"/>
  <testcase name="Footer_linkedIN" time="26.596" classname="JumboGC_Test_case_Devlopment.Header_footer"/>
  <testcase name="Header_Login" time="22.188" classname="JumboGC_Test_case_Devlopment.Header_footer"/>
  <testcase name="Side_heading" time="145.63" classname="JumboGC_Test_case_Devlopment.Side_Heading"/>
  <testcase name="main_Home_Page" time="34.952" classname="Tradewel_Test_Cases_Development.About_US"/>
  <testcase name="Comprehensive" time="182.893" classname="Tradewel_Test_Cases_Development.comprehensive_Protection"/>
</testsuite> <!-- Chrome_Developmet -->
