<?xml version="1.0" encoding="UTF-8"?>
<!-- Generated by org.testng.reporters.JUnitXMLReporter -->
<testsuite hostname="DESKTOP-N7K85DJ" name="Chrome_Prod" tests="91" failures="2" timestamp="8 Apr 2022 08:47:36 GMT" time="1691.849" errors="0">
  <testcase name="main" time="54.164" classname="AUW_Test_case_prod.AUW_CallUpdate"/>
  <testcase name="main" time="54.999" classname="AUW_Test_case_prod.AUW_NJ_Update"/>
  <testcase name="AboutUS" time="87.002" classname="AUW_Test_case_prod.AUW_AboutUS"/>
  <testcase name="main" time="95.01" classname="AUW_Test_case_prod.AUW_Intelligence_TC"/>
  <testcase name="AUW_Footer" time="104.907" classname="AUW_Test_case_prod.AUW_Footer_Prod"/>
  <testcase name="main" time="40.693" classname="AUW_Test_case_prod.AUW_header_web_Prod"/>
  <testcase name="Practices_AgentsBrokers" time="85.26" classname="AUW_Test_case_prod.Practices_AgentsBrokers"/>
  <testcase name="main" time="42.245" classname="AUW_Test_case_prod.AUW_PPP"/>
  <testcase name="More_button" time="67.061" classname="AUW_Global_Test_Cases_Prod.Home_More"/>
  <testcase name="LearnMore" time="13.506" classname="AUW_Global_Test_Cases_Prod.LearnMore_TC"/>
  <testcase name="HomePage" time="19.108" classname="AUW_Global_Test_Cases_Prod.Home_Page_TC"/>
  <testcase name="Change_Language" time="2.659" classname="Promesa_Test_Case_Prod.Change_language"/>
  <testcase name="Siheading_2" time="27.319" classname="Promesa_Test_Case_Prod.FAQ"/>
  <testcase name="Footer_PrivacyPolicy" time="21.545" classname="Promesa_Test_Case_Prod.Footer"/>
  <testcase name="Side_Heading_One" time="31.852" classname="Promesa_Test_Case_Prod.Side_Heading_One"/>
  <testcase name="Footer_facebook" time="20.191" classname="Promesa_Test_Case_Prod.Footer"/>
  <testcase name="Footer_instagram" time="7.113" classname="Promesa_Test_Case_Prod.Footer"/>
  <testcase name="Siheading_2" time="17.381" classname="Promesa_Test_Case_Prod.Side_Heading_Two"/>
  <testcase name="Practices_CustomerSeekingCoverage" time="243.301" classname="AUW_Test_case_prod.Practices_CustomerSeekingCoverage"/>
  <testcase name="Footer_linkedin" time="12.399" classname="Promesa_Test_Case_Prod.Footer"/>
  <testcase name="Side_Heading_One" time="137.333" classname="Promesa_Test_Case_Prod.Pharmacy_search"/>
  <testcase name="Footer_twitter" time="9.874" classname="Promesa_Test_Case_Prod.Footer"/>
  <testcase name="Heading1" time="36.096" classname="MTL_Test_Cases_Prod.What_we_offer1_TC"/>
  <testcase name="More_offers" time="34.394" classname="MTL_Test_Cases_Prod.More_offers_TC"/>
  <testcase name="main" time="370.801" classname="AUW_Test_case_prod.AUW_Experience"/>
  <testcase name="Footer" time="41.523" classname="MTL_Test_Cases_Prod.Home_URL"/>
  <testcase name="Heading10" time="36.628" classname="MTL_Test_Cases_Prod.What_we_offer1_TC"/>
  <testcase name="Footer" time="9.597" classname="Speciality_underwriters_Test_Case_Prod.About_Us"/>
  <testcase name="Footer" time="20.294" classname="Speciality_underwriters_Test_Case_Prod.Contact_US_TC"/>
  <testcase name="Footer" time="38.93" classname="Speciality_underwriters_Test_Case_Prod.What_We_offer"/>
  <testcase name="Heading" time="96.796" classname="MTL_Test_Cases_Prod.What_we_offer_URL_TC"/>
  <testcase name="Footer" time="19.844" classname="Speciality_underwriters_Test_Case_Prod.Home_TC"/>
  <testcase name="Heading11" time="57.035" classname="MTL_Test_Cases_Prod.What_we_offer1_TC"/>
  <testcase name="ContactUs_Page" time="32.968" classname="AFL_Test_Case_Prod.ContactUS_OutsideUS"/>
  <testcase name="Footer" time="75.762" classname="AFL_Test_Case_Prod.Footer_TC"/>
  <testcase name="main_Home_Page" time="17.197" classname="AFL_Test_Case_Prod.AboutUS_OutsideUS"/>
  <testcase name="Heading2" time="37.378" classname="MTL_Test_Cases_Prod.What_we_offer1_TC"/>
  <testcase name="HomePage_Header_login" time="8.927" classname="Credit_Global_Test_Cases_Prod.Forgot_Password"/>
  <testcase name="HomePage_Header_login" time="30.955" classname="Credit_Global_Test_Cases_Prod.What_we_Do_TC"/>
  <testcase name="Home_Page" time="128.186" classname="AFL_Test_Case_Prod.HomePage_TC"/>
  <testcase name="Heading3" time="39.531" classname="MTL_Test_Cases_Prod.What_we_offer1_TC"/>
  <testcase name="HomePage_Header_ContactUS_btn" time="14.416" classname="Credit_Global_Test_Cases_Prod.Home_TC"/>
  <testcase name="main_Home_Page" time="27.176" classname="Adler_TestCases_Prod.Home"/>
  <testcase name="HomePage_Header_Our_approach" time="12.957" classname="Credit_Global_Test_Cases_Prod.Home_TC"/>
  <testcase name="HomePage_Header_What_weDo" time="7.001" classname="Credit_Global_Test_Cases_Prod.Home_TC"/>
  <testcase name="Heading4" time="43.694" classname="MTL_Test_Cases_Prod.What_we_offer1_TC"/>
  <testcase name="HomePage_Header_login" time="10.885" classname="Credit_Global_Test_Cases_Prod.Home_TC"/>
  <testcase name="Heading5" time="36.176" classname="MTL_Test_Cases_Prod.What_we_offer1_TC"/>
  <testcase name="main_Home_Page" time="132.806" classname="Adler_TestCases_Prod.News"/>
  <testcase name="AUW_Facebook" time="30.619" classname="Careers_Test_case_Prod.Footer">
    <failure type="org.openqa.selenium.NoSuchElementException" message="no such element: Unable to locate element: {&amp;quot;method&amp;quot;:&amp;quot;xpath&amp;quot;,&amp;quot;selector&amp;quot;:&amp;quot;//*[@alt=&amp;apos;facebook&amp;apos;]&amp;quot;}
  (Session info: chrome=100.0.4896.75)
For documentation on this error, please visit: https://www.seleniumhq.org/exceptions/no_such_element.html
Build info: version: &amp;apos;3.141.59&amp;apos;, revision: &amp;apos;e82be7d358&amp;apos;, time: &amp;apos;2018-11-14T08:17:03&amp;apos;
System info: host: &amp;apos;DESKTOP-N7K85DJ&amp;apos;, ip: &amp;apos;192.168.1.2&amp;apos;, os.name: &amp;apos;Windows 10&amp;apos;, os.arch: &amp;apos;amd64&amp;apos;, os.version: &amp;apos;10.0&amp;apos;, java.version: &amp;apos;1.8.0_291&amp;apos;
Driver info: org.openqa.selenium.chrome.ChromeDriver
Capabilities {acceptInsecureCerts: false, browserName: chrome, browserVersion: 100.0.4896.75, chrome: {chromedriverVersion: 100.0.4896.60 (6a5d10861ce8..., userDataDir: C:\Users\Sweta\AppData\Loca...}, goog:chromeOptions: {debuggerAddress: localhost:52386}, javascriptEnabled: true, networkConnectionEnabled: false, pageLoadStrategy: normal, platform: WINDOWS, platformName: WINDOWS, proxy: Proxy(), setWindowRect: true, strictFileInteractability: false, timeouts: {implicit: 0, pageLoad: 300000, script: 30000}, unhandledPromptBehavior: dismiss and notify, webauthn:extension:credBlob: true, webauthn:extension:largeBlob: true, webauthn:virtualAuthenticators: true}
Session ID: e6b48959eaaf0ad4db745395c9c3fee3
*** Element info: {Using=xpath, value=//*[@alt=&amp;apos;facebook&amp;apos;]}">
      <![CDATA[org.openqa.selenium.NoSuchElementException: no such element: Unable to locate element: {"method":"xpath","selector":"//*[@alt='facebook']"}
  (Session info: chrome=100.0.4896.75)
For documentation on this error, please visit: https://www.seleniumhq.org/exceptions/no_such_element.html
Build info: version: '3.141.59', revision: 'e82be7d358', time: '2018-11-14T08:17:03'
System info: host: 'DESKTOP-N7K85DJ', ip: '192.168.1.2', os.name: 'Windows 10', os.arch: 'amd64', os.version: '10.0', java.version: '1.8.0_291'
Driver info: org.openqa.selenium.chrome.ChromeDriver
Capabilities {acceptInsecureCerts: false, browserName: chrome, browserVersion: 100.0.4896.75, chrome: {chromedriverVersion: 100.0.4896.60 (6a5d10861ce8..., userDataDir: C:\Users\Sweta\AppData\Loca...}, goog:chromeOptions: {debuggerAddress: localhost:52386}, javascriptEnabled: true, networkConnectionEnabled: false, pageLoadStrategy: normal, platform: WINDOWS, platformName: WINDOWS, proxy: Proxy(), setWindowRect: true, strictFileInteractability: false, timeouts: {implicit: 0, pageLoad: 300000, script: 30000}, unhandledPromptBehavior: dismiss and notify, webauthn:extension:credBlob: true, webauthn:extension:largeBlob: true, webauthn:virtualAuthenticators: true}
Session ID: e6b48959eaaf0ad4db745395c9c3fee3
*** Element info: {Using=xpath, value=//*[@alt='facebook']}
	at org.openqa.selenium.remote.http.W3CHttpResponseCodec.createException(W3CHttpResponseCodec.java:187)
	at org.openqa.selenium.remote.http.W3CHttpResponseCodec.decode(W3CHttpResponseCodec.java:122)
	at org.openqa.selenium.remote.http.W3CHttpResponseCodec.decode(W3CHttpResponseCodec.java:49)
	at org.openqa.selenium.remote.HttpCommandExecutor.execute(HttpCommandExecutor.java:158)
	at org.openqa.selenium.remote.service.DriverCommandExecutor.execute(DriverCommandExecutor.java:83)
	at org.openqa.selenium.remote.RemoteWebDriver.execute(RemoteWebDriver.java:552)
	at org.openqa.selenium.remote.RemoteWebDriver.findElement(RemoteWebDriver.java:323)
	at org.openqa.selenium.remote.RemoteWebDriver.findElementByXPath(RemoteWebDriver.java:428)
	at org.openqa.selenium.By$ByXPath.findElement(By.java:353)
	at org.openqa.selenium.remote.RemoteWebDriver.findElement(RemoteWebDriver.java:315)
	at Careers_Pages.Home_page.Facebook(Home_page.java:83)
	at Careers_Test_case_Prod.Footer.AUW_Facebook(Footer.java:35)
	at java.util.concurrent.ThreadPoolExecutor.runWorker(ThreadPoolExecutor.java:1149)
	at java.util.concurrent.ThreadPoolExecutor$Worker.run(ThreadPoolExecutor.java:624)
	at java.lang.Thread.run(Thread.java:748)
... Removed 14 stack frames]]>
    </failure>
  </testcase> <!-- AUW_Facebook -->
  <testcase name="Footer" time="324.063" classname="AFL_Test_Case_Prod.What_We_offer_OutSideUs"/>
  <testcase name="Heading6" time="37.56" classname="MTL_Test_Cases_Prod.What_we_offer1_TC"/>
  <testcase name="AUW_Instagram" time="10.661" classname="Careers_Test_case_Prod.Footer"/>
  <testcase name="AUW_Linkedin" time="24.753" classname="Careers_Test_case_Prod.Footer"/>
  <testcase name="Side_Heading_Five" time="64.724" classname="Solution_one_Prod.Side_Heading_Production"/>
  <testcase name="Heading7" time="38.436" classname="MTL_Test_Cases_Prod.What_we_offer1_TC"/>
  <testcase name="Side_Heading" time="186.642" classname="Careers_Test_case_Prod.Side_Heading1"/>
  <testcase name="Footer" time="91.409" classname="Solution_one_Prod.Footer_Production"/>
  <testcase name="AUW_Policy" time="30.769" classname="Careers_Test_case_Prod.Footer"/>
  <testcase name="Heading8" time="47.126" classname="MTL_Test_Cases_Prod.What_we_offer1_TC"/>
  <testcase name="Footer_Facebook" time="34.794" classname="JumboGC_Test_case_prod.Header_footer"/>
  <testcase name="AUW_twitter" time="25.006" classname="Careers_Test_case_Prod.Footer"/>
  <testcase name="Side_Heading_Four" time="79.114" classname="Solution_one_Prod.Side_Heading_Production"/>
  <testcase name="Footer_Instagram" time="28.645" classname="JumboGC_Test_case_prod.Header_footer"/>
  <testcase name="Home_page" time="35.655" classname="Warranty_Test_Case_Prod.About_US"/>
  <testcase name="Heading9" time="38.792" classname="MTL_Test_Cases_Prod.What_we_offer1_TC"/>
  <testcase name="Footer_Privacy" time="47.265" classname="JumboGC_Test_case_prod.Header_footer"/>
  <testcase name="Side_Heading_One" time="67.812" classname="Solution_one_Prod.Side_Heading_Production"/>
  <testcase name="partner" time="12.219" classname="Warranty_Test_Case_Prod.Partner_With_US"/>
  <testcase name="Header_Footer" time="200.959" classname="JumboGC_Test_case_prod.Side_Heading"/>
  <testcase name="Footer_linkedIN" time="29.398" classname="JumboGC_Test_case_prod.Header_footer"/>
  <testcase name="ContactUS" time="75.108" classname="Warranty_Test_Case_Prod.Contact_US"/>
  <testcase name="Header_Login" time="21.633" classname="JumboGC_Test_case_prod.Header_footer"/>
  <testcase name="Partner1" time="86.764" classname="Warranty_Test_Case_Prod.Our_Partner"/>
  <testcase name="Side_Heading_Three" time="97.023" classname="Solution_one_Prod.Side_Heading_Production"/>
  <testcase name="HomePage" time="76.112" classname="Casuality_Prod_TC.Home_page"/>
  <testcase name="HomePage" time="48.714" classname="Casuality_Prod_TC.Menu_About_US"/>
  <testcase name="Side_Heading_Two" time="83.408" classname="Solution_one_Prod.Side_Heading_Production"/>
  <testcase name="HomePage" time="23.238" classname="Casuality_Prod_TC.Menu_Contact_Us"/>
  <testcase name="Partner2" time="95.979" classname="Warranty_Test_Case_Prod.Our_Partner"/>
  <testcase name="Carriers" time="38.261" classname="Casuality_Prod_TC.Menu_Our_Carriers">
    <failure type="java.lang.IndexOutOfBoundsException" message="Index: 1, Size: 1">
      <![CDATA[java.lang.IndexOutOfBoundsException: Index: 1, Size: 1
	at java.util.ArrayList.rangeCheck(ArrayList.java:659)
	at java.util.ArrayList.get(ArrayList.java:435)
	at Casuality_pages.Menu_Carriers.Ambest(Menu_Carriers.java:61)
	at Casuality_Prod_TC.Menu_Our_Carriers.Carriers(Menu_Our_Carriers.java:19)
	at java.util.concurrent.ThreadPoolExecutor.runWorker(ThreadPoolExecutor.java:1149)
	at java.util.concurrent.ThreadPoolExecutor$Worker.run(ThreadPoolExecutor.java:624)
	at java.lang.Thread.run(Thread.java:748)
... Removed 10 stack frames]]>
    </failure>
  </testcase> <!-- Carriers -->
  <testcase name="HomePage" time="66.763" classname="Casuality_Prod_TC.Menu_Press_Room"/>
  <testcase name="Home_page" time="310.549" classname="Warranty_Test_Case_Prod.HomePage_Testcase"/>
  <testcase name="Partner3" time="105.224" classname="Warranty_Test_Case_Prod.Our_Partner"/>
  <testcase name="main_Home_Page" time="37.072" classname="Tradewel_Test_Cases_Production.About_US"/>
  <testcase name="main_Home_Page" time="126.812" classname="Pinnacle_Test_Cases_Production.HomePage_TC"/>
  <testcase name="Partner4" time="73.232" classname="Warranty_Test_Case_Prod.Our_Partner"/>
  <testcase name="WhatsNew" time="179.495" classname="Pinnacle_Test_Cases_Production.WatsNew"/>
  <testcase name="Partner5" time="66.547" classname="Warranty_Test_Case_Prod.Our_Partner"/>
  <testcase name="Comprehensive" time="189.267" classname="Tradewel_Test_Cases_Production.comprehensive_Protection"/>
  <testcase name="Partner6" time="63.944" classname="Warranty_Test_Case_Prod.Our_Partner"/>
</testsuite> <!-- Chrome_Prod -->
