<?xml version="1.0" encoding="UTF-8"?>
<!-- Generated by org.testng.reporters.JUnitXMLReporter -->
<testsuite hostname="DESKTOP-N7K85DJ" name="Chrome_Developmet" tests="65" failures="1" timestamp="16 Dec 2021 12:40:40 GMT" time="4398.254" errors="0">
  <testcase name="main" time="292.256" classname="AUW_Test_Case_dev.AUW_Experience"/>
  <testcase name="main" time="40.843" classname="AUW_Test_Case_dev.AUW_header_web_Development"/>
  <testcase name="AUW_Footer" time="76.434" classname="AUW_Test_Case_dev.AUW_Footer_Development"/>
  <testcase name="AboutUS" time="70.5" classname="AUW_Test_Case_dev.AUW_AboutUS"/>
  <testcase name="main" time="18.996" classname="AUW_Test_Case_dev.AUW_PPP"/>
  <testcase name="main" time="70.548" classname="AUW_Test_Case_dev.AUW_CallUpdate"/>
  <testcase name="main" time="41.638" classname="AUW_Test_Case_dev.AUW_NJ_Update"/>
  <testcase name="main" time="88.523" classname="AUW_Test_Case_dev.AUW_Intelligence_TC"/>
  <testcase name="Practices_AgentsBrokers" time="62.865" classname="AUW_Test_Case_dev.Practices_AgentsBrokers"/>
  <testcase name="Practices_CustomerSeekingCoverage" time="237.51" classname="AUW_Test_Case_dev.Practices_CustomerSeekingCoverage"/>
  <testcase name="LearnMore" time="15.945" classname="AUW_Global_Test_Cases_Development.LearnMore_TC"/>
  <testcase name="HomePage" time="13.261" classname="AUW_Global_Test_Cases_Development.Home_Page_TC"/>
  <testcase name="More_button" time="53.681" classname="AUW_Global_Test_Cases_Development.Home_More"/>
  <testcase name="Siheading_2" time="23.907" classname="Promesa_Test_Case_Development.FAQ"/>
  <testcase name="Footer" time="61.902" classname="Promesa_Test_Case_Development.Footer"/>
  <testcase name="Side_Heading_One" time="29.436" classname="Promesa_Test_Case_Development.Side_Heading_One"/>
  <testcase name="Side_Heading_One" time="125.729" classname="Promesa_Test_Case_Development.Pharmacy_search"/>
  <testcase name="Siheading_2" time="16.707" classname="Promesa_Test_Case_Development.Side_Heading_Two"/>
  <testcase name="Change_Language" time="2.355" classname="Promesa_Test_Case_Development.Change_language"/>
  <testcase name="Footer" time="19.09" classname="Speciality_underwriters_Test_Case_Dev.Contact_US_TC"/>
  <testcase name="Footer" time="10.762" classname="Speciality_underwriters_Test_Case_Dev.About_Us"/>
  <testcase name="Footer" time="36.922" classname="Speciality_underwriters_Test_Case_Dev.What_We_offer"/>
  <testcase name="Footer" time="16.741" classname="Speciality_underwriters_Test_Case_Dev.Home_TC"/>
  <testcase name="ContactUs_Page" time="21.712" classname="AFL_Test_Cases_Dev.ContactUS_OutsideUS_dev"/>
  <testcase name="main_Home_Page" time="27.763" classname="AFL_Test_Cases_Dev.AboutUS_OutsideUS_dev"/>
  <testcase name="Footer" time="272.642" classname="AFL_Test_Cases_Dev.What_We_offer_OutSideUs_dev"/>
  <testcase name="Footer" time="71.664" classname="AFL_Test_Cases_Dev.Footer_TC_dev"/>
  <testcase name="Home_Page" time="148.9" classname="AFL_Test_Cases_Dev.HomePage_TC_dev"/>
  <testcase name="main_Home_Page" time="19.36" classname="Adler_TestCases_Development.Home"/>
  <testcase name="main_Home_Page" time="120.359" classname="Adler_TestCases_Development.News"/>
  <testcase name="Side_Heading" time="111.928" classname="Careers_Test_case_Development.Side_Heading1"/>
  <testcase name="AUW_Footer" time="61.716" classname="Careers_Test_case_Development.Footer"/>
  <testcase name="WhatsNew" time="77.537" classname="Pinnacle_Test_Cases_Development.WatsNew"/>
  <testcase name="main_Home_Page" time="43.703" classname="Pinnacle_Test_Cases_Development.HomePage_TC"/>
  <testcase name="HomePage_Header_ContactUS_btn" time="15.415" classname="Credit_Global_Test_Cases_Dev.Home_TC"/>
  <testcase name="HomePage_Header_Our_approach" time="10.884" classname="Credit_Global_Test_Cases_Dev.Home_TC"/>
  <testcase name="HomePage_Header_What_weDo" time="7.038" classname="Credit_Global_Test_Cases_Dev.Home_TC"/>
  <testcase name="HomePage_Header_login" time="10.922" classname="Credit_Global_Test_Cases_Dev.Home_TC"/>
  <testcase name="HomePage_Header_login" time="7.858" classname="Credit_Global_Test_Cases_Dev.Forgot_Password"/>
  <testcase name="HomePage_Header_login" time="28.131" classname="Credit_Global_Test_Cases_Dev.What_we_Do_TC"/>
  <testcase name="Home_page" time="257.935" classname="Warranty_Test_Case_Dev.HomePage_Testcase"/>
  <testcase name="ContactUS" time="36.927" classname="Warranty_Test_Case_Dev.Contact_US"/>
  <testcase name="Partner1" time="62.492" classname="Warranty_Test_Case_Dev.Our_Partner"/>
  <testcase name="Partner2" time="61.909" classname="Warranty_Test_Case_Dev.Our_Partner"/>
  <testcase name="Partner3" time="61.108" classname="Warranty_Test_Case_Dev.Our_Partner"/>
  <testcase name="Partner4" time="62.739" classname="Warranty_Test_Case_Dev.Our_Partner"/>
  <testcase name="Partner5" time="61.591" classname="Warranty_Test_Case_Dev.Our_Partner"/>
  <testcase name="Partner6" time="61.431" classname="Warranty_Test_Case_Dev.Our_Partner"/>
  <testcase name="partner" time="10.469" classname="Warranty_Test_Case_Dev.Partner_With_US"/>
  <testcase name="Home_page" time="31.857" classname="Warranty_Test_Case_Dev.About_US"/>
  <testcase name="NewsEvents" time="133.086" classname="Warranty_Test_Case_Dev.NewsEvents"/>
  <testcase name="Side_Heading_Five" time="46.16" classname="Solution_one_Development.Side_head_sample"/>
  <testcase name="Side_Heading_Four" time="21.799" classname="Solution_one_Development.Side_head_sample">
    <failure type="org.openqa.selenium.ElementClickInterceptedException" message="element click intercepted: Element &amp;lt;ng-transclude&amp;gt;...&amp;lt;/ng-transclude&amp;gt; is not clickable at point (100, 140). Other element would receive the click: &amp;lt;div layout=&amp;quot;&amp;quot; layout-align=&amp;quot;center center&amp;quot; layout-fill=&amp;quot;&amp;quot; class=&amp;quot;layout-fill layout-align-center-center layout-row&amp;quot;&amp;gt;...&amp;lt;/div&amp;gt;
  (Session info: chrome=96.0.4664.45)
Build info: version: &amp;apos;3.141.59&amp;apos;, revision: &amp;apos;e82be7d358&amp;apos;, time: &amp;apos;2018-11-14T08:17:03&amp;apos;
System info: host: &amp;apos;DESKTOP-N7K85DJ&amp;apos;, ip: &amp;apos;192.168.1.4&amp;apos;, os.name: &amp;apos;Windows 10&amp;apos;, os.arch: &amp;apos;amd64&amp;apos;, os.version: &amp;apos;10.0&amp;apos;, java.version: &amp;apos;1.8.0_301&amp;apos;
Driver info: org.openqa.selenium.chrome.ChromeDriver
Capabilities {acceptInsecureCerts: false, browserName: chrome, browserVersion: 96.0.4664.45, chrome: {chromedriverVersion: 96.0.4664.45 (76e4c1bb2ab46..., userDataDir: C:\Users\Sweta\AppData\Loca...}, goog:chromeOptions: {debuggerAddress: localhost:57619}, javascriptEnabled: true, networkConnectionEnabled: false, pageLoadStrategy: normal, platform: WINDOWS, platformName: WINDOWS, proxy: Proxy(), setWindowRect: true, strictFileInteractability: false, timeouts: {implicit: 0, pageLoad: 300000, script: 30000}, unhandledPromptBehavior: dismiss and notify, webauthn:extension:credBlob: true, webauthn:extension:largeBlob: true, webauthn:virtualAuthenticators: true}
Session ID: f81df75137b7e8e5a87599b7853ff4dd">
      <![CDATA[org.openqa.selenium.ElementClickInterceptedException: element click intercepted: Element <ng-transclude>...</ng-transclude> is not clickable at point (100, 140). Other element would receive the click: <div layout="" layout-align="center center" layout-fill="" class="layout-fill layout-align-center-center layout-row">...</div>
  (Session info: chrome=96.0.4664.45)
Build info: version: '3.141.59', revision: 'e82be7d358', time: '2018-11-14T08:17:03'
System info: host: 'DESKTOP-N7K85DJ', ip: '192.168.1.4', os.name: 'Windows 10', os.arch: 'amd64', os.version: '10.0', java.version: '1.8.0_301'
Driver info: org.openqa.selenium.chrome.ChromeDriver
Capabilities {acceptInsecureCerts: false, browserName: chrome, browserVersion: 96.0.4664.45, chrome: {chromedriverVersion: 96.0.4664.45 (76e4c1bb2ab46..., userDataDir: C:\Users\Sweta\AppData\Loca...}, goog:chromeOptions: {debuggerAddress: localhost:57619}, javascriptEnabled: true, networkConnectionEnabled: false, pageLoadStrategy: normal, platform: WINDOWS, platformName: WINDOWS, proxy: Proxy(), setWindowRect: true, strictFileInteractability: false, timeouts: {implicit: 0, pageLoad: 300000, script: 30000}, unhandledPromptBehavior: dismiss and notify, webauthn:extension:credBlob: true, webauthn:extension:largeBlob: true, webauthn:virtualAuthenticators: true}
Session ID: f81df75137b7e8e5a87599b7853ff4dd
	at org.openqa.selenium.remote.http.W3CHttpResponseCodec.createException(W3CHttpResponseCodec.java:187)
	at org.openqa.selenium.remote.http.W3CHttpResponseCodec.decode(W3CHttpResponseCodec.java:122)
	at org.openqa.selenium.remote.http.W3CHttpResponseCodec.decode(W3CHttpResponseCodec.java:49)
	at org.openqa.selenium.remote.HttpCommandExecutor.execute(HttpCommandExecutor.java:158)
	at org.openqa.selenium.remote.service.DriverCommandExecutor.execute(DriverCommandExecutor.java:83)
	at org.openqa.selenium.remote.RemoteWebDriver.execute(RemoteWebDriver.java:552)
	at org.openqa.selenium.remote.RemoteWebElement.execute(RemoteWebElement.java:285)
	at org.openqa.selenium.remote.RemoteWebElement.click(RemoteWebElement.java:84)
	at Solution_one_Pages.Amplience.solution_Content(Amplience.java:111)
	at Solution_one_Development.Side_head_sample.Side_Heading_Four(Side_head_sample.java:135)
... Removed 28 stack frames]]>
    </failure>
  </testcase> <!-- Side_Heading_Four -->
  <testcase name="Side_Heading_One" time="40.961" classname="Solution_one_Development.Side_head_sample"/>
  <testcase name="Side_Heading_Three" time="48.153" classname="Solution_one_Development.Side_head_sample"/>
  <testcase name="Side_Heading_Two" time="45.08" classname="Solution_one_Development.Side_head_sample"/>
  <testcase name="Footer" time="47.696" classname="Solution_one_Development.Footer_Develop"/>
  <testcase name="Footer_Facebook" time="25.484" classname="JumboGC_Test_case_Devlopment.Header_footer"/>
  <testcase name="Footer_Instagram" time="25.435" classname="JumboGC_Test_case_Devlopment.Header_footer"/>
  <testcase name="Footer_Privacy" time="35.81" classname="JumboGC_Test_case_Devlopment.Header_footer"/>
  <testcase name="Footer_linkedIN" time="25.461" classname="JumboGC_Test_case_Devlopment.Header_footer"/>
  <testcase name="Header_Login" time="20.375" classname="JumboGC_Test_case_Devlopment.Header_footer"/>
  <testcase name="Side_heading" time="118.91" classname="JumboGC_Test_case_Devlopment.Side_Heading"/>
  <testcase name="main_Home_Page" time="32.021" classname="Tradewel_Test_Cases_Development.About_US"/>
  <testcase name="Comprehensive" time="154.924" classname="Tradewel_Test_Cases_Development.comprehensive_Protection"/>
</testsuite> <!-- Chrome_Developmet -->
