<?xml version="1.0" encoding="UTF-8"?>
<!-- Generated by org.testng.reporters.JUnitXMLReporter -->
<testsuite hostname="DESKTOP-N7K85DJ" name="Chrome_Developmet" tests="65" failures="0" timestamp="5 Jan 2022 12:29:55 GMT" time="1815.619" errors="0">
  <testcase name="main" time="81.002" classname="AUW_Test_Case_dev.AUW_header_web_Development"/>
  <testcase name="AboutUS" time="126.991" classname="AUW_Test_Case_dev.AUW_AboutUS"/>
  <testcase name="AUW_Footer" time="140.026" classname="AUW_Test_Case_dev.AUW_Footer_Development"/>
  <testcase name="main" time="20.668" classname="AUW_Test_Case_dev.AUW_PPP"/>
  <testcase name="main" time="49.487" classname="AUW_Test_Case_dev.AUW_CallUpdate"/>
  <testcase name="main" time="45.397" classname="AUW_Test_Case_dev.AUW_NJ_Update"/>
  <testcase name="main" time="102.732" classname="AUW_Test_Case_dev.AUW_Intelligence_TC"/>
  <testcase name="LearnMore" time="19.001" classname="AUW_Global_Test_Cases_Development.LearnMore_TC"/>
  <testcase name="Practices_AgentsBrokers" time="86.336" classname="AUW_Test_Case_dev.Practices_AgentsBrokers"/>
  <testcase name="HomePage" time="18.295" classname="AUW_Global_Test_Cases_Development.Home_Page_TC"/>
  <testcase name="Siheading_2" time="24.793" classname="Promesa_Test_Case_Development.FAQ"/>
  <testcase name="More_button" time="71.2" classname="AUW_Global_Test_Cases_Development.Home_More"/>
  <testcase name="Side_Heading_One" time="30.663" classname="Promesa_Test_Case_Development.Side_Heading_One"/>
  <testcase name="main" time="422.79" classname="AUW_Test_Case_dev.AUW_Experience"/>
  <testcase name="Footer" time="69.177" classname="Promesa_Test_Case_Development.Footer"/>
  <testcase name="Siheading_2" time="17.358" classname="Promesa_Test_Case_Development.Side_Heading_Two"/>
  <testcase name="Change_Language" time="5.906" classname="Promesa_Test_Case_Development.Change_language"/>
  <testcase name="Practices_CustomerSeekingCoverage" time="258.743" classname="AUW_Test_Case_dev.Practices_CustomerSeekingCoverage"/>
  <testcase name="Footer" time="18.515" classname="Speciality_underwriters_Test_Case_Dev.Contact_US_TC"/>
  <testcase name="Footer" time="11.913" classname="Speciality_underwriters_Test_Case_Dev.About_Us"/>
  <testcase name="Footer" time="31.019" classname="Speciality_underwriters_Test_Case_Dev.Home_TC"/>
  <testcase name="ContactUs_Page" time="26.996" classname="AFL_Test_Cases_Dev.ContactUS_OutsideUS_dev"/>
  <testcase name="Footer" time="45.112" classname="Speciality_underwriters_Test_Case_Dev.What_We_offer"/>
  <testcase name="Side_Heading_One" time="131.988" classname="Promesa_Test_Case_Development.Pharmacy_search"/>
  <testcase name="main_Home_Page" time="32.16" classname="AFL_Test_Cases_Dev.AboutUS_OutsideUS_dev"/>
  <testcase name="main_Home_Page" time="23.583" classname="Adler_TestCases_Development.Home"/>
  <testcase name="Footer" time="84.624" classname="AFL_Test_Cases_Dev.Footer_TC_dev"/>
  <testcase name="Home_Page" time="155.745" classname="AFL_Test_Cases_Dev.HomePage_TC_dev"/>
  <testcase name="main_Home_Page" time="139.707" classname="Adler_TestCases_Development.News"/>
  <testcase name="Side_Heading" time="166.988" classname="Careers_Test_case_Development.Side_Heading1"/>
  <testcase name="AUW_Footer" time="87.785" classname="Careers_Test_case_Development.Footer"/>
  <testcase name="HomePage_Header_ContactUS_btn" time="15.688" classname="Credit_Global_Test_Cases_Dev.Home_TC"/>
  <testcase name="main_Home_Page" time="50.483" classname="Pinnacle_Test_Cases_Development.HomePage_TC"/>
  <testcase name="Footer" time="361.777" classname="AFL_Test_Cases_Dev.What_We_offer_OutSideUs_dev"/>
  <testcase name="HomePage_Header_Our_approach" time="14.455" classname="Credit_Global_Test_Cases_Dev.Home_TC"/>
  <testcase name="HomePage_Header_login" time="14.117" classname="Credit_Global_Test_Cases_Dev.Forgot_Password"/>
  <testcase name="HomePage_Header_What_weDo" time="9.95" classname="Credit_Global_Test_Cases_Dev.Home_TC"/>
  <testcase name="HomePage_Header_login" time="35.686" classname="Credit_Global_Test_Cases_Dev.What_we_Do_TC"/>
  <testcase name="HomePage_Header_login" time="14.013" classname="Credit_Global_Test_Cases_Dev.Home_TC"/>
  <testcase name="WhatsNew" time="201.438" classname="Pinnacle_Test_Cases_Development.WatsNew"/>
  <testcase name="ContactUS" time="62.122" classname="Warranty_Test_Case_Dev.Contact_US"/>
  <testcase name="partner" time="13.455" classname="Warranty_Test_Case_Dev.Partner_With_US"/>
  <testcase name="Partner1" time="83.963" classname="Warranty_Test_Case_Dev.Our_Partner"/>
  <testcase name="Home_page" time="34.546" classname="Warranty_Test_Case_Dev.About_US"/>
  <testcase name="Partner2" time="78.889" classname="Warranty_Test_Case_Dev.Our_Partner"/>
  <testcase name="Side_Heading_Five" time="78.391" classname="Solution_one_Development.Side_head_sample"/>
  <testcase name="NewsEvents" time="147.623" classname="Warranty_Test_Case_Dev.NewsEvents"/>
  <testcase name="Home_page" time="346.834" classname="Warranty_Test_Case_Dev.HomePage_Testcase"/>
  <testcase name="Side_Heading_Four" time="72.171" classname="Solution_one_Development.Side_head_sample"/>
  <testcase name="Partner3" time="141.327" classname="Warranty_Test_Case_Dev.Our_Partner"/>
  <testcase name="Footer" time="78.849" classname="Solution_one_Development.Footer_Develop"/>
  <testcase name="Footer_Facebook" time="35.453" classname="JumboGC_Test_case_Devlopment.Header_footer"/>
  <testcase name="Side_Heading_One" time="86.786" classname="Solution_one_Development.Side_head_sample"/>
  <testcase name="Footer_Instagram" time="26.043" classname="JumboGC_Test_case_Devlopment.Header_footer"/>
  <testcase name="Partner4" time="117.762" classname="Warranty_Test_Case_Dev.Our_Partner"/>
  <testcase name="Footer_Privacy" time="44.426" classname="JumboGC_Test_case_Devlopment.Header_footer"/>
  <testcase name="Side_Heading_Three" time="75.004" classname="Solution_one_Development.Side_head_sample"/>
  <testcase name="Side_heading" time="221.232" classname="JumboGC_Test_case_Devlopment.Side_Heading"/>
  <testcase name="Partner5" time="102.903" classname="Warranty_Test_Case_Dev.Our_Partner"/>
  <testcase name="Footer_linkedIN" time="39.456" classname="JumboGC_Test_case_Devlopment.Header_footer"/>
  <testcase name="Side_Heading_Two" time="75.247" classname="Solution_one_Development.Side_head_sample"/>
  <testcase name="main_Home_Page" time="46.598" classname="Tradewel_Test_Cases_Development.About_US"/>
  <testcase name="Partner6" time="84.208" classname="Warranty_Test_Case_Dev.Our_Partner"/>
  <testcase name="Header_Login" time="20.592" classname="JumboGC_Test_case_Devlopment.Header_footer"/>
  <testcase name="Comprehensive" time="162.803" classname="Tradewel_Test_Cases_Development.comprehensive_Protection"/>
</testsuite> <!-- Chrome_Developmet -->
