<?xml version="1.0" encoding="UTF-8"?>
<!-- Generated by org.testng.reporters.JUnitXMLReporter -->
<testsuite hostname="DESKTOP-N7K85DJ" name="Chrome_Developmet" tests="65" failures="4" timestamp="22 Dec 2021 13:46:24 GMT" time="4620.859" errors="0">
  <testcase name="main" time="73.589" classname="AUW_Test_Case_dev.AUW_Experience">
    <failure type="java.lang.AssertionError" message="expected [Heartwood Preserve: See why residents and businesses are buying into our vision of community] but found []">
      <![CDATA[java.lang.AssertionError: expected [Heartwood Preserve: See why residents and businesses are buying into our vision of community] but found []
	at AUW_Test_Case_dev.AUW_Experience.main(AUW_Experience.java:61)
... Removed 29 stack frames]]>
    </failure>
  </testcase> <!-- main -->
  <testcase name="main" time="44.182" classname="AUW_Test_Case_dev.AUW_header_web_Development"/>
  <testcase name="AUW_Footer" time="79.532" classname="AUW_Test_Case_dev.AUW_Footer_Development"/>
  <testcase name="AboutUS" time="71.323" classname="AUW_Test_Case_dev.AUW_AboutUS"/>
  <testcase name="main" time="19.75" classname="AUW_Test_Case_dev.AUW_PPP"/>
  <testcase name="main" time="48.319" classname="AUW_Test_Case_dev.AUW_CallUpdate"/>
  <testcase name="main" time="44.641" classname="AUW_Test_Case_dev.AUW_NJ_Update"/>
  <testcase name="main" time="102.782" classname="AUW_Test_Case_dev.AUW_Intelligence_TC"/>
  <testcase name="Practices_AgentsBrokers" time="61.8" classname="AUW_Test_Case_dev.Practices_AgentsBrokers"/>
  <testcase name="Practices_CustomerSeekingCoverage" time="245.969" classname="AUW_Test_Case_dev.Practices_CustomerSeekingCoverage"/>
  <testcase name="LearnMore" time="20.21" classname="AUW_Global_Test_Cases_Development.LearnMore_TC"/>
  <testcase name="HomePage" time="19.269" classname="AUW_Global_Test_Cases_Development.Home_Page_TC"/>
  <testcase name="More_button" time="24.593" classname="AUW_Global_Test_Cases_Development.Home_More">
    <failure type="org.openqa.selenium.ElementClickInterceptedException" message="element click intercepted: Element &amp;lt;ng-transclude&amp;gt;...&amp;lt;/ng-transclude&amp;gt; is not clickable at point (99, 140). Other element would receive the click: &amp;lt;div layout=&amp;quot;&amp;quot; layout-align=&amp;quot;center center&amp;quot; layout-fill=&amp;quot;&amp;quot; class=&amp;quot;layout-fill layout-align-center-center layout-row&amp;quot;&amp;gt;...&amp;lt;/div&amp;gt;
  (Session info: chrome=96.0.4664.110)
Build info: version: &amp;apos;3.141.59&amp;apos;, revision: &amp;apos;e82be7d358&amp;apos;, time: &amp;apos;2018-11-14T08:17:03&amp;apos;
System info: host: &amp;apos;DESKTOP-N7K85DJ&amp;apos;, ip: &amp;apos;172.16.20.6&amp;apos;, os.name: &amp;apos;Windows 10&amp;apos;, os.arch: &amp;apos;amd64&amp;apos;, os.version: &amp;apos;10.0&amp;apos;, java.version: &amp;apos;1.8.0_301&amp;apos;
Driver info: org.openqa.selenium.chrome.ChromeDriver
Capabilities {acceptInsecureCerts: false, browserName: chrome, browserVersion: 96.0.4664.110, chrome: {chromedriverVersion: 96.0.4664.45 (76e4c1bb2ab46..., userDataDir: C:\Users\Sweta\AppData\Loca...}, goog:chromeOptions: {debuggerAddress: localhost:52762}, javascriptEnabled: true, networkConnectionEnabled: false, pageLoadStrategy: normal, platform: WINDOWS, platformName: WINDOWS, proxy: Proxy(), setWindowRect: true, strictFileInteractability: false, timeouts: {implicit: 0, pageLoad: 300000, script: 30000}, unhandledPromptBehavior: dismiss and notify, webauthn:extension:credBlob: true, webauthn:extension:largeBlob: true, webauthn:virtualAuthenticators: true}
Session ID: cbd1a03049b48cfb67af693e20e81ce6">
      <![CDATA[org.openqa.selenium.ElementClickInterceptedException: element click intercepted: Element <ng-transclude>...</ng-transclude> is not clickable at point (99, 140). Other element would receive the click: <div layout="" layout-align="center center" layout-fill="" class="layout-fill layout-align-center-center layout-row">...</div>
  (Session info: chrome=96.0.4664.110)
Build info: version: '3.141.59', revision: 'e82be7d358', time: '2018-11-14T08:17:03'
System info: host: 'DESKTOP-N7K85DJ', ip: '172.16.20.6', os.name: 'Windows 10', os.arch: 'amd64', os.version: '10.0', java.version: '1.8.0_301'
Driver info: org.openqa.selenium.chrome.ChromeDriver
Capabilities {acceptInsecureCerts: false, browserName: chrome, browserVersion: 96.0.4664.110, chrome: {chromedriverVersion: 96.0.4664.45 (76e4c1bb2ab46..., userDataDir: C:\Users\Sweta\AppData\Loca...}, goog:chromeOptions: {debuggerAddress: localhost:52762}, javascriptEnabled: true, networkConnectionEnabled: false, pageLoadStrategy: normal, platform: WINDOWS, platformName: WINDOWS, proxy: Proxy(), setWindowRect: true, strictFileInteractability: false, timeouts: {implicit: 0, pageLoad: 300000, script: 30000}, unhandledPromptBehavior: dismiss and notify, webauthn:extension:credBlob: true, webauthn:extension:largeBlob: true, webauthn:virtualAuthenticators: true}
Session ID: cbd1a03049b48cfb67af693e20e81ce6
	at org.openqa.selenium.remote.http.W3CHttpResponseCodec.createException(W3CHttpResponseCodec.java:187)
	at org.openqa.selenium.remote.http.W3CHttpResponseCodec.decode(W3CHttpResponseCodec.java:122)
	at org.openqa.selenium.remote.http.W3CHttpResponseCodec.decode(W3CHttpResponseCodec.java:49)
	at org.openqa.selenium.remote.HttpCommandExecutor.execute(HttpCommandExecutor.java:158)
	at org.openqa.selenium.remote.service.DriverCommandExecutor.execute(DriverCommandExecutor.java:83)
	at org.openqa.selenium.remote.RemoteWebDriver.execute(RemoteWebDriver.java:552)
	at org.openqa.selenium.remote.RemoteWebElement.execute(RemoteWebElement.java:285)
	at org.openqa.selenium.remote.RemoteWebElement.click(RemoteWebElement.java:84)
	at AUW_Global_Pages.Amplience.Global_slot(Amplience.java:88)
	at AUW_Global_Test_Cases_Development.Home_More.More_button(Home_More.java:37)
... Removed 28 stack frames]]>
    </failure>
  </testcase> <!-- More_button -->
  <testcase name="Siheading_2" time="22.446" classname="Promesa_Test_Case_Development.FAQ"/>
  <testcase name="Footer" time="64.42" classname="Promesa_Test_Case_Development.Footer"/>
  <testcase name="Side_Heading_One" time="28.649" classname="Promesa_Test_Case_Development.Side_Heading_One"/>
  <testcase name="Side_Heading_One" time="123.112" classname="Promesa_Test_Case_Development.Pharmacy_search"/>
  <testcase name="Siheading_2" time="16.728" classname="Promesa_Test_Case_Development.Side_Heading_Two"/>
  <testcase name="Change_Language" time="3.438" classname="Promesa_Test_Case_Development.Change_language"/>
  <testcase name="Footer" time="20.41" classname="Speciality_underwriters_Test_Case_Dev.Contact_US_TC"/>
  <testcase name="Footer" time="12.565" classname="Speciality_underwriters_Test_Case_Dev.About_Us"/>
  <testcase name="Footer" time="40.343" classname="Speciality_underwriters_Test_Case_Dev.What_We_offer"/>
  <testcase name="Footer" time="17.327" classname="Speciality_underwriters_Test_Case_Dev.Home_TC"/>
  <testcase name="ContactUs_Page" time="24.894" classname="AFL_Test_Cases_Dev.ContactUS_OutsideUS_dev"/>
  <testcase name="main_Home_Page" time="31.58" classname="AFL_Test_Cases_Dev.AboutUS_OutsideUS_dev"/>
  <testcase name="Footer" time="300.297" classname="AFL_Test_Cases_Dev.What_We_offer_OutSideUs_dev"/>
  <testcase name="Footer" time="80.769" classname="AFL_Test_Cases_Dev.Footer_TC_dev"/>
  <testcase name="Home_Page" time="139.935" classname="AFL_Test_Cases_Dev.HomePage_TC_dev"/>
  <testcase name="main_Home_Page" time="19.767" classname="Adler_TestCases_Development.Home"/>
  <testcase name="main_Home_Page" time="136.865" classname="Adler_TestCases_Development.News"/>
  <testcase name="Side_Heading" time="129.879" classname="Careers_Test_case_Development.Side_Heading1"/>
  <testcase name="AUW_Footer" time="74.432" classname="Careers_Test_case_Development.Footer"/>
  <testcase name="WhatsNew" time="88.338" classname="Pinnacle_Test_Cases_Development.WatsNew"/>
  <testcase name="main_Home_Page" time="45.294" classname="Pinnacle_Test_Cases_Development.HomePage_TC"/>
  <testcase name="HomePage_Header_ContactUS_btn" time="16.487" classname="Credit_Global_Test_Cases_Dev.Home_TC"/>
  <testcase name="HomePage_Header_Our_approach" time="14.148" classname="Credit_Global_Test_Cases_Dev.Home_TC"/>
  <testcase name="HomePage_Header_What_weDo" time="9.345" classname="Credit_Global_Test_Cases_Dev.Home_TC"/>
  <testcase name="HomePage_Header_login" time="13.291" classname="Credit_Global_Test_Cases_Dev.Home_TC"/>
  <testcase name="HomePage_Header_login" time="10.993" classname="Credit_Global_Test_Cases_Dev.Forgot_Password"/>
  <testcase name="HomePage_Header_login" time="30.637" classname="Credit_Global_Test_Cases_Dev.What_we_Do_TC"/>
  <testcase name="Home_page" time="288.647" classname="Warranty_Test_Case_Dev.HomePage_Testcase"/>
  <testcase name="ContactUS" time="48.177" classname="Warranty_Test_Case_Dev.Contact_US">
    <failure type="org.openqa.selenium.ElementNotInteractableException" message="element not interactable
  (Session info: chrome=96.0.4664.110)
Build info: version: &amp;apos;3.141.59&amp;apos;, revision: &amp;apos;e82be7d358&amp;apos;, time: &amp;apos;2018-11-14T08:17:03&amp;apos;
System info: host: &amp;apos;DESKTOP-N7K85DJ&amp;apos;, ip: &amp;apos;172.16.20.6&amp;apos;, os.name: &amp;apos;Windows 10&amp;apos;, os.arch: &amp;apos;amd64&amp;apos;, os.version: &amp;apos;10.0&amp;apos;, java.version: &amp;apos;1.8.0_301&amp;apos;
Driver info: org.openqa.selenium.chrome.ChromeDriver
Capabilities {acceptInsecureCerts: false, browserName: chrome, browserVersion: 96.0.4664.110, chrome: {chromedriverVersion: 96.0.4664.45 (76e4c1bb2ab46..., userDataDir: C:\Users\Sweta\AppData\Loca...}, goog:chromeOptions: {debuggerAddress: localhost:54801}, javascriptEnabled: true, networkConnectionEnabled: false, pageLoadStrategy: normal, platform: WINDOWS, platformName: WINDOWS, proxy: Proxy(), setWindowRect: true, strictFileInteractability: false, timeouts: {implicit: 0, pageLoad: 300000, script: 30000}, unhandledPromptBehavior: dismiss and notify, webauthn:extension:credBlob: true, webauthn:extension:largeBlob: true, webauthn:virtualAuthenticators: true}
Session ID: 6a4cd9ca76fdf8e7b27e10808fa3ae92">
      <![CDATA[org.openqa.selenium.ElementNotInteractableException: element not interactable
  (Session info: chrome=96.0.4664.110)
Build info: version: '3.141.59', revision: 'e82be7d358', time: '2018-11-14T08:17:03'
System info: host: 'DESKTOP-N7K85DJ', ip: '172.16.20.6', os.name: 'Windows 10', os.arch: 'amd64', os.version: '10.0', java.version: '1.8.0_301'
Driver info: org.openqa.selenium.chrome.ChromeDriver
Capabilities {acceptInsecureCerts: false, browserName: chrome, browserVersion: 96.0.4664.110, chrome: {chromedriverVersion: 96.0.4664.45 (76e4c1bb2ab46..., userDataDir: C:\Users\Sweta\AppData\Loca...}, goog:chromeOptions: {debuggerAddress: localhost:54801}, javascriptEnabled: true, networkConnectionEnabled: false, pageLoadStrategy: normal, platform: WINDOWS, platformName: WINDOWS, proxy: Proxy(), setWindowRect: true, strictFileInteractability: false, timeouts: {implicit: 0, pageLoad: 300000, script: 30000}, unhandledPromptBehavior: dismiss and notify, webauthn:extension:credBlob: true, webauthn:extension:largeBlob: true, webauthn:virtualAuthenticators: true}
Session ID: 6a4cd9ca76fdf8e7b27e10808fa3ae92
	at org.openqa.selenium.remote.http.W3CHttpResponseCodec.createException(W3CHttpResponseCodec.java:187)
	at org.openqa.selenium.remote.http.W3CHttpResponseCodec.decode(W3CHttpResponseCodec.java:122)
	at org.openqa.selenium.remote.http.W3CHttpResponseCodec.decode(W3CHttpResponseCodec.java:49)
	at org.openqa.selenium.remote.HttpCommandExecutor.execute(HttpCommandExecutor.java:158)
	at org.openqa.selenium.remote.service.DriverCommandExecutor.execute(DriverCommandExecutor.java:83)
	at org.openqa.selenium.remote.RemoteWebDriver.execute(RemoteWebDriver.java:552)
	at org.openqa.selenium.remote.RemoteWebElement.execute(RemoteWebElement.java:285)
	at org.openqa.selenium.remote.RemoteWebElement.click(RemoteWebElement.java:84)
	at Warranty_Page.ContactUS_page.contactUS(ContactUS_page.java:119)
	at Warranty_Test_Case_Dev.Contact_US.ContactUS(Contact_US.java:16)
... Removed 28 stack frames]]>
    </failure>
  </testcase> <!-- ContactUS -->
  <testcase name="Partner1" time="69.417" classname="Warranty_Test_Case_Dev.Our_Partner"/>
  <testcase name="Partner2" time="70.521" classname="Warranty_Test_Case_Dev.Our_Partner"/>
  <testcase name="Partner3" time="73.596" classname="Warranty_Test_Case_Dev.Our_Partner"/>
  <testcase name="Partner4" time="75.863" classname="Warranty_Test_Case_Dev.Our_Partner"/>
  <testcase name="Partner5" time="73.082" classname="Warranty_Test_Case_Dev.Our_Partner"/>
  <testcase name="Partner6" time="72.176" classname="Warranty_Test_Case_Dev.Our_Partner"/>
  <testcase name="partner" time="12.78" classname="Warranty_Test_Case_Dev.Partner_With_US"/>
  <testcase name="Home_page" time="31.896" classname="Warranty_Test_Case_Dev.About_US"/>
  <testcase name="NewsEvents" time="53.811" classname="Warranty_Test_Case_Dev.NewsEvents">
    <failure type="org.openqa.selenium.NoSuchElementException" message="no such element: Unable to locate element: {&amp;quot;method&amp;quot;:&amp;quot;xpath&amp;quot;,&amp;quot;selector&amp;quot;:&amp;quot;//*[@id=&amp;apos;app&amp;apos;]/main/div[1]/div/div/div[2]/div[2]/div/div[1]/div/a&amp;quot;}
  (Session info: chrome=96.0.4664.110)
For documentation on this error, please visit: https://www.seleniumhq.org/exceptions/no_such_element.html
Build info: version: &amp;apos;3.141.59&amp;apos;, revision: &amp;apos;e82be7d358&amp;apos;, time: &amp;apos;2018-11-14T08:17:03&amp;apos;
System info: host: &amp;apos;DESKTOP-N7K85DJ&amp;apos;, ip: &amp;apos;172.16.20.6&amp;apos;, os.name: &amp;apos;Windows 10&amp;apos;, os.arch: &amp;apos;amd64&amp;apos;, os.version: &amp;apos;10.0&amp;apos;, java.version: &amp;apos;1.8.0_301&amp;apos;
Driver info: org.openqa.selenium.chrome.ChromeDriver
Capabilities {acceptInsecureCerts: false, browserName: chrome, browserVersion: 96.0.4664.110, chrome: {chromedriverVersion: 96.0.4664.45 (76e4c1bb2ab46..., userDataDir: C:\Users\Sweta\AppData\Loca...}, goog:chromeOptions: {debuggerAddress: localhost:55259}, javascriptEnabled: true, networkConnectionEnabled: false, pageLoadStrategy: normal, platform: WINDOWS, platformName: WINDOWS, proxy: Proxy(), setWindowRect: true, strictFileInteractability: false, timeouts: {implicit: 0, pageLoad: 300000, script: 30000}, unhandledPromptBehavior: dismiss and notify, webauthn:extension:credBlob: true, webauthn:extension:largeBlob: true, webauthn:virtualAuthenticators: true}
Session ID: 36386b1bb3a64b7d7143d0493922e9a3
*** Element info: {Using=xpath, value=//*[@id=&amp;apos;app&amp;apos;]/main/div[1]/div/div/div[2]/div[2]/div/div[1]/div/a}">
      <![CDATA[org.openqa.selenium.NoSuchElementException: no such element: Unable to locate element: {"method":"xpath","selector":"//*[@id='app']/main/div[1]/div/div/div[2]/div[2]/div/div[1]/div/a"}
  (Session info: chrome=96.0.4664.110)
For documentation on this error, please visit: https://www.seleniumhq.org/exceptions/no_such_element.html
Build info: version: '3.141.59', revision: 'e82be7d358', time: '2018-11-14T08:17:03'
System info: host: 'DESKTOP-N7K85DJ', ip: '172.16.20.6', os.name: 'Windows 10', os.arch: 'amd64', os.version: '10.0', java.version: '1.8.0_301'
Driver info: org.openqa.selenium.chrome.ChromeDriver
Capabilities {acceptInsecureCerts: false, browserName: chrome, browserVersion: 96.0.4664.110, chrome: {chromedriverVersion: 96.0.4664.45 (76e4c1bb2ab46..., userDataDir: C:\Users\Sweta\AppData\Loca...}, goog:chromeOptions: {debuggerAddress: localhost:55259}, javascriptEnabled: true, networkConnectionEnabled: false, pageLoadStrategy: normal, platform: WINDOWS, platformName: WINDOWS, proxy: Proxy(), setWindowRect: true, strictFileInteractability: false, timeouts: {implicit: 0, pageLoad: 300000, script: 30000}, unhandledPromptBehavior: dismiss and notify, webauthn:extension:credBlob: true, webauthn:extension:largeBlob: true, webauthn:virtualAuthenticators: true}
Session ID: 36386b1bb3a64b7d7143d0493922e9a3
*** Element info: {Using=xpath, value=//*[@id='app']/main/div[1]/div/div/div[2]/div[2]/div/div[1]/div/a}
	at org.openqa.selenium.remote.http.W3CHttpResponseCodec.createException(W3CHttpResponseCodec.java:187)
	at org.openqa.selenium.remote.http.W3CHttpResponseCodec.decode(W3CHttpResponseCodec.java:122)
	at org.openqa.selenium.remote.http.W3CHttpResponseCodec.decode(W3CHttpResponseCodec.java:49)
	at org.openqa.selenium.remote.HttpCommandExecutor.execute(HttpCommandExecutor.java:158)
	at org.openqa.selenium.remote.service.DriverCommandExecutor.execute(DriverCommandExecutor.java:83)
	at org.openqa.selenium.remote.RemoteWebDriver.execute(RemoteWebDriver.java:552)
	at org.openqa.selenium.remote.RemoteWebDriver.findElement(RemoteWebDriver.java:323)
	at org.openqa.selenium.remote.RemoteWebDriver.findElementByXPath(RemoteWebDriver.java:428)
	at org.openqa.selenium.By$ByXPath.findElement(By.java:353)
	at org.openqa.selenium.remote.RemoteWebDriver.findElement(RemoteWebDriver.java:315)
	at Warranty_Page.NewsEvents_Page.Image2(NewsEvents_Page.java:98)
	at Warranty_Test_Case_Dev.NewsEvents.NewsEvents(NewsEvents.java:17)
... Removed 28 stack frames]]>
    </failure>
  </testcase> <!-- NewsEvents -->
  <testcase name="Side_Heading_Five" time="54.952" classname="Solution_one_Development.Side_head_sample"/>
  <testcase name="Side_Heading_Four" time="56.127" classname="Solution_one_Development.Side_head_sample"/>
  <testcase name="Side_Heading_One" time="54.643" classname="Solution_one_Development.Side_head_sample"/>
  <testcase name="Side_Heading_Three" time="59.579" classname="Solution_one_Development.Side_head_sample"/>
  <testcase name="Side_Heading_Two" time="56.065" classname="Solution_one_Development.Side_head_sample"/>
  <testcase name="Footer" time="58.06" classname="Solution_one_Development.Footer_Develop"/>
  <testcase name="Footer_Facebook" time="29.32" classname="JumboGC_Test_case_Devlopment.Header_footer"/>
  <testcase name="Footer_Instagram" time="26.826" classname="JumboGC_Test_case_Devlopment.Header_footer"/>
  <testcase name="Footer_Privacy" time="36.475" classname="JumboGC_Test_case_Devlopment.Header_footer"/>
  <testcase name="Footer_linkedIN" time="25.911" classname="JumboGC_Test_case_Devlopment.Header_footer"/>
  <testcase name="Header_Login" time="21.628" classname="JumboGC_Test_case_Devlopment.Header_footer"/>
  <testcase name="Side_heading" time="140.449" classname="JumboGC_Test_case_Devlopment.Side_Heading"/>
  <testcase name="main_Home_Page" time="34.602" classname="Tradewel_Test_Cases_Development.About_US"/>
  <testcase name="Comprehensive" time="171.643" classname="Tradewel_Test_Cases_Development.comprehensive_Protection"/>
</testsuite> <!-- Chrome_Developmet -->
