<?xml version="1.0" encoding="UTF-8"?>
<!-- Generated by org.testng.reporters.JUnitXMLReporter -->
<testsuite hostname="DESKTOP-N7K85DJ" name="Chrome_Developmet" tests="61" failures="1" timestamp="14 Jan 2022 10:20:46 GMT" time="2364.546" errors="0">
  <testcase name="main" time="78.599" classname="AUW_Test_Case_dev.AUW_header_web_Development"/>
  <testcase name="main" time="105.157" classname="AUW_Test_Case_dev.AUW_PPP"/>
  <testcase name="AUW_Footer" time="229.434" classname="AUW_Test_Case_dev.AUW_Footer_Development"/>
  <testcase name="AboutUS" time="246.088" classname="AUW_Test_Case_dev.AUW_AboutUS"/>
  <testcase name="main" time="144.198" classname="AUW_Test_Case_dev.AUW_CallUpdate"/>
  <testcase name="main" time="133.466" classname="AUW_Test_Case_dev.AUW_NJ_Update"/>
  <testcase name="main" time="484.646" classname="AUW_Test_Case_dev.AUW_Experience"/>
  <testcase name="main" time="176.332" classname="AUW_Test_Case_dev.AUW_Intelligence_TC"/>
  <testcase name="LearnMore" time="29.847" classname="AUW_Global_Test_Cases_Development.LearnMore_TC"/>
  <testcase name="HomePage" time="31.069" classname="AUW_Global_Test_Cases_Development.Home_Page_TC"/>
  <testcase name="Siheading_2" time="35.006" classname="Promesa_Test_Case_Development.FAQ"/>
  <testcase name="More_button" time="113.123" classname="AUW_Global_Test_Cases_Development.Home_More"/>
  <testcase name="Practices_AgentsBrokers" time="289.544" classname="AUW_Test_Case_dev.Practices_AgentsBrokers"/>
  <testcase name="Practices_CustomerSeekingCoverage" time="307.651" classname="AUW_Test_Case_dev.Practices_CustomerSeekingCoverage"/>
  <testcase name="Side_Heading_One" time="32.446" classname="Promesa_Test_Case_Development.Side_Heading_One"/>
  <testcase name="Footer" time="101.25" classname="Promesa_Test_Case_Development.Footer"/>
  <testcase name="Siheading_2" time="20.143" classname="Promesa_Test_Case_Development.Side_Heading_Two"/>
  <testcase name="Change_Language" time="12.797" classname="Promesa_Test_Case_Development.Change_language"/>
  <testcase name="Footer" time="27.589" classname="Speciality_underwriters_Test_Case_Dev.Contact_US_TC"/>
  <testcase name="Footer" time="13.741" classname="Speciality_underwriters_Test_Case_Dev.About_Us"/>
  <testcase name="Side_Heading_One" time="150.503" classname="Promesa_Test_Case_Development.Pharmacy_search"/>
  <testcase name="Footer" time="40.824" classname="Speciality_underwriters_Test_Case_Dev.Home_TC"/>
  <testcase name="Footer" time="47.834" classname="Speciality_underwriters_Test_Case_Dev.What_We_offer"/>
  <testcase name="ContactUs_Page" time="25.395" classname="AFL_Test_Cases_Dev.ContactUS_OutsideUS_dev"/>
  <testcase name="main_Home_Page" time="39.434" classname="AFL_Test_Cases_Dev.AboutUS_OutsideUS_dev"/>
  <testcase name="Footer" time="95.197" classname="AFL_Test_Cases_Dev.Footer_TC_dev"/>
  <testcase name="main_Home_Page" time="21.02" classname="Adler_TestCases_Development.Home"/>
  <testcase name="Home_Page" time="168.798" classname="AFL_Test_Cases_Dev.HomePage_TC_dev"/>
  <testcase name="main_Home_Page" time="149.645" classname="Adler_TestCases_Development.News"/>
  <testcase name="AUW_Footer" time="100.526" classname="Careers_Test_case_Development.Footer"/>
  <testcase name="Side_Heading" time="178.573" classname="Careers_Test_case_Development.Side_Heading1"/>
  <testcase name="Footer" time="374.401" classname="AFL_Test_Cases_Dev.What_We_offer_OutSideUs_dev"/>
  <testcase name="HomePage_Header_ContactUS_btn" time="16.456" classname="Credit_Global_Test_Cases_Dev.Home_TC"/>
  <testcase name="main_Home_Page" time="50.591" classname="Pinnacle_Test_Cases_Development.HomePage_TC"/>
  <testcase name="HomePage_Header_login" time="9.988" classname="Credit_Global_Test_Cases_Dev.Forgot_Password"/>
  <testcase name="HomePage_Header_Our_approach" time="13.976" classname="Credit_Global_Test_Cases_Dev.Home_TC"/>
  <testcase name="HomePage_Header_login" time="39.437" classname="Credit_Global_Test_Cases_Dev.What_we_Do_TC"/>
  <testcase name="HomePage_Header_What_weDo" time="10.046" classname="Credit_Global_Test_Cases_Dev.Home_TC"/>
  <testcase name="HomePage_Header_login" time="12.633" classname="Credit_Global_Test_Cases_Dev.Home_TC"/>
  <testcase name="ContactUS" time="57.64" classname="Warranty_Test_Case_Dev.Contact_US"/>
  <testcase name="partner" time="13.621" classname="Warranty_Test_Case_Dev.Partner_With_US"/>
  <testcase name="WhatsNew" time="256.921" classname="Pinnacle_Test_Cases_Development.WatsNew"/>
  <testcase name="Home_page" time="41.002" classname="Warranty_Test_Case_Dev.About_US"/>
  <testcase name="Partner1" time="89.501" classname="Warranty_Test_Case_Dev.Our_Partner"/>
  <testcase name="Home_page" time="356.092" classname="Warranty_Test_Case_Dev.HomePage_Testcase"/>
  <testcase name="Side_Heading_Three" time="95.331" classname="Solution_one_Development.Side_head_sample"/>
  <testcase name="NewsEvents" time="163.66" classname="Warranty_Test_Case_Dev.NewsEvents"/>
  <testcase name="Partner2" time="119.941" classname="Warranty_Test_Case_Dev.Our_Partner"/>
  <testcase name="Footer_Facebook" time="40.903" classname="JumboGC_Test_case_Devlopment.Header_footer"/>
  <testcase name="Side_heading" time="41.835" classname="JumboGC_Test_case_Devlopment.Side_Heading">
    <failure type="org.openqa.selenium.ElementClickInterceptedException" message="element click intercepted: Element &amp;lt;ng-transclude&amp;gt;...&amp;lt;/ng-transclude&amp;gt; is not clickable at point (94, 140). Other element would receive the click: &amp;lt;div layout=&amp;quot;&amp;quot; layout-align=&amp;quot;center center&amp;quot; layout-fill=&amp;quot;&amp;quot; class=&amp;quot;layout-fill layout-align-center-center layout-row&amp;quot;&amp;gt;...&amp;lt;/div&amp;gt;
  (Session info: chrome=97.0.4692.71)
Build info: version: &amp;apos;3.141.59&amp;apos;, revision: &amp;apos;e82be7d358&amp;apos;, time: &amp;apos;2018-11-14T08:17:03&amp;apos;
System info: host: &amp;apos;DESKTOP-N7K85DJ&amp;apos;, ip: &amp;apos;192.168.1.3&amp;apos;, os.name: &amp;apos;Windows 10&amp;apos;, os.arch: &amp;apos;amd64&amp;apos;, os.version: &amp;apos;10.0&amp;apos;, java.version: &amp;apos;1.8.0_301&amp;apos;
Driver info: org.openqa.selenium.chrome.ChromeDriver
Capabilities {acceptInsecureCerts: false, browserName: chrome, browserVersion: 97.0.4692.71, chrome: {chromedriverVersion: 96.0.4664.45 (76e4c1bb2ab46..., userDataDir: C:\Users\Sweta\AppData\Loca...}, goog:chromeOptions: {debuggerAddress: localhost:51315}, javascriptEnabled: true, networkConnectionEnabled: false, pageLoadStrategy: normal, platform: WINDOWS, platformName: WINDOWS, proxy: Proxy(), setWindowRect: true, strictFileInteractability: false, timeouts: {implicit: 0, pageLoad: 300000, script: 30000}, unhandledPromptBehavior: dismiss and notify, webauthn:extension:credBlob: true, webauthn:extension:largeBlob: true, webauthn:virtualAuthenticators: true}
Session ID: 3dfda483ea208aac973e15653b258d0f">
      <![CDATA[org.openqa.selenium.ElementClickInterceptedException: element click intercepted: Element <ng-transclude>...</ng-transclude> is not clickable at point (94, 140). Other element would receive the click: <div layout="" layout-align="center center" layout-fill="" class="layout-fill layout-align-center-center layout-row">...</div>
  (Session info: chrome=97.0.4692.71)
Build info: version: '3.141.59', revision: 'e82be7d358', time: '2018-11-14T08:17:03'
System info: host: 'DESKTOP-N7K85DJ', ip: '192.168.1.3', os.name: 'Windows 10', os.arch: 'amd64', os.version: '10.0', java.version: '1.8.0_301'
Driver info: org.openqa.selenium.chrome.ChromeDriver
Capabilities {acceptInsecureCerts: false, browserName: chrome, browserVersion: 97.0.4692.71, chrome: {chromedriverVersion: 96.0.4664.45 (76e4c1bb2ab46..., userDataDir: C:\Users\Sweta\AppData\Loca...}, goog:chromeOptions: {debuggerAddress: localhost:51315}, javascriptEnabled: true, networkConnectionEnabled: false, pageLoadStrategy: normal, platform: WINDOWS, platformName: WINDOWS, proxy: Proxy(), setWindowRect: true, strictFileInteractability: false, timeouts: {implicit: 0, pageLoad: 300000, script: 30000}, unhandledPromptBehavior: dismiss and notify, webauthn:extension:credBlob: true, webauthn:extension:largeBlob: true, webauthn:virtualAuthenticators: true}
Session ID: 3dfda483ea208aac973e15653b258d0f
	at org.openqa.selenium.remote.http.W3CHttpResponseCodec.createException(W3CHttpResponseCodec.java:187)
	at org.openqa.selenium.remote.http.W3CHttpResponseCodec.decode(W3CHttpResponseCodec.java:122)
	at org.openqa.selenium.remote.http.W3CHttpResponseCodec.decode(W3CHttpResponseCodec.java:49)
	at org.openqa.selenium.remote.HttpCommandExecutor.execute(HttpCommandExecutor.java:158)
	at org.openqa.selenium.remote.service.DriverCommandExecutor.execute(DriverCommandExecutor.java:83)
	at org.openqa.selenium.remote.RemoteWebDriver.execute(RemoteWebDriver.java:552)
	at org.openqa.selenium.remote.RemoteWebElement.execute(RemoteWebElement.java:285)
	at org.openqa.selenium.remote.RemoteWebElement.click(RemoteWebElement.java:84)
	at JumboGC_Pages.Amplience.Jumbo_Content(Amplience.java:103)
	at JumboGC_Test_case_Devlopment.Side_Heading.Side_heading(Side_Heading.java:36)
	at java.util.concurrent.ThreadPoolExecutor.runWorker(Unknown Source)
	at java.util.concurrent.ThreadPoolExecutor$Worker.run(Unknown Source)
	at java.lang.Thread.run(Unknown Source)
... Removed 14 stack frames]]>
    </failure>
  </testcase> <!-- Side_heading -->
  <testcase name="Footer" time="112.639" classname="Solution_one_Development.Footer_Develop"/>
  <testcase name="Partner3" time="105.585" classname="Warranty_Test_Case_Dev.Our_Partner"/>
  <testcase name="Footer_Instagram" time="31.992" classname="JumboGC_Test_case_Devlopment.Header_footer"/>
  <testcase name="main_Home_Page" time="58.261" classname="Tradewel_Test_Cases_Development.About_US"/>
  <testcase name="Partner4" time="113.383" classname="Warranty_Test_Case_Dev.Our_Partner"/>
  <testcase name="Footer_Privacy" time="46.885" classname="JumboGC_Test_case_Devlopment.Header_footer"/>
  <testcase name="Footer_linkedIN" time="43.369" classname="JumboGC_Test_case_Devlopment.Header_footer"/>
  <testcase name="Header_Login" time="21.345" classname="JumboGC_Test_case_Devlopment.Header_footer"/>
  <testcase name="Partner5" time="113.492" classname="Warranty_Test_Case_Dev.Our_Partner"/>
  <testcase name="Comprehensive" time="271.92" classname="Tradewel_Test_Cases_Development.comprehensive_Protection"/>
  <testcase name="Partner6" time="73.457" classname="Warranty_Test_Case_Dev.Our_Partner"/>
</testsuite> <!-- Chrome_Developmet -->
