<?xml version="1.0" encoding="UTF-8"?>
<!-- Generated by org.testng.reporters.JUnitXMLReporter -->
<testsuite hostname="DESKTOP-N7K85DJ" name="Chrome_Developmet" tests="66" failures="2" timestamp="23 Feb 2022 12:12:03 GMT" time="1636.225" errors="0">
  <testcase name="main" time="53.304" classname="AUW_Test_Case_dev.AUW_header_web_Development"/>
  <testcase name="main" time="21.181" classname="AUW_Test_Case_dev.AUW_PPP"/>
  <testcase name="AUW_Footer" time="95.806" classname="AUW_Test_Case_dev.AUW_Footer_Development"/>
  <testcase name="AboutUS" time="95.952" classname="AUW_Test_Case_dev.AUW_AboutUS"/>
  <testcase name="main" time="44.204" classname="AUW_Test_Case_dev.AUW_NJ_Update"/>
  <testcase name="main" time="50.083" classname="AUW_Test_Case_dev.AUW_CallUpdate"/>
  <testcase name="main" time="107.458" classname="AUW_Test_Case_dev.AUW_Intelligence_TC"/>
  <testcase name="Practices_AgentsBrokers" time="77.144" classname="AUW_Test_Case_dev.Practices_AgentsBrokers"/>
  <testcase name="LearnMore" time="17.07" classname="AUW_Global_Test_Cases_Development.LearnMore_TC"/>
  <testcase name="HomePage" time="19.003" classname="AUW_Global_Test_Cases_Development.Home_Page_TC"/>
  <testcase name="Siheading_2" time="28.263" classname="Promesa_Test_Case_Development.FAQ"/>
  <testcase name="More_button" time="73.24" classname="AUW_Global_Test_Cases_Development.Home_More"/>
  <testcase name="main" time="353.557" classname="AUW_Test_Case_dev.AUW_Experience"/>
  <testcase name="Footer" time="65.668" classname="Promesa_Test_Case_Development.Footer"/>
  <testcase name="Side_Heading_One" time="33.66" classname="Promesa_Test_Case_Development.Side_Heading_One"/>
  <testcase name="Change_Language" time="6.268" classname="Promesa_Test_Case_Development.Change_language"/>
  <testcase name="Siheading_2" time="18.702" classname="Promesa_Test_Case_Development.Side_Heading_Two"/>
  <testcase name="Footer" time="18.347" classname="Speciality_underwriters_Test_Case_Dev.Contact_US_TC"/>
  <testcase name="Footer" time="11.076" classname="Speciality_underwriters_Test_Case_Dev.About_Us"/>
  <testcase name="Practices_CustomerSeekingCoverage" time="263.661" classname="AUW_Test_Case_dev.Practices_CustomerSeekingCoverage"/>
  <testcase name="Footer" time="19.215" classname="Speciality_underwriters_Test_Case_Dev.Home_TC"/>
  <testcase name="ContactUs_Page" time="26.579" classname="AFL_Test_Cases_Dev.ContactUS_OutsideUS_dev"/>
  <testcase name="Footer" time="40.663" classname="Speciality_underwriters_Test_Case_Dev.What_We_offer"/>
  <testcase name="Side_Heading_One" time="134.002" classname="Promesa_Test_Case_Development.Pharmacy_search"/>
  <testcase name="main_Home_Page" time="33.958" classname="AFL_Test_Cases_Dev.AboutUS_OutsideUS_dev"/>
  <testcase name="main_Home_Page" time="24.69" classname="Adler_TestCases_Development.Home"/>
  <testcase name="Footer" time="88.6" classname="AFL_Test_Cases_Dev.Footer_TC_dev"/>
  <testcase name="Home_Page" time="148.748" classname="AFL_Test_Cases_Dev.HomePage_TC_dev"/>
  <testcase name="main_Home_Page" time="146.36" classname="Adler_TestCases_Development.News"/>
  <testcase name="Side_Heading" time="159.865" classname="Careers_Test_case_Development.Side_Heading1"/>
  <testcase name="AUW_Footer" time="78.005" classname="Careers_Test_case_Development.Footer"/>
  <testcase name="HomePage_Header_ContactUS_btn" time="18.758" classname="Credit_Global_Test_Cases_Dev.Home_TC"/>
  <testcase name="HomePage_Header_Our_approach" time="12.765" classname="Credit_Global_Test_Cases_Dev.Home_TC"/>
  <testcase name="Footer" time="360.756" classname="AFL_Test_Cases_Dev.What_We_offer_OutSideUs_dev"/>
  <testcase name="main_Home_Page" time="55.479" classname="Pinnacle_Test_Cases_Development.HomePage_TC"/>
  <testcase name="HomePage_Header_What_weDo" time="8.314" classname="Credit_Global_Test_Cases_Dev.Home_TC"/>
  <testcase name="HomePage_Header_login" time="10.524" classname="Credit_Global_Test_Cases_Dev.Forgot_Password"/>
  <testcase name="HomePage_Header_login" time="14.194" classname="Credit_Global_Test_Cases_Dev.Home_TC"/>
  <testcase name="HomePage_Header_login" time="35.013" classname="Credit_Global_Test_Cases_Dev.What_we_Do_TC"/>
  <testcase name="ContactUS" time="48.888" classname="Warranty_Test_Case_Dev.Contact_US">
    <failure type="org.openqa.selenium.ElementNotInteractableException" message="element not interactable
  (Session info: chrome=98.0.4758.102)
Build info: version: &amp;apos;3.141.59&amp;apos;, revision: &amp;apos;e82be7d358&amp;apos;, time: &amp;apos;2018-11-14T08:17:03&amp;apos;
System info: host: &amp;apos;DESKTOP-N7K85DJ&amp;apos;, ip: &amp;apos;192.168.1.3&amp;apos;, os.name: &amp;apos;Windows 10&amp;apos;, os.arch: &amp;apos;amd64&amp;apos;, os.version: &amp;apos;10.0&amp;apos;, java.version: &amp;apos;1.8.0_291&amp;apos;
Driver info: org.openqa.selenium.chrome.ChromeDriver
Capabilities {acceptInsecureCerts: false, browserName: chrome, browserVersion: 98.0.4758.102, chrome: {chromedriverVersion: 98.0.4758.102 (273bf7ac8c90..., userDataDir: C:\Users\Sweta\AppData\Loca...}, goog:chromeOptions: {debuggerAddress: localhost:57904}, javascriptEnabled: true, networkConnectionEnabled: false, pageLoadStrategy: normal, platform: WINDOWS, platformName: WINDOWS, proxy: Proxy(), setWindowRect: true, strictFileInteractability: false, timeouts: {implicit: 0, pageLoad: 300000, script: 30000}, unhandledPromptBehavior: dismiss and notify, webauthn:extension:credBlob: true, webauthn:extension:largeBlob: true, webauthn:virtualAuthenticators: true}
Session ID: 70a591dd4e9db770b1c403742cf01550">
      <![CDATA[org.openqa.selenium.ElementNotInteractableException: element not interactable
  (Session info: chrome=98.0.4758.102)
Build info: version: '3.141.59', revision: 'e82be7d358', time: '2018-11-14T08:17:03'
System info: host: 'DESKTOP-N7K85DJ', ip: '192.168.1.3', os.name: 'Windows 10', os.arch: 'amd64', os.version: '10.0', java.version: '1.8.0_291'
Driver info: org.openqa.selenium.chrome.ChromeDriver
Capabilities {acceptInsecureCerts: false, browserName: chrome, browserVersion: 98.0.4758.102, chrome: {chromedriverVersion: 98.0.4758.102 (273bf7ac8c90..., userDataDir: C:\Users\Sweta\AppData\Loca...}, goog:chromeOptions: {debuggerAddress: localhost:57904}, javascriptEnabled: true, networkConnectionEnabled: false, pageLoadStrategy: normal, platform: WINDOWS, platformName: WINDOWS, proxy: Proxy(), setWindowRect: true, strictFileInteractability: false, timeouts: {implicit: 0, pageLoad: 300000, script: 30000}, unhandledPromptBehavior: dismiss and notify, webauthn:extension:credBlob: true, webauthn:extension:largeBlob: true, webauthn:virtualAuthenticators: true}
Session ID: 70a591dd4e9db770b1c403742cf01550
	at org.openqa.selenium.remote.http.W3CHttpResponseCodec.createException(W3CHttpResponseCodec.java:187)
	at org.openqa.selenium.remote.http.W3CHttpResponseCodec.decode(W3CHttpResponseCodec.java:122)
	at org.openqa.selenium.remote.http.W3CHttpResponseCodec.decode(W3CHttpResponseCodec.java:49)
	at org.openqa.selenium.remote.HttpCommandExecutor.execute(HttpCommandExecutor.java:158)
	at org.openqa.selenium.remote.service.DriverCommandExecutor.execute(DriverCommandExecutor.java:83)
	at org.openqa.selenium.remote.RemoteWebDriver.execute(RemoteWebDriver.java:552)
	at org.openqa.selenium.remote.RemoteWebElement.execute(RemoteWebElement.java:285)
	at org.openqa.selenium.remote.RemoteWebElement.click(RemoteWebElement.java:84)
	at Warranty_Page.ContactUS_page.contactUS(ContactUS_page.java:121)
	at Warranty_Test_Case_Dev.Contact_US.ContactUS(Contact_US.java:16)
	at java.util.concurrent.ThreadPoolExecutor.runWorker(ThreadPoolExecutor.java:1149)
	at java.util.concurrent.ThreadPoolExecutor$Worker.run(ThreadPoolExecutor.java:624)
	at java.lang.Thread.run(Thread.java:748)
... Removed 14 stack frames]]>
    </failure>
  </testcase> <!-- ContactUS -->
  <testcase name="partner" time="12.786" classname="Warranty_Test_Case_Dev.Partner_With_US"/>
  <testcase name="WhatsNew" time="242.861" classname="Pinnacle_Test_Cases_Development.WatsNew"/>
  <testcase name="Partner1" time="78.658" classname="Warranty_Test_Case_Dev.Our_Partner"/>
  <testcase name="Home_page" time="38.975" classname="Warranty_Test_Case_Dev.About_US"/>
  <testcase name="Partner2" time="121.077" classname="Warranty_Test_Case_Dev.Our_Partner"/>
  <testcase name="Side_Heading_Three" time="71.727" classname="Solution_one_Development.Side_head_sample"/>
  <testcase name="NewsEvents" time="149.109" classname="Warranty_Test_Case_Dev.NewsEvents"/>
  <testcase name="Footer_Facebook" time="39.099" classname="JumboGC_Test_case_Devlopment.Header_footer"/>
  <testcase name="Partner3" time="84.163" classname="Warranty_Test_Case_Dev.Our_Partner"/>
  <testcase name="Home_page" time="337.682" classname="Warranty_Test_Case_Dev.HomePage_Testcase"/>
  <testcase name="Footer" time="84.496" classname="Solution_one_Development.Footer_Develop"/>
  <testcase name="Footer_Instagram" time="29.511" classname="JumboGC_Test_case_Devlopment.Header_footer"/>
  <testcase name="main_Home_Page" time="45.773" classname="Tradewel_Test_Cases_Development.About_US"/>
  <testcase name="Partner4" time="113.23" classname="Warranty_Test_Case_Dev.Our_Partner"/>
  <testcase name="Footer_Privacy" time="44.71" classname="JumboGC_Test_case_Devlopment.Header_footer"/>
  <testcase name="Side_heading" time="173.795" classname="JumboGC_Test_case_Devlopment.Side_Heading"/>
  <testcase name="Footer_linkedIN" time="28.847" classname="JumboGC_Test_case_Devlopment.Header_footer"/>
  <testcase name="Partner5" time="84.949" classname="Warranty_Test_Case_Dev.Our_Partner"/>
  <testcase name="Header_Login" time="31.502" classname="JumboGC_Test_case_Devlopment.Header_footer"/>
  <testcase name="HomePage" time="77.936" classname="Casuality_Dev_TC.Home_page"/>
  <testcase name="Partner6" time="85.273" classname="Warranty_Test_Case_Dev.Our_Partner"/>
  <testcase name="HomePage" time="57.046" classname="Casuality_Dev_TC.Menu_Press_Room"/>
  <testcase name="Carriers" time="37.684" classname="Casuality_Dev_TC.Menu_Our_Carriers">
    <failure type="java.lang.IndexOutOfBoundsException" message="Index: 1, Size: 1">
      <![CDATA[java.lang.IndexOutOfBoundsException: Index: 1, Size: 1
	at java.util.ArrayList.rangeCheck(ArrayList.java:659)
	at java.util.ArrayList.get(ArrayList.java:435)
	at Casuality_pages.Menu_Carriers.Ambest(Menu_Carriers.java:61)
	at Casuality_Dev_TC.Menu_Our_Carriers.Carriers(Menu_Our_Carriers.java:19)
	at java.util.concurrent.ThreadPoolExecutor.runWorker(ThreadPoolExecutor.java:1149)
	at java.util.concurrent.ThreadPoolExecutor$Worker.run(ThreadPoolExecutor.java:624)
	at java.lang.Thread.run(Thread.java:748)
... Removed 10 stack frames]]>
    </failure>
  </testcase> <!-- Carriers -->
  <testcase name="HomePage" time="23.981" classname="Casuality_Dev_TC.Menu_Contact_Us"/>
  <testcase name="Comprehensive" time="213.578" classname="Tradewel_Test_Cases_Development.comprehensive_Protection"/>
  <testcase name="HomePage" time="43.426" classname="Casuality_Dev_TC.Menu_About_US"/>
</testsuite> <!-- Chrome_Developmet -->
