<?xml version="1.0" encoding="UTF-8"?>
<!-- Generated by org.testng.reporters.JUnitXMLReporter -->
<testsuite hostname="DESKTOP-N7K85DJ" name="Chrome_Developmet" tests="61" failures="0" timestamp="18 Jan 2022 09:57:29 GMT" time="1545.877" errors="0">
  <testcase name="main" time="47.364" classname="AUW_Test_Case_dev.AUW_header_web_Development"/>
  <testcase name="AboutUS" time="78.641" classname="AUW_Test_Case_dev.AUW_AboutUS"/>
  <testcase name="main" time="21.37" classname="AUW_Test_Case_dev.AUW_PPP"/>
  <testcase name="AUW_Footer" time="90.908" classname="AUW_Test_Case_dev.AUW_Footer_Development"/>
  <testcase name="main" time="42.594" classname="AUW_Test_Case_dev.AUW_NJ_Update"/>
  <testcase name="main" time="46.501" classname="AUW_Test_Case_dev.AUW_CallUpdate"/>
  <testcase name="main" time="98.33" classname="AUW_Test_Case_dev.AUW_Intelligence_TC"/>
  <testcase name="Practices_AgentsBrokers" time="76.733" classname="AUW_Test_Case_dev.Practices_AgentsBrokers"/>
  <testcase name="HomePage" time="13.161" classname="AUW_Global_Test_Cases_Development.Home_Page_TC"/>
  <testcase name="LearnMore" time="17.255" classname="AUW_Global_Test_Cases_Development.LearnMore_TC"/>
  <testcase name="Siheading_2" time="25.371" classname="Promesa_Test_Case_Development.FAQ"/>
  <testcase name="More_button" time="79.229" classname="AUW_Global_Test_Cases_Development.Home_More"/>
  <testcase name="main" time="337.538" classname="AUW_Test_Case_dev.AUW_Experience"/>
  <testcase name="Footer" time="78.266" classname="Promesa_Test_Case_Development.Footer"/>
  <testcase name="Side_Heading_One" time="30.175" classname="Promesa_Test_Case_Development.Side_Heading_One"/>
  <testcase name="Change_Language" time="3.399" classname="Promesa_Test_Case_Development.Change_language"/>
  <testcase name="Practices_CustomerSeekingCoverage" time="259.272" classname="AUW_Test_Case_dev.Practices_CustomerSeekingCoverage"/>
  <testcase name="Footer" time="11.314" classname="Speciality_underwriters_Test_Case_Dev.About_Us"/>
  <testcase name="Footer" time="18.736" classname="Speciality_underwriters_Test_Case_Dev.Contact_US_TC"/>
  <testcase name="Siheading_2" time="18.916" classname="Promesa_Test_Case_Development.Side_Heading_Two"/>
  <testcase name="ContactUs_Page" time="24.578" classname="AFL_Test_Cases_Dev.ContactUS_OutsideUS_dev"/>
  <testcase name="Footer" time="23.947" classname="Speciality_underwriters_Test_Case_Dev.Home_TC"/>
  <testcase name="Footer" time="42.752" classname="Speciality_underwriters_Test_Case_Dev.What_We_offer"/>
  <testcase name="Side_Heading_One" time="131.931" classname="Promesa_Test_Case_Development.Pharmacy_search"/>
  <testcase name="main_Home_Page" time="35.45" classname="AFL_Test_Cases_Dev.AboutUS_OutsideUS_dev"/>
  <testcase name="main_Home_Page" time="21.877" classname="Adler_TestCases_Development.Home"/>
  <testcase name="Footer" time="76.768" classname="AFL_Test_Cases_Dev.Footer_TC_dev"/>
  <testcase name="Home_Page" time="156.277" classname="AFL_Test_Cases_Dev.HomePage_TC_dev"/>
  <testcase name="main_Home_Page" time="151.728" classname="Adler_TestCases_Development.News"/>
  <testcase name="AUW_Footer" time="91.967" classname="Careers_Test_case_Development.Footer"/>
  <testcase name="Side_Heading" time="166.183" classname="Careers_Test_case_Development.Side_Heading1"/>
  <testcase name="HomePage_Header_ContactUS_btn" time="15.859" classname="Credit_Global_Test_Cases_Dev.Home_TC"/>
  <testcase name="HomePage_Header_Our_approach" time="12.456" classname="Credit_Global_Test_Cases_Dev.Home_TC"/>
  <testcase name="main_Home_Page" time="51.056" classname="Pinnacle_Test_Cases_Development.HomePage_TC"/>
  <testcase name="HomePage_Header_What_weDo" time="7.512" classname="Credit_Global_Test_Cases_Dev.Home_TC"/>
  <testcase name="HomePage_Header_login" time="12.653" classname="Credit_Global_Test_Cases_Dev.Home_TC"/>
  <testcase name="HomePage_Header_login" time="18.921" classname="Credit_Global_Test_Cases_Dev.Forgot_Password"/>
  <testcase name="Footer" time="427.325" classname="AFL_Test_Cases_Dev.What_We_offer_OutSideUs_dev"/>
  <testcase name="HomePage_Header_login" time="47.314" classname="Credit_Global_Test_Cases_Dev.What_we_Do_TC"/>
  <testcase name="WhatsNew" time="166.637" classname="Pinnacle_Test_Cases_Development.WatsNew"/>
  <testcase name="partner" time="12.072" classname="Warranty_Test_Case_Dev.Partner_With_US"/>
  <testcase name="ContactUS" time="51.741" classname="Warranty_Test_Case_Dev.Contact_US"/>
  <testcase name="Home_page" time="36.602" classname="Warranty_Test_Case_Dev.About_US"/>
  <testcase name="Partner1" time="78.881" classname="Warranty_Test_Case_Dev.Our_Partner"/>
  <testcase name="Side_Heading_Three" time="59.386" classname="Solution_one_Development.Side_head_sample"/>
  <testcase name="NewsEvents" time="141.63" classname="Warranty_Test_Case_Dev.NewsEvents"/>
  <testcase name="Partner2" time="116.504" classname="Warranty_Test_Case_Dev.Our_Partner"/>
  <testcase name="Footer" time="95.511" classname="Solution_one_Development.Footer_Develop"/>
  <testcase name="Footer_Facebook" time="38.62" classname="JumboGC_Test_case_Devlopment.Header_footer"/>
  <testcase name="Home_page" time="344.843" classname="Warranty_Test_Case_Dev.HomePage_Testcase"/>
  <testcase name="Partner3" time="85.418" classname="Warranty_Test_Case_Dev.Our_Partner"/>
  <testcase name="Footer_Instagram" time="27.217" classname="JumboGC_Test_case_Devlopment.Header_footer"/>
  <testcase name="main_Home_Page" time="43.054" classname="Tradewel_Test_Cases_Development.About_US"/>
  <testcase name="Footer_Privacy" time="42.481" classname="JumboGC_Test_case_Devlopment.Header_footer"/>
  <testcase name="Partner4" time="80.138" classname="Warranty_Test_Case_Dev.Our_Partner"/>
  <testcase name="Side_heading" time="175.594" classname="JumboGC_Test_case_Devlopment.Side_Heading"/>
  <testcase name="Footer_linkedIN" time="28.728" classname="JumboGC_Test_case_Devlopment.Header_footer"/>
  <testcase name="Header_Login" time="20.872" classname="JumboGC_Test_case_Devlopment.Header_footer"/>
  <testcase name="Partner5" time="72.605" classname="Warranty_Test_Case_Dev.Our_Partner"/>
  <testcase name="Comprehensive" time="179.793" classname="Tradewel_Test_Cases_Development.comprehensive_Protection"/>
  <testcase name="Partner6" time="65.632" classname="Warranty_Test_Case_Dev.Our_Partner"/>
</testsuite> <!-- Chrome_Developmet -->
