<?xml version="1.0" encoding="UTF-8"?>
<!-- Generated by org.testng.reporters.JUnitXMLReporter -->
<testsuite hostname="DESKTOP-N7K85DJ" name="Chrome_Developmet" tests="65" failures="0" timestamp="15 Dec 2021 08:51:13 GMT" time="4302.365" errors="0">
  <testcase name="main" time="299.045" classname="AUW_Test_Case_dev.AUW_Experience"/>
  <testcase name="main" time="39.561" classname="AUW_Test_Case_dev.AUW_header_web_Development"/>
  <testcase name="AUW_Footer" time="68.629" classname="AUW_Test_Case_dev.AUW_Footer_Development"/>
  <testcase name="AboutUS" time="67.907" classname="AUW_Test_Case_dev.AUW_AboutUS"/>
  <testcase name="main" time="18.604" classname="AUW_Test_Case_dev.AUW_PPP"/>
  <testcase name="main" time="42.772" classname="AUW_Test_Case_dev.AUW_CallUpdate"/>
  <testcase name="main" time="39.793" classname="AUW_Test_Case_dev.AUW_NJ_Update"/>
  <testcase name="main" time="86.275" classname="AUW_Test_Case_dev.AUW_Intelligence_TC"/>
  <testcase name="Practices_AgentsBrokers" time="59.465" classname="AUW_Test_Case_dev.Practices_AgentsBrokers"/>
  <testcase name="Practices_CustomerSeekingCoverage" time="225.744" classname="AUW_Test_Case_dev.Practices_CustomerSeekingCoverage"/>
  <testcase name="LearnMore" time="15.566" classname="AUW_Global_Test_Cases_Development.LearnMore_TC"/>
  <testcase name="HomePage" time="14.146" classname="AUW_Global_Test_Cases_Development.Home_Page_TC"/>
  <testcase name="More_button" time="50.21" classname="AUW_Global_Test_Cases_Development.Home_More"/>
  <testcase name="Siheading_2" time="22.186" classname="Promesa_Test_Case_Development.FAQ"/>
  <testcase name="Footer" time="55.13" classname="Promesa_Test_Case_Development.Footer"/>
  <testcase name="Side_Heading_One" time="28.626" classname="Promesa_Test_Case_Development.Side_Heading_One"/>
  <testcase name="Side_Heading_One" time="123.136" classname="Promesa_Test_Case_Development.Pharmacy_search"/>
  <testcase name="Siheading_2" time="16.444" classname="Promesa_Test_Case_Development.Side_Heading_Two"/>
  <testcase name="Change_Language" time="2.687" classname="Promesa_Test_Case_Development.Change_language"/>
  <testcase name="Footer" time="19.439" classname="Speciality_underwriters_Test_Case_Dev.Contact_US_TC"/>
  <testcase name="Footer" time="10.519" classname="Speciality_underwriters_Test_Case_Dev.About_Us"/>
  <testcase name="Footer" time="35.949" classname="Speciality_underwriters_Test_Case_Dev.What_We_offer"/>
  <testcase name="Footer" time="15.636" classname="Speciality_underwriters_Test_Case_Dev.Home_TC"/>
  <testcase name="ContactUs_Page" time="20.379" classname="AFL_Test_Cases_Dev.ContactUS_OutsideUS_dev"/>
  <testcase name="main_Home_Page" time="26.137" classname="AFL_Test_Cases_Dev.AboutUS_OutsideUS_dev"/>
  <testcase name="Footer" time="254.659" classname="AFL_Test_Cases_Dev.What_We_offer_OutSideUs_dev"/>
  <testcase name="Footer" time="71.545" classname="AFL_Test_Cases_Dev.Footer_TC_dev"/>
  <testcase name="Home_Page" time="113.302" classname="AFL_Test_Cases_Dev.HomePage_TC_dev"/>
  <testcase name="main_Home_Page" time="19.168" classname="Adler_TestCases_Development.Home"/>
  <testcase name="main_Home_Page" time="117.669" classname="Adler_TestCases_Development.News"/>
  <testcase name="Side_Heading" time="114.637" classname="Careers_Test_case_Development.Side_Heading1"/>
  <testcase name="AUW_Footer" time="62.728" classname="Careers_Test_case_Development.Footer"/>
  <testcase name="WhatsNew" time="83.023" classname="Pinnacle_Test_Cases_Development.WatsNew"/>
  <testcase name="main_Home_Page" time="43.695" classname="Pinnacle_Test_Cases_Development.HomePage_TC"/>
  <testcase name="HomePage_Header_ContactUS_btn" time="14.575" classname="Credit_Global_Test_Cases_Dev.Home_TC"/>
  <testcase name="HomePage_Header_Our_approach" time="11.031" classname="Credit_Global_Test_Cases_Dev.Home_TC"/>
  <testcase name="HomePage_Header_What_weDo" time="7.617" classname="Credit_Global_Test_Cases_Dev.Home_TC"/>
  <testcase name="HomePage_Header_login" time="10.72" classname="Credit_Global_Test_Cases_Dev.Home_TC"/>
  <testcase name="HomePage_Header_login" time="8.308" classname="Credit_Global_Test_Cases_Dev.Forgot_Password"/>
  <testcase name="HomePage_Header_login" time="28.827" classname="Credit_Global_Test_Cases_Dev.What_we_Do_TC"/>
  <testcase name="Home_page" time="257.06" classname="Warranty_Test_Case_Dev.HomePage_Testcase"/>
  <testcase name="ContactUS" time="38.038" classname="Warranty_Test_Case_Dev.Contact_US"/>
  <testcase name="Partner1" time="62.093" classname="Warranty_Test_Case_Dev.Our_Partner"/>
  <testcase name="Partner2" time="61.129" classname="Warranty_Test_Case_Dev.Our_Partner"/>
  <testcase name="Partner3" time="62.23" classname="Warranty_Test_Case_Dev.Our_Partner"/>
  <testcase name="Partner4" time="63.312" classname="Warranty_Test_Case_Dev.Our_Partner"/>
  <testcase name="Partner5" time="61.697" classname="Warranty_Test_Case_Dev.Our_Partner"/>
  <testcase name="Partner6" time="61.079" classname="Warranty_Test_Case_Dev.Our_Partner"/>
  <testcase name="partner" time="10.67" classname="Warranty_Test_Case_Dev.Partner_With_US"/>
  <testcase name="Home_page" time="31.937" classname="Warranty_Test_Case_Dev.About_US"/>
  <testcase name="NewsEvents" time="150.495" classname="Warranty_Test_Case_Dev.NewsEvents"/>
  <testcase name="Side_Heading_Five" time="44.715" classname="Solution_one_Development.Side_head_sample"/>
  <testcase name="Side_Heading_Four" time="43.87" classname="Solution_one_Development.Side_head_sample"/>
  <testcase name="Side_Heading_One" time="40.652" classname="Solution_one_Development.Side_head_sample"/>
  <testcase name="Side_Heading_Three" time="46.642" classname="Solution_one_Development.Side_head_sample"/>
  <testcase name="Side_Heading_Two" time="44.826" classname="Solution_one_Development.Side_head_sample"/>
  <testcase name="Footer" time="47.914" classname="Solution_one_Development.Footer_Develop"/>
  <testcase name="Footer_Facebook" time="25.48" classname="JumboGC_Test_case_Devlopment.Header_footer"/>
  <testcase name="Footer_Instagram" time="25.431" classname="JumboGC_Test_case_Devlopment.Header_footer"/>
  <testcase name="Footer_Privacy" time="35.877" classname="JumboGC_Test_case_Devlopment.Header_footer"/>
  <testcase name="Footer_linkedIN" time="25.439" classname="JumboGC_Test_case_Devlopment.Header_footer"/>
  <testcase name="Header_Login" time="20.395" classname="JumboGC_Test_case_Devlopment.Header_footer"/>
  <testcase name="Side_heading" time="120.893" classname="JumboGC_Test_case_Devlopment.Side_Heading"/>
  <testcase name="main_Home_Page" time="32.71" classname="Tradewel_Test_Cases_Development.About_US"/>
  <testcase name="Comprehensive" time="155.545" classname="Tradewel_Test_Cases_Development.comprehensive_Protection"/>
</testsuite> <!-- Chrome_Developmet -->
