<?xml version="1.0" encoding="UTF-8"?>
<!-- Generated by org.testng.reporters.JUnitXMLReporter -->
<testsuite hostname="DESKTOP-N7K85DJ" name="Chrome_Developmet" tests="66" failures="2" timestamp="14 Feb 2022 10:50:28 GMT" time="1529.929" errors="0">
  <testcase name="main" time="47.552" classname="AUW_Test_Case_dev.AUW_header_web_Development"/>
  <testcase name="main" time="20.274" classname="AUW_Test_Case_dev.AUW_PPP"/>
  <testcase name="AboutUS" time="91.449" classname="AUW_Test_Case_dev.AUW_AboutUS"/>
  <testcase name="AUW_Footer" time="92.818" classname="AUW_Test_Case_dev.AUW_Footer_Development"/>
  <testcase name="main" time="46.521" classname="AUW_Test_Case_dev.AUW_CallUpdate"/>
  <testcase name="main" time="48.988" classname="AUW_Test_Case_dev.AUW_NJ_Update"/>
  <testcase name="main" time="98.795" classname="AUW_Test_Case_dev.AUW_Intelligence_TC"/>
  <testcase name="Practices_AgentsBrokers" time="72.662" classname="AUW_Test_Case_dev.Practices_AgentsBrokers"/>
  <testcase name="LearnMore" time="19.0" classname="AUW_Global_Test_Cases_Development.LearnMore_TC"/>
  <testcase name="HomePage" time="14.72" classname="AUW_Global_Test_Cases_Development.Home_Page_TC"/>
  <testcase name="Siheading_2" time="25.98" classname="Promesa_Test_Case_Development.FAQ"/>
  <testcase name="main" time="314.062" classname="AUW_Test_Case_dev.AUW_Experience">
    <failure type="java.lang.AssertionError" message="Failure message expected [true] but found [false]">
      <![CDATA[java.lang.AssertionError: Failure message expected [true] but found [false]
	at AUW_Pages.Experience_page.Exp_card1(Experience_page.java:175)
	at AUW_Test_Case_dev.AUW_Experience.main(AUW_Experience.java:141)
	at java.util.concurrent.ThreadPoolExecutor.runWorker(ThreadPoolExecutor.java:1149)
	at java.util.concurrent.ThreadPoolExecutor$Worker.run(ThreadPoolExecutor.java:624)
	at java.lang.Thread.run(Thread.java:748)
... Removed 13 stack frames]]>
    </failure>
  </testcase> <!-- main -->
  <testcase name="More_button" time="78.216" classname="AUW_Global_Test_Cases_Development.Home_More"/>
  <testcase name="Side_Heading_One" time="32.187" classname="Promesa_Test_Case_Development.Side_Heading_One"/>
  <testcase name="Footer" time="73.73" classname="Promesa_Test_Case_Development.Footer"/>
  <testcase name="Change_Language" time="3.489" classname="Promesa_Test_Case_Development.Change_language"/>
  <testcase name="Siheading_2" time="20.413" classname="Promesa_Test_Case_Development.Side_Heading_Two"/>
  <testcase name="Footer" time="19.437" classname="Speciality_underwriters_Test_Case_Dev.Contact_US_TC"/>
  <testcase name="Footer" time="11.573" classname="Speciality_underwriters_Test_Case_Dev.About_Us"/>
  <testcase name="Practices_CustomerSeekingCoverage" time="264.768" classname="AUW_Test_Case_dev.Practices_CustomerSeekingCoverage"/>
  <testcase name="Footer" time="19.513" classname="Speciality_underwriters_Test_Case_Dev.Home_TC"/>
  <testcase name="ContactUs_Page" time="23.734" classname="AFL_Test_Cases_Dev.ContactUS_OutsideUS_dev"/>
  <testcase name="Footer" time="39.402" classname="Speciality_underwriters_Test_Case_Dev.What_We_offer"/>
  <testcase name="Side_Heading_One" time="138.786" classname="Promesa_Test_Case_Development.Pharmacy_search"/>
  <testcase name="main_Home_Page" time="33.792" classname="AFL_Test_Cases_Dev.AboutUS_OutsideUS_dev"/>
  <testcase name="main_Home_Page" time="21.8" classname="Adler_TestCases_Development.Home"/>
  <testcase name="Footer" time="81.292" classname="AFL_Test_Cases_Dev.Footer_TC_dev"/>
  <testcase name="Home_Page" time="144.292" classname="AFL_Test_Cases_Dev.HomePage_TC_dev"/>
  <testcase name="main_Home_Page" time="138.513" classname="Adler_TestCases_Development.News"/>
  <testcase name="Side_Heading" time="140.325" classname="Careers_Test_case_Development.Side_Heading1"/>
  <testcase name="AUW_Footer" time="73.713" classname="Careers_Test_case_Development.Footer"/>
  <testcase name="HomePage_Header_ContactUS_btn" time="18.946" classname="Credit_Global_Test_Cases_Dev.Home_TC"/>
  <testcase name="HomePage_Header_Our_approach" time="12.927" classname="Credit_Global_Test_Cases_Dev.Home_TC"/>
  <testcase name="HomePage_Header_What_weDo" time="8.461" classname="Credit_Global_Test_Cases_Dev.Home_TC"/>
  <testcase name="Footer" time="340.752" classname="AFL_Test_Cases_Dev.What_We_offer_OutSideUs_dev"/>
  <testcase name="main_Home_Page" time="54.179" classname="Pinnacle_Test_Cases_Development.HomePage_TC"/>
  <testcase name="HomePage_Header_login" time="13.211" classname="Credit_Global_Test_Cases_Dev.Home_TC"/>
  <testcase name="HomePage_Header_login" time="10.992" classname="Credit_Global_Test_Cases_Dev.Forgot_Password"/>
  <testcase name="HomePage_Header_login" time="38.288" classname="Credit_Global_Test_Cases_Dev.What_we_Do_TC"/>
  <testcase name="ContactUS" time="54.779" classname="Warranty_Test_Case_Dev.Contact_US"/>
  <testcase name="partner" time="12.075" classname="Warranty_Test_Case_Dev.Partner_With_US"/>
  <testcase name="WhatsNew" time="227.059" classname="Pinnacle_Test_Cases_Development.WatsNew"/>
  <testcase name="Home_page" time="35.818" classname="Warranty_Test_Case_Dev.About_US"/>
  <testcase name="Partner1" time="81.286" classname="Warranty_Test_Case_Dev.Our_Partner"/>
  <testcase name="Side_Heading_Three" time="67.364" classname="Solution_one_Development.Side_head_sample"/>
  <testcase name="Partner2" time="82.161" classname="Warranty_Test_Case_Dev.Our_Partner"/>
  <testcase name="NewsEvents" time="145.221" classname="Warranty_Test_Case_Dev.NewsEvents"/>
  <testcase name="Footer" time="62.891" classname="Solution_one_Development.Footer_Develop"/>
  <testcase name="Footer_Facebook" time="26.982" classname="JumboGC_Test_case_Devlopment.Header_footer"/>
  <testcase name="Partner3" time="88.817" classname="Warranty_Test_Case_Dev.Our_Partner"/>
  <testcase name="Home_page" time="322.729" classname="Warranty_Test_Case_Dev.HomePage_Testcase"/>
  <testcase name="Footer_Instagram" time="26.457" classname="JumboGC_Test_case_Devlopment.Header_footer"/>
  <testcase name="main_Home_Page" time="44.524" classname="Tradewel_Test_Cases_Development.About_US"/>
  <testcase name="Partner4" time="97.464" classname="Warranty_Test_Case_Dev.Our_Partner"/>
  <testcase name="Footer_Privacy" time="48.982" classname="JumboGC_Test_case_Devlopment.Header_footer"/>
  <testcase name="Footer_linkedIN" time="30.172" classname="JumboGC_Test_case_Devlopment.Header_footer"/>
  <testcase name="Partner5" time="78.394" classname="Warranty_Test_Case_Dev.Our_Partner"/>
  <testcase name="Side_heading" time="224.976" classname="JumboGC_Test_case_Devlopment.Side_Heading"/>
  <testcase name="Header_Login" time="22.244" classname="JumboGC_Test_case_Devlopment.Header_footer"/>
  <testcase name="Partner6" time="77.808" classname="Warranty_Test_Case_Dev.Our_Partner"/>
  <testcase name="HomePage" time="58.638" classname="Casuality_Dev_TC.Menu_Press_Room"/>
  <testcase name="HomePage" time="68.354" classname="Casuality_Dev_TC.Home_page"/>
  <testcase name="Comprehensive" time="204.885" classname="Tradewel_Test_Cases_Development.comprehensive_Protection"/>
  <testcase name="Carriers" time="27.831" classname="Casuality_Dev_TC.Menu_Our_Carriers">
    <failure type="org.openqa.selenium.ElementClickInterceptedException" message="element click intercepted: Element &amp;lt;a href=&amp;quot;https://www..../home/default.aspx&amp;quot; target=&amp;quot;_blank&amp;quot; rel=&amp;quot;noreferrer noopener&amp;quot;&amp;gt;ambest.com&amp;lt;/a&amp;gt; is not clickable at point (499, 8). Other element would receive the click: &amp;lt;div class=&amp;quot;jss40 jss23&amp;quot;&amp;gt;...&amp;lt;/div&amp;gt;
  (Session info: chrome=97.0.4692.99)
Build info: version: &amp;apos;3.141.59&amp;apos;, revision: &amp;apos;e82be7d358&amp;apos;, time: &amp;apos;2018-11-14T08:17:03&amp;apos;
System info: host: &amp;apos;DESKTOP-N7K85DJ&amp;apos;, ip: &amp;apos;192.168.1.6&amp;apos;, os.name: &amp;apos;Windows 10&amp;apos;, os.arch: &amp;apos;amd64&amp;apos;, os.version: &amp;apos;10.0&amp;apos;, java.version: &amp;apos;1.8.0_291&amp;apos;
Driver info: org.openqa.selenium.chrome.ChromeDriver
Capabilities {acceptInsecureCerts: false, browserName: chrome, browserVersion: 97.0.4692.99, chrome: {chromedriverVersion: 96.0.4664.45 (76e4c1bb2ab46..., userDataDir: C:\Users\Sweta\AppData\Loca...}, goog:chromeOptions: {debuggerAddress: localhost:55131}, javascriptEnabled: true, networkConnectionEnabled: false, pageLoadStrategy: normal, platform: WINDOWS, platformName: WINDOWS, proxy: Proxy(), setWindowRect: true, strictFileInteractability: false, timeouts: {implicit: 0, pageLoad: 300000, script: 30000}, unhandledPromptBehavior: dismiss and notify, webauthn:extension:credBlob: true, webauthn:extension:largeBlob: true, webauthn:virtualAuthenticators: true}
Session ID: 2a2195d9ed26e83513871fb6349342d5">
      <![CDATA[org.openqa.selenium.ElementClickInterceptedException: element click intercepted: Element <a href="https://www..../home/default.aspx" target="_blank" rel="noreferrer noopener">ambest.com</a> is not clickable at point (499, 8). Other element would receive the click: <div class="jss40 jss23">...</div>
  (Session info: chrome=97.0.4692.99)
Build info: version: '3.141.59', revision: 'e82be7d358', time: '2018-11-14T08:17:03'
System info: host: 'DESKTOP-N7K85DJ', ip: '192.168.1.6', os.name: 'Windows 10', os.arch: 'amd64', os.version: '10.0', java.version: '1.8.0_291'
Driver info: org.openqa.selenium.chrome.ChromeDriver
Capabilities {acceptInsecureCerts: false, browserName: chrome, browserVersion: 97.0.4692.99, chrome: {chromedriverVersion: 96.0.4664.45 (76e4c1bb2ab46..., userDataDir: C:\Users\Sweta\AppData\Loca...}, goog:chromeOptions: {debuggerAddress: localhost:55131}, javascriptEnabled: true, networkConnectionEnabled: false, pageLoadStrategy: normal, platform: WINDOWS, platformName: WINDOWS, proxy: Proxy(), setWindowRect: true, strictFileInteractability: false, timeouts: {implicit: 0, pageLoad: 300000, script: 30000}, unhandledPromptBehavior: dismiss and notify, webauthn:extension:credBlob: true, webauthn:extension:largeBlob: true, webauthn:virtualAuthenticators: true}
Session ID: 2a2195d9ed26e83513871fb6349342d5
	at org.openqa.selenium.remote.http.W3CHttpResponseCodec.createException(W3CHttpResponseCodec.java:187)
	at org.openqa.selenium.remote.http.W3CHttpResponseCodec.decode(W3CHttpResponseCodec.java:122)
	at org.openqa.selenium.remote.http.W3CHttpResponseCodec.decode(W3CHttpResponseCodec.java:49)
	at org.openqa.selenium.remote.HttpCommandExecutor.execute(HttpCommandExecutor.java:158)
	at org.openqa.selenium.remote.service.DriverCommandExecutor.execute(DriverCommandExecutor.java:83)
	at org.openqa.selenium.remote.RemoteWebDriver.execute(RemoteWebDriver.java:552)
	at org.openqa.selenium.remote.RemoteWebElement.execute(RemoteWebElement.java:285)
	at org.openqa.selenium.remote.RemoteWebElement.click(RemoteWebElement.java:84)
	at Casuality_pages.Menu_Carriers.Ambest(Menu_Carriers.java:55)
	at Casuality_Dev_TC.Menu_Our_Carriers.Carriers(Menu_Our_Carriers.java:19)
	at java.util.concurrent.ThreadPoolExecutor.runWorker(ThreadPoolExecutor.java:1149)
	at java.util.concurrent.ThreadPoolExecutor$Worker.run(ThreadPoolExecutor.java:624)
	at java.lang.Thread.run(Thread.java:748)
... Removed 14 stack frames]]>
    </failure>
  </testcase> <!-- Carriers -->
  <testcase name="HomePage" time="23.632" classname="Casuality_Dev_TC.Menu_Contact_Us"/>
  <testcase name="HomePage" time="43.934" classname="Casuality_Dev_TC.Menu_About_US"/>
</testsuite> <!-- Chrome_Developmet -->
