<?xml version="1.0" encoding="UTF-8"?>
<!-- Generated by org.testng.reporters.JUnitXMLReporter -->
<testsuite hostname="DESKTOP-N7K85DJ" name="Chrome_Developmet" tests="65" failures="1" timestamp="4 Jan 2022 10:53:35 GMT" time="1444.616" errors="0">
  <testcase name="main" time="51.647" classname="AUW_Test_Case_dev.AUW_header_web_Development"/>
  <testcase name="main" time="18.556" classname="AUW_Test_Case_dev.AUW_PPP"/>
  <testcase name="AboutUS" time="79.256" classname="AUW_Test_Case_dev.AUW_AboutUS"/>
  <testcase name="AUW_Footer" time="81.05" classname="AUW_Test_Case_dev.AUW_Footer_Development"/>
  <testcase name="main" time="42.484" classname="AUW_Test_Case_dev.AUW_NJ_Update"/>
  <testcase name="main" time="47.526" classname="AUW_Test_Case_dev.AUW_CallUpdate"/>
  <testcase name="main" time="92.487" classname="AUW_Test_Case_dev.AUW_Intelligence_TC"/>
  <testcase name="Practices_AgentsBrokers" time="63.153" classname="AUW_Test_Case_dev.Practices_AgentsBrokers"/>
  <testcase name="LearnMore" time="17.05" classname="AUW_Global_Test_Cases_Development.LearnMore_TC"/>
  <testcase name="HomePage" time="15.264" classname="AUW_Global_Test_Cases_Development.Home_Page_TC"/>
  <testcase name="Siheading_2" time="23.887" classname="Promesa_Test_Case_Development.FAQ"/>
  <testcase name="More_button" time="64.71" classname="AUW_Global_Test_Cases_Development.Home_More"/>
  <testcase name="Side_Heading_One" time="28.839" classname="Promesa_Test_Case_Development.Side_Heading_One"/>
  <testcase name="Footer" time="60.205" classname="Promesa_Test_Case_Development.Footer"/>
  <testcase name="main" time="332.755" classname="AUW_Test_Case_dev.AUW_Experience"/>
  <testcase name="Siheading_2" time="16.766" classname="Promesa_Test_Case_Development.Side_Heading_Two"/>
  <testcase name="Change_Language" time="5.608" classname="Promesa_Test_Case_Development.Change_language"/>
  <testcase name="Footer" time="10.476" classname="Speciality_underwriters_Test_Case_Dev.About_Us"/>
  <testcase name="Footer" time="19.744" classname="Speciality_underwriters_Test_Case_Dev.Contact_US_TC"/>
  <testcase name="Footer" time="16.361" classname="Speciality_underwriters_Test_Case_Dev.Home_TC"/>
  <testcase name="Footer" time="38.375" classname="Speciality_underwriters_Test_Case_Dev.What_We_offer"/>
  <testcase name="ContactUs_Page" time="20.681" classname="AFL_Test_Cases_Dev.ContactUS_OutsideUS_dev"/>
  <testcase name="Practices_CustomerSeekingCoverage" time="290.193" classname="AUW_Test_Case_dev.Practices_CustomerSeekingCoverage"/>
  <testcase name="Side_Heading_One" time="126.45" classname="Promesa_Test_Case_Development.Pharmacy_search"/>
  <testcase name="main_Home_Page" time="30.279" classname="AFL_Test_Cases_Dev.AboutUS_OutsideUS_dev"/>
  <testcase name="main_Home_Page" time="20.848" classname="Adler_TestCases_Development.Home"/>
  <testcase name="Footer" time="77.975" classname="AFL_Test_Cases_Dev.Footer_TC_dev"/>
  <testcase name="Home_Page" time="126.067" classname="AFL_Test_Cases_Dev.HomePage_TC_dev"/>
  <testcase name="main_Home_Page" time="130.155" classname="Adler_TestCases_Development.News"/>
  <testcase name="AUW_Footer" time="72.865" classname="Careers_Test_case_Development.Footer"/>
  <testcase name="Side_Heading" time="148.328" classname="Careers_Test_case_Development.Side_Heading1"/>
  <testcase name="HomePage_Header_ContactUS_btn" time="16.511" classname="Credit_Global_Test_Cases_Dev.Home_TC"/>
  <testcase name="HomePage_Header_Our_approach" time="12.603" classname="Credit_Global_Test_Cases_Dev.Home_TC"/>
  <testcase name="main_Home_Page" time="48.793" classname="Pinnacle_Test_Cases_Development.HomePage_TC"/>
  <testcase name="Footer" time="309.641" classname="AFL_Test_Cases_Dev.What_We_offer_OutSideUs_dev"/>
  <testcase name="HomePage_Header_What_weDo" time="10.09" classname="Credit_Global_Test_Cases_Dev.Home_TC"/>
  <testcase name="HomePage_Header_login" time="10.109" classname="Credit_Global_Test_Cases_Dev.Forgot_Password"/>
  <testcase name="HomePage_Header_login" time="13.487" classname="Credit_Global_Test_Cases_Dev.Home_TC"/>
  <testcase name="HomePage_Header_login" time="32.115" classname="Credit_Global_Test_Cases_Dev.What_we_Do_TC"/>
  <testcase name="WhatsNew" time="149.423" classname="Pinnacle_Test_Cases_Development.WatsNew"/>
  <testcase name="partner" time="12.245" classname="Warranty_Test_Case_Dev.Partner_With_US"/>
  <testcase name="ContactUS" time="51.595" classname="Warranty_Test_Case_Dev.Contact_US"/>
  <testcase name="Partner1" time="74.457" classname="Warranty_Test_Case_Dev.Our_Partner"/>
  <testcase name="Home_page" time="32.76" classname="Warranty_Test_Case_Dev.About_US"/>
  <testcase name="Side_Heading_Five" time="60.613" classname="Solution_one_Development.Side_head_sample"/>
  <testcase name="Partner2" time="73.158" classname="Warranty_Test_Case_Dev.Our_Partner"/>
  <testcase name="NewsEvents" time="136.334" classname="Warranty_Test_Case_Dev.NewsEvents"/>
  <testcase name="Partner3" time="29.969" classname="Warranty_Test_Case_Dev.Our_Partner">
    <failure type="org.openqa.selenium.ElementClickInterceptedException" message="element click intercepted: Element &amp;lt;p class=&amp;quot;jss148 jss156 jss32&amp;quot;&amp;gt;...&amp;lt;/p&amp;gt; is not clickable at point (467, 15). Other element would receive the click: &amp;lt;div class=&amp;quot;jss45 jss69 jss2&amp;quot;&amp;gt;...&amp;lt;/div&amp;gt;
  (Session info: chrome=96.0.4664.110)
Build info: version: &amp;apos;3.141.59&amp;apos;, revision: &amp;apos;e82be7d358&amp;apos;, time: &amp;apos;2018-11-14T08:17:03&amp;apos;
System info: host: &amp;apos;DESKTOP-N7K85DJ&amp;apos;, ip: &amp;apos;192.168.1.4&amp;apos;, os.name: &amp;apos;Windows 10&amp;apos;, os.arch: &amp;apos;amd64&amp;apos;, os.version: &amp;apos;10.0&amp;apos;, java.version: &amp;apos;1.8.0_301&amp;apos;
Driver info: org.openqa.selenium.chrome.ChromeDriver
Capabilities {acceptInsecureCerts: false, browserName: chrome, browserVersion: 96.0.4664.110, chrome: {chromedriverVersion: 96.0.4664.45 (76e4c1bb2ab46..., userDataDir: C:\Users\Sweta\AppData\Loca...}, goog:chromeOptions: {debuggerAddress: localhost:53688}, javascriptEnabled: true, networkConnectionEnabled: false, pageLoadStrategy: normal, platform: WINDOWS, platformName: WINDOWS, proxy: Proxy(), setWindowRect: true, strictFileInteractability: false, timeouts: {implicit: 0, pageLoad: 300000, script: 30000}, unhandledPromptBehavior: dismiss and notify, webauthn:extension:credBlob: true, webauthn:extension:largeBlob: true, webauthn:virtualAuthenticators: true}
Session ID: cb8a273e27e8d6512448c451ed73a988">
      <![CDATA[org.openqa.selenium.ElementClickInterceptedException: element click intercepted: Element <p class="jss148 jss156 jss32">...</p> is not clickable at point (467, 15). Other element would receive the click: <div class="jss45 jss69 jss2">...</div>
  (Session info: chrome=96.0.4664.110)
Build info: version: '3.141.59', revision: 'e82be7d358', time: '2018-11-14T08:17:03'
System info: host: 'DESKTOP-N7K85DJ', ip: '192.168.1.4', os.name: 'Windows 10', os.arch: 'amd64', os.version: '10.0', java.version: '1.8.0_301'
Driver info: org.openqa.selenium.chrome.ChromeDriver
Capabilities {acceptInsecureCerts: false, browserName: chrome, browserVersion: 96.0.4664.110, chrome: {chromedriverVersion: 96.0.4664.45 (76e4c1bb2ab46..., userDataDir: C:\Users\Sweta\AppData\Loca...}, goog:chromeOptions: {debuggerAddress: localhost:53688}, javascriptEnabled: true, networkConnectionEnabled: false, pageLoadStrategy: normal, platform: WINDOWS, platformName: WINDOWS, proxy: Proxy(), setWindowRect: true, strictFileInteractability: false, timeouts: {implicit: 0, pageLoad: 300000, script: 30000}, unhandledPromptBehavior: dismiss and notify, webauthn:extension:credBlob: true, webauthn:extension:largeBlob: true, webauthn:virtualAuthenticators: true}
Session ID: cb8a273e27e8d6512448c451ed73a988
	at org.openqa.selenium.remote.http.W3CHttpResponseCodec.createException(W3CHttpResponseCodec.java:187)
	at org.openqa.selenium.remote.http.W3CHttpResponseCodec.decode(W3CHttpResponseCodec.java:122)
	at org.openqa.selenium.remote.http.W3CHttpResponseCodec.decode(W3CHttpResponseCodec.java:49)
	at org.openqa.selenium.remote.HttpCommandExecutor.execute(HttpCommandExecutor.java:158)
	at org.openqa.selenium.remote.service.DriverCommandExecutor.execute(DriverCommandExecutor.java:83)
	at org.openqa.selenium.remote.RemoteWebDriver.execute(RemoteWebDriver.java:552)
	at org.openqa.selenium.remote.RemoteWebElement.execute(RemoteWebElement.java:285)
	at org.openqa.selenium.remote.RemoteWebElement.click(RemoteWebElement.java:84)
	at Warranty_Page.Our_Partners_page.card1(Our_Partners_page.java:198)
	at Warranty_Test_Case_Dev.Our_Partner.Partner3(Our_Partner.java:45)
	at java.util.concurrent.ThreadPoolExecutor.runWorker(Unknown Source)
	at java.util.concurrent.ThreadPoolExecutor$Worker.run(Unknown Source)
	at java.lang.Thread.run(Unknown Source)
... Removed 14 stack frames]]>
    </failure>
  </testcase> <!-- Partner3 -->
  <testcase name="Side_Heading_Four" time="92.638" classname="Solution_one_Development.Side_head_sample"/>
  <testcase name="Footer" time="57.106" classname="Solution_one_Development.Footer_Develop"/>
  <testcase name="Home_page" time="292.507" classname="Warranty_Test_Case_Dev.HomePage_Testcase"/>
  <testcase name="Footer_Facebook" time="26.69" classname="JumboGC_Test_case_Devlopment.Header_footer"/>
  <testcase name="Partner4" time="101.938" classname="Warranty_Test_Case_Dev.Our_Partner"/>
  <testcase name="Side_Heading_One" time="57.508" classname="Solution_one_Development.Side_head_sample"/>
  <testcase name="Footer_Instagram" time="26.234" classname="JumboGC_Test_case_Devlopment.Header_footer"/>
  <testcase name="Side_Heading_Three" time="58.836" classname="Solution_one_Development.Side_head_sample"/>
  <testcase name="Partner5" time="89.556" classname="Warranty_Test_Case_Dev.Our_Partner"/>
  <testcase name="Footer_Privacy" time="39.765" classname="JumboGC_Test_case_Devlopment.Header_footer"/>
  <testcase name="Side_heading" time="160.294" classname="JumboGC_Test_case_Devlopment.Side_Heading"/>
  <testcase name="Footer_linkedIN" time="26.73" classname="JumboGC_Test_case_Devlopment.Header_footer"/>
  <testcase name="Side_Heading_Two" time="63.15" classname="Solution_one_Development.Side_head_sample"/>
  <testcase name="Partner6" time="79.764" classname="Warranty_Test_Case_Dev.Our_Partner"/>
  <testcase name="main_Home_Page" time="37.03" classname="Tradewel_Test_Cases_Development.About_US"/>
  <testcase name="Header_Login" time="20.456" classname="JumboGC_Test_case_Devlopment.Header_footer"/>
  <testcase name="Comprehensive" time="168.823" classname="Tradewel_Test_Cases_Development.comprehensive_Protection"/>
</testsuite> <!-- Chrome_Developmet -->
