<?xml version="1.0" encoding="UTF-8"?>
<!-- Generated by org.testng.reporters.JUnitXMLReporter -->
<testsuite hostname="DESKTOP-N7K85DJ" name="Chrome_Developmet" tests="66" failures="4" timestamp="9 Jun 2022 10:46:29 GMT" time="2249.919" errors="0">
  <testcase name="main" time="68.133" classname="AUW_Test_Case_dev.AUW_header_web_Development">
    <failure type="java.lang.AssertionError" message="expected [https://www.appliedunderwriters.com/Login.aspx] but found [https://www.appliedunderwriters.com/LoginWUO.aspx]">
      <![CDATA[java.lang.AssertionError: expected [https://www.appliedunderwriters.com/Login.aspx] but found [https://www.appliedunderwriters.com/LoginWUO.aspx]
	at AUW_Test_Case_dev.AUW_header_web_Development.main(AUW_header_web_Development.java:65)
	at java.util.concurrent.ThreadPoolExecutor.runWorker(ThreadPoolExecutor.java:1149)
	at java.util.concurrent.ThreadPoolExecutor$Worker.run(ThreadPoolExecutor.java:624)
	at java.lang.Thread.run(Thread.java:748)
... Removed 15 stack frames]]>
    </failure>
  </testcase> <!-- main -->
  <testcase name="main" time="85.025" classname="AUW_Test_Case_dev.AUW_PPP"/>
  <testcase name="AUW_Footer" time="176.869" classname="AUW_Test_Case_dev.AUW_Footer_Development"/>
  <testcase name="AboutUS" time="188.039" classname="AUW_Test_Case_dev.AUW_AboutUS"/>
  <testcase name="main" time="110.955" classname="AUW_Test_Case_dev.AUW_CallUpdate"/>
  <testcase name="main" time="85.746" classname="AUW_Test_Case_dev.AUW_NJ_Update"/>
  <testcase name="LearnMore" time="25.098" classname="AUW_Global_Test_Cases_Development.LearnMore_TC"/>
  <testcase name="main" time="162.464" classname="AUW_Test_Case_dev.AUW_Intelligence_TC"/>
  <testcase name="HomePage" time="24.204" classname="AUW_Global_Test_Cases_Development.Home_Page_TC"/>
  <testcase name="Siheading_2" time="39.311" classname="Promesa_Test_Case_Development.FAQ"/>
  <testcase name="Practices_AgentsBrokers" time="330.454" classname="AUW_Test_Case_dev.Practices_AgentsBrokers"/>
  <testcase name="main" time="604.073" classname="AUW_Test_Case_dev.AUW_Experience"/>
  <testcase name="More_button" time="222.673" classname="AUW_Global_Test_Cases_Development.Home_More"/>
  <testcase name="Footer" time="115.775" classname="Promesa_Test_Case_Development.Footer"/>
  <testcase name="Practices_CustomerSeekingCoverage" time="399.681" classname="AUW_Test_Case_dev.Practices_CustomerSeekingCoverage"/>
  <testcase name="Side_Heading_One" time="30.038" classname="Promesa_Test_Case_Development.Side_Heading_One"/>
  <testcase name="Change_Language" time="2.44" classname="Promesa_Test_Case_Development.Change_language"/>
  <testcase name="Siheading_2" time="20.805" classname="Promesa_Test_Case_Development.Side_Heading_Two"/>
  <testcase name="Footer" time="11.617" classname="Speciality_underwriters_Test_Case_Dev.About_Us"/>
  <testcase name="Footer" time="22.972" classname="Speciality_underwriters_Test_Case_Dev.Contact_US_TC"/>
  <testcase name="Footer" time="28.584" classname="Speciality_underwriters_Test_Case_Dev.Home_TC"/>
  <testcase name="Footer" time="54.874" classname="Speciality_underwriters_Test_Case_Dev.What_We_offer"/>
  <testcase name="Side_Heading_One" time="134.748" classname="Promesa_Test_Case_Development.Pharmacy_search"/>
  <testcase name="ContactUs_Page" time="42.54" classname="AFL_Test_Cases_Dev.ContactUS_OutsideUS_dev"/>
  <testcase name="main_Home_Page" time="45.974" classname="AFL_Test_Cases_Dev.AboutUS_OutsideUS_dev"/>
  <testcase name="main_Home_Page" time="23.385" classname="Adler_TestCases_Development.Home"/>
  <testcase name="Footer" time="125.003" classname="AFL_Test_Cases_Dev.Footer_TC_dev"/>
  <testcase name="main_Home_Page" time="162.3" classname="Adler_TestCases_Development.News"/>
  <testcase name="Home_Page" time="229.194" classname="AFL_Test_Cases_Dev.HomePage_TC_dev"/>
  <testcase name="AUW_Footer" time="147.024" classname="Careers_Test_case_Development.Footer"/>
  <testcase name="HomePage_Header_ContactUS_btn" time="20.819" classname="Credit_Global_Test_Cases_Dev.Home_TC"/>
  <testcase name="Side_Heading" time="272.377" classname="Careers_Test_case_Development.Side_Heading1"/>
  <testcase name="main_Home_Page" time="76.685" classname="Pinnacle_Test_Cases_Development.HomePage_TC"/>
  <testcase name="HomePage_Header_Our_approach" time="13.714" classname="Credit_Global_Test_Cases_Dev.Home_TC"/>
  <testcase name="HomePage_Header_login" time="16.378" classname="Credit_Global_Test_Cases_Dev.Forgot_Password"/>
  <testcase name="HomePage_Header_What_weDo" time="9.36" classname="Credit_Global_Test_Cases_Dev.Home_TC"/>
  <testcase name="HomePage_Header_login" time="17.788" classname="Credit_Global_Test_Cases_Dev.Home_TC"/>
  <testcase name="WhatsNew" time="155.708" classname="Pinnacle_Test_Cases_Development.WatsNew"/>
  <testcase name="HomePage_Header_login" time="43.647" classname="Credit_Global_Test_Cases_Dev.What_we_Do_TC"/>
  <testcase name="WhatweOffer_outsideUS" time="543.875" classname="AFL_Test_Cases_Dev.What_We_offer_OutSideUs_dev"/>
  <testcase name="partner" time="20.01" classname="Warranty_Test_Case_Dev.Partner_With_US"/>
  <testcase name="NewsEvents" time="15.783" classname="Warranty_Test_Case_Dev.NewsEvents"/>
  <testcase name="Partner1" time="160.826" classname="Warranty_Test_Case_Dev.Our_Partner"/>
  <testcase name="Home_page" time="45.754" classname="Warranty_Test_Case_Dev.About_US"/>
  <testcase name="ContactUS" time="271.737" classname="Warranty_Test_Case_Dev.Contact_US"/>
  <testcase name="Footer" time="25.221" classname="Solution_one_Development.Footer_Develop">
    <failure type="java.lang.AssertionError" message="expected [true] but found [false]">
      <![CDATA[java.lang.AssertionError: expected [true] but found [false]
	at Solution_one_Pages.Home.Login(Home.java:89)
	at Solution_one_Development.Footer_Develop.Footer(Footer_Develop.java:15)
	at java.util.concurrent.ThreadPoolExecutor.runWorker(ThreadPoolExecutor.java:1149)
	at java.util.concurrent.ThreadPoolExecutor$Worker.run(ThreadPoolExecutor.java:624)
	at java.lang.Thread.run(Thread.java:748)
... Removed 14 stack frames]]>
    </failure>
  </testcase> <!-- Footer -->
  <testcase name="Side_Heading_Three" time="104.706" classname="Solution_one_Development.Side_head_sample"/>
  <testcase name="Partner2" time="127.66" classname="Warranty_Test_Case_Dev.Our_Partner"/>
  <testcase name="Footer_Facebook" time="72.088" classname="JumboGC_Test_case_Devlopment.Header_footer"/>
  <testcase name="main_Home_Page" time="79.874" classname="Tradewel_Test_Cases_Development.About_US"/>
  <testcase name="Home_page" time="478.59" classname="Warranty_Test_Case_Dev.HomePage_Testcase"/>
  <testcase name="Footer_Instagram" time="31.068" classname="JumboGC_Test_case_Devlopment.Header_footer"/>
  <testcase name="Partner3" time="184.051" classname="Warranty_Test_Case_Dev.Our_Partner"/>
  <testcase name="Side_heading" time="258.871" classname="JumboGC_Test_case_Devlopment.Side_Heading"/>
  <testcase name="HomePage" time="100.479" classname="Casuality_Dev_TC.Home_page"/>
  <testcase name="Footer_Privacy" time="84.973" classname="JumboGC_Test_case_Devlopment.Header_footer"/>
  <testcase name="Partner4" time="144.324" classname="Warranty_Test_Case_Dev.Our_Partner"/>
  <testcase name="HomePage" time="84.655" classname="Casuality_Dev_TC.Menu_Press_Room"/>
  <testcase name="Comprehensive" time="230.102" classname="Tradewel_Test_Cases_Development.comprehensive_Protection">
    <failure type="org.openqa.selenium.NoSuchElementException" message="no such element: Unable to locate element: {&amp;quot;method&amp;quot;:&amp;quot;xpath&amp;quot;,&amp;quot;selector&amp;quot;:&amp;quot;//*[@id=&amp;apos;root&amp;apos;]/div/div/div/div/div/div[2]/div[2]/div/p&amp;quot;}
  (Session info: chrome=101.0.4951.67)
For documentation on this error, please visit: https://www.seleniumhq.org/exceptions/no_such_element.html
Build info: version: &amp;apos;3.141.59&amp;apos;, revision: &amp;apos;e82be7d358&amp;apos;, time: &amp;apos;2018-11-14T08:17:03&amp;apos;
System info: host: &amp;apos;DESKTOP-N7K85DJ&amp;apos;, ip: &amp;apos;192.168.1.4&amp;apos;, os.name: &amp;apos;Windows 10&amp;apos;, os.arch: &amp;apos;amd64&amp;apos;, os.version: &amp;apos;10.0&amp;apos;, java.version: &amp;apos;1.8.0_291&amp;apos;
Driver info: org.openqa.selenium.chrome.ChromeDriver
Capabilities {acceptInsecureCerts: false, browserName: chrome, browserVersion: 101.0.4951.67, chrome: {chromedriverVersion: 100.0.4896.60 (6a5d10861ce8..., userDataDir: C:\Users\Sweta\AppData\Loca...}, goog:chromeOptions: {debuggerAddress: localhost:54686}, javascriptEnabled: true, networkConnectionEnabled: false, pageLoadStrategy: normal, platform: WINDOWS, platformName: WINDOWS, proxy: Proxy(), setWindowRect: true, strictFileInteractability: false, timeouts: {implicit: 0, pageLoad: 300000, script: 30000}, unhandledPromptBehavior: dismiss and notify, webauthn:extension:credBlob: true, webauthn:extension:largeBlob: true, webauthn:virtualAuthenticators: true}
Session ID: 1a9813148588ed2e08477405d7af5c26
*** Element info: {Using=xpath, value=//*[@id=&amp;apos;root&amp;apos;]/div/div/div/div/div/div[2]/div[2]/div/p}">
      <![CDATA[org.openqa.selenium.NoSuchElementException: no such element: Unable to locate element: {"method":"xpath","selector":"//*[@id='root']/div/div/div/div/div/div[2]/div[2]/div/p"}
  (Session info: chrome=101.0.4951.67)
For documentation on this error, please visit: https://www.seleniumhq.org/exceptions/no_such_element.html
Build info: version: '3.141.59', revision: 'e82be7d358', time: '2018-11-14T08:17:03'
System info: host: 'DESKTOP-N7K85DJ', ip: '192.168.1.4', os.name: 'Windows 10', os.arch: 'amd64', os.version: '10.0', java.version: '1.8.0_291'
Driver info: org.openqa.selenium.chrome.ChromeDriver
Capabilities {acceptInsecureCerts: false, browserName: chrome, browserVersion: 101.0.4951.67, chrome: {chromedriverVersion: 100.0.4896.60 (6a5d10861ce8..., userDataDir: C:\Users\Sweta\AppData\Loca...}, goog:chromeOptions: {debuggerAddress: localhost:54686}, javascriptEnabled: true, networkConnectionEnabled: false, pageLoadStrategy: normal, platform: WINDOWS, platformName: WINDOWS, proxy: Proxy(), setWindowRect: true, strictFileInteractability: false, timeouts: {implicit: 0, pageLoad: 300000, script: 30000}, unhandledPromptBehavior: dismiss and notify, webauthn:extension:credBlob: true, webauthn:extension:largeBlob: true, webauthn:virtualAuthenticators: true}
Session ID: 1a9813148588ed2e08477405d7af5c26
*** Element info: {Using=xpath, value=//*[@id='root']/div/div/div/div/div/div[2]/div[2]/div/p}
	at org.openqa.selenium.remote.http.W3CHttpResponseCodec.createException(W3CHttpResponseCodec.java:187)
	at org.openqa.selenium.remote.http.W3CHttpResponseCodec.decode(W3CHttpResponseCodec.java:122)
	at org.openqa.selenium.remote.http.W3CHttpResponseCodec.decode(W3CHttpResponseCodec.java:49)
	at org.openqa.selenium.remote.HttpCommandExecutor.execute(HttpCommandExecutor.java:158)
	at org.openqa.selenium.remote.service.DriverCommandExecutor.execute(DriverCommandExecutor.java:83)
	at org.openqa.selenium.remote.RemoteWebDriver.execute(RemoteWebDriver.java:552)
	at org.openqa.selenium.remote.RemoteWebDriver.findElement(RemoteWebDriver.java:323)
	at org.openqa.selenium.remote.RemoteWebDriver.findElementByXPath(RemoteWebDriver.java:428)
	at org.openqa.selenium.By$ByXPath.findElement(By.java:353)
	at org.openqa.selenium.remote.RemoteWebDriver.findElement(RemoteWebDriver.java:315)
	at Tradewel_Test_Cases_Development.comprehensive_Protection.Comprehensive(comprehensive_Protection.java:86)
	at java.util.concurrent.ThreadPoolExecutor.runWorker(ThreadPoolExecutor.java:1149)
	at java.util.concurrent.ThreadPoolExecutor$Worker.run(ThreadPoolExecutor.java:624)
	at java.lang.Thread.run(Thread.java:748)
... Removed 14 stack frames]]>
    </failure>
  </testcase> <!-- Comprehensive -->
  <testcase name="Footer_linkedIN" time="34.939" classname="JumboGC_Test_case_Devlopment.Header_footer"/>
  <testcase name="Carriers" time="52.693" classname="Casuality_Dev_TC.Menu_Our_Carriers"/>
  <testcase name="HomePage" time="27.491" classname="Casuality_Dev_TC.Menu_Contact_Us"/>
  <testcase name="Partner5" time="105.768" classname="Warranty_Test_Case_Dev.Our_Partner"/>
  <testcase name="Header_Login" time="25.54" classname="JumboGC_Test_case_Devlopment.Header_footer">
    <failure type="java.lang.AssertionError" message="expected [https://www.appliedunderwriters.com/LoginWUO.aspx] but found [https://www.appliedunderwriters.com/Login.aspx]">
      <![CDATA[java.lang.AssertionError: expected [https://www.appliedunderwriters.com/LoginWUO.aspx] but found [https://www.appliedunderwriters.com/Login.aspx]
	at JumboGC_Pages.Home.Login(Home.java:147)
	at JumboGC_Test_case_Devlopment.Header_footer.Header_Login(Header_footer.java:16)
	at java.util.concurrent.ThreadPoolExecutor.runWorker(ThreadPoolExecutor.java:1149)
	at java.util.concurrent.ThreadPoolExecutor$Worker.run(ThreadPoolExecutor.java:624)
	at java.lang.Thread.run(Thread.java:748)
... Removed 15 stack frames]]>
    </failure>
  </testcase> <!-- Header_Login -->
  <testcase name="HomePage" time="58.591" classname="Casuality_Dev_TC.Menu_About_US"/>
  <testcase name="Partner6" time="76.259" classname="Warranty_Test_Case_Dev.Our_Partner"/>
</testsuite> <!-- Chrome_Developmet -->
