<?xml version="1.0" encoding="UTF-8"?>
<!-- Generated by org.testng.reporters.JUnitXMLReporter -->
<testsuite hostname="DESKTOP-N7K85DJ" name="Chrome_Developmet" tests="66" failures="2" timestamp="11 Feb 2022 10:05:45 GMT" time="1495.254" errors="0">
  <testcase name="main" time="43.361" classname="AUW_Test_Case_dev.AUW_header_web_Development"/>
  <testcase name="main" time="24.88" classname="AUW_Test_Case_dev.AUW_PPP"/>
  <testcase name="AboutUS" time="87.5" classname="AUW_Test_Case_dev.AUW_AboutUS"/>
  <testcase name="AUW_Footer" time="105.837" classname="AUW_Test_Case_dev.AUW_Footer_Development"/>
  <testcase name="main" time="50.608" classname="AUW_Test_Case_dev.AUW_CallUpdate"/>
  <testcase name="main" time="42.77" classname="AUW_Test_Case_dev.AUW_NJ_Update"/>
  <testcase name="main" time="101.55" classname="AUW_Test_Case_dev.AUW_Intelligence_TC"/>
  <testcase name="Practices_AgentsBrokers" time="76.253" classname="AUW_Test_Case_dev.Practices_AgentsBrokers"/>
  <testcase name="HomePage" time="14.462" classname="AUW_Global_Test_Cases_Development.Home_Page_TC"/>
  <testcase name="LearnMore" time="17.87" classname="AUW_Global_Test_Cases_Development.LearnMore_TC"/>
  <testcase name="Siheading_2" time="25.673" classname="Promesa_Test_Case_Development.FAQ"/>
  <testcase name="More_button" time="77.996" classname="AUW_Global_Test_Cases_Development.Home_More"/>
  <testcase name="main" time="341.186" classname="AUW_Test_Case_dev.AUW_Experience"/>
  <testcase name="Footer" time="66.694" classname="Promesa_Test_Case_Development.Footer"/>
  <testcase name="Side_Heading_One" time="30.132" classname="Promesa_Test_Case_Development.Side_Heading_One"/>
  <testcase name="Change_Language" time="3.823" classname="Promesa_Test_Case_Development.Change_language"/>
  <testcase name="Siheading_2" time="16.887" classname="Promesa_Test_Case_Development.Side_Heading_Two"/>
  <testcase name="Footer" time="10.598" classname="Speciality_underwriters_Test_Case_Dev.About_Us"/>
  <testcase name="Footer" time="19.831" classname="Speciality_underwriters_Test_Case_Dev.Contact_US_TC"/>
  <testcase name="Practices_CustomerSeekingCoverage" time="263.028" classname="AUW_Test_Case_dev.Practices_CustomerSeekingCoverage"/>
  <testcase name="Footer" time="20.083" classname="Speciality_underwriters_Test_Case_Dev.Home_TC"/>
  <testcase name="ContactUs_Page" time="24.625" classname="AFL_Test_Cases_Dev.ContactUS_OutsideUS_dev"/>
  <testcase name="Footer" time="42.425" classname="Speciality_underwriters_Test_Case_Dev.What_We_offer"/>
  <testcase name="Side_Heading_One" time="134.959" classname="Promesa_Test_Case_Development.Pharmacy_search"/>
  <testcase name="main_Home_Page" time="38.074" classname="AFL_Test_Cases_Dev.AboutUS_OutsideUS_dev"/>
  <testcase name="main_Home_Page" time="20.615" classname="Adler_TestCases_Development.Home"/>
  <testcase name="Footer" time="96.411" classname="AFL_Test_Cases_Dev.Footer_TC_dev"/>
  <testcase name="Home_Page" time="138.867" classname="AFL_Test_Cases_Dev.HomePage_TC_dev"/>
  <testcase name="main_Home_Page" time="142.71" classname="Adler_TestCases_Development.News"/>
  <testcase name="Side_Heading" time="144.0" classname="Careers_Test_case_Development.Side_Heading1"/>
  <testcase name="AUW_Footer" time="81.221" classname="Careers_Test_case_Development.Footer"/>
  <testcase name="HomePage_Header_ContactUS_btn" time="17.959" classname="Credit_Global_Test_Cases_Dev.Home_TC"/>
  <testcase name="main_Home_Page" time="52.948" classname="Pinnacle_Test_Cases_Development.HomePage_TC"/>
  <testcase name="HomePage_Header_Our_approach" time="13.694" classname="Credit_Global_Test_Cases_Dev.Home_TC"/>
  <testcase name="HomePage_Header_login" time="8.768" classname="Credit_Global_Test_Cases_Dev.Forgot_Password"/>
  <testcase name="Footer" time="347.08" classname="AFL_Test_Cases_Dev.What_We_offer_OutSideUs_dev"/>
  <testcase name="HomePage_Header_What_weDo" time="8.923" classname="Credit_Global_Test_Cases_Dev.Home_TC"/>
  <testcase name="HomePage_Header_login" time="19.37" classname="Credit_Global_Test_Cases_Dev.Home_TC"/>
  <testcase name="HomePage_Header_login" time="36.646" classname="Credit_Global_Test_Cases_Dev.What_we_Do_TC"/>
  <testcase name="ContactUS" time="48.034" classname="Warranty_Test_Case_Dev.Contact_US"/>
  <testcase name="partner" time="12.383" classname="Warranty_Test_Case_Dev.Partner_With_US"/>
  <testcase name="WhatsNew" time="226.928" classname="Pinnacle_Test_Cases_Development.WatsNew"/>
  <testcase name="Partner1" time="83.343" classname="Warranty_Test_Case_Dev.Our_Partner"/>
  <testcase name="Home_page" time="37.333" classname="Warranty_Test_Case_Dev.About_US"/>
  <testcase name="Partner2" time="80.286" classname="Warranty_Test_Case_Dev.Our_Partner"/>
  <testcase name="Side_Heading_Three" time="74.496" classname="Solution_one_Development.Side_head_sample"/>
  <testcase name="NewsEvents" time="142.377" classname="Warranty_Test_Case_Dev.NewsEvents"/>
  <testcase name="Footer_Facebook" time="30.031" classname="JumboGC_Test_case_Devlopment.Header_footer"/>
  <testcase name="Home_page" time="318.036" classname="Warranty_Test_Case_Dev.HomePage_Testcase"/>
  <testcase name="Partner3" time="92.098" classname="Warranty_Test_Case_Dev.Our_Partner"/>
  <testcase name="Footer" time="99.859" classname="Solution_one_Development.Footer_Develop"/>
  <testcase name="Footer_Instagram" time="27.083" classname="JumboGC_Test_case_Devlopment.Header_footer"/>
  <testcase name="Footer_Privacy" time="46.018" classname="JumboGC_Test_case_Devlopment.Header_footer"/>
  <testcase name="main_Home_Page" time="40.895" classname="Tradewel_Test_Cases_Development.About_US"/>
  <testcase name="Partner4" time="92.685" classname="Warranty_Test_Case_Dev.Our_Partner"/>
  <testcase name="Footer_linkedIN" time="37.763" classname="JumboGC_Test_case_Devlopment.Header_footer"/>
  <testcase name="Header_Login" time="21.07" classname="JumboGC_Test_case_Devlopment.Header_footer"/>
  <testcase name="Partner5" time="95.171" classname="Warranty_Test_Case_Dev.Our_Partner"/>
  <testcase name="Side_heading" time="194.096" classname="JumboGC_Test_case_Devlopment.Side_Heading"/>
  <testcase name="HomePage" time="70.681" classname="Casuality_Dev_TC.Home_page"/>
  <testcase name="HomePage" time="34.363" classname="Casuality_Dev_TC.Menu_Press_Room">
    <failure type="java.lang.AssertionError" message="expected [QBE Lawsuits against Former Individual Employees and against Applied Underwriters, their New Employer, Termed “Meritless” by Applied’s General Counsel] but found [placeholder title]">
      <![CDATA[java.lang.AssertionError: expected [QBE Lawsuits against Former Individual Employees and against Applied Underwriters, their New Employer, Termed “Meritless” by Applied’s General Counsel] but found [placeholder title]
	at Casuality_pages.Menu_PressRoom.text_1(Menu_PressRoom.java:94)
	at Casuality_Dev_TC.Menu_Press_Room.HomePage(Menu_Press_Room.java:21)
	at java.util.concurrent.ThreadPoolExecutor.runWorker(ThreadPoolExecutor.java:1149)
	at java.util.concurrent.ThreadPoolExecutor$Worker.run(ThreadPoolExecutor.java:624)
	at java.lang.Thread.run(Thread.java:748)
... Removed 15 stack frames]]>
    </failure>
  </testcase> <!-- HomePage -->
  <testcase name="Partner6" time="82.668" classname="Warranty_Test_Case_Dev.Our_Partner"/>
  <testcase name="Carriers" time="31.776" classname="Casuality_Dev_TC.Menu_Our_Carriers">
    <failure type="org.openqa.selenium.ElementClickInterceptedException" message="element click intercepted: Element &amp;lt;a href=&amp;quot;https://www..../home/default.aspx&amp;quot; target=&amp;quot;_blank&amp;quot; rel=&amp;quot;noreferrer noopener&amp;quot;&amp;gt;ambest.com&amp;lt;/a&amp;gt; is not clickable at point (499, 8). Other element would receive the click: &amp;lt;div class=&amp;quot;jss40 jss23&amp;quot;&amp;gt;...&amp;lt;/div&amp;gt;
  (Session info: chrome=97.0.4692.99)
Build info: version: &amp;apos;3.141.59&amp;apos;, revision: &amp;apos;e82be7d358&amp;apos;, time: &amp;apos;2018-11-14T08:17:03&amp;apos;
System info: host: &amp;apos;DESKTOP-N7K85DJ&amp;apos;, ip: &amp;apos;192.168.1.4&amp;apos;, os.name: &amp;apos;Windows 10&amp;apos;, os.arch: &amp;apos;amd64&amp;apos;, os.version: &amp;apos;10.0&amp;apos;, java.version: &amp;apos;1.8.0_291&amp;apos;
Driver info: org.openqa.selenium.chrome.ChromeDriver
Capabilities {acceptInsecureCerts: false, browserName: chrome, browserVersion: 97.0.4692.99, chrome: {chromedriverVersion: 96.0.4664.45 (76e4c1bb2ab46..., userDataDir: C:\Users\Sweta\AppData\Loca...}, goog:chromeOptions: {debuggerAddress: localhost:54112}, javascriptEnabled: true, networkConnectionEnabled: false, pageLoadStrategy: normal, platform: WINDOWS, platformName: WINDOWS, proxy: Proxy(), setWindowRect: true, strictFileInteractability: false, timeouts: {implicit: 0, pageLoad: 300000, script: 30000}, unhandledPromptBehavior: dismiss and notify, webauthn:extension:credBlob: true, webauthn:extension:largeBlob: true, webauthn:virtualAuthenticators: true}
Session ID: bf18892bdb06a5bf5797c3c90ccd318a">
      <![CDATA[org.openqa.selenium.ElementClickInterceptedException: element click intercepted: Element <a href="https://www..../home/default.aspx" target="_blank" rel="noreferrer noopener">ambest.com</a> is not clickable at point (499, 8). Other element would receive the click: <div class="jss40 jss23">...</div>
  (Session info: chrome=97.0.4692.99)
Build info: version: '3.141.59', revision: 'e82be7d358', time: '2018-11-14T08:17:03'
System info: host: 'DESKTOP-N7K85DJ', ip: '192.168.1.4', os.name: 'Windows 10', os.arch: 'amd64', os.version: '10.0', java.version: '1.8.0_291'
Driver info: org.openqa.selenium.chrome.ChromeDriver
Capabilities {acceptInsecureCerts: false, browserName: chrome, browserVersion: 97.0.4692.99, chrome: {chromedriverVersion: 96.0.4664.45 (76e4c1bb2ab46..., userDataDir: C:\Users\Sweta\AppData\Loca...}, goog:chromeOptions: {debuggerAddress: localhost:54112}, javascriptEnabled: true, networkConnectionEnabled: false, pageLoadStrategy: normal, platform: WINDOWS, platformName: WINDOWS, proxy: Proxy(), setWindowRect: true, strictFileInteractability: false, timeouts: {implicit: 0, pageLoad: 300000, script: 30000}, unhandledPromptBehavior: dismiss and notify, webauthn:extension:credBlob: true, webauthn:extension:largeBlob: true, webauthn:virtualAuthenticators: true}
Session ID: bf18892bdb06a5bf5797c3c90ccd318a
	at org.openqa.selenium.remote.http.W3CHttpResponseCodec.createException(W3CHttpResponseCodec.java:187)
	at org.openqa.selenium.remote.http.W3CHttpResponseCodec.decode(W3CHttpResponseCodec.java:122)
	at org.openqa.selenium.remote.http.W3CHttpResponseCodec.decode(W3CHttpResponseCodec.java:49)
	at org.openqa.selenium.remote.HttpCommandExecutor.execute(HttpCommandExecutor.java:158)
	at org.openqa.selenium.remote.service.DriverCommandExecutor.execute(DriverCommandExecutor.java:83)
	at org.openqa.selenium.remote.RemoteWebDriver.execute(RemoteWebDriver.java:552)
	at org.openqa.selenium.remote.RemoteWebElement.execute(RemoteWebElement.java:285)
	at org.openqa.selenium.remote.RemoteWebElement.click(RemoteWebElement.java:84)
	at Casuality_pages.Menu_Carriers.Ambest(Menu_Carriers.java:55)
	at Casuality_Dev_TC.Menu_Our_Carriers.Carriers(Menu_Our_Carriers.java:19)
	at java.util.concurrent.ThreadPoolExecutor.runWorker(ThreadPoolExecutor.java:1149)
	at java.util.concurrent.ThreadPoolExecutor$Worker.run(ThreadPoolExecutor.java:624)
	at java.lang.Thread.run(Thread.java:748)
... Removed 14 stack frames]]>
    </failure>
  </testcase> <!-- Carriers -->
  <testcase name="Comprehensive" time="204.9" classname="Tradewel_Test_Cases_Development.comprehensive_Protection"/>
  <testcase name="HomePage" time="25.237" classname="Casuality_Dev_TC.Menu_Contact_Us"/>
  <testcase name="HomePage" time="43.407" classname="Casuality_Dev_TC.Menu_About_US"/>
</testsuite> <!-- Chrome_Developmet -->
