<?xml version="1.0" encoding="UTF-8"?>
<!-- Generated by org.testng.reporters.JUnitXMLReporter -->
<testsuite hostname="DESKTOP-N7K85DJ" name="Chrome_Developmet" tests="66" failures="2" timestamp="8 Mar 2022 10:05:55 GMT" time="1349.332" errors="0">
  <testcase name="main" time="46.087" classname="AUW_Test_Case_dev.AUW_header_web_Development"/>
  <testcase name="main" time="19.479" classname="AUW_Test_Case_dev.AUW_PPP"/>
  <testcase name="AboutUS" time="78.802" classname="AUW_Test_Case_dev.AUW_AboutUS"/>
  <testcase name="AUW_Footer" time="103.557" classname="AUW_Test_Case_dev.AUW_Footer_Development"/>
  <testcase name="main" time="109.504" classname="AUW_Test_Case_dev.AUW_Experience">
    <failure type="java.lang.AssertionError" message="Failure message expected [true] but found [false]">
      <![CDATA[java.lang.AssertionError: Failure message expected [true] but found [false]
	at AUW_Pages.Experience_page.Exp_card1(Experience_page.java:175)
	at AUW_Test_Case_dev.AUW_Experience.main(AUW_Experience.java:74)
	at java.util.concurrent.ThreadPoolExecutor.runWorker(ThreadPoolExecutor.java:1149)
	at java.util.concurrent.ThreadPoolExecutor$Worker.run(ThreadPoolExecutor.java:624)
	at java.lang.Thread.run(Thread.java:748)
... Removed 13 stack frames]]>
    </failure>
  </testcase> <!-- main -->
  <testcase name="main" time="48.55" classname="AUW_Test_Case_dev.AUW_CallUpdate"/>
  <testcase name="main" time="53.222" classname="AUW_Test_Case_dev.AUW_NJ_Update"/>
  <testcase name="LearnMore" time="16.986" classname="AUW_Global_Test_Cases_Development.LearnMore_TC"/>
  <testcase name="HomePage" time="12.443" classname="AUW_Global_Test_Cases_Development.Home_Page_TC"/>
  <testcase name="Practices_AgentsBrokers" time="82.088" classname="AUW_Test_Case_dev.Practices_AgentsBrokers"/>
  <testcase name="main" time="96.471" classname="AUW_Test_Case_dev.AUW_Intelligence_TC"/>
  <testcase name="Siheading_2" time="30.089" classname="Promesa_Test_Case_Development.FAQ"/>
  <testcase name="More_button" time="78.996" classname="AUW_Global_Test_Cases_Development.Home_More"/>
  <testcase name="Side_Heading_One" time="30.83" classname="Promesa_Test_Case_Development.Side_Heading_One"/>
  <testcase name="Footer" time="80.074" classname="Promesa_Test_Case_Development.Footer"/>
  <testcase name="Change_Language" time="3.288" classname="Promesa_Test_Case_Development.Change_language"/>
  <testcase name="Siheading_2" time="17.731" classname="Promesa_Test_Case_Development.Side_Heading_Two"/>
  <testcase name="Footer" time="11.874" classname="Speciality_underwriters_Test_Case_Dev.About_Us"/>
  <testcase name="Footer" time="20.034" classname="Speciality_underwriters_Test_Case_Dev.Contact_US_TC"/>
  <testcase name="Footer" time="17.975" classname="Speciality_underwriters_Test_Case_Dev.Home_TC"/>
  <testcase name="Footer" time="38.631" classname="Speciality_underwriters_Test_Case_Dev.What_We_offer"/>
  <testcase name="Practices_CustomerSeekingCoverage" time="243.089" classname="AUW_Test_Case_dev.Practices_CustomerSeekingCoverage"/>
  <testcase name="ContactUs_Page" time="30.832" classname="AFL_Test_Cases_Dev.ContactUS_OutsideUS_dev"/>
  <testcase name="Side_Heading_One" time="129.449" classname="Promesa_Test_Case_Development.Pharmacy_search"/>
  <testcase name="main_Home_Page" time="33.075" classname="AFL_Test_Cases_Dev.AboutUS_OutsideUS_dev"/>
  <testcase name="main_Home_Page" time="22.033" classname="Adler_TestCases_Development.Home"/>
  <testcase name="Footer" time="79.272" classname="AFL_Test_Cases_Dev.Footer_TC_dev"/>
  <testcase name="Home_Page" time="134.259" classname="AFL_Test_Cases_Dev.HomePage_TC_dev"/>
  <testcase name="main_Home_Page" time="137.017" classname="Adler_TestCases_Development.News"/>
  <testcase name="Side_Heading" time="143.527" classname="Careers_Test_case_Development.Side_Heading1"/>
  <testcase name="AUW_Footer" time="83.657" classname="Careers_Test_case_Development.Footer"/>
  <testcase name="HomePage_Header_ContactUS_btn" time="17.38" classname="Credit_Global_Test_Cases_Dev.Home_TC"/>
  <testcase name="HomePage_Header_Our_approach" time="12.163" classname="Credit_Global_Test_Cases_Dev.Home_TC"/>
  <testcase name="main_Home_Page" time="49.419" classname="Pinnacle_Test_Cases_Development.HomePage_TC"/>
  <testcase name="HomePage_Header_What_weDo" time="7.977" classname="Credit_Global_Test_Cases_Dev.Home_TC"/>
  <testcase name="Footer" time="325.928" classname="AFL_Test_Cases_Dev.What_We_offer_OutSideUs_dev"/>
  <testcase name="HomePage_Header_login" time="10.001" classname="Credit_Global_Test_Cases_Dev.Forgot_Password"/>
  <testcase name="HomePage_Header_login" time="12.532" classname="Credit_Global_Test_Cases_Dev.Home_TC"/>
  <testcase name="HomePage_Header_login" time="32.527" classname="Credit_Global_Test_Cases_Dev.What_we_Do_TC"/>
  <testcase name="WhatsNew" time="153.595" classname="Pinnacle_Test_Cases_Development.WatsNew"/>
  <testcase name="partner" time="12.369" classname="Warranty_Test_Case_Dev.Partner_With_US"/>
  <testcase name="ContactUS" time="58.421" classname="Warranty_Test_Case_Dev.Contact_US"/>
  <testcase name="Home_page" time="35.099" classname="Warranty_Test_Case_Dev.About_US"/>
  <testcase name="Partner1" time="77.476" classname="Warranty_Test_Case_Dev.Our_Partner"/>
  <testcase name="NewsEvents" time="74.673" classname="Warranty_Test_Case_Dev.NewsEvents">
    <failure type="org.openqa.selenium.NoSuchElementException" message="no such element: Unable to locate element: {&amp;quot;method&amp;quot;:&amp;quot;xpath&amp;quot;,&amp;quot;selector&amp;quot;:&amp;quot;//*[@id=&amp;apos;app&amp;apos;]/main/div[1]/div/div/div[2]/div[3]/div/div[1]/div/a&amp;quot;}
  (Session info: chrome=98.0.4758.102)
For documentation on this error, please visit: https://www.seleniumhq.org/exceptions/no_such_element.html
Build info: version: &amp;apos;3.141.59&amp;apos;, revision: &amp;apos;e82be7d358&amp;apos;, time: &amp;apos;2018-11-14T08:17:03&amp;apos;
System info: host: &amp;apos;DESKTOP-N7K85DJ&amp;apos;, ip: &amp;apos;192.168.1.4&amp;apos;, os.name: &amp;apos;Windows 10&amp;apos;, os.arch: &amp;apos;amd64&amp;apos;, os.version: &amp;apos;10.0&amp;apos;, java.version: &amp;apos;1.8.0_291&amp;apos;
Driver info: org.openqa.selenium.chrome.ChromeDriver
Capabilities {acceptInsecureCerts: false, browserName: chrome, browserVersion: 98.0.4758.102, chrome: {chromedriverVersion: 98.0.4758.102 (273bf7ac8c90..., userDataDir: C:\Users\Sweta\AppData\Loca...}, goog:chromeOptions: {debuggerAddress: localhost:58606}, javascriptEnabled: true, networkConnectionEnabled: false, pageLoadStrategy: normal, platform: WINDOWS, platformName: WINDOWS, proxy: Proxy(), setWindowRect: true, strictFileInteractability: false, timeouts: {implicit: 0, pageLoad: 300000, script: 30000}, unhandledPromptBehavior: dismiss and notify, webauthn:extension:credBlob: true, webauthn:extension:largeBlob: true, webauthn:virtualAuthenticators: true}
Session ID: 1a6a0de536f3480f8dd28bf9074cf18a
*** Element info: {Using=xpath, value=//*[@id=&amp;apos;app&amp;apos;]/main/div[1]/div/div/div[2]/div[3]/div/div[1]/div/a}">
      <![CDATA[org.openqa.selenium.NoSuchElementException: no such element: Unable to locate element: {"method":"xpath","selector":"//*[@id='app']/main/div[1]/div/div/div[2]/div[3]/div/div[1]/div/a"}
  (Session info: chrome=98.0.4758.102)
For documentation on this error, please visit: https://www.seleniumhq.org/exceptions/no_such_element.html
Build info: version: '3.141.59', revision: 'e82be7d358', time: '2018-11-14T08:17:03'
System info: host: 'DESKTOP-N7K85DJ', ip: '192.168.1.4', os.name: 'Windows 10', os.arch: 'amd64', os.version: '10.0', java.version: '1.8.0_291'
Driver info: org.openqa.selenium.chrome.ChromeDriver
Capabilities {acceptInsecureCerts: false, browserName: chrome, browserVersion: 98.0.4758.102, chrome: {chromedriverVersion: 98.0.4758.102 (273bf7ac8c90..., userDataDir: C:\Users\Sweta\AppData\Loca...}, goog:chromeOptions: {debuggerAddress: localhost:58606}, javascriptEnabled: true, networkConnectionEnabled: false, pageLoadStrategy: normal, platform: WINDOWS, platformName: WINDOWS, proxy: Proxy(), setWindowRect: true, strictFileInteractability: false, timeouts: {implicit: 0, pageLoad: 300000, script: 30000}, unhandledPromptBehavior: dismiss and notify, webauthn:extension:credBlob: true, webauthn:extension:largeBlob: true, webauthn:virtualAuthenticators: true}
Session ID: 1a6a0de536f3480f8dd28bf9074cf18a
*** Element info: {Using=xpath, value=//*[@id='app']/main/div[1]/div/div/div[2]/div[3]/div/div[1]/div/a}
	at org.openqa.selenium.remote.http.W3CHttpResponseCodec.createException(W3CHttpResponseCodec.java:187)
	at org.openqa.selenium.remote.http.W3CHttpResponseCodec.decode(W3CHttpResponseCodec.java:122)
	at org.openqa.selenium.remote.http.W3CHttpResponseCodec.decode(W3CHttpResponseCodec.java:49)
	at org.openqa.selenium.remote.HttpCommandExecutor.execute(HttpCommandExecutor.java:158)
	at org.openqa.selenium.remote.service.DriverCommandExecutor.execute(DriverCommandExecutor.java:83)
	at org.openqa.selenium.remote.RemoteWebDriver.execute(RemoteWebDriver.java:552)
	at org.openqa.selenium.remote.RemoteWebDriver.findElement(RemoteWebDriver.java:323)
	at org.openqa.selenium.remote.RemoteWebDriver.findElementByXPath(RemoteWebDriver.java:428)
	at org.openqa.selenium.By$ByXPath.findElement(By.java:353)
	at org.openqa.selenium.remote.RemoteWebDriver.findElement(RemoteWebDriver.java:315)
	at Warranty_Page.NewsEvents_Page.Image3(NewsEvents_Page.java:148)
	at Warranty_Test_Case_Dev.NewsEvents.NewsEvents(NewsEvents.java:18)
	at java.util.concurrent.ThreadPoolExecutor.runWorker(ThreadPoolExecutor.java:1149)
	at java.util.concurrent.ThreadPoolExecutor$Worker.run(ThreadPoolExecutor.java:624)
	at java.lang.Thread.run(Thread.java:748)
... Removed 14 stack frames]]>
    </failure>
  </testcase> <!-- NewsEvents -->
  <testcase name="Side_Heading_Three" time="70.868" classname="Solution_one_Development.Side_head_sample"/>
  <testcase name="Partner2" time="79.979" classname="Warranty_Test_Case_Dev.Our_Partner"/>
  <testcase name="Footer" time="57.948" classname="Solution_one_Development.Footer_Develop"/>
  <testcase name="Footer_Facebook" time="27.419" classname="JumboGC_Test_case_Devlopment.Header_footer"/>
  <testcase name="Footer_Instagram" time="31.655" classname="JumboGC_Test_case_Devlopment.Header_footer"/>
  <testcase name="Home_page" time="304.683" classname="Warranty_Test_Case_Dev.HomePage_Testcase"/>
  <testcase name="Partner3" time="90.367" classname="Warranty_Test_Case_Dev.Our_Partner"/>
  <testcase name="Footer_Privacy" time="40.684" classname="JumboGC_Test_case_Devlopment.Header_footer"/>
  <testcase name="main_Home_Page" time="42.17" classname="Tradewel_Test_Cases_Development.About_US"/>
  <testcase name="Footer_linkedIN" time="27.177" classname="JumboGC_Test_case_Devlopment.Header_footer"/>
  <testcase name="Partner4" time="86.086" classname="Warranty_Test_Case_Dev.Our_Partner"/>
  <testcase name="Header_Login" time="20.62" classname="JumboGC_Test_case_Devlopment.Header_footer"/>
  <testcase name="Side_heading" time="184.557" classname="JumboGC_Test_case_Devlopment.Side_Heading"/>
  <testcase name="Partner5" time="72.93" classname="Warranty_Test_Case_Dev.Our_Partner"/>
  <testcase name="HomePage" time="68.979" classname="Casuality_Dev_TC.Home_page"/>
  <testcase name="HomePage" time="56.075" classname="Casuality_Dev_TC.Menu_Press_Room"/>
  <testcase name="HomePage" time="23.827" classname="Casuality_Dev_TC.Menu_Contact_Us"/>
  <testcase name="Carriers" time="34.691" classname="Casuality_Dev_TC.Menu_Our_Carriers"/>
  <testcase name="Partner6" time="75.765" classname="Warranty_Test_Case_Dev.Our_Partner"/>
  <testcase name="Comprehensive" time="194.103" classname="Tradewel_Test_Cases_Development.comprehensive_Protection"/>
  <testcase name="HomePage" time="43.316" classname="Casuality_Dev_TC.Menu_About_US"/>
</testsuite> <!-- Chrome_Developmet -->
