<?xml version="1.0" encoding="UTF-8"?>
<!-- Generated by org.testng.reporters.JUnitXMLReporter -->
<testsuite hostname="DESKTOP-N7K85DJ" name="Chrome_Developmet" tests="66" failures="1" timestamp="24 Feb 2022 14:56:04 GMT" time="1428.525" errors="0">
  <testcase name="main" time="48.349" classname="AUW_Test_Case_dev.AUW_header_web_Development"/>
  <testcase name="AUW_Footer" time="80.599" classname="AUW_Test_Case_dev.AUW_Footer_Development"/>
  <testcase name="AboutUS" time="81.622" classname="AUW_Test_Case_dev.AUW_AboutUS"/>
  <testcase name="main" time="42.404" classname="AUW_Test_Case_dev.AUW_NJ_Update"/>
  <testcase name="main" time="43.506" classname="AUW_Test_Case_dev.AUW_CallUpdate"/>
  <testcase name="main" time="135.117" classname="AUW_Test_Case_dev.AUW_PPP"/>
  <testcase name="Practices_AgentsBrokers" time="70.701" classname="AUW_Test_Case_dev.Practices_AgentsBrokers"/>
  <testcase name="LearnMore" time="16.02" classname="AUW_Global_Test_Cases_Development.LearnMore_TC"/>
  <testcase name="main" time="98.761" classname="AUW_Test_Case_dev.AUW_Intelligence_TC"/>
  <testcase name="HomePage" time="17.115" classname="AUW_Global_Test_Cases_Development.Home_Page_TC"/>
  <testcase name="Siheading_2" time="23.046" classname="Promesa_Test_Case_Development.FAQ"/>
  <testcase name="More_button" time="62.876" classname="AUW_Global_Test_Cases_Development.Home_More"/>
  <testcase name="main" time="331.546" classname="AUW_Test_Case_dev.AUW_Experience"/>
  <testcase name="Side_Heading_One" time="29.915" classname="Promesa_Test_Case_Development.Side_Heading_One"/>
  <testcase name="Footer" time="67.436" classname="Promesa_Test_Case_Development.Footer"/>
  <testcase name="Siheading_2" time="17.008" classname="Promesa_Test_Case_Development.Side_Heading_Two"/>
  <testcase name="Change_Language" time="3.5" classname="Promesa_Test_Case_Development.Change_language"/>
  <testcase name="Footer" time="12.303" classname="Speciality_underwriters_Test_Case_Dev.About_Us"/>
  <testcase name="Footer" time="19.346" classname="Speciality_underwriters_Test_Case_Dev.Contact_US_TC"/>
  <testcase name="Footer" time="17.288" classname="Speciality_underwriters_Test_Case_Dev.Home_TC"/>
  <testcase name="Footer" time="40.012" classname="Speciality_underwriters_Test_Case_Dev.What_We_offer"/>
  <testcase name="Practices_CustomerSeekingCoverage" time="255.698" classname="AUW_Test_Case_dev.Practices_CustomerSeekingCoverage"/>
  <testcase name="Side_Heading_One" time="130.3" classname="Promesa_Test_Case_Development.Pharmacy_search"/>
  <testcase name="ContactUs_Page" time="29.984" classname="AFL_Test_Cases_Dev.ContactUS_OutsideUS_dev"/>
  <testcase name="main_Home_Page" time="40.34" classname="AFL_Test_Cases_Dev.AboutUS_OutsideUS_dev"/>
  <testcase name="main_Home_Page" time="21.073" classname="Adler_TestCases_Development.Home"/>
  <testcase name="Footer" time="79.673" classname="AFL_Test_Cases_Dev.Footer_TC_dev"/>
  <testcase name="Home_Page" time="155.982" classname="AFL_Test_Cases_Dev.HomePage_TC_dev"/>
  <testcase name="main_Home_Page" time="137.039" classname="Adler_TestCases_Development.News"/>
  <testcase name="Side_Heading" time="139.435" classname="Careers_Test_case_Development.Side_Heading1"/>
  <testcase name="AUW_Footer" time="73.636" classname="Careers_Test_case_Development.Footer"/>
  <testcase name="HomePage_Header_ContactUS_btn" time="17.46" classname="Credit_Global_Test_Cases_Dev.Home_TC"/>
  <testcase name="main_Home_Page" time="49.088" classname="Pinnacle_Test_Cases_Development.HomePage_TC"/>
  <testcase name="HomePage_Header_Our_approach" time="12.204" classname="Credit_Global_Test_Cases_Dev.Home_TC"/>
  <testcase name="HomePage_Header_login" time="10.807" classname="Credit_Global_Test_Cases_Dev.Forgot_Password"/>
  <testcase name="HomePage_Header_What_weDo" time="24.071" classname="Credit_Global_Test_Cases_Dev.Home_TC"/>
  <testcase name="Footer" time="346.698" classname="AFL_Test_Cases_Dev.What_We_offer_OutSideUs_dev"/>
  <testcase name="HomePage_Header_login" time="29.679" classname="Credit_Global_Test_Cases_Dev.What_we_Do_TC"/>
  <testcase name="HomePage_Header_login" time="11.526" classname="Credit_Global_Test_Cases_Dev.Home_TC"/>
  <testcase name="WhatsNew" time="162.788" classname="Pinnacle_Test_Cases_Development.WatsNew"/>
  <testcase name="ContactUS" time="50.374" classname="Warranty_Test_Case_Dev.Contact_US"/>
  <testcase name="partner" time="14.263" classname="Warranty_Test_Case_Dev.Partner_With_US"/>
  <testcase name="Partner1" time="78.722" classname="Warranty_Test_Case_Dev.Our_Partner"/>
  <testcase name="Home_page" time="33.865" classname="Warranty_Test_Case_Dev.About_US"/>
  <testcase name="Side_Heading_Three" time="62.732" classname="Solution_one_Development.Side_head_sample"/>
  <testcase name="Partner2" time="72.078" classname="Warranty_Test_Case_Dev.Our_Partner"/>
  <testcase name="NewsEvents" time="132.52" classname="Warranty_Test_Case_Dev.NewsEvents"/>
  <testcase name="Footer" time="68.497" classname="Solution_one_Development.Footer_Develop"/>
  <testcase name="Footer_Facebook" time="32.77" classname="JumboGC_Test_case_Devlopment.Header_footer"/>
  <testcase name="Partner3" time="84.86" classname="Warranty_Test_Case_Dev.Our_Partner"/>
  <testcase name="Footer_Instagram" time="27.598" classname="JumboGC_Test_case_Devlopment.Header_footer"/>
  <testcase name="Home_page" time="314.605" classname="Warranty_Test_Case_Dev.HomePage_Testcase"/>
  <testcase name="Footer_Privacy" time="39.138" classname="JumboGC_Test_case_Devlopment.Header_footer"/>
  <testcase name="Partner4" time="88.991" classname="Warranty_Test_Case_Dev.Our_Partner"/>
  <testcase name="main_Home_Page" time="37.407" classname="Tradewel_Test_Cases_Development.About_US"/>
  <testcase name="Footer_linkedIN" time="27.451" classname="JumboGC_Test_case_Devlopment.Header_footer"/>
  <testcase name="Header_Login" time="21.291" classname="JumboGC_Test_case_Devlopment.Header_footer"/>
  <testcase name="Side_heading" time="165.734" classname="JumboGC_Test_case_Devlopment.Side_Heading"/>
  <testcase name="Partner5" time="73.466" classname="Warranty_Test_Case_Dev.Our_Partner"/>
  <testcase name="HomePage" time="57.101" classname="Casuality_Dev_TC.Menu_Press_Room"/>
  <testcase name="HomePage" time="70.665" classname="Casuality_Dev_TC.Home_page"/>
  <testcase name="Partner6" time="74.979" classname="Warranty_Test_Case_Dev.Our_Partner"/>
  <testcase name="Carriers" time="35.393" classname="Casuality_Dev_TC.Menu_Our_Carriers">
    <failure type="java.lang.IndexOutOfBoundsException" message="Index: 1, Size: 1">
      <![CDATA[java.lang.IndexOutOfBoundsException: Index: 1, Size: 1
	at java.util.ArrayList.rangeCheck(ArrayList.java:659)
	at java.util.ArrayList.get(ArrayList.java:435)
	at Casuality_pages.Menu_Carriers.Ambest(Menu_Carriers.java:61)
	at Casuality_Dev_TC.Menu_Our_Carriers.Carriers(Menu_Our_Carriers.java:19)
	at java.util.concurrent.ThreadPoolExecutor.runWorker(ThreadPoolExecutor.java:1149)
	at java.util.concurrent.ThreadPoolExecutor$Worker.run(ThreadPoolExecutor.java:624)
	at java.lang.Thread.run(Thread.java:748)
... Removed 10 stack frames]]>
    </failure>
  </testcase> <!-- Carriers -->
  <testcase name="HomePage" time="27.583" classname="Casuality_Dev_TC.Menu_Contact_Us"/>
  <testcase name="Comprehensive" time="195.753" classname="Tradewel_Test_Cases_Development.comprehensive_Protection"/>
  <testcase name="HomePage" time="46.33" classname="Casuality_Dev_TC.Menu_About_US"/>
</testsuite> <!-- Chrome_Developmet -->
