<html>
<head>
<title>TestNG:  Chrome_Developmet</title>
<link href="../testng.css" rel="stylesheet" type="text/css" />
<link href="../my-testng.css" rel="stylesheet" type="text/css" />

<style type="text/css">
.log { display: none;} 
.stack-trace { display: none;} 
</style>
<script type="text/javascript">
<!--
function flip(e) {
  current = e.style.display;
  if (current == 'block') {
    e.style.display = 'none';
    return 0;
  }
  else {
    e.style.display = 'block';
    return 1;
  }
}

function toggleBox(szDivId, elem, msg1, msg2)
{
  var res = -1;  if (document.getElementById) {
    res = flip(document.getElementById(szDivId));
  }
  else if (document.all) {
    // this is the way old msie versions work
    res = flip(document.all[szDivId]);
  }
  if(elem) {
    if(res == 0) elem.innerHTML = msg1; else elem.innerHTML = msg2;
  }

}

function toggleAllBoxes() {
  if (document.getElementsByTagName) {
    d = document.getElementsByTagName('div');
    for (i = 0; i < d.length; i++) {
      if (d[i].className == 'log') {
        flip(d[i]);
      }
    }
  }
}

// -->
</script>

</head>
<body>
<h2 align='center'>Chrome_Developmet</h2><table border='1' align="center">
<tr>
<td>Tests passed/Failed/Skipped:</td><td>63/3/0</td>
</tr><tr>
<td>Started on:</td><td>Thu Feb 10 17:35:50 IST 2022</td>
</tr>
<tr><td>Total time:</td><td>2373 seconds (2373638 ms)</td>
</tr><tr>
<td>Included groups:</td><td></td>
</tr><tr>
<td>Excluded groups:</td><td></td>
</tr>
</table><p/>
<small><i>(Hover the method name to see the test class name)</i></small><p/>
<table width='100%' border='1' class='invocation-failed'>
<tr><td colspan='4' align='center'><b>FAILED TESTS</b></td></tr>
<tr><td><b>Test method</b></td>
<td width="30%"><b>Exception</b></td>
<td width="10%"><b>Time (seconds)</b></td>
<td><b>Instance</b></td>
</tr>
<tr>
<td title='Casuality_Dev_TC.Menu_Our_Carriers.Carriers()'><b>Carriers</b><br>Test class: Casuality_Dev_TC.Menu_Our_Carriers</td>
<td><div><pre>org.openqa.selenium.ElementClickInterceptedException: element click intercepted: Element &lt;a href=&quot;https://www..../home/default.aspx&quot; target=&quot;_blank&quot; rel=&quot;noreferrer noopener&quot;&gt;ambest.com&lt;/a&gt; is not clickable at point (499, 8). Other element would receive the click: &lt;div class=&quot;jss40 jss23&quot;&gt;...&lt;/div&gt;
  (Session info: chrome=97.0.4692.99)
Build info: version: &apos;3.141.59&apos;, revision: &apos;e82be7d358&apos;, time: &apos;2018-11-14T08:17:03&apos;
System info: host: &apos;DESKTOP-N7K85DJ&apos;, ip: &apos;192.168.1.4&apos;, os.name: &apos;Windows 10&apos;, os.arch: &apos;amd64&apos;, os.version: &apos;10.0&apos;, java.version: &apos;1.8.0_291&apos;
Driver info: org.openqa.selenium.chrome.ChromeDriver
Capabilities {acceptInsecureCerts: false, browserName: chrome, browserVersion: 97.0.4692.99, chrome: {chromedriverVersion: 96.0.4664.45 (76e4c1bb2ab46..., userDataDir: C:\Users\Sweta\AppData\Loca...}, goog:chromeOptions: {debuggerAddress: localhost:51635}, javascriptEnabled: true, networkConnectionEnabled: false, pageLoadStrategy: normal, platform: WINDOWS, platformName: WINDOWS, proxy: Proxy(), setWindowRect: true, strictFileInteractability: false, timeouts: {implicit: 0, pageLoad: 300000, script: 30000}, unhandledPromptBehavior: dismiss and notify, webauthn:extension:credBlob: true, webauthn:extension:largeBlob: true, webauthn:virtualAuthenticators: true}
Session ID: 7936fcba2a5b1e9579fbe89c0d3b5049
	at org.openqa.selenium.remote.http.W3CHttpResponseCodec.createException(W3CHttpResponseCodec.java:187)
	at org.openqa.selenium.remote.http.W3CHttpResponseCodec.decode(W3CHttpResponseCodec.java:122)
	at org.openqa.selenium.remote.http.W3CHttpResponseCodec.decode(W3CHttpResponseCodec.java:49)
	at org.openqa.selenium.remote.HttpCommandExecutor.execute(HttpCommandExecutor.java:158)
	at org.openqa.selenium.remote.service.DriverCommandExecutor.execute(DriverCommandExecutor.java:83)
	at org.openqa.selenium.remote.RemoteWebDriver.execute(RemoteWebDriver.java:552)
	at org.openqa.selenium.remote.RemoteWebElement.execute(RemoteWebElement.java:285)
	at org.openqa.selenium.remote.RemoteWebElement.click(RemoteWebElement.java:84)
	at Casuality_pages.Menu_Carriers.Ambest(Menu_Carriers.java:55)
	at Casuality_Dev_TC.Menu_Our_Carriers.Carriers(Menu_Our_Carriers.java:19)
	at java.util.concurrent.ThreadPoolExecutor.runWorker(ThreadPoolExecutor.java:1149)
	at java.util.concurrent.ThreadPoolExecutor$Worker.run(ThreadPoolExecutor.java:624)
	at java.lang.Thread.run(Thread.java:748)
... Removed 14 stack frames</pre></div><a href='#' onClick='toggleBox("stack-trace733479995", this, "Click to show all stack frames", "Click to hide stack frames")'>Click to show all stack frames</a>
<div class='stack-trace' id='stack-trace733479995'><pre>org.openqa.selenium.ElementClickInterceptedException: element click intercepted: Element &lt;a href=&quot;https://www..../home/default.aspx&quot; target=&quot;_blank&quot; rel=&quot;noreferrer noopener&quot;&gt;ambest.com&lt;/a&gt; is not clickable at point (499, 8). Other element would receive the click: &lt;div class=&quot;jss40 jss23&quot;&gt;...&lt;/div&gt;
  (Session info: chrome=97.0.4692.99)
Build info: version: &apos;3.141.59&apos;, revision: &apos;e82be7d358&apos;, time: &apos;2018-11-14T08:17:03&apos;
System info: host: &apos;DESKTOP-N7K85DJ&apos;, ip: &apos;192.168.1.4&apos;, os.name: &apos;Windows 10&apos;, os.arch: &apos;amd64&apos;, os.version: &apos;10.0&apos;, java.version: &apos;1.8.0_291&apos;
Driver info: org.openqa.selenium.chrome.ChromeDriver
Capabilities {acceptInsecureCerts: false, browserName: chrome, browserVersion: 97.0.4692.99, chrome: {chromedriverVersion: 96.0.4664.45 (76e4c1bb2ab46..., userDataDir: C:\Users\Sweta\AppData\Loca...}, goog:chromeOptions: {debuggerAddress: localhost:51635}, javascriptEnabled: true, networkConnectionEnabled: false, pageLoadStrategy: normal, platform: WINDOWS, platformName: WINDOWS, proxy: Proxy(), setWindowRect: true, strictFileInteractability: false, timeouts: {implicit: 0, pageLoad: 300000, script: 30000}, unhandledPromptBehavior: dismiss and notify, webauthn:extension:credBlob: true, webauthn:extension:largeBlob: true, webauthn:virtualAuthenticators: true}
Session ID: 7936fcba2a5b1e9579fbe89c0d3b5049
	at sun.reflect.NativeConstructorAccessorImpl.newInstance0(Native Method)
	at sun.reflect.NativeConstructorAccessorImpl.newInstance(NativeConstructorAccessorImpl.java:62)
	at sun.reflect.DelegatingConstructorAccessorImpl.newInstance(DelegatingConstructorAccessorImpl.java:45)
	at java.lang.reflect.Constructor.newInstance(Constructor.java:423)
	at org.openqa.selenium.remote.http.W3CHttpResponseCodec.createException(W3CHttpResponseCodec.java:187)
	at org.openqa.selenium.remote.http.W3CHttpResponseCodec.decode(W3CHttpResponseCodec.java:122)
	at org.openqa.selenium.remote.http.W3CHttpResponseCodec.decode(W3CHttpResponseCodec.java:49)
	at org.openqa.selenium.remote.HttpCommandExecutor.execute(HttpCommandExecutor.java:158)
	at org.openqa.selenium.remote.service.DriverCommandExecutor.execute(DriverCommandExecutor.java:83)
	at org.openqa.selenium.remote.RemoteWebDriver.execute(RemoteWebDriver.java:552)
	at org.openqa.selenium.remote.RemoteWebElement.execute(RemoteWebElement.java:285)
	at org.openqa.selenium.remote.RemoteWebElement.click(RemoteWebElement.java:84)
	at Casuality_pages.Menu_Carriers.Ambest(Menu_Carriers.java:55)
	at Casuality_Dev_TC.Menu_Our_Carriers.Carriers(Menu_Our_Carriers.java:19)
	at sun.reflect.NativeMethodAccessorImpl.invoke0(Native Method)
	at sun.reflect.NativeMethodAccessorImpl.invoke(NativeMethodAccessorImpl.java:62)
	at sun.reflect.DelegatingMethodAccessorImpl.invoke(DelegatingMethodAccessorImpl.java:43)
	at java.lang.reflect.Method.invoke(Method.java:498)
	at org.testng.internal.MethodInvocationHelper.invokeMethod(MethodInvocationHelper.java:80)
	at org.testng.internal.Invoker.invokeMethod(Invoker.java:714)
	at org.testng.internal.Invoker.invokeTestMethod(Invoker.java:901)
	at org.testng.internal.Invoker.invokeTestMethods(Invoker.java:1231)
	at org.testng.internal.TestMethodWorker.invokeTestMethods(TestMethodWorker.java:127)
	at org.testng.internal.TestMethodWorker.run(TestMethodWorker.java:111)
	at java.util.concurrent.ThreadPoolExecutor.runWorker(ThreadPoolExecutor.java:1149)
	at java.util.concurrent.ThreadPoolExecutor$Worker.run(ThreadPoolExecutor.java:624)
	at java.lang.Thread.run(Thread.java:748)
</pre></div></td>
<td>32</td>
<td>Casuality_Dev_TC.Menu_Our_Carriers@19dfb72a</td></tr>
<tr>
<td title='Promesa_Test_Case_Development.Change_language.Change_Language()'><b>Change_Language</b><br>Test class: Promesa_Test_Case_Development.Change_language</td>
<td><div><pre>org.openqa.selenium.ElementClickInterceptedException: element click intercepted: Element &lt;div class=&quot;MuiSelect-root jss160 jss12 MuiSelect-select MuiSelect-selectMenu MuiInputBase-input MuiInput-input&quot; tabindex=&quot;0&quot; role=&quot;button&quot; aria-haspopup=&quot;listbox&quot;&gt;...&lt;/div&gt; is not clickable at point (1271, 40). Other element would receive the click: &lt;div class=&quot;MuiBackdrop-root jss159&quot; aria-hidden=&quot;true&quot; style=&quot;opacity: 1; transition: opacity 400ms cubic-bezier(0.4, 0, 0.2, 1) 0ms;&quot;&gt;...&lt;/div&gt;
  (Session info: chrome=97.0.4692.99)
Build info: version: &apos;3.141.59&apos;, revision: &apos;e82be7d358&apos;, time: &apos;2018-11-14T08:17:03&apos;
System info: host: &apos;DESKTOP-N7K85DJ&apos;, ip: &apos;192.168.1.4&apos;, os.name: &apos;Windows 10&apos;, os.arch: &apos;amd64&apos;, os.version: &apos;10.0&apos;, java.version: &apos;1.8.0_291&apos;
Driver info: org.openqa.selenium.chrome.ChromeDriver
Capabilities {acceptInsecureCerts: false, browserName: chrome, browserVersion: 97.0.4692.99, chrome: {chromedriverVersion: 96.0.4664.45 (76e4c1bb2ab46..., userDataDir: C:\Users\Sweta\AppData\Loca...}, goog:chromeOptions: {debuggerAddress: localhost:49317}, javascriptEnabled: true, networkConnectionEnabled: false, pageLoadStrategy: normal, platform: WINDOWS, platformName: WINDOWS, proxy: Proxy(), setWindowRect: true, strictFileInteractability: false, timeouts: {implicit: 0, pageLoad: 300000, script: 30000}, unhandledPromptBehavior: dismiss and notify, webauthn:extension:credBlob: true, webauthn:extension:largeBlob: true, webauthn:virtualAuthenticators: true}
Session ID: 826e4d26783d0938d280b60707f6d162
	at org.openqa.selenium.remote.http.W3CHttpResponseCodec.createException(W3CHttpResponseCodec.java:187)
	at org.openqa.selenium.remote.http.W3CHttpResponseCodec.decode(W3CHttpResponseCodec.java:122)
	at org.openqa.selenium.remote.http.W3CHttpResponseCodec.decode(W3CHttpResponseCodec.java:49)
	at org.openqa.selenium.remote.HttpCommandExecutor.execute(HttpCommandExecutor.java:158)
	at org.openqa.selenium.remote.service.DriverCommandExecutor.execute(DriverCommandExecutor.java:83)
	at org.openqa.selenium.remote.RemoteWebDriver.execute(RemoteWebDriver.java:552)
	at org.openqa.selenium.remote.RemoteWebElement.execute(RemoteWebElement.java:285)
	at org.openqa.selenium.remote.RemoteWebElement.click(RemoteWebElement.java:84)
	at Promesa_Pages.Home.Language_Change_English(Home.java:111)
	at Promesa_Test_Case_Development.Change_language.Change_Language(Change_language.java:18)
	at java.util.concurrent.ThreadPoolExecutor.runWorker(ThreadPoolExecutor.java:1149)
	at java.util.concurrent.ThreadPoolExecutor$Worker.run(ThreadPoolExecutor.java:624)
	at java.lang.Thread.run(Thread.java:748)
... Removed 14 stack frames</pre></div><a href='#' onClick='toggleBox("stack-trace626816105", this, "Click to show all stack frames", "Click to hide stack frames")'>Click to show all stack frames</a>
<div class='stack-trace' id='stack-trace626816105'><pre>org.openqa.selenium.ElementClickInterceptedException: element click intercepted: Element &lt;div class=&quot;MuiSelect-root jss160 jss12 MuiSelect-select MuiSelect-selectMenu MuiInputBase-input MuiInput-input&quot; tabindex=&quot;0&quot; role=&quot;button&quot; aria-haspopup=&quot;listbox&quot;&gt;...&lt;/div&gt; is not clickable at point (1271, 40). Other element would receive the click: &lt;div class=&quot;MuiBackdrop-root jss159&quot; aria-hidden=&quot;true&quot; style=&quot;opacity: 1; transition: opacity 400ms cubic-bezier(0.4, 0, 0.2, 1) 0ms;&quot;&gt;...&lt;/div&gt;
  (Session info: chrome=97.0.4692.99)
Build info: version: &apos;3.141.59&apos;, revision: &apos;e82be7d358&apos;, time: &apos;2018-11-14T08:17:03&apos;
System info: host: &apos;DESKTOP-N7K85DJ&apos;, ip: &apos;192.168.1.4&apos;, os.name: &apos;Windows 10&apos;, os.arch: &apos;amd64&apos;, os.version: &apos;10.0&apos;, java.version: &apos;1.8.0_291&apos;
Driver info: org.openqa.selenium.chrome.ChromeDriver
Capabilities {acceptInsecureCerts: false, browserName: chrome, browserVersion: 97.0.4692.99, chrome: {chromedriverVersion: 96.0.4664.45 (76e4c1bb2ab46..., userDataDir: C:\Users\Sweta\AppData\Loca...}, goog:chromeOptions: {debuggerAddress: localhost:49317}, javascriptEnabled: true, networkConnectionEnabled: false, pageLoadStrategy: normal, platform: WINDOWS, platformName: WINDOWS, proxy: Proxy(), setWindowRect: true, strictFileInteractability: false, timeouts: {implicit: 0, pageLoad: 300000, script: 30000}, unhandledPromptBehavior: dismiss and notify, webauthn:extension:credBlob: true, webauthn:extension:largeBlob: true, webauthn:virtualAuthenticators: true}
Session ID: 826e4d26783d0938d280b60707f6d162
	at sun.reflect.NativeConstructorAccessorImpl.newInstance0(Native Method)
	at sun.reflect.NativeConstructorAccessorImpl.newInstance(NativeConstructorAccessorImpl.java:62)
	at sun.reflect.DelegatingConstructorAccessorImpl.newInstance(DelegatingConstructorAccessorImpl.java:45)
	at java.lang.reflect.Constructor.newInstance(Constructor.java:423)
	at org.openqa.selenium.remote.http.W3CHttpResponseCodec.createException(W3CHttpResponseCodec.java:187)
	at org.openqa.selenium.remote.http.W3CHttpResponseCodec.decode(W3CHttpResponseCodec.java:122)
	at org.openqa.selenium.remote.http.W3CHttpResponseCodec.decode(W3CHttpResponseCodec.java:49)
	at org.openqa.selenium.remote.HttpCommandExecutor.execute(HttpCommandExecutor.java:158)
	at org.openqa.selenium.remote.service.DriverCommandExecutor.execute(DriverCommandExecutor.java:83)
	at org.openqa.selenium.remote.RemoteWebDriver.execute(RemoteWebDriver.java:552)
	at org.openqa.selenium.remote.RemoteWebElement.execute(RemoteWebElement.java:285)
	at org.openqa.selenium.remote.RemoteWebElement.click(RemoteWebElement.java:84)
	at Promesa_Pages.Home.Language_Change_English(Home.java:111)
	at Promesa_Test_Case_Development.Change_language.Change_Language(Change_language.java:18)
	at sun.reflect.NativeMethodAccessorImpl.invoke0(Native Method)
	at sun.reflect.NativeMethodAccessorImpl.invoke(NativeMethodAccessorImpl.java:62)
	at sun.reflect.DelegatingMethodAccessorImpl.invoke(DelegatingMethodAccessorImpl.java:43)
	at java.lang.reflect.Method.invoke(Method.java:498)
	at org.testng.internal.MethodInvocationHelper.invokeMethod(MethodInvocationHelper.java:80)
	at org.testng.internal.Invoker.invokeMethod(Invoker.java:714)
	at org.testng.internal.Invoker.invokeTestMethod(Invoker.java:901)
	at org.testng.internal.Invoker.invokeTestMethods(Invoker.java:1231)
	at org.testng.internal.TestMethodWorker.invokeTestMethods(TestMethodWorker.java:127)
	at org.testng.internal.TestMethodWorker.run(TestMethodWorker.java:111)
	at java.util.concurrent.ThreadPoolExecutor.runWorker(ThreadPoolExecutor.java:1149)
	at java.util.concurrent.ThreadPoolExecutor$Worker.run(ThreadPoolExecutor.java:624)
	at java.lang.Thread.run(Thread.java:748)
</pre></div></td>
<td>6</td>
<td>Promesa_Test_Case_Development.Change_language@60f82f98</td></tr>
<tr>
<td title='Casuality_Dev_TC.Menu_Press_Room.HomePage()'><b>HomePage</b><br>Test class: Casuality_Dev_TC.Menu_Press_Room</td>
<td><div><pre>java.lang.AssertionError: expected [QBE Lawsuits against Former Individual Employees and against Applied Underwriters, their New Employer, Termed “Meritless” by Applied’s General Counsel] but found [placeholder title]
	at Casuality_pages.Menu_PressRoom.text_1(Menu_PressRoom.java:94)
	at Casuality_Dev_TC.Menu_Press_Room.HomePage(Menu_Press_Room.java:21)
	at java.util.concurrent.ThreadPoolExecutor.runWorker(ThreadPoolExecutor.java:1149)
	at java.util.concurrent.ThreadPoolExecutor$Worker.run(ThreadPoolExecutor.java:624)
	at java.lang.Thread.run(Thread.java:748)
... Removed 15 stack frames</pre></div><a href='#' onClick='toggleBox("stack-trace901064121", this, "Click to show all stack frames", "Click to hide stack frames")'>Click to show all stack frames</a>
<div class='stack-trace' id='stack-trace901064121'><pre>java.lang.AssertionError: expected [QBE Lawsuits against Former Individual Employees and against Applied Underwriters, their New Employer, Termed “Meritless” by Applied’s General Counsel] but found [placeholder title]
	at org.testng.Assert.fail(Assert.java:94)
	at org.testng.Assert.failNotEquals(Assert.java:494)
	at org.testng.Assert.assertEquals(Assert.java:123)
	at org.testng.Assert.assertEquals(Assert.java:176)
	at org.testng.Assert.assertEquals(Assert.java:186)
	at Casuality_pages.Menu_PressRoom.text_1(Menu_PressRoom.java:94)
	at Casuality_Dev_TC.Menu_Press_Room.HomePage(Menu_Press_Room.java:21)
	at sun.reflect.NativeMethodAccessorImpl.invoke0(Native Method)
	at sun.reflect.NativeMethodAccessorImpl.invoke(NativeMethodAccessorImpl.java:62)
	at sun.reflect.DelegatingMethodAccessorImpl.invoke(DelegatingMethodAccessorImpl.java:43)
	at java.lang.reflect.Method.invoke(Method.java:498)
	at org.testng.internal.MethodInvocationHelper.invokeMethod(MethodInvocationHelper.java:80)
	at org.testng.internal.Invoker.invokeMethod(Invoker.java:714)
	at org.testng.internal.Invoker.invokeTestMethod(Invoker.java:901)
	at org.testng.internal.Invoker.invokeTestMethods(Invoker.java:1231)
	at org.testng.internal.TestMethodWorker.invokeTestMethods(TestMethodWorker.java:127)
	at org.testng.internal.TestMethodWorker.run(TestMethodWorker.java:111)
	at java.util.concurrent.ThreadPoolExecutor.runWorker(ThreadPoolExecutor.java:1149)
	at java.util.concurrent.ThreadPoolExecutor$Worker.run(ThreadPoolExecutor.java:624)
	at java.lang.Thread.run(Thread.java:748)
</pre></div></td>
<td>40</td>
<td>Casuality_Dev_TC.Menu_Press_Room@7f690630</td></tr>
</table><p>
<table width='100%' border='1' class='invocation-passed'>
<tr><td colspan='4' align='center'><b>PASSED TESTS</b></td></tr>
<tr><td><b>Test method</b></td>
<td width="30%"><b>Exception</b></td>
<td width="10%"><b>Time (seconds)</b></td>
<td><b>Instance</b></td>
</tr>
<tr>
<td title='AUW_Test_Case_dev.AUW_Footer_Development.AUW_Footer()'><b>AUW_Footer</b><br>Test class: AUW_Test_Case_dev.AUW_Footer_Development</td>
<td></td>
<td>145</td>
<td>AUW_Test_Case_dev.AUW_Footer_Development@79698539</td></tr>
<tr>
<td title='Careers_Test_case_Development.Footer.AUW_Footer()'><b>AUW_Footer</b><br>Test class: Careers_Test_case_Development.Footer</td>
<td></td>
<td>211</td>
<td>Careers_Test_case_Development.Footer@5ebec15</td></tr>
<tr>
<td title='AUW_Test_Case_dev.AUW_AboutUS.AboutUS()'><b>AboutUS</b><br>Test class: AUW_Test_Case_dev.AUW_AboutUS</td>
<td></td>
<td>125</td>
<td>AUW_Test_Case_dev.AUW_AboutUS@2ed94a8b</td></tr>
<tr>
<td title='Tradewel_Test_Cases_Development.comprehensive_Protection.Comprehensive()'><b>Comprehensive</b><br>Test class: Tradewel_Test_Cases_Development.comprehensive_Protection</td>
<td></td>
<td>247</td>
<td>Tradewel_Test_Cases_Development.comprehensive_Protection@3d8c7aca</td></tr>
<tr>
<td title='Warranty_Test_Case_Dev.Contact_US.ContactUS()'><b>ContactUS</b><br>Test class: Warranty_Test_Case_Dev.Contact_US</td>
<td></td>
<td>91</td>
<td>Warranty_Test_Case_Dev.Contact_US@1554909b</td></tr>
<tr>
<td title='AFL_Test_Cases_Dev.ContactUS_OutsideUS_dev.ContactUs_Page()'><b>ContactUs_Page</b><br>Test class: AFL_Test_Cases_Dev.ContactUS_OutsideUS_dev</td>
<td></td>
<td>28</td>
<td>AFL_Test_Cases_Dev.ContactUS_OutsideUS_dev@614c5515</td></tr>
<tr>
<td title='Promesa_Test_Case_Development.Footer.Footer()'><b>Footer</b><br>Test class: Promesa_Test_Case_Development.Footer</td>
<td></td>
<td>118</td>
<td>Promesa_Test_Case_Development.Footer@1324409e</td></tr>
<tr>
<td title='Speciality_underwriters_Test_Case_Dev.About_Us.Footer()'><b>Footer</b><br>Test class: Speciality_underwriters_Test_Case_Dev.About_Us</td>
<td></td>
<td>12</td>
<td>Speciality_underwriters_Test_Case_Dev.About_Us@5f2050f6</td></tr>
<tr>
<td title='Speciality_underwriters_Test_Case_Dev.Contact_US_TC.Footer()'><b>Footer</b><br>Test class: Speciality_underwriters_Test_Case_Dev.Contact_US_TC</td>
<td></td>
<td>20</td>
<td>Speciality_underwriters_Test_Case_Dev.Contact_US_TC@180bc464</td></tr>
<tr>
<td title='Speciality_underwriters_Test_Case_Dev.Home_TC.Footer()'><b>Footer</b><br>Test class: Speciality_underwriters_Test_Case_Dev.Home_TC</td>
<td></td>
<td>26</td>
<td>Speciality_underwriters_Test_Case_Dev.Home_TC@79b4d0f</td></tr>
<tr>
<td title='Speciality_underwriters_Test_Case_Dev.What_We_offer.Footer()'><b>Footer</b><br>Test class: Speciality_underwriters_Test_Case_Dev.What_We_offer</td>
<td></td>
<td>44</td>
<td>Speciality_underwriters_Test_Case_Dev.What_We_offer@246ae04d</td></tr>
<tr>
<td title='AFL_Test_Cases_Dev.Footer_TC_dev.Footer()'><b>Footer</b><br>Test class: AFL_Test_Cases_Dev.Footer_TC_dev</td>
<td></td>
<td>100</td>
<td>AFL_Test_Cases_Dev.Footer_TC_dev@6108b2d7</td></tr>
<tr>
<td title='AFL_Test_Cases_Dev.What_We_offer_OutSideUs_dev.Footer()'><b>Footer</b><br>Test class: AFL_Test_Cases_Dev.What_We_offer_OutSideUs_dev</td>
<td></td>
<td>484</td>
<td>AFL_Test_Cases_Dev.What_We_offer_OutSideUs_dev@60addb54</td></tr>
<tr>
<td title='Solution_one_Development.Footer_Develop.Footer()'><b>Footer</b><br>Test class: Solution_one_Development.Footer_Develop</td>
<td></td>
<td>142</td>
<td>Solution_one_Development.Footer_Develop@4cb2c100</td></tr>
<tr>
<td title='JumboGC_Test_case_Devlopment.Header_footer.Footer_Facebook()'><b>Footer_Facebook</b><br>Test class: JumboGC_Test_case_Devlopment.Header_footer</td>
<td></td>
<td>60</td>
<td>JumboGC_Test_case_Devlopment.Header_footer@6aaa5eb0</td></tr>
<tr>
<td title='JumboGC_Test_case_Devlopment.Header_footer.Footer_Instagram()'><b>Footer_Instagram</b><br>Test class: JumboGC_Test_case_Devlopment.Header_footer</td>
<td></td>
<td>34</td>
<td>JumboGC_Test_case_Devlopment.Header_footer@6aaa5eb0</td></tr>
<tr>
<td title='JumboGC_Test_case_Devlopment.Header_footer.Footer_Privacy()'><b>Footer_Privacy</b><br>Test class: JumboGC_Test_case_Devlopment.Header_footer</td>
<td></td>
<td>60</td>
<td>JumboGC_Test_case_Devlopment.Header_footer@6aaa5eb0</td></tr>
<tr>
<td title='JumboGC_Test_case_Devlopment.Header_footer.Footer_linkedIN()'><b>Footer_linkedIN</b><br>Test class: JumboGC_Test_case_Devlopment.Header_footer</td>
<td></td>
<td>41</td>
<td>JumboGC_Test_case_Devlopment.Header_footer@6aaa5eb0</td></tr>
<tr>
<td title='JumboGC_Test_case_Devlopment.Header_footer.Header_Login()'><b>Header_Login</b><br>Test class: JumboGC_Test_case_Devlopment.Header_footer</td>
<td></td>
<td>32</td>
<td>JumboGC_Test_case_Devlopment.Header_footer@6aaa5eb0</td></tr>
<tr>
<td title='AUW_Global_Test_Cases_Development.Home_Page_TC.HomePage()'><b>HomePage</b><br>Test class: AUW_Global_Test_Cases_Development.Home_Page_TC</td>
<td></td>
<td>20</td>
<td>AUW_Global_Test_Cases_Development.Home_Page_TC@1a407d53</td></tr>
<tr>
<td title='Casuality_Dev_TC.Home_page.HomePage()'><b>HomePage</b><br>Test class: Casuality_Dev_TC.Home_page</td>
<td></td>
<td>82</td>
<td>Casuality_Dev_TC.Home_page@3498ed</td></tr>
<tr>
<td title='Casuality_Dev_TC.Menu_Contact_Us.HomePage()'><b>HomePage</b><br>Test class: Casuality_Dev_TC.Menu_Contact_Us</td>
<td></td>
<td>25</td>
<td>Casuality_Dev_TC.Menu_Contact_Us@13fee20c</td></tr>
<tr>
<td title='Casuality_Dev_TC.Menu_About_US.HomePage()'><b>HomePage</b><br>Test class: Casuality_Dev_TC.Menu_About_US</td>
<td></td>
<td>52</td>
<td>Casuality_Dev_TC.Menu_About_US@4e04a765</td></tr>
<tr>
<td title='Credit_Global_Test_Cases_Dev.Home_TC.HomePage_Header_ContactUS_btn()'><b>HomePage_Header_ContactUS_btn</b><br>Test class: Credit_Global_Test_Cases_Dev.Home_TC</td>
<td></td>
<td>22</td>
<td>Credit_Global_Test_Cases_Dev.Home_TC@17550481</td></tr>
<tr>
<td title='Credit_Global_Test_Cases_Dev.Home_TC.HomePage_Header_Our_approach()'><b>HomePage_Header_Our_approach</b><br>Test class: Credit_Global_Test_Cases_Dev.Home_TC</td>
<td></td>
<td>19</td>
<td>Credit_Global_Test_Cases_Dev.Home_TC@17550481</td></tr>
<tr>
<td title='Credit_Global_Test_Cases_Dev.Home_TC.HomePage_Header_What_weDo()'><b>HomePage_Header_What_weDo</b><br>Test class: Credit_Global_Test_Cases_Dev.Home_TC</td>
<td></td>
<td>10</td>
<td>Credit_Global_Test_Cases_Dev.Home_TC@17550481</td></tr>
<tr>
<td title='Credit_Global_Test_Cases_Dev.Forgot_Password.HomePage_Header_login()'><b>HomePage_Header_login</b><br>Test class: Credit_Global_Test_Cases_Dev.Forgot_Password</td>
<td></td>
<td>12</td>
<td>Credit_Global_Test_Cases_Dev.Forgot_Password@3f2a3a5</td></tr>
<tr>
<td title='Credit_Global_Test_Cases_Dev.What_we_Do_TC.HomePage_Header_login()'><b>HomePage_Header_login</b><br>Test class: Credit_Global_Test_Cases_Dev.What_we_Do_TC</td>
<td></td>
<td>47</td>
<td>Credit_Global_Test_Cases_Dev.What_we_Do_TC@edf4efb</td></tr>
<tr>
<td title='Credit_Global_Test_Cases_Dev.Home_TC.HomePage_Header_login()'><b>HomePage_Header_login</b><br>Test class: Credit_Global_Test_Cases_Dev.Home_TC</td>
<td></td>
<td>14</td>
<td>Credit_Global_Test_Cases_Dev.Home_TC@17550481</td></tr>
<tr>
<td title='AFL_Test_Cases_Dev.HomePage_TC_dev.Home_Page()'><b>Home_Page</b><br>Test class: AFL_Test_Cases_Dev.HomePage_TC_dev</td>
<td></td>
<td>213</td>
<td>AFL_Test_Cases_Dev.HomePage_TC_dev@42d3bd8b</td></tr>
<tr>
<td title='Warranty_Test_Case_Dev.About_US.Home_page()'><b>Home_page</b><br>Test class: Warranty_Test_Case_Dev.About_US</td>
<td></td>
<td>40</td>
<td>Warranty_Test_Case_Dev.About_US@380fb434</td></tr>
<tr>
<td title='Warranty_Test_Case_Dev.HomePage_Testcase.Home_page()'><b>Home_page</b><br>Test class: Warranty_Test_Case_Dev.HomePage_Testcase</td>
<td></td>
<td>411</td>
<td>Warranty_Test_Case_Dev.HomePage_Testcase@2ef9b8bc</td></tr>
<tr>
<td title='AUW_Global_Test_Cases_Development.LearnMore_TC.LearnMore()'><b>LearnMore</b><br>Test class: AUW_Global_Test_Cases_Development.LearnMore_TC</td>
<td></td>
<td>17</td>
<td>AUW_Global_Test_Cases_Development.LearnMore_TC@783e6358</td></tr>
<tr>
<td title='AUW_Global_Test_Cases_Development.Home_More.More_button()'><b>More_button</b><br>Test class: AUW_Global_Test_Cases_Development.Home_More</td>
<td></td>
<td>82</td>
<td>AUW_Global_Test_Cases_Development.Home_More@21bcffb5</td></tr>
<tr>
<td title='Warranty_Test_Case_Dev.NewsEvents.NewsEvents()'><b>NewsEvents</b><br>Test class: Warranty_Test_Case_Dev.NewsEvents</td>
<td></td>
<td>187</td>
<td>Warranty_Test_Case_Dev.NewsEvents@13969fbe</td></tr>
<tr>
<td title='Warranty_Test_Case_Dev.Our_Partner.Partner1()'><b>Partner1</b><br>Test class: Warranty_Test_Case_Dev.Our_Partner</td>
<td></td>
<td>108</td>
<td>Warranty_Test_Case_Dev.Our_Partner@dfd3711</td></tr>
<tr>
<td title='Warranty_Test_Case_Dev.Our_Partner.Partner2()'><b>Partner2</b><br>Test class: Warranty_Test_Case_Dev.Our_Partner</td>
<td></td>
<td>133</td>
<td>Warranty_Test_Case_Dev.Our_Partner@dfd3711</td></tr>
<tr>
<td title='Warranty_Test_Case_Dev.Our_Partner.Partner3()'><b>Partner3</b><br>Test class: Warranty_Test_Case_Dev.Our_Partner</td>
<td></td>
<td>130</td>
<td>Warranty_Test_Case_Dev.Our_Partner@dfd3711</td></tr>
<tr>
<td title='Warranty_Test_Case_Dev.Our_Partner.Partner4()'><b>Partner4</b><br>Test class: Warranty_Test_Case_Dev.Our_Partner</td>
<td></td>
<td>117</td>
<td>Warranty_Test_Case_Dev.Our_Partner@dfd3711</td></tr>
<tr>
<td title='Warranty_Test_Case_Dev.Our_Partner.Partner5()'><b>Partner5</b><br>Test class: Warranty_Test_Case_Dev.Our_Partner</td>
<td></td>
<td>99</td>
<td>Warranty_Test_Case_Dev.Our_Partner@dfd3711</td></tr>
<tr>
<td title='Warranty_Test_Case_Dev.Our_Partner.Partner6()'><b>Partner6</b><br>Test class: Warranty_Test_Case_Dev.Our_Partner</td>
<td></td>
<td>139</td>
<td>Warranty_Test_Case_Dev.Our_Partner@dfd3711</td></tr>
<tr>
<td title='AUW_Test_Case_dev.Practices_AgentsBrokers.Practices_AgentsBrokers()'><b>Practices_AgentsBrokers</b><br>Test class: AUW_Test_Case_dev.Practices_AgentsBrokers</td>
<td></td>
<td>84</td>
<td>AUW_Test_Case_dev.Practices_AgentsBrokers@35f983a6</td></tr>
<tr>
<td title='AUW_Test_Case_dev.Practices_CustomerSeekingCoverage.Practices_CustomerSeekingCoverage()'><b>Practices_CustomerSeekingCoverage</b><br>Test class: AUW_Test_Case_dev.Practices_CustomerSeekingCoverage</td>
<td></td>
<td>294</td>
<td>AUW_Test_Case_dev.Practices_CustomerSeekingCoverage@64616ca2</td></tr>
<tr>
<td title='Careers_Test_case_Development.Side_Heading1.Side_Heading()'><b>Side_Heading</b><br>Test class: Careers_Test_case_Development.Side_Heading1</td>
<td></td>
<td>279</td>
<td>Careers_Test_case_Development.Side_Heading1@566776ad</td></tr>
<tr>
<td title='Promesa_Test_Case_Development.Side_Heading_One.Side_Heading_One()'><b>Side_Heading_One</b><br>Test class: Promesa_Test_Case_Development.Side_Heading_One</td>
<td></td>
<td>44</td>
<td>Promesa_Test_Case_Development.Side_Heading_One@3b81a1bc</td></tr>
<tr>
<td title='Promesa_Test_Case_Development.Pharmacy_search.Side_Heading_One()'><b>Side_Heading_One</b><br>Test class: Promesa_Test_Case_Development.Pharmacy_search</td>
<td></td>
<td>168</td>
<td>Promesa_Test_Case_Development.Pharmacy_search@2f7a2457</td></tr>
<tr>
<td title='Solution_one_Development.Side_head_sample.Side_Heading_Three()'><b>Side_Heading_Three</b><br>Test class: Solution_one_Development.Side_head_sample</td>
<td></td>
<td>123</td>
<td>Solution_one_Development.Side_head_sample@735f7ae5</td></tr>
<tr>
<td title='JumboGC_Test_case_Devlopment.Side_Heading.Side_heading()'><b>Side_heading</b><br>Test class: JumboGC_Test_case_Devlopment.Side_Heading</td>
<td></td>
<td>231</td>
<td>JumboGC_Test_case_Devlopment.Side_Heading@62043840</td></tr>
<tr>
<td title='Promesa_Test_Case_Development.FAQ.Siheading_2()'><b>Siheading_2</b><br>Test class: Promesa_Test_Case_Development.FAQ</td>
<td></td>
<td>32</td>
<td>Promesa_Test_Case_Development.FAQ@5315b42e</td></tr>
<tr>
<td title='Promesa_Test_Case_Development.Side_Heading_Two.Siheading_2()'><b>Siheading_2</b><br>Test class: Promesa_Test_Case_Development.Side_Heading_Two</td>
<td></td>
<td>31</td>
<td>Promesa_Test_Case_Development.Side_Heading_Two@6fb554cc</td></tr>
<tr>
<td title='Pinnacle_Test_Cases_Development.WatsNew.WhatsNew()'><b>WhatsNew</b><br>Test class: Pinnacle_Test_Cases_Development.WatsNew</td>
<td></td>
<td>524</td>
<td>Pinnacle_Test_Cases_Development.WatsNew@2c6a3f77</td></tr>
<tr>
<td title='AUW_Test_Case_dev.AUW_header_web_Development.main()'><b>main</b><br>Test class: AUW_Test_Case_dev.AUW_header_web_Development</td>
<td></td>
<td>53</td>
<td>AUW_Test_Case_dev.AUW_header_web_Development@5d624da6</td></tr>
<tr>
<td title='AUW_Test_Case_dev.AUW_PPP.main()'><b>main</b><br>Test class: AUW_Test_Case_dev.AUW_PPP</td>
<td></td>
<td>22</td>
<td>AUW_Test_Case_dev.AUW_PPP@38082d64</td></tr>
<tr>
<td title='AUW_Test_Case_dev.AUW_CallUpdate.main()'><b>main</b><br>Test class: AUW_Test_Case_dev.AUW_CallUpdate</td>
<td></td>
<td>59</td>
<td>AUW_Test_Case_dev.AUW_CallUpdate@1e67b872</td></tr>
<tr>
<td title='AUW_Test_Case_dev.AUW_NJ_Update.main()'><b>main</b><br>Test class: AUW_Test_Case_dev.AUW_NJ_Update</td>
<td></td>
<td>58</td>
<td>AUW_Test_Case_dev.AUW_NJ_Update@22f71333</td></tr>
<tr>
<td title='AUW_Test_Case_dev.AUW_Intelligence_TC.main()'><b>main</b><br>Test class: AUW_Test_Case_dev.AUW_Intelligence_TC</td>
<td></td>
<td>104</td>
<td>AUW_Test_Case_dev.AUW_Intelligence_TC@6bf256fa</td></tr>
<tr>
<td title='AUW_Test_Case_dev.AUW_Experience.main()'><b>main</b><br>Test class: AUW_Test_Case_dev.AUW_Experience</td>
<td></td>
<td>368</td>
<td>AUW_Test_Case_dev.AUW_Experience@668bc3d5</td></tr>
<tr>
<td title='AFL_Test_Cases_Dev.AboutUS_OutsideUS_dev.main_Home_Page()'><b>main_Home_Page</b><br>Test class: AFL_Test_Cases_Dev.AboutUS_OutsideUS_dev</td>
<td></td>
<td>31</td>
<td>AFL_Test_Cases_Dev.AboutUS_OutsideUS_dev@6b2fad11</td></tr>
<tr>
<td title='Adler_TestCases_Development.Home.main_Home_Page()'><b>main_Home_Page</b><br>Test class: Adler_TestCases_Development.Home</td>
<td></td>
<td>25</td>
<td>Adler_TestCases_Development.Home@73f792cf</td></tr>
<tr>
<td title='Adler_TestCases_Development.News.main_Home_Page()'><b>main_Home_Page</b><br>Test class: Adler_TestCases_Development.News</td>
<td></td>
<td>171</td>
<td>Adler_TestCases_Development.News@26ba2a48</td></tr>
<tr>
<td title='Pinnacle_Test_Cases_Development.HomePage_TC.main_Home_Page()'><b>main_Home_Page</b><br>Test class: Pinnacle_Test_Cases_Development.HomePage_TC</td>
<td></td>
<td>65</td>
<td>Pinnacle_Test_Cases_Development.HomePage_TC@7a5d012c</td></tr>
<tr>
<td title='Tradewel_Test_Cases_Development.About_US.main_Home_Page()'><b>main_Home_Page</b><br>Test class: Tradewel_Test_Cases_Development.About_US</td>
<td></td>
<td>54</td>
<td>Tradewel_Test_Cases_Development.About_US@3fb6a447</td></tr>
<tr>
<td title='Warranty_Test_Case_Dev.Partner_With_US.partner()'><b>partner</b><br>Test class: Warranty_Test_Case_Dev.Partner_With_US</td>
<td></td>
<td>18</td>
<td>Warranty_Test_Case_Dev.Partner_With_US@3cda1055</td></tr>
</table><p>
</body>
</html>