<?xml version="1.0" encoding="UTF-8"?>
<!-- Generated by org.testng.reporters.JUnitXMLReporter -->
<testsuite hostname="DESKTOP-N7K85DJ" name="Chrome_Developmet" tests="66" failures="3" timestamp="10 Feb 2022 12:45:24 GMT" time="2373.638" errors="0">
  <testcase name="main" time="53.153" classname="AUW_Test_Case_dev.AUW_header_web_Development"/>
  <testcase name="AboutUS" time="125.057" classname="AUW_Test_Case_dev.AUW_AboutUS"/>
  <testcase name="main" time="22.864" classname="AUW_Test_Case_dev.AUW_PPP"/>
  <testcase name="AUW_Footer" time="145.817" classname="AUW_Test_Case_dev.AUW_Footer_Development"/>
  <testcase name="main" time="59.35" classname="AUW_Test_Case_dev.AUW_CallUpdate"/>
  <testcase name="main" time="58.545" classname="AUW_Test_Case_dev.AUW_NJ_Update"/>
  <testcase name="main" time="104.285" classname="AUW_Test_Case_dev.AUW_Intelligence_TC"/>
  <testcase name="LearnMore" time="17.61" classname="AUW_Global_Test_Cases_Development.LearnMore_TC"/>
  <testcase name="Practices_AgentsBrokers" time="84.717" classname="AUW_Test_Case_dev.Practices_AgentsBrokers"/>
  <testcase name="HomePage" time="20.929" classname="AUW_Global_Test_Cases_Development.Home_Page_TC"/>
  <testcase name="main" time="368.188" classname="AUW_Test_Case_dev.AUW_Experience"/>
  <testcase name="Siheading_2" time="32.273" classname="Promesa_Test_Case_Development.FAQ"/>
  <testcase name="More_button" time="82.876" classname="AUW_Global_Test_Cases_Development.Home_More"/>
  <testcase name="Side_Heading_One" time="44.84" classname="Promesa_Test_Case_Development.Side_Heading_One"/>
  <testcase name="Practices_CustomerSeekingCoverage" time="294.9" classname="AUW_Test_Case_dev.Practices_CustomerSeekingCoverage"/>
  <testcase name="Footer" time="118.829" classname="Promesa_Test_Case_Development.Footer"/>
  <testcase name="Change_Language" time="6.767" classname="Promesa_Test_Case_Development.Change_language">
    <failure type="org.openqa.selenium.ElementClickInterceptedException" message="element click intercepted: Element &amp;lt;div class=&amp;quot;MuiSelect-root jss160 jss12 MuiSelect-select MuiSelect-selectMenu MuiInputBase-input MuiInput-input&amp;quot; tabindex=&amp;quot;0&amp;quot; role=&amp;quot;button&amp;quot; aria-haspopup=&amp;quot;listbox&amp;quot;&amp;gt;...&amp;lt;/div&amp;gt; is not clickable at point (1271, 40). Other element would receive the click: &amp;lt;div class=&amp;quot;MuiBackdrop-root jss159&amp;quot; aria-hidden=&amp;quot;true&amp;quot; style=&amp;quot;opacity: 1; transition: opacity 400ms cubic-bezier(0.4, 0, 0.2, 1) 0ms;&amp;quot;&amp;gt;...&amp;lt;/div&amp;gt;
  (Session info: chrome=97.0.4692.99)
Build info: version: &amp;apos;3.141.59&amp;apos;, revision: &amp;apos;e82be7d358&amp;apos;, time: &amp;apos;2018-11-14T08:17:03&amp;apos;
System info: host: &amp;apos;DESKTOP-N7K85DJ&amp;apos;, ip: &amp;apos;192.168.1.4&amp;apos;, os.name: &amp;apos;Windows 10&amp;apos;, os.arch: &amp;apos;amd64&amp;apos;, os.version: &amp;apos;10.0&amp;apos;, java.version: &amp;apos;1.8.0_291&amp;apos;
Driver info: org.openqa.selenium.chrome.ChromeDriver
Capabilities {acceptInsecureCerts: false, browserName: chrome, browserVersion: 97.0.4692.99, chrome: {chromedriverVersion: 96.0.4664.45 (76e4c1bb2ab46..., userDataDir: C:\Users\Sweta\AppData\Loca...}, goog:chromeOptions: {debuggerAddress: localhost:49317}, javascriptEnabled: true, networkConnectionEnabled: false, pageLoadStrategy: normal, platform: WINDOWS, platformName: WINDOWS, proxy: Proxy(), setWindowRect: true, strictFileInteractability: false, timeouts: {implicit: 0, pageLoad: 300000, script: 30000}, unhandledPromptBehavior: dismiss and notify, webauthn:extension:credBlob: true, webauthn:extension:largeBlob: true, webauthn:virtualAuthenticators: true}
Session ID: 826e4d26783d0938d280b60707f6d162">
      <![CDATA[org.openqa.selenium.ElementClickInterceptedException: element click intercepted: Element <div class="MuiSelect-root jss160 jss12 MuiSelect-select MuiSelect-selectMenu MuiInputBase-input MuiInput-input" tabindex="0" role="button" aria-haspopup="listbox">...</div> is not clickable at point (1271, 40). Other element would receive the click: <div class="MuiBackdrop-root jss159" aria-hidden="true" style="opacity: 1; transition: opacity 400ms cubic-bezier(0.4, 0, 0.2, 1) 0ms;">...</div>
  (Session info: chrome=97.0.4692.99)
Build info: version: '3.141.59', revision: 'e82be7d358', time: '2018-11-14T08:17:03'
System info: host: 'DESKTOP-N7K85DJ', ip: '192.168.1.4', os.name: 'Windows 10', os.arch: 'amd64', os.version: '10.0', java.version: '1.8.0_291'
Driver info: org.openqa.selenium.chrome.ChromeDriver
Capabilities {acceptInsecureCerts: false, browserName: chrome, browserVersion: 97.0.4692.99, chrome: {chromedriverVersion: 96.0.4664.45 (76e4c1bb2ab46..., userDataDir: C:\Users\Sweta\AppData\Loca...}, goog:chromeOptions: {debuggerAddress: localhost:49317}, javascriptEnabled: true, networkConnectionEnabled: false, pageLoadStrategy: normal, platform: WINDOWS, platformName: WINDOWS, proxy: Proxy(), setWindowRect: true, strictFileInteractability: false, timeouts: {implicit: 0, pageLoad: 300000, script: 30000}, unhandledPromptBehavior: dismiss and notify, webauthn:extension:credBlob: true, webauthn:extension:largeBlob: true, webauthn:virtualAuthenticators: true}
Session ID: 826e4d26783d0938d280b60707f6d162
	at org.openqa.selenium.remote.http.W3CHttpResponseCodec.createException(W3CHttpResponseCodec.java:187)
	at org.openqa.selenium.remote.http.W3CHttpResponseCodec.decode(W3CHttpResponseCodec.java:122)
	at org.openqa.selenium.remote.http.W3CHttpResponseCodec.decode(W3CHttpResponseCodec.java:49)
	at org.openqa.selenium.remote.HttpCommandExecutor.execute(HttpCommandExecutor.java:158)
	at org.openqa.selenium.remote.service.DriverCommandExecutor.execute(DriverCommandExecutor.java:83)
	at org.openqa.selenium.remote.RemoteWebDriver.execute(RemoteWebDriver.java:552)
	at org.openqa.selenium.remote.RemoteWebElement.execute(RemoteWebElement.java:285)
	at org.openqa.selenium.remote.RemoteWebElement.click(RemoteWebElement.java:84)
	at Promesa_Pages.Home.Language_Change_English(Home.java:111)
	at Promesa_Test_Case_Development.Change_language.Change_Language(Change_language.java:18)
	at java.util.concurrent.ThreadPoolExecutor.runWorker(ThreadPoolExecutor.java:1149)
	at java.util.concurrent.ThreadPoolExecutor$Worker.run(ThreadPoolExecutor.java:624)
	at java.lang.Thread.run(Thread.java:748)
... Removed 14 stack frames]]>
    </failure>
  </testcase> <!-- Change_Language -->
  <testcase name="Siheading_2" time="31.21" classname="Promesa_Test_Case_Development.Side_Heading_Two"/>
  <testcase name="Footer" time="12.748" classname="Speciality_underwriters_Test_Case_Dev.About_Us"/>
  <testcase name="Footer" time="20.609" classname="Speciality_underwriters_Test_Case_Dev.Contact_US_TC"/>
  <testcase name="Side_Heading_One" time="168.603" classname="Promesa_Test_Case_Development.Pharmacy_search"/>
  <testcase name="Footer" time="26.762" classname="Speciality_underwriters_Test_Case_Dev.Home_TC"/>
  <testcase name="ContactUs_Page" time="28.789" classname="AFL_Test_Cases_Dev.ContactUS_OutsideUS_dev"/>
  <testcase name="Footer" time="44.195" classname="Speciality_underwriters_Test_Case_Dev.What_We_offer"/>
  <testcase name="main_Home_Page" time="31.56" classname="AFL_Test_Cases_Dev.AboutUS_OutsideUS_dev"/>
  <testcase name="main_Home_Page" time="25.228" classname="Adler_TestCases_Development.Home"/>
  <testcase name="Footer" time="100.249" classname="AFL_Test_Cases_Dev.Footer_TC_dev"/>
  <testcase name="Home_Page" time="213.306" classname="AFL_Test_Cases_Dev.HomePage_TC_dev"/>
  <testcase name="main_Home_Page" time="171.059" classname="Adler_TestCases_Development.News"/>
  <testcase name="Side_Heading" time="279.537" classname="Careers_Test_case_Development.Side_Heading1"/>
  <testcase name="Footer" time="484.475" classname="AFL_Test_Cases_Dev.What_We_offer_OutSideUs_dev"/>
  <testcase name="AUW_Footer" time="211.339" classname="Careers_Test_case_Development.Footer"/>
  <testcase name="HomePage_Header_ContactUS_btn" time="22.945" classname="Credit_Global_Test_Cases_Dev.Home_TC"/>
  <testcase name="HomePage_Header_login" time="12.05" classname="Credit_Global_Test_Cases_Dev.Forgot_Password"/>
  <testcase name="main_Home_Page" time="65.878" classname="Pinnacle_Test_Cases_Development.HomePage_TC"/>
  <testcase name="HomePage_Header_Our_approach" time="19.921" classname="Credit_Global_Test_Cases_Dev.Home_TC"/>
  <testcase name="HomePage_Header_login" time="47.718" classname="Credit_Global_Test_Cases_Dev.What_we_Do_TC"/>
  <testcase name="HomePage_Header_What_weDo" time="10.2" classname="Credit_Global_Test_Cases_Dev.Home_TC"/>
  <testcase name="HomePage_Header_login" time="14.393" classname="Credit_Global_Test_Cases_Dev.Home_TC"/>
  <testcase name="ContactUS" time="91.075" classname="Warranty_Test_Case_Dev.Contact_US"/>
  <testcase name="Partner1" time="108.124" classname="Warranty_Test_Case_Dev.Our_Partner"/>
  <testcase name="partner" time="18.229" classname="Warranty_Test_Case_Dev.Partner_With_US"/>
  <testcase name="Home_page" time="40.551" classname="Warranty_Test_Case_Dev.About_US"/>
  <testcase name="WhatsNew" time="524.458" classname="Pinnacle_Test_Cases_Development.WatsNew"/>
  <testcase name="Partner2" time="133.389" classname="Warranty_Test_Case_Dev.Our_Partner"/>
  <testcase name="Home_page" time="411.218" classname="Warranty_Test_Case_Dev.HomePage_Testcase"/>
  <testcase name="Side_Heading_Three" time="123.724" classname="Solution_one_Development.Side_head_sample"/>
  <testcase name="Partner3" time="130.738" classname="Warranty_Test_Case_Dev.Our_Partner"/>
  <testcase name="NewsEvents" time="187.931" classname="Warranty_Test_Case_Dev.NewsEvents"/>
  <testcase name="Footer_Facebook" time="60.767" classname="JumboGC_Test_case_Devlopment.Header_footer"/>
  <testcase name="Footer" time="142.382" classname="Solution_one_Development.Footer_Develop"/>
  <testcase name="Partner4" time="117.657" classname="Warranty_Test_Case_Dev.Our_Partner"/>
  <testcase name="Footer_Instagram" time="34.279" classname="JumboGC_Test_case_Devlopment.Header_footer"/>
  <testcase name="main_Home_Page" time="54.131" classname="Tradewel_Test_Cases_Development.About_US"/>
  <testcase name="Partner5" time="99.58" classname="Warranty_Test_Case_Dev.Our_Partner"/>
  <testcase name="Side_heading" time="231.923" classname="JumboGC_Test_case_Devlopment.Side_Heading"/>
  <testcase name="Footer_Privacy" time="60.549" classname="JumboGC_Test_case_Devlopment.Header_footer"/>
  <testcase name="Partner6" time="139.846" classname="Warranty_Test_Case_Dev.Our_Partner"/>
  <testcase name="HomePage" time="82.229" classname="Casuality_Dev_TC.Home_page"/>
  <testcase name="Footer_linkedIN" time="41.293" classname="JumboGC_Test_case_Devlopment.Header_footer"/>
  <testcase name="HomePage" time="40.069" classname="Casuality_Dev_TC.Menu_Press_Room">
    <failure type="java.lang.AssertionError" message="expected [QBE Lawsuits against Former Individual Employees and against Applied Underwriters, their New Employer, Termed “Meritless” by Applied’s General Counsel] but found [placeholder title]">
      <![CDATA[java.lang.AssertionError: expected [QBE Lawsuits against Former Individual Employees and against Applied Underwriters, their New Employer, Termed “Meritless” by Applied’s General Counsel] but found [placeholder title]
	at Casuality_pages.Menu_PressRoom.text_1(Menu_PressRoom.java:94)
	at Casuality_Dev_TC.Menu_Press_Room.HomePage(Menu_Press_Room.java:21)
	at java.util.concurrent.ThreadPoolExecutor.runWorker(ThreadPoolExecutor.java:1149)
	at java.util.concurrent.ThreadPoolExecutor$Worker.run(ThreadPoolExecutor.java:624)
	at java.lang.Thread.run(Thread.java:748)
... Removed 15 stack frames]]>
    </failure>
  </testcase> <!-- HomePage -->
  <testcase name="Carriers" time="32.131" classname="Casuality_Dev_TC.Menu_Our_Carriers">
    <failure type="org.openqa.selenium.ElementClickInterceptedException" message="element click intercepted: Element &amp;lt;a href=&amp;quot;https://www..../home/default.aspx&amp;quot; target=&amp;quot;_blank&amp;quot; rel=&amp;quot;noreferrer noopener&amp;quot;&amp;gt;ambest.com&amp;lt;/a&amp;gt; is not clickable at point (499, 8). Other element would receive the click: &amp;lt;div class=&amp;quot;jss40 jss23&amp;quot;&amp;gt;...&amp;lt;/div&amp;gt;
  (Session info: chrome=97.0.4692.99)
Build info: version: &amp;apos;3.141.59&amp;apos;, revision: &amp;apos;e82be7d358&amp;apos;, time: &amp;apos;2018-11-14T08:17:03&amp;apos;
System info: host: &amp;apos;DESKTOP-N7K85DJ&amp;apos;, ip: &amp;apos;192.168.1.4&amp;apos;, os.name: &amp;apos;Windows 10&amp;apos;, os.arch: &amp;apos;amd64&amp;apos;, os.version: &amp;apos;10.0&amp;apos;, java.version: &amp;apos;1.8.0_291&amp;apos;
Driver info: org.openqa.selenium.chrome.ChromeDriver
Capabilities {acceptInsecureCerts: false, browserName: chrome, browserVersion: 97.0.4692.99, chrome: {chromedriverVersion: 96.0.4664.45 (76e4c1bb2ab46..., userDataDir: C:\Users\Sweta\AppData\Loca...}, goog:chromeOptions: {debuggerAddress: localhost:51635}, javascriptEnabled: true, networkConnectionEnabled: false, pageLoadStrategy: normal, platform: WINDOWS, platformName: WINDOWS, proxy: Proxy(), setWindowRect: true, strictFileInteractability: false, timeouts: {implicit: 0, pageLoad: 300000, script: 30000}, unhandledPromptBehavior: dismiss and notify, webauthn:extension:credBlob: true, webauthn:extension:largeBlob: true, webauthn:virtualAuthenticators: true}
Session ID: 7936fcba2a5b1e9579fbe89c0d3b5049">
      <![CDATA[org.openqa.selenium.ElementClickInterceptedException: element click intercepted: Element <a href="https://www..../home/default.aspx" target="_blank" rel="noreferrer noopener">ambest.com</a> is not clickable at point (499, 8). Other element would receive the click: <div class="jss40 jss23">...</div>
  (Session info: chrome=97.0.4692.99)
Build info: version: '3.141.59', revision: 'e82be7d358', time: '2018-11-14T08:17:03'
System info: host: 'DESKTOP-N7K85DJ', ip: '192.168.1.4', os.name: 'Windows 10', os.arch: 'amd64', os.version: '10.0', java.version: '1.8.0_291'
Driver info: org.openqa.selenium.chrome.ChromeDriver
Capabilities {acceptInsecureCerts: false, browserName: chrome, browserVersion: 97.0.4692.99, chrome: {chromedriverVersion: 96.0.4664.45 (76e4c1bb2ab46..., userDataDir: C:\Users\Sweta\AppData\Loca...}, goog:chromeOptions: {debuggerAddress: localhost:51635}, javascriptEnabled: true, networkConnectionEnabled: false, pageLoadStrategy: normal, platform: WINDOWS, platformName: WINDOWS, proxy: Proxy(), setWindowRect: true, strictFileInteractability: false, timeouts: {implicit: 0, pageLoad: 300000, script: 30000}, unhandledPromptBehavior: dismiss and notify, webauthn:extension:credBlob: true, webauthn:extension:largeBlob: true, webauthn:virtualAuthenticators: true}
Session ID: 7936fcba2a5b1e9579fbe89c0d3b5049
	at org.openqa.selenium.remote.http.W3CHttpResponseCodec.createException(W3CHttpResponseCodec.java:187)
	at org.openqa.selenium.remote.http.W3CHttpResponseCodec.decode(W3CHttpResponseCodec.java:122)
	at org.openqa.selenium.remote.http.W3CHttpResponseCodec.decode(W3CHttpResponseCodec.java:49)
	at org.openqa.selenium.remote.HttpCommandExecutor.execute(HttpCommandExecutor.java:158)
	at org.openqa.selenium.remote.service.DriverCommandExecutor.execute(DriverCommandExecutor.java:83)
	at org.openqa.selenium.remote.RemoteWebDriver.execute(RemoteWebDriver.java:552)
	at org.openqa.selenium.remote.RemoteWebElement.execute(RemoteWebElement.java:285)
	at org.openqa.selenium.remote.RemoteWebElement.click(RemoteWebElement.java:84)
	at Casuality_pages.Menu_Carriers.Ambest(Menu_Carriers.java:55)
	at Casuality_Dev_TC.Menu_Our_Carriers.Carriers(Menu_Our_Carriers.java:19)
	at java.util.concurrent.ThreadPoolExecutor.runWorker(ThreadPoolExecutor.java:1149)
	at java.util.concurrent.ThreadPoolExecutor$Worker.run(ThreadPoolExecutor.java:624)
	at java.lang.Thread.run(Thread.java:748)
... Removed 14 stack frames]]>
    </failure>
  </testcase> <!-- Carriers -->
  <testcase name="Header_Login" time="32.093" classname="JumboGC_Test_case_Devlopment.Header_footer"/>
  <testcase name="HomePage" time="25.978" classname="Casuality_Dev_TC.Menu_Contact_Us"/>
  <testcase name="Comprehensive" time="247.719" classname="Tradewel_Test_Cases_Development.comprehensive_Protection"/>
  <testcase name="HomePage" time="52.087" classname="Casuality_Dev_TC.Menu_About_US"/>
</testsuite> <!-- Chrome_Developmet -->
