<?xml version="1.0" encoding="UTF-8"?>
<!-- Generated by org.testng.reporters.JUnitXMLReporter -->
<testsuite hostname="DESKTOP-N7K85DJ" name="Chrome_Prod" tests="72" failures="0" timestamp="4 Jan 2022 14:50:05 GMT" time="1422.089" errors="0">
  <testcase name="main" time="59.798" classname="AUW_Test_case_prod.AUW_CallUpdate"/>
  <testcase name="AboutUS" time="81.988" classname="AUW_Test_case_prod.AUW_AboutUS"/>
  <testcase name="main" time="99.186" classname="AUW_Test_case_prod.AUW_Intelligence_TC"/>
  <testcase name="AUW_Footer" time="106.734" classname="AUW_Test_case_prod.AUW_Footer_Prod"/>
  <testcase name="main" time="38.753" classname="AUW_Test_case_prod.AUW_NJ_Update"/>
  <testcase name="main" time="35.013" classname="AUW_Test_case_prod.AUW_PPP"/>
  <testcase name="main" time="46.514" classname="AUW_Test_case_prod.AUW_header_web_Prod"/>
  <testcase name="Practices_AgentsBrokers" time="103.497" classname="AUW_Test_case_prod.Practices_AgentsBrokers"/>
  <testcase name="More_button" time="78.088" classname="AUW_Global_Test_Cases_Prod.Home_More"/>
  <testcase name="LearnMore" time="13.162" classname="AUW_Global_Test_Cases_Prod.LearnMore_TC"/>
  <testcase name="HomePage" time="15.866" classname="AUW_Global_Test_Cases_Prod.Home_Page_TC"/>
  <testcase name="Siheading_2" time="24.077" classname="Promesa_Test_Case_Prod.FAQ"/>
  <testcase name="Change_Language" time="3.675" classname="Promesa_Test_Case_Prod.Change_language"/>
  <testcase name="Footer_PrivacyPolicy" time="20.233" classname="Promesa_Test_Case_Prod.Footer"/>
  <testcase name="Footer_facebook" time="20.022" classname="Promesa_Test_Case_Prod.Footer"/>
  <testcase name="Footer_instagram" time="6.588" classname="Promesa_Test_Case_Prod.Footer"/>
  <testcase name="Side_Heading_One" time="130.309" classname="Promesa_Test_Case_Prod.Pharmacy_search"/>
  <testcase name="Footer_linkedin" time="7.755" classname="Promesa_Test_Case_Prod.Footer"/>
  <testcase name="main" time="335.077" classname="AUW_Test_case_prod.AUW_Experience"/>
  <testcase name="Practices_CustomerSeekingCoverage" time="250.189" classname="AUW_Test_case_prod.Practices_CustomerSeekingCoverage"/>
  <testcase name="Footer_twitter" time="7.039" classname="Promesa_Test_Case_Prod.Footer"/>
  <testcase name="Side_Heading_One" time="38.674" classname="Promesa_Test_Case_Prod.Side_Heading_One"/>
  <testcase name="Siheading_2" time="19.648" classname="Promesa_Test_Case_Prod.Side_Heading_Two"/>
  <testcase name="Heading1" time="38.178" classname="MTL_Test_Cases_Prod.What_we_offer1_TC"/>
  <testcase name="More_offers" time="35.908" classname="MTL_Test_Cases_Prod.More_offers_TC"/>
  <testcase name="Footer" time="38.707" classname="MTL_Test_Cases_Prod.Home_URL"/>
  <testcase name="Footer" time="10.975" classname="Speciality_underwriters_Test_Case_Prod.About_Us"/>
  <testcase name="Heading10" time="38.98" classname="MTL_Test_Cases_Prod.What_we_offer1_TC"/>
  <testcase name="Footer" time="19.514" classname="Speciality_underwriters_Test_Case_Prod.Contact_US_TC"/>
  <testcase name="Heading" time="91.133" classname="MTL_Test_Cases_Prod.What_we_offer_URL_TC"/>
  <testcase name="Footer" time="23.451" classname="Speciality_underwriters_Test_Case_Prod.Home_TC"/>
  <testcase name="Footer" time="40.068" classname="Speciality_underwriters_Test_Case_Prod.What_We_offer"/>
  <testcase name="Heading11" time="59.9" classname="MTL_Test_Cases_Prod.What_we_offer1_TC"/>
  <testcase name="Footer" time="72.211" classname="AFL_Test_Case_Prod.Footer_TC"/>
  <testcase name="Heading2" time="39.374" classname="MTL_Test_Cases_Prod.What_we_offer1_TC"/>
  <testcase name="ContactUs_Page" time="25.324" classname="AFL_Test_Case_Prod.ContactUS_OutsideUS"/>
  <testcase name="Home_Page" time="132.555" classname="AFL_Test_Case_Prod.HomePage_TC"/>
  <testcase name="main_Home_Page" time="17.997" classname="AFL_Test_Case_Prod.AboutUS_OutsideUS"/>
  <testcase name="Heading3" time="37.275" classname="MTL_Test_Cases_Prod.What_we_offer1_TC"/>
  <testcase name="HomePage_Header_login" time="11.009" classname="Credit_Global_Test_Cases_Prod.Forgot_Password"/>
  <testcase name="HomePage_Header_ContactUS_btn" time="12.325" classname="Credit_Global_Test_Cases_Prod.Home_TC"/>
  <testcase name="HomePage_Header_login" time="35.082" classname="Credit_Global_Test_Cases_Prod.What_we_Do_TC"/>
  <testcase name="HomePage_Header_Our_approach" time="11.802" classname="Credit_Global_Test_Cases_Prod.Home_TC"/>
  <testcase name="Heading4" time="51.494" classname="MTL_Test_Cases_Prod.What_we_offer1_TC"/>
  <testcase name="main_Home_Page" time="20.461" classname="Adler_TestCases_Prod.Home"/>
  <testcase name="HomePage_Header_What_weDo" time="7.789" classname="Credit_Global_Test_Cases_Prod.Home_TC"/>
  <testcase name="HomePage_Header_login" time="16.796" classname="Credit_Global_Test_Cases_Prod.Home_TC"/>
  <testcase name="Heading5" time="40.112" classname="MTL_Test_Cases_Prod.What_we_offer1_TC"/>
  <testcase name="Heading6" time="36.712" classname="MTL_Test_Cases_Prod.What_we_offer1_TC"/>
  <testcase name="Footer" time="331.166" classname="AFL_Test_Case_Prod.What_We_offer_OutSideUs"/>
  <testcase name="Heading7" time="38.967" classname="MTL_Test_Cases_Prod.What_we_offer1_TC"/>
  <testcase name="main_Home_Page" time="133.776" classname="Adler_TestCases_Prod.News"/>
  <testcase name="AUW_Facebook" time="24.858" classname="Careers_Test_case_Prod.Footer"/>
  <testcase name="AUW_Instagram" time="19.036" classname="Careers_Test_case_Prod.Footer"/>
  <testcase name="Heading8" time="41.65" classname="MTL_Test_Cases_Prod.What_we_offer1_TC"/>
  <testcase name="Side_Heading" time="174.981" classname="Careers_Test_case_Prod.Side_Heading1"/>
  <testcase name="Footer" time="74.529" classname="Solution_one_Prod.Footer_Production"/>
  <testcase name="AUW_Linkedin" time="8.526" classname="Careers_Test_case_Prod.Footer"/>
  <testcase name="Heading9" time="41.477" classname="MTL_Test_Cases_Prod.What_we_offer1_TC"/>
  <testcase name="AUW_Policy" time="28.193" classname="Careers_Test_case_Prod.Footer"/>
  <testcase name="Side_Heading_Five" time="73.319" classname="Solution_one_Prod.Side_Heading_Production"/>
  <testcase name="Footer_Facebook" time="27.212" classname="JumboGC_Test_case_prod.Header_footer"/>
  <testcase name="AUW_twitter" time="17.848" classname="Careers_Test_case_Prod.Footer"/>
  <testcase name="Side_Heading_Four" time="64.475" classname="Solution_one_Prod.Side_Heading_Production"/>
  <testcase name="Footer_Instagram" time="26.393" classname="JumboGC_Test_case_prod.Header_footer"/>
  <testcase name="Header_Footer" time="176.558" classname="JumboGC_Test_case_prod.Side_Heading"/>
  <testcase name="Side_Heading_One" time="56.722" classname="Solution_one_Prod.Side_Heading_Production"/>
  <testcase name="Footer_Privacy" time="37.476" classname="JumboGC_Test_case_prod.Header_footer"/>
  <testcase name="Footer_linkedIN" time="26.965" classname="JumboGC_Test_case_prod.Header_footer"/>
  <testcase name="Side_Heading_Three" time="62.582" classname="Solution_one_Prod.Side_Heading_Production"/>
  <testcase name="Header_Login" time="23.972" classname="JumboGC_Test_case_prod.Header_footer"/>
  <testcase name="Side_Heading_Two" time="50.503" classname="Solution_one_Prod.Side_Heading_Production"/>
</testsuite> <!-- Chrome_Prod -->
