<?xml version="1.0" encoding="UTF-8"?>
<!-- Generated by org.testng.reporters.JUnitXMLReporter -->
<testsuite hostname="DESKTOP-N7K85DJ" name="Chrome_Developmet" tests="61" failures="2" timestamp="12 Jan 2022 09:55:48 GMT" time="1673.989" errors="0">
  <testcase name="main" time="52.641" classname="AUW_Test_Case_dev.AUW_header_web_Development"/>
  <testcase name="main" time="20.971" classname="AUW_Test_Case_dev.AUW_PPP"/>
  <testcase name="AboutUS" time="106.934" classname="AUW_Test_Case_dev.AUW_AboutUS"/>
  <testcase name="AUW_Footer" time="120.468" classname="AUW_Test_Case_dev.AUW_Footer_Development"/>
  <testcase name="main" time="56.847" classname="AUW_Test_Case_dev.AUW_NJ_Update"/>
  <testcase name="main" time="64.5" classname="AUW_Test_Case_dev.AUW_CallUpdate"/>
  <testcase name="main" time="115.156" classname="AUW_Test_Case_dev.AUW_Intelligence_TC"/>
  <testcase name="LearnMore" time="21.565" classname="AUW_Global_Test_Cases_Development.LearnMore_TC"/>
  <testcase name="Practices_AgentsBrokers" time="120.755" classname="AUW_Test_Case_dev.Practices_AgentsBrokers"/>
  <testcase name="HomePage" time="35.465" classname="AUW_Global_Test_Cases_Development.Home_Page_TC"/>
  <testcase name="Siheading_2" time="27.529" classname="Promesa_Test_Case_Development.FAQ"/>
  <testcase name="main" time="382.557" classname="AUW_Test_Case_dev.AUW_Experience"/>
  <testcase name="Footer" time="9.076" classname="Promesa_Test_Case_Development.Footer">
    <failure type="java.lang.IndexOutOfBoundsException" message="Index: 1, Size: 1">
      <![CDATA[java.lang.IndexOutOfBoundsException: Index: 1, Size: 1
	at java.util.ArrayList.rangeCheck(Unknown Source)
	at java.util.ArrayList.get(Unknown Source)
	at Promesa_Pages.Home.Twitter(Home.java:138)
	at Promesa_Test_Case_Development.Footer.Footer(Footer.java:15)
	at java.util.concurrent.ThreadPoolExecutor.runWorker(Unknown Source)
	at java.util.concurrent.ThreadPoolExecutor$Worker.run(Unknown Source)
	at java.lang.Thread.run(Unknown Source)
... Removed 10 stack frames]]>
    </failure>
  </testcase> <!-- Footer -->
  <testcase name="More_button" time="86.693" classname="AUW_Global_Test_Cases_Development.Home_More"/>
  <testcase name="Side_Heading_One" time="34.765" classname="Promesa_Test_Case_Development.Side_Heading_One"/>
  <testcase name="Siheading_2" time="18.554" classname="Promesa_Test_Case_Development.Side_Heading_Two"/>
  <testcase name="Change_Language" time="5.105" classname="Promesa_Test_Case_Development.Change_language"/>
  <testcase name="Practices_CustomerSeekingCoverage" time="283.623" classname="AUW_Test_Case_dev.Practices_CustomerSeekingCoverage"/>
  <testcase name="Footer" time="12.152" classname="Speciality_underwriters_Test_Case_Dev.About_Us"/>
  <testcase name="Footer" time="23.577" classname="Speciality_underwriters_Test_Case_Dev.Contact_US_TC"/>
  <testcase name="Footer" time="19.507" classname="Speciality_underwriters_Test_Case_Dev.Home_TC"/>
  <testcase name="ContactUs_Page" time="24.844" classname="AFL_Test_Cases_Dev.ContactUS_OutsideUS_dev"/>
  <testcase name="Footer" time="47.928" classname="Speciality_underwriters_Test_Case_Dev.What_We_offer"/>
  <testcase name="Side_Heading_One" time="133.819" classname="Promesa_Test_Case_Development.Pharmacy_search"/>
  <testcase name="main_Home_Page" time="35.355" classname="AFL_Test_Cases_Dev.AboutUS_OutsideUS_dev"/>
  <testcase name="main_Home_Page" time="23.796" classname="Adler_TestCases_Development.Home"/>
  <testcase name="Footer" time="91.566" classname="AFL_Test_Cases_Dev.Footer_TC_dev"/>
  <testcase name="Home_Page" time="208.361" classname="AFL_Test_Cases_Dev.HomePage_TC_dev"/>
  <testcase name="main_Home_Page" time="154.904" classname="Adler_TestCases_Development.News"/>
  <testcase name="Side_Heading" time="211.76" classname="Careers_Test_case_Development.Side_Heading1"/>
  <testcase name="AUW_Footer" time="110.095" classname="Careers_Test_case_Development.Footer"/>
  <testcase name="Footer" time="407.326" classname="AFL_Test_Cases_Dev.What_We_offer_OutSideUs_dev"/>
  <testcase name="HomePage_Header_ContactUS_btn" time="16.8" classname="Credit_Global_Test_Cases_Dev.Home_TC"/>
  <testcase name="HomePage_Header_Our_approach" time="14.717" classname="Credit_Global_Test_Cases_Dev.Home_TC"/>
  <testcase name="HomePage_Header_login" time="9.984" classname="Credit_Global_Test_Cases_Dev.Forgot_Password"/>
  <testcase name="main_Home_Page" time="52.063" classname="Pinnacle_Test_Cases_Development.HomePage_TC"/>
  <testcase name="HomePage_Header_What_weDo" time="10.817" classname="Credit_Global_Test_Cases_Dev.Home_TC"/>
  <testcase name="HomePage_Header_login" time="36.321" classname="Credit_Global_Test_Cases_Dev.What_we_Do_TC"/>
  <testcase name="HomePage_Header_login" time="17.09" classname="Credit_Global_Test_Cases_Dev.Home_TC"/>
  <testcase name="WhatsNew" time="180.737" classname="Pinnacle_Test_Cases_Development.WatsNew"/>
  <testcase name="partner" time="13.218" classname="Warranty_Test_Case_Dev.Partner_With_US"/>
  <testcase name="ContactUS" time="73.082" classname="Warranty_Test_Case_Dev.Contact_US"/>
  <testcase name="Home_page" time="35.98" classname="Warranty_Test_Case_Dev.About_US"/>
  <testcase name="Partner1" time="83.13" classname="Warranty_Test_Case_Dev.Our_Partner"/>
  <testcase name="Side_Heading_Three" time="88.64" classname="Solution_one_Development.Side_head_sample"/>
  <testcase name="Partner2" time="93.487" classname="Warranty_Test_Case_Dev.Our_Partner"/>
  <testcase name="NewsEvents" time="169.337" classname="Warranty_Test_Case_Dev.NewsEvents"/>
  <testcase name="Footer" time="86.021" classname="Solution_one_Development.Footer_Develop"/>
  <testcase name="Partner3" time="86.03" classname="Warranty_Test_Case_Dev.Our_Partner"/>
  <testcase name="Home_page" time="342.313" classname="Warranty_Test_Case_Dev.HomePage_Testcase"/>
  <testcase name="Footer_Facebook" time="31.872" classname="JumboGC_Test_case_Devlopment.Header_footer"/>
  <testcase name="Footer_Instagram" time="27.447" classname="JumboGC_Test_case_Devlopment.Header_footer"/>
  <testcase name="Partner4" time="97.162" classname="Warranty_Test_Case_Dev.Our_Partner"/>
  <testcase name="main_Home_Page" time="70.119" classname="Tradewel_Test_Cases_Development.About_US"/>
  <testcase name="Footer_Privacy" time="42.869" classname="JumboGC_Test_case_Devlopment.Header_footer"/>
  <testcase name="Comprehensive" time="68.543" classname="Tradewel_Test_Cases_Development.comprehensive_Protection">
    <failure type="org.openqa.selenium.ElementClickInterceptedException" message="element click intercepted: Element &amp;lt;ng-transclude&amp;gt;...&amp;lt;/ng-transclude&amp;gt; is not clickable at point (116, 321). Other element would receive the click: &amp;lt;div layout=&amp;quot;&amp;quot; layout-align=&amp;quot;center center&amp;quot; layout-fill=&amp;quot;&amp;quot; class=&amp;quot;layout-fill layout-align-center-center layout-row&amp;quot;&amp;gt;...&amp;lt;/div&amp;gt;
  (Session info: chrome=97.0.4692.71)
Build info: version: &amp;apos;3.141.59&amp;apos;, revision: &amp;apos;e82be7d358&amp;apos;, time: &amp;apos;2018-11-14T08:17:03&amp;apos;
System info: host: &amp;apos;DESKTOP-N7K85DJ&amp;apos;, ip: &amp;apos;192.168.1.5&amp;apos;, os.name: &amp;apos;Windows 10&amp;apos;, os.arch: &amp;apos;amd64&amp;apos;, os.version: &amp;apos;10.0&amp;apos;, java.version: &amp;apos;1.8.0_301&amp;apos;
Driver info: org.openqa.selenium.chrome.ChromeDriver
Capabilities {acceptInsecureCerts: false, browserName: chrome, browserVersion: 97.0.4692.71, chrome: {chromedriverVersion: 96.0.4664.45 (76e4c1bb2ab46..., userDataDir: C:\Users\Sweta\AppData\Loca...}, goog:chromeOptions: {debuggerAddress: localhost:52425}, javascriptEnabled: true, networkConnectionEnabled: false, pageLoadStrategy: normal, platform: WINDOWS, platformName: WINDOWS, proxy: Proxy(), setWindowRect: true, strictFileInteractability: false, timeouts: {implicit: 0, pageLoad: 300000, script: 30000}, unhandledPromptBehavior: dismiss and notify, webauthn:extension:credBlob: true, webauthn:extension:largeBlob: true, webauthn:virtualAuthenticators: true}
Session ID: 19e9046334d3193a18653935e15a86d6">
      <![CDATA[org.openqa.selenium.ElementClickInterceptedException: element click intercepted: Element <ng-transclude>...</ng-transclude> is not clickable at point (116, 321). Other element would receive the click: <div layout="" layout-align="center center" layout-fill="" class="layout-fill layout-align-center-center layout-row">...</div>
  (Session info: chrome=97.0.4692.71)
Build info: version: '3.141.59', revision: 'e82be7d358', time: '2018-11-14T08:17:03'
System info: host: 'DESKTOP-N7K85DJ', ip: '192.168.1.5', os.name: 'Windows 10', os.arch: 'amd64', os.version: '10.0', java.version: '1.8.0_301'
Driver info: org.openqa.selenium.chrome.ChromeDriver
Capabilities {acceptInsecureCerts: false, browserName: chrome, browserVersion: 97.0.4692.71, chrome: {chromedriverVersion: 96.0.4664.45 (76e4c1bb2ab46..., userDataDir: C:\Users\Sweta\AppData\Loca...}, goog:chromeOptions: {debuggerAddress: localhost:52425}, javascriptEnabled: true, networkConnectionEnabled: false, pageLoadStrategy: normal, platform: WINDOWS, platformName: WINDOWS, proxy: Proxy(), setWindowRect: true, strictFileInteractability: false, timeouts: {implicit: 0, pageLoad: 300000, script: 30000}, unhandledPromptBehavior: dismiss and notify, webauthn:extension:credBlob: true, webauthn:extension:largeBlob: true, webauthn:virtualAuthenticators: true}
Session ID: 19e9046334d3193a18653935e15a86d6
	at org.openqa.selenium.remote.http.W3CHttpResponseCodec.createException(W3CHttpResponseCodec.java:187)
	at org.openqa.selenium.remote.http.W3CHttpResponseCodec.decode(W3CHttpResponseCodec.java:122)
	at org.openqa.selenium.remote.http.W3CHttpResponseCodec.decode(W3CHttpResponseCodec.java:49)
	at org.openqa.selenium.remote.HttpCommandExecutor.execute(HttpCommandExecutor.java:158)
	at org.openqa.selenium.remote.service.DriverCommandExecutor.execute(DriverCommandExecutor.java:83)
	at org.openqa.selenium.remote.RemoteWebDriver.execute(RemoteWebDriver.java:552)
	at org.openqa.selenium.remote.RemoteWebElement.execute(RemoteWebElement.java:285)
	at org.openqa.selenium.remote.RemoteWebElement.click(RemoteWebElement.java:84)
	at Tradewel_Pages.Amplience.Tradewel_content(Amplience.java:104)
	at Tradewel_Test_Cases_Development.comprehensive_Protection.Comprehensive(comprehensive_Protection.java:62)
	at java.util.concurrent.ThreadPoolExecutor.runWorker(Unknown Source)
	at java.util.concurrent.ThreadPoolExecutor$Worker.run(Unknown Source)
	at java.lang.Thread.run(Unknown Source)
... Removed 14 stack frames]]>
    </failure>
  </testcase> <!-- Comprehensive -->
  <testcase name="Partner5" time="105.558" classname="Warranty_Test_Case_Dev.Our_Partner"/>
  <testcase name="Footer_linkedIN" time="30.355" classname="JumboGC_Test_case_Devlopment.Header_footer"/>
  <testcase name="Side_heading" time="197.11" classname="JumboGC_Test_case_Devlopment.Side_Heading"/>
  <testcase name="Header_Login" time="20.668" classname="JumboGC_Test_case_Devlopment.Header_footer"/>
  <testcase name="Partner6" time="67.494" classname="Warranty_Test_Case_Dev.Our_Partner"/>
</testsuite> <!-- Chrome_Developmet -->
