<?xml version="1.0" encoding="UTF-8"?>
<!-- Generated by org.testng.reporters.JUnitXMLReporter -->
<testsuite hostname="DESKTOP-N7K85DJ" name="Firefox_Prod" tests="81" failures="1" timestamp="1 Apr 2022 10:47:34 GMT" time="2411.326" errors="0">
  <testcase name="main" time="38.732" classname="AUW_Test_case_prod.AUW_CallUpdate"/>
  <testcase name="AboutUS" time="63.84" classname="AUW_Test_case_prod.AUW_AboutUS"/>
  <testcase name="main" time="81.833" classname="AUW_Test_case_prod.AUW_Intelligence_TC"/>
  <testcase name="AUW_Footer" time="77.249" classname="AUW_Test_case_prod.AUW_Footer_Prod"/>
  <testcase name="main" time="37.619" classname="AUW_Test_case_prod.AUW_NJ_Update"/>
  <testcase name="main" time="57.864" classname="AUW_Test_case_prod.AUW_Heartwood"/>
  <testcase name="main" time="47.339" classname="AUW_Test_case_prod.AUW_header_web_Prod"/>
  <testcase name="main" time="16.405" classname="AUW_Test_case_prod.AUW_PPP"/>
  <testcase name="Practices_AgentsBrokers" time="53.485" classname="AUW_Test_case_prod.Practices_AgentsBrokers"/>
  <testcase name="main" time="307.694" classname="AUW_Test_case_prod.AUW_Experience"/>
  <testcase name="LearnMore" time="12.637" classname="AUW_Global_Test_Cases_Prod.LearnMore_TC"/>
  <testcase name="HomePage" time="14.6" classname="AUW_Global_Test_Cases_Prod.Home_Page_TC"/>
  <testcase name="Practices_CustomerSeekingCoverage" time="211.583" classname="AUW_Test_case_prod.Practices_CustomerSeekingCoverage"/>
  <testcase name="Change_Language" time="2.943" classname="Promesa_Test_Case_Prod.Change_language"/>
  <testcase name="Footer_PrivacyPolicy" time="19.014" classname="Promesa_Test_Case_Prod.Footer"/>
  <testcase name="Footer_facebook" time="19.048" classname="Promesa_Test_Case_Prod.Footer"/>
  <testcase name="Footer_instagram" time="6.803" classname="Promesa_Test_Case_Prod.Footer"/>
  <testcase name="Footer_linkedin" time="6.025" classname="Promesa_Test_Case_Prod.Footer"/>
  <testcase name="Footer_twitter" time="6.336" classname="Promesa_Test_Case_Prod.Footer"/>
  <testcase name="Side_Heading_One" time="123.595" classname="Promesa_Test_Case_Prod.Pharmacy_search"/>
  <testcase name="Heading1" time="32.238" classname="MTL_Test_Cases_Prod.What_we_offer1_TC"/>
  <testcase name="More_offers" time="32.488" classname="MTL_Test_Cases_Prod.More_offers_TC"/>
  <testcase name="Heading10" time="35.146" classname="MTL_Test_Cases_Prod.What_we_offer1_TC"/>
  <testcase name="Footer" time="30.388" classname="MTL_Test_Cases_Prod.Home_URL"/>
  <testcase name="Heading11" time="55.361" classname="MTL_Test_Cases_Prod.What_we_offer1_TC"/>
  <testcase name="Heading" time="81.197" classname="MTL_Test_Cases_Prod.What_we_offer_URL_TC"/>
  <testcase name="Heading2" time="36.034" classname="MTL_Test_Cases_Prod.What_we_offer1_TC"/>
  <testcase name="Footer" time="16.514" classname="Speciality_underwriters_Test_Case_Prod.Contact_US_TC"/>
  <testcase name="Footer" time="9.115" classname="Speciality_underwriters_Test_Case_Prod.About_Us"/>
  <testcase name="Heading3" time="35.637" classname="MTL_Test_Cases_Prod.What_we_offer1_TC"/>
  <testcase name="Footer" time="33.92" classname="Speciality_underwriters_Test_Case_Prod.What_We_offer"/>
  <testcase name="Heading4" time="35.546" classname="MTL_Test_Cases_Prod.What_we_offer1_TC"/>
  <testcase name="Footer" time="17.82" classname="Speciality_underwriters_Test_Case_Prod.Home_TC"/>
  <testcase name="Heading5" time="35.86" classname="MTL_Test_Cases_Prod.What_we_offer1_TC"/>
  <testcase name="Heading6" time="35.847" classname="MTL_Test_Cases_Prod.What_we_offer1_TC"/>
  <testcase name="Heading7" time="35.622" classname="MTL_Test_Cases_Prod.What_we_offer1_TC"/>
  <testcase name="Heading8" time="35.242" classname="MTL_Test_Cases_Prod.What_we_offer1_TC"/>
  <testcase name="Heading9" time="35.308" classname="MTL_Test_Cases_Prod.What_we_offer1_TC"/>
  <testcase name="Footer" time="257.176" classname="AFL_Test_Case_Prod.What_We_offer_OutSideUs"/>
  <testcase name="Footer" time="64.86" classname="AFL_Test_Case_Prod.Footer_TC"/>
  <testcase name="Home_Page" time="107.024" classname="AFL_Test_Case_Prod.HomePage_TC"/>
  <testcase name="main_Home_Page" time="15.936" classname="AFL_Test_Case_Prod.AboutUS_OutsideUS"/>
  <testcase name="ContactUs_Page" time="28.786" classname="AFL_Test_Case_Prod.ContactUS_OutsideUS"/>
  <testcase name="HomePage_Header_login" time="7.552" classname="Credit_Global_Test_Cases_Prod.Forgot_Password"/>
  <testcase name="HomePage_Header_login" time="28.134" classname="Credit_Global_Test_Cases_Prod.What_we_Do_TC"/>
  <testcase name="HomePage_Header_ContactUS_btn" time="12.597" classname="Credit_Global_Test_Cases_Prod.Home_TC"/>
  <testcase name="main_Home_Page" time="19.899" classname="Adler_TestCases_Prod.Home"/>
  <testcase name="HomePage_Header_Our_approach" time="10.918" classname="Credit_Global_Test_Cases_Prod.Home_TC"/>
  <testcase name="HomePage_Header_What_weDo" time="6.828" classname="Credit_Global_Test_Cases_Prod.Home_TC"/>
  <testcase name="HomePage_Header_login" time="10.989" classname="Credit_Global_Test_Cases_Prod.Home_TC"/>
  <testcase name="AUW_Facebook" time="16.079" classname="Careers_Test_case_Prod.Footer"/>
  <testcase name="AUW_Instagram" time="8.033" classname="Careers_Test_case_Prod.Footer"/>
  <testcase name="AUW_Linkedin" time="9.283" classname="Careers_Test_case_Prod.Footer"/>
  <testcase name="main_Home_Page" time="120.976" classname="Adler_TestCases_Prod.News"/>
  <testcase name="AUW_Policy" time="23.884" classname="Careers_Test_case_Prod.Footer"/>
  <testcase name="AUW_twitter" time="10.862" classname="Careers_Test_case_Prod.Footer"/>
  <testcase name="Footer" time="50.042" classname="Solution_one_Prod.Footer_Production"/>
  <testcase name="Footer_Facebook" time="25.592" classname="JumboGC_Test_case_prod.Header_footer"/>
  <testcase name="Home_page" time="32.138" classname="Warranty_Test_Case_Prod.About_US"/>
  <testcase name="Footer_Instagram" time="25.719" classname="JumboGC_Test_case_prod.Header_footer"/>
  <testcase name="ContactUS" time="33.737" classname="Warranty_Test_Case_Prod.Contact_US">
    <failure type="java.lang.AssertionError" message="Incorrect URL expected [true] but found [false]">
      <![CDATA[java.lang.AssertionError: Incorrect URL expected [true] but found [false]
	at Warranty_Page.ContactUS_page.NewsEvents(ContactUS_page.java:55)
	at Warranty_Test_Case_Prod.Contact_US.ContactUS(Contact_US.java:17)
	at java.util.concurrent.ThreadPoolExecutor.runWorker(ThreadPoolExecutor.java:1149)
	at java.util.concurrent.ThreadPoolExecutor$Worker.run(ThreadPoolExecutor.java:624)
	at java.lang.Thread.run(Thread.java:748)
... Removed 13 stack frames]]>
    </failure>
  </testcase> <!-- ContactUS -->
  <testcase name="Footer_Privacy" time="36.003" classname="JumboGC_Test_case_prod.Header_footer"/>
  <testcase name="partner" time="11.453" classname="Warranty_Test_Case_Prod.Partner_With_US"/>
  <testcase name="Footer_linkedIN" time="25.602" classname="JumboGC_Test_case_prod.Header_footer"/>
  <testcase name="Header_Login" time="20.246" classname="JumboGC_Test_case_prod.Header_footer"/>
  <testcase name="Partner1" time="68.299" classname="Warranty_Test_Case_Prod.Our_Partner"/>
  <testcase name="Partner2" time="66.028" classname="Warranty_Test_Case_Prod.Our_Partner"/>
  <testcase name="Home_page" time="260.467" classname="Warranty_Test_Case_Prod.HomePage_Testcase"/>
  <testcase name="Partner3" time="66.348" classname="Warranty_Test_Case_Prod.Our_Partner"/>
  <testcase name="HomePage" time="65.173" classname="Casuality_Prod_TC.Home_page"/>
  <testcase name="Partner4" time="65.824" classname="Warranty_Test_Case_Prod.Our_Partner"/>
  <testcase name="HomePage" time="44.715" classname="Casuality_Prod_TC.Menu_About_US"/>
  <testcase name="HomePage" time="21.475" classname="Casuality_Prod_TC.Menu_Contact_Us"/>
  <testcase name="Partner5" time="66.764" classname="Warranty_Test_Case_Prod.Our_Partner"/>
  <testcase name="Carriers" time="37.793" classname="Casuality_Prod_TC.Menu_Our_Carriers"/>
  <testcase name="Partner6" time="64.651" classname="Warranty_Test_Case_Prod.Our_Partner"/>
  <testcase name="HomePage" time="53.799" classname="Casuality_Prod_TC.Menu_Press_Room"/>
  <testcase name="main_Home_Page" time="46.851" classname="Pinnacle_Test_Cases_Production.HomePage_TC"/>
  <testcase name="main_Home_Page" time="32.01" classname="Tradewel_Test_Cases_Production.About_US"/>
  <testcase name="WhatsNew" time="85.558" classname="Pinnacle_Test_Cases_Production.WatsNew"/>
  <testcase name="Comprehensive" time="39.342" classname="Tradewel_Test_Cases_Production.Comprehensive_Protection_FF"/>
</testsuite> <!-- Firefox_Prod -->
