<?xml version="1.0" encoding="UTF-8"?>
<!-- Generated by org.testng.reporters.JUnitXMLReporter -->
<testsuite hostname="DESKTOP-N7K85DJ" name="Firefox_Prod" tests="71" failures="1" timestamp="22 Apr 2022 09:36:29 GMT" time="4588.427" errors="0">
  <testcase name="main" time="38.299" classname="AUW_Test_case_prod.AUW_CallUpdate"/>
  <testcase name="AboutUS" time="63.528" classname="AUW_Test_case_prod.AUW_AboutUS"/>
  <testcase name="main" time="78.478" classname="AUW_Test_case_prod.AUW_Intelligence_TC"/>
  <testcase name="AUW_Footer" time="72.437" classname="AUW_Test_case_prod.AUW_Footer_Prod"/>
  <testcase name="main" time="53.971" classname="AUW_Test_case_prod.AUW_Heartwood"/>
  <testcase name="main" time="37.95" classname="AUW_Test_case_prod.AUW_NJ_Update"/>
  <testcase name="main" time="338.629" classname="AUW_Test_case_prod.AUW_Experience"/>
  <testcase name="main" time="49.003" classname="AUW_Test_case_prod.AUW_header_web_Prod"/>
  <testcase name="main" time="16.911" classname="AUW_Test_case_prod.AUW_PPP"/>
  <testcase name="Practices_AgentsBrokers" time="53.262" classname="AUW_Test_case_prod.Practices_AgentsBrokers"/>
  <testcase name="Practices_CustomerSeekingCoverage" time="213.133" classname="AUW_Test_case_prod.Practices_CustomerSeekingCoverage"/>
  <testcase name="LearnMore" time="13.057" classname="AUW_Global_Test_Cases_Prod.LearnMore_TC"/>
  <testcase name="HomePage" time="14.352" classname="AUW_Global_Test_Cases_Prod.Home_Page_TC"/>
  <testcase name="Side_Heading_One" time="123.578" classname="Promesa_Test_Case_Prod.Pharmacy_search"/>
  <testcase name="Change_Language" time="2.284" classname="Promesa_Test_Case_Prod.Change_language"/>
  <testcase name="Footer_PrivacyPolicy" time="20.079" classname="Promesa_Test_Case_Prod.Footer"/>
  <testcase name="Footer_facebook" time="18.575" classname="Promesa_Test_Case_Prod.Footer"/>
  <testcase name="Footer_instagram" time="5.565" classname="Promesa_Test_Case_Prod.Footer"/>
  <testcase name="Footer_linkedin" time="6.099" classname="Promesa_Test_Case_Prod.Footer"/>
  <testcase name="Footer_twitter" time="6.484" classname="Promesa_Test_Case_Prod.Footer"/>
  <testcase name="Heading3" time="36.166" classname="MTL_Test_Cases_Prod.What_we_offer1_TC"/>
  <testcase name="More_offers" time="309.537" classname="MTL_Test_Cases_Prod.More_offers_TC">
    <failure type="org.openqa.selenium.NoSuchElementException" message="Unable to locate element: //*[@id=&amp;apos;app&amp;apos;]/div[5]/section/div/div[1]/a/div/div/div/p[1]
For documentation on this error, please visit: https://www.seleniumhq.org/exceptions/no_such_element.html
Build info: version: &amp;apos;3.141.59&amp;apos;, revision: &amp;apos;e82be7d358&amp;apos;, time: &amp;apos;2018-11-14T08:17:03&amp;apos;
System info: host: &amp;apos;DESKTOP-N7K85DJ&amp;apos;, ip: &amp;apos;192.168.1.6&amp;apos;, os.name: &amp;apos;Windows 10&amp;apos;, os.arch: &amp;apos;amd64&amp;apos;, os.version: &amp;apos;10.0&amp;apos;, java.version: &amp;apos;1.8.0_291&amp;apos;
Driver info: org.openqa.selenium.firefox.FirefoxDriver
Capabilities {acceptInsecureCerts: true, browserName: firefox, browserVersion: 99.0, javascriptEnabled: true, moz:accessibilityChecks: false, moz:buildID: 20220330194208, moz:geckodriverVersion: 0.30.0, moz:headless: false, moz:processID: 7588, moz:profile: C:\Users\Sweta\AppData\Loca..., moz:shutdownTimeout: 60000, moz:useNonSpecCompliantPointerOrigin: false, moz:webdriverClick: true, pageLoadStrategy: normal, platform: WINDOWS, platformName: WINDOWS, platformVersion: 10.0, proxy: Proxy(), setWindowRect: true, strictFileInteractability: false, timeouts: {implicit: 0, pageLoad: 300000, script: 30000}, unhandledPromptBehavior: dismiss and notify}
Session ID: 4cbffd2c-c81c-4509-b640-0277dbbffe3e
*** Element info: {Using=xpath, value=//*[@id=&amp;apos;app&amp;apos;]/div[5]/section/div/div[1]/a/div/div/div/p[1]}">
      <![CDATA[org.openqa.selenium.NoSuchElementException: Unable to locate element: //*[@id='app']/div[5]/section/div/div[1]/a/div/div/div/p[1]
For documentation on this error, please visit: https://www.seleniumhq.org/exceptions/no_such_element.html
Build info: version: '3.141.59', revision: 'e82be7d358', time: '2018-11-14T08:17:03'
System info: host: 'DESKTOP-N7K85DJ', ip: '192.168.1.6', os.name: 'Windows 10', os.arch: 'amd64', os.version: '10.0', java.version: '1.8.0_291'
Driver info: org.openqa.selenium.firefox.FirefoxDriver
Capabilities {acceptInsecureCerts: true, browserName: firefox, browserVersion: 99.0, javascriptEnabled: true, moz:accessibilityChecks: false, moz:buildID: 20220330194208, moz:geckodriverVersion: 0.30.0, moz:headless: false, moz:processID: 7588, moz:profile: C:\Users\Sweta\AppData\Loca..., moz:shutdownTimeout: 60000, moz:useNonSpecCompliantPointerOrigin: false, moz:webdriverClick: true, pageLoadStrategy: normal, platform: WINDOWS, platformName: WINDOWS, platformVersion: 10.0, proxy: Proxy(), setWindowRect: true, strictFileInteractability: false, timeouts: {implicit: 0, pageLoad: 300000, script: 30000}, unhandledPromptBehavior: dismiss and notify}
Session ID: 4cbffd2c-c81c-4509-b640-0277dbbffe3e
*** Element info: {Using=xpath, value=//*[@id='app']/div[5]/section/div/div[1]/a/div/div/div/p[1]}
	at org.openqa.selenium.remote.http.W3CHttpResponseCodec.createException(W3CHttpResponseCodec.java:187)
	at org.openqa.selenium.remote.http.W3CHttpResponseCodec.decode(W3CHttpResponseCodec.java:122)
	at org.openqa.selenium.remote.http.W3CHttpResponseCodec.decode(W3CHttpResponseCodec.java:49)
	at org.openqa.selenium.remote.HttpCommandExecutor.execute(HttpCommandExecutor.java:158)
	at org.openqa.selenium.remote.service.DriverCommandExecutor.execute(DriverCommandExecutor.java:83)
	at org.openqa.selenium.remote.RemoteWebDriver.execute(RemoteWebDriver.java:552)
	at org.openqa.selenium.remote.RemoteWebDriver.findElement(RemoteWebDriver.java:323)
	at org.openqa.selenium.remote.RemoteWebDriver.findElementByXPath(RemoteWebDriver.java:428)
	at org.openqa.selenium.By$ByXPath.findElement(By.java:353)
	at org.openqa.selenium.remote.RemoteWebDriver.findElement(RemoteWebDriver.java:315)
	at MTL_Pages.More_Offers.More_offer(More_Offers.java:53)
	at MTL_Test_Cases_Prod.More_offers_TC.More_offers(More_offers_TC.java:15)
	at java.util.concurrent.ThreadPoolExecutor.runWorker(ThreadPoolExecutor.java:1149)
	at java.util.concurrent.ThreadPoolExecutor$Worker.run(ThreadPoolExecutor.java:624)
	at java.lang.Thread.run(Thread.java:748)
... Removed 14 stack frames]]>
    </failure>
  </testcase> <!-- More_offers -->
  <testcase name="Footer" time="31.637" classname="MTL_Test_Cases_Prod.Home_URL"/>
  <testcase name="Heading" time="92.712" classname="MTL_Test_Cases_Prod.What_we_offer_URL_TC"/>
  <testcase name="Footer" time="17.717" classname="Speciality_underwriters_Test_Case_Prod.Contact_US_TC"/>
  <testcase name="Footer" time="9.203" classname="Speciality_underwriters_Test_Case_Prod.About_Us"/>
  <testcase name="Footer" time="35.731" classname="Speciality_underwriters_Test_Case_Prod.What_We_offer"/>
  <testcase name="Footer" time="15.765" classname="Speciality_underwriters_Test_Case_Prod.Home_TC"/>
  <testcase name="Footer" time="252.291" classname="AFL_Test_Case_Prod.What_We_offer_OutSideUs"/>
  <testcase name="Home_Page" time="103.669" classname="AFL_Test_Case_Prod.HomePage_TC"/>
  <testcase name="Footer" time="65.188" classname="AFL_Test_Case_Prod.Footer_TC"/>
  <testcase name="ContactUs_Page" time="27.852" classname="AFL_Test_Case_Prod.ContactUS_OutsideUS"/>
  <testcase name="main_Home_Page" time="15.152" classname="AFL_Test_Case_Prod.AboutUS_OutsideUS"/>
  <testcase name="HomePage_Header_login" time="27.919" classname="Credit_Global_Test_Cases_Prod.What_we_Do_TC"/>
  <testcase name="HomePage_Header_login" time="7.346" classname="Credit_Global_Test_Cases_Prod.Forgot_Password"/>
  <testcase name="HomePage_Header_ContactUS_btn" time="11.814" classname="Credit_Global_Test_Cases_Prod.Home_TC"/>
  <testcase name="HomePage_Header_Our_approach" time="10.536" classname="Credit_Global_Test_Cases_Prod.Home_TC"/>
  <testcase name="HomePage_Header_What_weDo" time="6.58" classname="Credit_Global_Test_Cases_Prod.Home_TC"/>
  <testcase name="HomePage_Header_login" time="10.537" classname="Credit_Global_Test_Cases_Prod.Home_TC"/>
  <testcase name="main_Home_Page" time="19.051" classname="Adler_TestCases_Prod.Home"/>
  <testcase name="main_Home_Page" time="115.126" classname="Adler_TestCases_Prod.News"/>
  <testcase name="AUW_Facebook" time="15.546" classname="Careers_Test_case_Prod.Footer"/>
  <testcase name="AUW_Instagram" time="7.479" classname="Careers_Test_case_Prod.Footer"/>
  <testcase name="AUW_Linkedin" time="7.837" classname="Careers_Test_case_Prod.Footer"/>
  <testcase name="AUW_Policy" time="23.05" classname="Careers_Test_case_Prod.Footer"/>
  <testcase name="AUW_twitter" time="10.108" classname="Careers_Test_case_Prod.Footer"/>
  <testcase name="Footer" time="47.726" classname="Solution_one_Prod.Footer_Production"/>
  <testcase name="Footer_Facebook" time="25.552" classname="JumboGC_Test_case_prod.Header_footer"/>
  <testcase name="Footer_Instagram" time="25.542" classname="JumboGC_Test_case_prod.Header_footer"/>
  <testcase name="Footer_Privacy" time="35.952" classname="JumboGC_Test_case_prod.Header_footer"/>
  <testcase name="Footer_linkedIN" time="25.896" classname="JumboGC_Test_case_prod.Header_footer"/>
  <testcase name="Header_Login" time="20.298" classname="JumboGC_Test_case_prod.Header_footer"/>
  <testcase name="Home_page" time="33.632" classname="Warranty_Test_Case_Prod.About_US"/>
  <testcase name="ContactUS" time="44.48" classname="Warranty_Test_Case_Prod.Contact_US"/>
  <testcase name="partner" time="11.504" classname="Warranty_Test_Case_Prod.Partner_With_US"/>
  <testcase name="Home_page" time="274.844" classname="Warranty_Test_Case_Prod.HomePage_Testcase"/>
  <testcase name="Partner1" time="68.733" classname="Warranty_Test_Case_Prod.Our_Partner"/>
  <testcase name="Partner2" time="68.427" classname="Warranty_Test_Case_Prod.Our_Partner"/>
  <testcase name="Partner3" time="67.568" classname="Warranty_Test_Case_Prod.Our_Partner"/>
  <testcase name="Partner4" time="70.855" classname="Warranty_Test_Case_Prod.Our_Partner"/>
  <testcase name="Partner5" time="69.589" classname="Warranty_Test_Case_Prod.Our_Partner"/>
  <testcase name="Partner6" time="71.928" classname="Warranty_Test_Case_Prod.Our_Partner"/>
  <testcase name="HomePage" time="63.394" classname="Casuality_Prod_TC.Home_page"/>
  <testcase name="HomePage" time="41.796" classname="Casuality_Prod_TC.Menu_About_US"/>
  <testcase name="HomePage" time="21.533" classname="Casuality_Prod_TC.Menu_Contact_Us"/>
  <testcase name="Carriers" time="33.695" classname="Casuality_Prod_TC.Menu_Our_Carriers"/>
  <testcase name="HomePage" time="53.158" classname="Casuality_Prod_TC.Menu_Press_Room"/>
  <testcase name="main_Home_Page" time="45.634" classname="Pinnacle_Test_Cases_Production.HomePage_TC"/>
  <testcase name="WhatsNew" time="81.645" classname="Pinnacle_Test_Cases_Production.WatsNew"/>
  <testcase name="main_Home_Page" time="31.275" classname="Tradewel_Test_Cases_Production.About_US"/>
  <testcase name="Comprehensive" time="39.646" classname="Tradewel_Test_Cases_Production.Comprehensive_Protection_FF"/>
</testsuite> <!-- Firefox_Prod -->
