<?xml version="1.0" encoding="UTF-8"?>
<!-- Generated by org.testng.reporters.JUnitXMLReporter -->
<testsuite hostname="DESKTOP-N7K85DJ" name="Firefox_Prod" tests="79" failures="1" timestamp="23 Feb 2022 11:40:22 GMT" time="2467.429" errors="0">
  <testcase name="main" time="39.883" classname="AUW_Test_case_prod.AUW_CallUpdate"/>
  <testcase name="AboutUS" time="66.239" classname="AUW_Test_case_prod.AUW_AboutUS"/>
  <testcase name="main" time="85.381" classname="AUW_Test_case_prod.AUW_Intelligence_TC"/>
  <testcase name="AUW_Footer" time="77.215" classname="AUW_Test_case_prod.AUW_Footer_Prod"/>
  <testcase name="main" time="40.871" classname="AUW_Test_case_prod.AUW_NJ_Update"/>
  <testcase name="main" time="62.289" classname="AUW_Test_case_prod.AUW_Heartwood"/>
  <testcase name="main" time="41.027" classname="AUW_Test_case_prod.AUW_header_web_Prod"/>
  <testcase name="main" time="17.263" classname="AUW_Test_case_prod.AUW_PPP"/>
  <testcase name="Practices_AgentsBrokers" time="57.357" classname="AUW_Test_case_prod.Practices_AgentsBrokers"/>
  <testcase name="main" time="305.002" classname="AUW_Test_case_prod.AUW_Experience"/>
  <testcase name="LearnMore" time="14.668" classname="AUW_Global_Test_Cases_Prod.LearnMore_TC"/>
  <testcase name="HomePage" time="16.682" classname="AUW_Global_Test_Cases_Prod.Home_Page_TC"/>
  <testcase name="Practices_CustomerSeekingCoverage" time="222.327" classname="AUW_Test_case_prod.Practices_CustomerSeekingCoverage"/>
  <testcase name="Change_Language" time="2.91" classname="Promesa_Test_Case_Prod.Change_language"/>
  <testcase name="Footer_PrivacyPolicy" time="21.463" classname="Promesa_Test_Case_Prod.Footer"/>
  <testcase name="Footer_facebook" time="19.645" classname="Promesa_Test_Case_Prod.Footer"/>
  <testcase name="Footer_instagram" time="6.239" classname="Promesa_Test_Case_Prod.Footer"/>
  <testcase name="Side_Heading_One" time="123.508" classname="Promesa_Test_Case_Prod.Pharmacy_search"/>
  <testcase name="Footer_linkedin" time="6.813" classname="Promesa_Test_Case_Prod.Footer"/>
  <testcase name="Footer_twitter" time="6.436" classname="Promesa_Test_Case_Prod.Footer"/>
  <testcase name="Heading1" time="33.482" classname="MTL_Test_Cases_Prod.What_we_offer1_TC"/>
  <testcase name="More_offers" time="49.875" classname="MTL_Test_Cases_Prod.More_offers_TC"/>
  <testcase name="Heading10" time="35.529" classname="MTL_Test_Cases_Prod.What_we_offer1_TC"/>
  <testcase name="Footer" time="39.514" classname="MTL_Test_Cases_Prod.Home_URL"/>
  <testcase name="Heading11" time="50.864" classname="MTL_Test_Cases_Prod.What_we_offer1_TC"/>
  <testcase name="Heading2" time="36.064" classname="MTL_Test_Cases_Prod.What_we_offer1_TC"/>
  <testcase name="Heading" time="81.94" classname="MTL_Test_Cases_Prod.What_we_offer_URL_TC"/>
  <testcase name="Heading3" time="35.955" classname="MTL_Test_Cases_Prod.What_we_offer1_TC"/>
  <testcase name="Footer" time="16.652" classname="Speciality_underwriters_Test_Case_Prod.Contact_US_TC"/>
  <testcase name="Footer" time="10.639" classname="Speciality_underwriters_Test_Case_Prod.About_Us"/>
  <testcase name="Heading4" time="35.909" classname="MTL_Test_Cases_Prod.What_we_offer1_TC"/>
  <testcase name="Footer" time="34.132" classname="Speciality_underwriters_Test_Case_Prod.What_We_offer"/>
  <testcase name="Footer" time="16.677" classname="Speciality_underwriters_Test_Case_Prod.Home_TC"/>
  <testcase name="Heading5" time="37.238" classname="MTL_Test_Cases_Prod.What_we_offer1_TC"/>
  <testcase name="Heading6" time="36.306" classname="MTL_Test_Cases_Prod.What_we_offer1_TC"/>
  <testcase name="Heading7" time="35.815" classname="MTL_Test_Cases_Prod.What_we_offer1_TC"/>
  <testcase name="Heading8" time="35.84" classname="MTL_Test_Cases_Prod.What_we_offer1_TC"/>
  <testcase name="Heading9" time="35.836" classname="MTL_Test_Cases_Prod.What_we_offer1_TC"/>
  <testcase name="Footer" time="262.436" classname="AFL_Test_Case_Prod.What_We_offer_OutSideUs"/>
  <testcase name="Home_Page" time="110.712" classname="AFL_Test_Case_Prod.HomePage_TC"/>
  <testcase name="Footer" time="67.073" classname="AFL_Test_Case_Prod.Footer_TC"/>
  <testcase name="ContactUs_Page" time="22.368" classname="AFL_Test_Case_Prod.ContactUS_OutsideUS"/>
  <testcase name="main_Home_Page" time="23.752" classname="AFL_Test_Case_Prod.AboutUS_OutsideUS"/>
  <testcase name="HomePage_Header_login" time="28.17" classname="Credit_Global_Test_Cases_Prod.What_we_Do_TC"/>
  <testcase name="HomePage_Header_login" time="10.828" classname="Credit_Global_Test_Cases_Prod.Forgot_Password"/>
  <testcase name="HomePage_Header_ContactUS_btn" time="12.932" classname="Credit_Global_Test_Cases_Prod.Home_TC"/>
  <testcase name="main_Home_Page" time="19.522" classname="Adler_TestCases_Prod.Home"/>
  <testcase name="HomePage_Header_Our_approach" time="11.305" classname="Credit_Global_Test_Cases_Prod.Home_TC"/>
  <testcase name="HomePage_Header_What_weDo" time="7.322" classname="Credit_Global_Test_Cases_Prod.Home_TC"/>
  <testcase name="HomePage_Header_login" time="11.202" classname="Credit_Global_Test_Cases_Prod.Home_TC"/>
  <testcase name="AUW_Facebook" time="16.919" classname="Careers_Test_case_Prod.Footer"/>
  <testcase name="AUW_Instagram" time="7.852" classname="Careers_Test_case_Prod.Footer"/>
  <testcase name="AUW_Linkedin" time="8.636" classname="Careers_Test_case_Prod.Footer"/>
  <testcase name="main_Home_Page" time="125.712" classname="Adler_TestCases_Prod.News"/>
  <testcase name="AUW_Policy" time="25.219" classname="Careers_Test_case_Prod.Footer"/>
  <testcase name="AUW_twitter" time="9.866" classname="Careers_Test_case_Prod.Footer"/>
  <testcase name="Footer" time="48.658" classname="Solution_one_Prod.Footer_Production"/>
  <testcase name="Footer_Facebook" time="25.605" classname="JumboGC_Test_case_prod.Header_footer"/>
  <testcase name="Home_page" time="32.179" classname="Warranty_Test_Case_Prod.About_US"/>
  <testcase name="Footer_Instagram" time="25.599" classname="JumboGC_Test_case_prod.Header_footer"/>
  <testcase name="ContactUS" time="39.674" classname="Warranty_Test_Case_Prod.Contact_US"/>
  <testcase name="Footer_Privacy" time="36.046" classname="JumboGC_Test_case_prod.Header_footer"/>
  <testcase name="partner" time="11.395" classname="Warranty_Test_Case_Prod.Partner_With_US"/>
  <testcase name="Footer_linkedIN" time="26.25" classname="JumboGC_Test_case_prod.Header_footer"/>
  <testcase name="Header_Login" time="20.245" classname="JumboGC_Test_case_prod.Header_footer"/>
  <testcase name="Partner1" time="67.793" classname="Warranty_Test_Case_Prod.Our_Partner"/>
  <testcase name="Partner2" time="67.429" classname="Warranty_Test_Case_Prod.Our_Partner"/>
  <testcase name="Home_page" time="263.073" classname="Warranty_Test_Case_Prod.HomePage_Testcase"/>
  <testcase name="Partner3" time="69.866" classname="Warranty_Test_Case_Prod.Our_Partner">
    <failure type="java.lang.AssertionError" message="expected [https://awis.auw.com/our-products/travel-insurance] but found [https://awis.auw.com/our-products/oem-and-distributor-programs]">
      <![CDATA[java.lang.AssertionError: expected [https://awis.auw.com/our-products/travel-insurance] but found [https://awis.auw.com/our-products/oem-and-distributor-programs]
	at Warranty_Page.Our_Partners_page.card2(Our_Partners_page.java:283)
	at Warranty_Test_Case_Prod.Our_Partner.Partner3(Our_Partner.java:46)
	at java.util.concurrent.ThreadPoolExecutor.runWorker(ThreadPoolExecutor.java:1149)
	at java.util.concurrent.ThreadPoolExecutor$Worker.run(ThreadPoolExecutor.java:624)
	at java.lang.Thread.run(Thread.java:748)
... Removed 15 stack frames]]>
    </failure>
  </testcase> <!-- Partner3 -->
  <testcase name="HomePage" time="65.052" classname="Casuality_Prod_TC.Home_page"/>
  <testcase name="Partner4" time="68.57" classname="Warranty_Test_Case_Prod.Our_Partner"/>
  <testcase name="HomePage" time="42.65" classname="Casuality_Prod_TC.Menu_About_US"/>
  <testcase name="HomePage" time="21.61" classname="Casuality_Prod_TC.Menu_Contact_Us"/>
  <testcase name="Partner5" time="67.301" classname="Warranty_Test_Case_Prod.Our_Partner"/>
  <testcase name="Carriers" time="34.226" classname="Casuality_Prod_TC.Menu_Our_Carriers"/>
  <testcase name="Partner6" time="66.015" classname="Warranty_Test_Case_Prod.Our_Partner"/>
  <testcase name="HomePage" time="53.903" classname="Casuality_Prod_TC.Menu_Press_Room"/>
  <testcase name="main_Home_Page" time="45.677" classname="Pinnacle_Test_Cases_Production.HomePage_TC"/>
  <testcase name="WhatsNew" time="84.023" classname="Pinnacle_Test_Cases_Production.WatsNew"/>
</testsuite> <!-- Firefox_Prod -->
