<?xml version="1.0" encoding="UTF-8"?>
<!-- Generated by org.testng.reporters.JUnitXMLReporter -->
<testsuite hostname="DESKTOP-N7K85DJ" name="Firefox_Prod" tests="81" failures="0" timestamp="15 Mar 2022 10:17:09 GMT" time="2484.333" errors="0">
  <testcase name="main" time="39.517" classname="AUW_Test_case_prod.AUW_CallUpdate"/>
  <testcase name="AboutUS" time="64.353" classname="AUW_Test_case_prod.AUW_AboutUS"/>
  <testcase name="main" time="82.496" classname="AUW_Test_case_prod.AUW_Intelligence_TC"/>
  <testcase name="AUW_Footer" time="77.347" classname="AUW_Test_case_prod.AUW_Footer_Prod"/>
  <testcase name="main" time="57.489" classname="AUW_Test_case_prod.AUW_Heartwood"/>
  <testcase name="main" time="38.56" classname="AUW_Test_case_prod.AUW_NJ_Update"/>
  <testcase name="main" time="47.009" classname="AUW_Test_case_prod.AUW_header_web_Prod"/>
  <testcase name="main" time="16.556" classname="AUW_Test_case_prod.AUW_PPP"/>
  <testcase name="Practices_AgentsBrokers" time="53.6" classname="AUW_Test_case_prod.Practices_AgentsBrokers"/>
  <testcase name="main" time="303.9" classname="AUW_Test_case_prod.AUW_Experience"/>
  <testcase name="LearnMore" time="14.052" classname="AUW_Global_Test_Cases_Prod.LearnMore_TC"/>
  <testcase name="HomePage" time="15.122" classname="AUW_Global_Test_Cases_Prod.Home_Page_TC"/>
  <testcase name="Practices_CustomerSeekingCoverage" time="216.962" classname="AUW_Test_case_prod.Practices_CustomerSeekingCoverage"/>
  <testcase name="Change_Language" time="2.96" classname="Promesa_Test_Case_Prod.Change_language"/>
  <testcase name="Footer_PrivacyPolicy" time="19.681" classname="Promesa_Test_Case_Prod.Footer"/>
  <testcase name="Footer_facebook" time="19.232" classname="Promesa_Test_Case_Prod.Footer"/>
  <testcase name="Footer_instagram" time="6.19" classname="Promesa_Test_Case_Prod.Footer"/>
  <testcase name="Footer_linkedin" time="6.586" classname="Promesa_Test_Case_Prod.Footer"/>
  <testcase name="Side_Heading_One" time="123.537" classname="Promesa_Test_Case_Prod.Pharmacy_search"/>
  <testcase name="Footer_twitter" time="12.494" classname="Promesa_Test_Case_Prod.Footer"/>
  <testcase name="Heading1" time="32.714" classname="MTL_Test_Cases_Prod.What_we_offer1_TC"/>
  <testcase name="More_offers" time="39.288" classname="MTL_Test_Cases_Prod.More_offers_TC"/>
  <testcase name="Heading10" time="35.307" classname="MTL_Test_Cases_Prod.What_we_offer1_TC"/>
  <testcase name="Footer" time="39.398" classname="MTL_Test_Cases_Prod.Home_URL"/>
  <testcase name="Heading11" time="50.519" classname="MTL_Test_Cases_Prod.What_we_offer1_TC"/>
  <testcase name="Heading2" time="35.82" classname="MTL_Test_Cases_Prod.What_we_offer1_TC"/>
  <testcase name="Heading" time="83.701" classname="MTL_Test_Cases_Prod.What_we_offer_URL_TC"/>
  <testcase name="Footer" time="16.414" classname="Speciality_underwriters_Test_Case_Prod.Contact_US_TC"/>
  <testcase name="Heading3" time="37.853" classname="MTL_Test_Cases_Prod.What_we_offer1_TC"/>
  <testcase name="Footer" time="9.308" classname="Speciality_underwriters_Test_Case_Prod.About_Us"/>
  <testcase name="Footer" time="34.771" classname="Speciality_underwriters_Test_Case_Prod.What_We_offer"/>
  <testcase name="Heading4" time="35.635" classname="MTL_Test_Cases_Prod.What_we_offer1_TC"/>
  <testcase name="Footer" time="16.93" classname="Speciality_underwriters_Test_Case_Prod.Home_TC"/>
  <testcase name="Heading5" time="35.662" classname="MTL_Test_Cases_Prod.What_we_offer1_TC"/>
  <testcase name="Heading6" time="35.829" classname="MTL_Test_Cases_Prod.What_we_offer1_TC"/>
  <testcase name="Heading7" time="35.565" classname="MTL_Test_Cases_Prod.What_we_offer1_TC"/>
  <testcase name="Heading8" time="35.88" classname="MTL_Test_Cases_Prod.What_we_offer1_TC"/>
  <testcase name="Heading9" time="35.804" classname="MTL_Test_Cases_Prod.What_we_offer1_TC"/>
  <testcase name="Footer" time="259.21" classname="AFL_Test_Case_Prod.What_We_offer_OutSideUs"/>
  <testcase name="Home_Page" time="108.519" classname="AFL_Test_Case_Prod.HomePage_TC"/>
  <testcase name="Footer" time="66.021" classname="AFL_Test_Case_Prod.Footer_TC"/>
  <testcase name="ContactUs_Page" time="29.358" classname="AFL_Test_Case_Prod.ContactUS_OutsideUS"/>
  <testcase name="main_Home_Page" time="15.949" classname="AFL_Test_Case_Prod.AboutUS_OutsideUS"/>
  <testcase name="HomePage_Header_login" time="7.854" classname="Credit_Global_Test_Cases_Prod.Forgot_Password"/>
  <testcase name="HomePage_Header_login" time="28.575" classname="Credit_Global_Test_Cases_Prod.What_we_Do_TC"/>
  <testcase name="HomePage_Header_ContactUS_btn" time="12.655" classname="Credit_Global_Test_Cases_Prod.Home_TC"/>
  <testcase name="main_Home_Page" time="19.683" classname="Adler_TestCases_Prod.Home"/>
  <testcase name="HomePage_Header_Our_approach" time="11.226" classname="Credit_Global_Test_Cases_Prod.Home_TC"/>
  <testcase name="HomePage_Header_What_weDo" time="6.892" classname="Credit_Global_Test_Cases_Prod.Home_TC"/>
  <testcase name="HomePage_Header_login" time="11.554" classname="Credit_Global_Test_Cases_Prod.Home_TC"/>
  <testcase name="AUW_Facebook" time="16.784" classname="Careers_Test_case_Prod.Footer"/>
  <testcase name="AUW_Instagram" time="7.913" classname="Careers_Test_case_Prod.Footer"/>
  <testcase name="AUW_Linkedin" time="10.896" classname="Careers_Test_case_Prod.Footer"/>
  <testcase name="main_Home_Page" time="122.518" classname="Adler_TestCases_Prod.News"/>
  <testcase name="AUW_Policy" time="25.242" classname="Careers_Test_case_Prod.Footer"/>
  <testcase name="AUW_twitter" time="10.691" classname="Careers_Test_case_Prod.Footer"/>
  <testcase name="Footer" time="49.504" classname="Solution_one_Prod.Footer_Production"/>
  <testcase name="Footer_Facebook" time="25.607" classname="JumboGC_Test_case_prod.Header_footer"/>
  <testcase name="Home_page" time="32.172" classname="Warranty_Test_Case_Prod.About_US"/>
  <testcase name="Footer_Instagram" time="25.701" classname="JumboGC_Test_case_prod.Header_footer"/>
  <testcase name="ContactUS" time="38.725" classname="Warranty_Test_Case_Prod.Contact_US"/>
  <testcase name="Footer_Privacy" time="36.606" classname="JumboGC_Test_case_prod.Header_footer"/>
  <testcase name="partner" time="11.174" classname="Warranty_Test_Case_Prod.Partner_With_US"/>
  <testcase name="Footer_linkedIN" time="26.986" classname="JumboGC_Test_case_prod.Header_footer"/>
  <testcase name="Header_Login" time="20.356" classname="JumboGC_Test_case_prod.Header_footer"/>
  <testcase name="Partner1" time="67.45" classname="Warranty_Test_Case_Prod.Our_Partner"/>
  <testcase name="Partner2" time="67.035" classname="Warranty_Test_Case_Prod.Our_Partner"/>
  <testcase name="Home_page" time="262.455" classname="Warranty_Test_Case_Prod.HomePage_Testcase"/>
  <testcase name="Partner3" time="66.711" classname="Warranty_Test_Case_Prod.Our_Partner"/>
  <testcase name="HomePage" time="64.137" classname="Casuality_Prod_TC.Home_page"/>
  <testcase name="Partner4" time="66.99" classname="Warranty_Test_Case_Prod.Our_Partner"/>
  <testcase name="HomePage" time="42.73" classname="Casuality_Prod_TC.Menu_About_US"/>
  <testcase name="HomePage" time="21.665" classname="Casuality_Prod_TC.Menu_Contact_Us"/>
  <testcase name="Partner5" time="65.938" classname="Warranty_Test_Case_Prod.Our_Partner"/>
  <testcase name="Carriers" time="34.034" classname="Casuality_Prod_TC.Menu_Our_Carriers"/>
  <testcase name="Partner6" time="65.986" classname="Warranty_Test_Case_Prod.Our_Partner"/>
  <testcase name="HomePage" time="53.825" classname="Casuality_Prod_TC.Menu_Press_Room"/>
  <testcase name="main_Home_Page" time="46.111" classname="Pinnacle_Test_Cases_Production.HomePage_TC"/>
  <testcase name="main_Home_Page" time="31.836" classname="Tradewel_Test_Cases_Production.About_US"/>
  <testcase name="WhatsNew" time="85.889" classname="Pinnacle_Test_Cases_Production.WatsNew"/>
  <testcase name="Comprehensive" time="39.517" classname="Tradewel_Test_Cases_Production.Comprehensive_Protection_FF"/>
</testsuite> <!-- Firefox_Prod -->
