<?xml version="1.0" encoding="UTF-8"?>
<!-- Generated by org.testng.reporters.JUnitXMLReporter -->
<testsuite hostname="DESKTOP-N7K85DJ" name="Firefox_Prod" tests="77" failures="1" timestamp="17 Feb 2022 12:40:40 GMT" time="2596.169" errors="0">
  <testcase name="main" time="42.16" classname="AUW_Test_case_prod.AUW_CallUpdate"/>
  <testcase name="AboutUS" time="67.588" classname="AUW_Test_case_prod.AUW_AboutUS"/>
  <testcase name="main" time="94.034" classname="AUW_Test_case_prod.AUW_Intelligence_TC"/>
  <testcase name="AUW_Footer" time="100.217" classname="AUW_Test_case_prod.AUW_Footer_Prod"/>
  <testcase name="main" time="49.305" classname="AUW_Test_case_prod.AUW_Heartwood">
    <failure type="org.openqa.selenium.ElementClickInterceptedException" message="Element &amp;lt;span class=&amp;quot;MuiButton-label&amp;quot;&amp;gt; is not clickable at point (262,12) because another element &amp;lt;div id=&amp;quot;desktop-menu&amp;quot; class=&amp;quot;MuiGrid-root jss13 MuiGrid-container&amp;quot;&amp;gt; obscures it
Build info: version: &amp;apos;3.141.59&amp;apos;, revision: &amp;apos;e82be7d358&amp;apos;, time: &amp;apos;2018-11-14T08:17:03&amp;apos;
System info: host: &amp;apos;DESKTOP-N7K85DJ&amp;apos;, ip: &amp;apos;192.168.1.3&amp;apos;, os.name: &amp;apos;Windows 10&amp;apos;, os.arch: &amp;apos;amd64&amp;apos;, os.version: &amp;apos;10.0&amp;apos;, java.version: &amp;apos;1.8.0_291&amp;apos;
Driver info: org.openqa.selenium.firefox.FirefoxDriver
Capabilities {acceptInsecureCerts: true, browserName: firefox, browserVersion: 96.0.3, javascriptEnabled: true, moz:accessibilityChecks: false, moz:buildID: 20220126154723, moz:geckodriverVersion: 0.30.0, moz:headless: false, moz:processID: 65636, moz:profile: C:\Users\Sweta\AppData\Loca..., moz:shutdownTimeout: 60000, moz:useNonSpecCompliantPointerOrigin: false, moz:webdriverClick: true, pageLoadStrategy: normal, platform: WINDOWS, platformName: WINDOWS, platformVersion: 10.0, proxy: Proxy(), setWindowRect: true, strictFileInteractability: false, timeouts: {implicit: 0, pageLoad: 300000, script: 30000}, unhandledPromptBehavior: dismiss and notify}
Session ID: 68e6bbce-6ce2-4825-a791-a874507ac8bd">
      <![CDATA[org.openqa.selenium.ElementClickInterceptedException: Element <span class="MuiButton-label"> is not clickable at point (262,12) because another element <div id="desktop-menu" class="MuiGrid-root jss13 MuiGrid-container"> obscures it
Build info: version: '3.141.59', revision: 'e82be7d358', time: '2018-11-14T08:17:03'
System info: host: 'DESKTOP-N7K85DJ', ip: '192.168.1.3', os.name: 'Windows 10', os.arch: 'amd64', os.version: '10.0', java.version: '1.8.0_291'
Driver info: org.openqa.selenium.firefox.FirefoxDriver
Capabilities {acceptInsecureCerts: true, browserName: firefox, browserVersion: 96.0.3, javascriptEnabled: true, moz:accessibilityChecks: false, moz:buildID: 20220126154723, moz:geckodriverVersion: 0.30.0, moz:headless: false, moz:processID: 65636, moz:profile: C:\Users\Sweta\AppData\Loca..., moz:shutdownTimeout: 60000, moz:useNonSpecCompliantPointerOrigin: false, moz:webdriverClick: true, pageLoadStrategy: normal, platform: WINDOWS, platformName: WINDOWS, platformVersion: 10.0, proxy: Proxy(), setWindowRect: true, strictFileInteractability: false, timeouts: {implicit: 0, pageLoad: 300000, script: 30000}, unhandledPromptBehavior: dismiss and notify}
Session ID: 68e6bbce-6ce2-4825-a791-a874507ac8bd
	at org.openqa.selenium.remote.http.W3CHttpResponseCodec.createException(W3CHttpResponseCodec.java:187)
	at org.openqa.selenium.remote.http.W3CHttpResponseCodec.decode(W3CHttpResponseCodec.java:122)
	at org.openqa.selenium.remote.http.W3CHttpResponseCodec.decode(W3CHttpResponseCodec.java:49)
	at org.openqa.selenium.remote.HttpCommandExecutor.execute(HttpCommandExecutor.java:158)
	at org.openqa.selenium.remote.service.DriverCommandExecutor.execute(DriverCommandExecutor.java:83)
	at org.openqa.selenium.remote.RemoteWebDriver.execute(RemoteWebDriver.java:552)
	at org.openqa.selenium.remote.RemoteWebElement.execute(RemoteWebElement.java:285)
	at org.openqa.selenium.remote.RemoteWebElement.click(RemoteWebElement.java:84)
	at AUW_Test_case_prod.AUW_Heartwood.main(AUW_Heartwood.java:90)
	at java.util.concurrent.ThreadPoolExecutor.runWorker(ThreadPoolExecutor.java:1149)
	at java.util.concurrent.ThreadPoolExecutor$Worker.run(ThreadPoolExecutor.java:624)
	at java.lang.Thread.run(Thread.java:748)
... Removed 14 stack frames]]>
    </failure>
  </testcase> <!-- main -->
  <testcase name="main" time="42.535" classname="AUW_Test_case_prod.AUW_NJ_Update"/>
  <testcase name="main" time="50.028" classname="AUW_Test_case_prod.AUW_header_web_Prod"/>
  <testcase name="main" time="18.171" classname="AUW_Test_case_prod.AUW_PPP"/>
  <testcase name="Practices_AgentsBrokers" time="57.72" classname="AUW_Test_case_prod.Practices_AgentsBrokers"/>
  <testcase name="main" time="355.371" classname="AUW_Test_case_prod.AUW_Experience"/>
  <testcase name="LearnMore" time="14.443" classname="AUW_Global_Test_Cases_Prod.LearnMore_TC"/>
  <testcase name="HomePage" time="17.506" classname="AUW_Global_Test_Cases_Prod.Home_Page_TC"/>
  <testcase name="Practices_CustomerSeekingCoverage" time="231.107" classname="AUW_Test_case_prod.Practices_CustomerSeekingCoverage"/>
  <testcase name="Change_Language" time="3.01" classname="Promesa_Test_Case_Prod.Change_language"/>
  <testcase name="Footer_PrivacyPolicy" time="22.188" classname="Promesa_Test_Case_Prod.Footer"/>
  <testcase name="Footer_facebook" time="19.446" classname="Promesa_Test_Case_Prod.Footer"/>
  <testcase name="Footer_instagram" time="6.809" classname="Promesa_Test_Case_Prod.Footer"/>
  <testcase name="Side_Heading_One" time="124.045" classname="Promesa_Test_Case_Prod.Pharmacy_search"/>
  <testcase name="Footer_linkedin" time="10.308" classname="Promesa_Test_Case_Prod.Footer"/>
  <testcase name="Footer_twitter" time="6.83" classname="Promesa_Test_Case_Prod.Footer"/>
  <testcase name="Heading1" time="35.561" classname="MTL_Test_Cases_Prod.What_we_offer1_TC"/>
  <testcase name="More_offers" time="40.694" classname="MTL_Test_Cases_Prod.More_offers_TC"/>
  <testcase name="Heading10" time="37.685" classname="MTL_Test_Cases_Prod.What_we_offer1_TC"/>
  <testcase name="Footer" time="38.412" classname="MTL_Test_Cases_Prod.Home_URL"/>
  <testcase name="Heading11" time="52.413" classname="MTL_Test_Cases_Prod.What_we_offer1_TC"/>
  <testcase name="Heading2" time="36.98" classname="MTL_Test_Cases_Prod.What_we_offer1_TC"/>
  <testcase name="Heading" time="92.951" classname="MTL_Test_Cases_Prod.What_we_offer_URL_TC"/>
  <testcase name="Heading3" time="38.785" classname="MTL_Test_Cases_Prod.What_we_offer1_TC"/>
  <testcase name="Footer" time="17.433" classname="Speciality_underwriters_Test_Case_Prod.Contact_US_TC"/>
  <testcase name="Footer" time="9.338" classname="Speciality_underwriters_Test_Case_Prod.About_Us"/>
  <testcase name="Heading4" time="37.922" classname="MTL_Test_Cases_Prod.What_we_offer1_TC"/>
  <testcase name="Footer" time="37.102" classname="Speciality_underwriters_Test_Case_Prod.What_We_offer"/>
  <testcase name="Heading5" time="37.506" classname="MTL_Test_Cases_Prod.What_we_offer1_TC"/>
  <testcase name="Footer" time="17.888" classname="Speciality_underwriters_Test_Case_Prod.Home_TC"/>
  <testcase name="Heading6" time="37.688" classname="MTL_Test_Cases_Prod.What_we_offer1_TC"/>
  <testcase name="Heading7" time="37.35" classname="MTL_Test_Cases_Prod.What_we_offer1_TC"/>
  <testcase name="Heading8" time="36.935" classname="MTL_Test_Cases_Prod.What_we_offer1_TC"/>
  <testcase name="Heading9" time="36.745" classname="MTL_Test_Cases_Prod.What_we_offer1_TC"/>
  <testcase name="Footer" time="271.831" classname="AFL_Test_Case_Prod.What_We_offer_OutSideUs"/>
  <testcase name="Home_Page" time="114.467" classname="AFL_Test_Case_Prod.HomePage_TC"/>
  <testcase name="ContactUs_Page" time="23.368" classname="AFL_Test_Case_Prod.ContactUS_OutsideUS"/>
  <testcase name="Footer" time="70.766" classname="AFL_Test_Case_Prod.Footer_TC"/>
  <testcase name="main_Home_Page" time="23.896" classname="AFL_Test_Case_Prod.AboutUS_OutsideUS"/>
  <testcase name="HomePage_Header_login" time="8.616" classname="Credit_Global_Test_Cases_Prod.Forgot_Password"/>
  <testcase name="HomePage_Header_login" time="28.888" classname="Credit_Global_Test_Cases_Prod.What_we_Do_TC"/>
  <testcase name="HomePage_Header_ContactUS_btn" time="18.994" classname="Credit_Global_Test_Cases_Prod.Home_TC"/>
  <testcase name="main_Home_Page" time="22.206" classname="Adler_TestCases_Prod.Home"/>
  <testcase name="HomePage_Header_Our_approach" time="11.603" classname="Credit_Global_Test_Cases_Prod.Home_TC"/>
  <testcase name="HomePage_Header_What_weDo" time="7.35" classname="Credit_Global_Test_Cases_Prod.Home_TC"/>
  <testcase name="HomePage_Header_login" time="12.004" classname="Credit_Global_Test_Cases_Prod.Home_TC"/>
  <testcase name="AUW_Facebook" time="16.701" classname="Careers_Test_case_Prod.Footer"/>
  <testcase name="AUW_Instagram" time="8.684" classname="Careers_Test_case_Prod.Footer"/>
  <testcase name="main_Home_Page" time="132.488" classname="Adler_TestCases_Prod.News"/>
  <testcase name="AUW_Linkedin" time="8.172" classname="Careers_Test_case_Prod.Footer"/>
  <testcase name="AUW_Policy" time="31.939" classname="Careers_Test_case_Prod.Footer"/>
  <testcase name="Footer" time="47.792" classname="Solution_one_Prod.Footer_Production"/>
  <testcase name="AUW_twitter" time="12.821" classname="Careers_Test_case_Prod.Footer"/>
  <testcase name="Footer_Facebook" time="25.735" classname="JumboGC_Test_case_prod.Header_footer"/>
  <testcase name="Home_page" time="33.467" classname="Warranty_Test_Case_Prod.About_US"/>
  <testcase name="Footer_Instagram" time="32.495" classname="JumboGC_Test_case_prod.Header_footer"/>
  <testcase name="ContactUS" time="42.236" classname="Warranty_Test_Case_Prod.Contact_US"/>
  <testcase name="Footer_Privacy" time="36.026" classname="JumboGC_Test_case_prod.Header_footer"/>
  <testcase name="partner" time="10.94" classname="Warranty_Test_Case_Prod.Partner_With_US"/>
  <testcase name="Footer_linkedIN" time="26.229" classname="JumboGC_Test_case_prod.Header_footer"/>
  <testcase name="Header_Login" time="20.294" classname="JumboGC_Test_case_prod.Header_footer"/>
  <testcase name="Partner1" time="68.922" classname="Warranty_Test_Case_Prod.Our_Partner"/>
  <testcase name="Partner2" time="68.371" classname="Warranty_Test_Case_Prod.Our_Partner"/>
  <testcase name="Home_page" time="265.626" classname="Warranty_Test_Case_Prod.HomePage_Testcase"/>
  <testcase name="Partner3" time="68.491" classname="Warranty_Test_Case_Prod.Our_Partner"/>
  <testcase name="HomePage" time="65.311" classname="Casuality_Prod_TC.Home_page"/>
  <testcase name="Partner4" time="69.095" classname="Warranty_Test_Case_Prod.Our_Partner"/>
  <testcase name="HomePage" time="45.224" classname="Casuality_Prod_TC.Menu_About_US"/>
  <testcase name="HomePage" time="21.722" classname="Casuality_Prod_TC.Menu_Contact_Us"/>
  <testcase name="Partner5" time="67.864" classname="Warranty_Test_Case_Prod.Our_Partner"/>
  <testcase name="Carriers" time="34.319" classname="Casuality_Prod_TC.Menu_Our_Carriers"/>
  <testcase name="Partner6" time="76.675" classname="Warranty_Test_Case_Prod.Our_Partner"/>
  <testcase name="HomePage" time="54.807" classname="Casuality_Prod_TC.Menu_Press_Room"/>
</testsuite> <!-- Firefox_Prod -->
