<?xml version="1.0" encoding="UTF-8"?>
<!-- Generated by org.testng.reporters.JUnitXMLReporter -->
<testsuite hostname="DESKTOP-N7K85DJ" name="Firefox_Prod" tests="81" failures="1" timestamp="16 Mar 2022 12:48:22 GMT" time="2398.009" errors="0">
  <testcase name="main" time="37.861" classname="AUW_Test_case_prod.AUW_CallUpdate"/>
  <testcase name="AboutUS" time="64.116" classname="AUW_Test_case_prod.AUW_AboutUS"/>
  <testcase name="main" time="83.135" classname="AUW_Test_case_prod.AUW_Intelligence_TC"/>
  <testcase name="AUW_Footer" time="75.659" classname="AUW_Test_case_prod.AUW_Footer_Prod"/>
  <testcase name="main" time="38.549" classname="AUW_Test_case_prod.AUW_NJ_Update"/>
  <testcase name="main" time="55.986" classname="AUW_Test_case_prod.AUW_Heartwood"/>
  <testcase name="main" time="47.063" classname="AUW_Test_case_prod.AUW_header_web_Prod"/>
  <testcase name="main" time="16.744" classname="AUW_Test_case_prod.AUW_PPP"/>
  <testcase name="Practices_AgentsBrokers" time="53.44" classname="AUW_Test_case_prod.Practices_AgentsBrokers"/>
  <testcase name="main" time="305.179" classname="AUW_Test_case_prod.AUW_Experience"/>
  <testcase name="LearnMore" time="17.425" classname="AUW_Global_Test_Cases_Prod.LearnMore_TC">
    <failure type="java.lang.AssertionError" message="expected [true] but found [false]">
      <![CDATA[java.lang.AssertionError: expected [true] but found [false]
	at AUW_Global_Pages.LearnMore_page.Morebutton(LearnMore_page.java:46)
	at AUW_Global_Test_Cases_Prod.LearnMore_TC.LearnMore(LearnMore_TC.java:21)
	at java.util.concurrent.ThreadPoolExecutor.runWorker(ThreadPoolExecutor.java:1149)
	at java.util.concurrent.ThreadPoolExecutor$Worker.run(ThreadPoolExecutor.java:624)
	at java.lang.Thread.run(Thread.java:748)
... Removed 14 stack frames]]>
    </failure>
  </testcase> <!-- LearnMore -->
  <testcase name="Practices_CustomerSeekingCoverage" time="211.645" classname="AUW_Test_case_prod.Practices_CustomerSeekingCoverage"/>
  <testcase name="HomePage" time="14.411" classname="AUW_Global_Test_Cases_Prod.Home_Page_TC"/>
  <testcase name="Change_Language" time="3.169" classname="Promesa_Test_Case_Prod.Change_language"/>
  <testcase name="Footer_PrivacyPolicy" time="20.483" classname="Promesa_Test_Case_Prod.Footer"/>
  <testcase name="Footer_facebook" time="19.043" classname="Promesa_Test_Case_Prod.Footer"/>
  <testcase name="Footer_instagram" time="5.996" classname="Promesa_Test_Case_Prod.Footer"/>
  <testcase name="Footer_linkedin" time="6.575" classname="Promesa_Test_Case_Prod.Footer"/>
  <testcase name="Footer_twitter" time="6.794" classname="Promesa_Test_Case_Prod.Footer"/>
  <testcase name="Side_Heading_One" time="130.433" classname="Promesa_Test_Case_Prod.Pharmacy_search"/>
  <testcase name="Heading1" time="32.388" classname="MTL_Test_Cases_Prod.What_we_offer1_TC"/>
  <testcase name="More_offers" time="39.722" classname="MTL_Test_Cases_Prod.More_offers_TC"/>
  <testcase name="Heading10" time="36.854" classname="MTL_Test_Cases_Prod.What_we_offer1_TC"/>
  <testcase name="Footer" time="38.104" classname="MTL_Test_Cases_Prod.Home_URL"/>
  <testcase name="Heading11" time="50.025" classname="MTL_Test_Cases_Prod.What_we_offer1_TC"/>
  <testcase name="Heading2" time="34.956" classname="MTL_Test_Cases_Prod.What_we_offer1_TC"/>
  <testcase name="Heading" time="82.006" classname="MTL_Test_Cases_Prod.What_we_offer_URL_TC"/>
  <testcase name="Footer" time="16.17" classname="Speciality_underwriters_Test_Case_Prod.Contact_US_TC"/>
  <testcase name="Heading3" time="35.514" classname="MTL_Test_Cases_Prod.What_we_offer1_TC"/>
  <testcase name="Footer" time="9.259" classname="Speciality_underwriters_Test_Case_Prod.About_Us"/>
  <testcase name="Heading4" time="36.275" classname="MTL_Test_Cases_Prod.What_we_offer1_TC"/>
  <testcase name="Footer" time="33.149" classname="Speciality_underwriters_Test_Case_Prod.What_We_offer"/>
  <testcase name="Footer" time="15.813" classname="Speciality_underwriters_Test_Case_Prod.Home_TC"/>
  <testcase name="Heading5" time="35.612" classname="MTL_Test_Cases_Prod.What_we_offer1_TC"/>
  <testcase name="Heading6" time="35.643" classname="MTL_Test_Cases_Prod.What_we_offer1_TC"/>
  <testcase name="Heading7" time="35.259" classname="MTL_Test_Cases_Prod.What_we_offer1_TC"/>
  <testcase name="Heading8" time="35.815" classname="MTL_Test_Cases_Prod.What_we_offer1_TC"/>
  <testcase name="Heading9" time="35.259" classname="MTL_Test_Cases_Prod.What_we_offer1_TC"/>
  <testcase name="Footer" time="256.636" classname="AFL_Test_Case_Prod.What_We_offer_OutSideUs"/>
  <testcase name="Home_Page" time="106.416" classname="AFL_Test_Case_Prod.HomePage_TC"/>
  <testcase name="Footer" time="65.833" classname="AFL_Test_Case_Prod.Footer_TC"/>
  <testcase name="ContactUs_Page" time="28.439" classname="AFL_Test_Case_Prod.ContactUS_OutsideUS"/>
  <testcase name="main_Home_Page" time="16.897" classname="AFL_Test_Case_Prod.AboutUS_OutsideUS"/>
  <testcase name="HomePage_Header_login" time="7.421" classname="Credit_Global_Test_Cases_Prod.Forgot_Password"/>
  <testcase name="HomePage_Header_login" time="28.11" classname="Credit_Global_Test_Cases_Prod.What_we_Do_TC"/>
  <testcase name="HomePage_Header_ContactUS_btn" time="12.465" classname="Credit_Global_Test_Cases_Prod.Home_TC"/>
  <testcase name="main_Home_Page" time="19.53" classname="Adler_TestCases_Prod.Home"/>
  <testcase name="HomePage_Header_Our_approach" time="11.408" classname="Credit_Global_Test_Cases_Prod.Home_TC"/>
  <testcase name="HomePage_Header_What_weDo" time="6.992" classname="Credit_Global_Test_Cases_Prod.Home_TC"/>
  <testcase name="HomePage_Header_login" time="11.917" classname="Credit_Global_Test_Cases_Prod.Home_TC"/>
  <testcase name="AUW_Facebook" time="16.35" classname="Careers_Test_case_Prod.Footer"/>
  <testcase name="AUW_Instagram" time="8.432" classname="Careers_Test_case_Prod.Footer"/>
  <testcase name="AUW_Linkedin" time="7.876" classname="Careers_Test_case_Prod.Footer"/>
  <testcase name="main_Home_Page" time="122.537" classname="Adler_TestCases_Prod.News"/>
  <testcase name="AUW_Policy" time="23.566" classname="Careers_Test_case_Prod.Footer"/>
  <testcase name="AUW_twitter" time="10.457" classname="Careers_Test_case_Prod.Footer"/>
  <testcase name="Footer" time="48.063" classname="Solution_one_Prod.Footer_Production"/>
  <testcase name="Footer_Facebook" time="25.846" classname="JumboGC_Test_case_prod.Header_footer"/>
  <testcase name="Home_page" time="32.115" classname="Warranty_Test_Case_Prod.About_US"/>
  <testcase name="Footer_Instagram" time="25.645" classname="JumboGC_Test_case_prod.Header_footer"/>
  <testcase name="ContactUS" time="38.162" classname="Warranty_Test_Case_Prod.Contact_US"/>
  <testcase name="Footer_Privacy" time="35.908" classname="JumboGC_Test_case_prod.Header_footer"/>
  <testcase name="partner" time="10.942" classname="Warranty_Test_Case_Prod.Partner_With_US"/>
  <testcase name="Footer_linkedIN" time="25.872" classname="JumboGC_Test_case_prod.Header_footer"/>
  <testcase name="Header_Login" time="20.268" classname="JumboGC_Test_case_prod.Header_footer"/>
  <testcase name="Partner1" time="65.288" classname="Warranty_Test_Case_Prod.Our_Partner"/>
  <testcase name="Partner2" time="65.61" classname="Warranty_Test_Case_Prod.Our_Partner"/>
  <testcase name="Home_page" time="260.893" classname="Warranty_Test_Case_Prod.HomePage_Testcase"/>
  <testcase name="Partner3" time="65.456" classname="Warranty_Test_Case_Prod.Our_Partner"/>
  <testcase name="HomePage" time="63.707" classname="Casuality_Prod_TC.Home_page"/>
  <testcase name="Partner4" time="66.232" classname="Warranty_Test_Case_Prod.Our_Partner"/>
  <testcase name="HomePage" time="43.958" classname="Casuality_Prod_TC.Menu_About_US"/>
  <testcase name="Partner5" time="64.74" classname="Warranty_Test_Case_Prod.Our_Partner"/>
  <testcase name="HomePage" time="21.444" classname="Casuality_Prod_TC.Menu_Contact_Us"/>
  <testcase name="Carriers" time="33.408" classname="Casuality_Prod_TC.Menu_Our_Carriers"/>
  <testcase name="Partner6" time="64.242" classname="Warranty_Test_Case_Prod.Our_Partner"/>
  <testcase name="HomePage" time="53.28" classname="Casuality_Prod_TC.Menu_Press_Room"/>
  <testcase name="main_Home_Page" time="46.244" classname="Pinnacle_Test_Cases_Production.HomePage_TC"/>
  <testcase name="main_Home_Page" time="31.079" classname="Tradewel_Test_Cases_Production.About_US"/>
  <testcase name="WhatsNew" time="84.734" classname="Pinnacle_Test_Cases_Production.WatsNew"/>
  <testcase name="Comprehensive" time="39.598" classname="Tradewel_Test_Cases_Production.Comprehensive_Protection_FF"/>
</testsuite> <!-- Firefox_Prod -->
