<?xml version="1.0" encoding="UTF-8"?>
<!-- Generated by org.testng.reporters.JUnitXMLReporter -->
<testsuite hostname="DESKTOP-N7K85DJ" name="Firefox_Prod" tests="74" failures="3" timestamp="25 May 2022 12:31:30 GMT" time="4546.026" errors="0">
  <testcase name="@BeforeMethod setupApplication" time="0.0" classname="AFL_Test_Case_Prod.HomePage_TC">
    <failure type="org.openqa.selenium.TimeoutException" message="No connection could be made because the target machine actively refused it. (os error 10061)
Build info: version: &amp;apos;3.141.59&amp;apos;, revision: &amp;apos;e82be7d358&amp;apos;, time: &amp;apos;2018-11-14T08:17:03&amp;apos;
System info: host: &amp;apos;DESKTOP-N7K85DJ&amp;apos;, ip: &amp;apos;192.168.1.4&amp;apos;, os.name: &amp;apos;Windows 10&amp;apos;, os.arch: &amp;apos;amd64&amp;apos;, os.version: &amp;apos;10.0&amp;apos;, java.version: &amp;apos;1.8.0_291&amp;apos;
Driver info: driver.version: FirefoxDriver
remote stacktrace: ">
      <![CDATA[org.openqa.selenium.TimeoutException: No connection could be made because the target machine actively refused it. (os error 10061)
Build info: version: '3.141.59', revision: 'e82be7d358', time: '2018-11-14T08:17:03'
System info: host: 'DESKTOP-N7K85DJ', ip: '192.168.1.4', os.name: 'Windows 10', os.arch: 'amd64', os.version: '10.0', java.version: '1.8.0_291'
Driver info: driver.version: FirefoxDriver
remote stacktrace: 
	at org.openqa.selenium.remote.W3CHandshakeResponse.lambda$errorHandler$0(W3CHandshakeResponse.java:62)
	at org.openqa.selenium.remote.HandshakeResponse.lambda$getResponseFunction$0(HandshakeResponse.java:30)
	at org.openqa.selenium.remote.ProtocolHandshake.lambda$createSession$0(ProtocolHandshake.java:126)
	at java.util.stream.ReferencePipeline$3$1.accept(ReferencePipeline.java:193)
	at java.util.Spliterators$ArraySpliterator.tryAdvance(Spliterators.java:958)
	at java.util.stream.ReferencePipeline.forEachWithCancel(ReferencePipeline.java:126)
	at java.util.stream.AbstractPipeline.copyIntoWithCancel(AbstractPipeline.java:499)
	at java.util.stream.AbstractPipeline.copyInto(AbstractPipeline.java:486)
	at java.util.stream.AbstractPipeline.wrapAndCopyInto(AbstractPipeline.java:472)
	at java.util.stream.FindOps$FindOp.evaluateSequential(FindOps.java:152)
	at java.util.stream.AbstractPipeline.evaluate(AbstractPipeline.java:234)
	at java.util.stream.ReferencePipeline.findFirst(ReferencePipeline.java:464)
	at org.openqa.selenium.remote.ProtocolHandshake.createSession(ProtocolHandshake.java:128)
	at org.openqa.selenium.remote.ProtocolHandshake.createSession(ProtocolHandshake.java:74)
	at org.openqa.selenium.remote.HttpCommandExecutor.execute(HttpCommandExecutor.java:136)
	at org.openqa.selenium.remote.service.DriverCommandExecutor.execute(DriverCommandExecutor.java:83)
	at org.openqa.selenium.remote.RemoteWebDriver.execute(RemoteWebDriver.java:552)
	at org.openqa.selenium.remote.RemoteWebDriver.startSession(RemoteWebDriver.java:213)
	at org.openqa.selenium.remote.RemoteWebDriver.<init>(RemoteWebDriver.java:131)
	at org.openqa.selenium.firefox.FirefoxDriver.<init>(FirefoxDriver.java:147)
	at org.openqa.selenium.firefox.FirefoxDriver.<init>(FirefoxDriver.java:125)
	at AFL_Test_Case_Prod.Base_class.setupApplication(Base_class.java:57)
	at java.util.concurrent.ThreadPoolExecutor.runWorker(ThreadPoolExecutor.java:1149)
	at java.util.concurrent.ThreadPoolExecutor$Worker.run(ThreadPoolExecutor.java:624)
	at java.lang.Thread.run(Thread.java:748)
... Removed 16 stack frames]]>
    </failure>
  </testcase> <!-- @BeforeMethod setupApplication -->
  <testcase name="@AfterMethod tearDown" time="0.0" classname="AFL_Test_Case_Prod.HomePage_TC">
    <skipped/>
  </testcase> <!-- @AfterMethod tearDown -->
  <testcase name="@BeforeMethod setupApplication" time="0.0" classname="AFL_Test_Case_Prod.Footer_TC">
    <skipped/>
  </testcase> <!-- @BeforeMethod setupApplication -->
  <testcase name="@AfterMethod tearDown" time="0.0" classname="AFL_Test_Case_Prod.Footer_TC">
    <skipped/>
  </testcase> <!-- @AfterMethod tearDown -->
  <testcase name="@BeforeMethod setupApplication" time="0.0" classname="AFL_Test_Case_Prod.ContactUS_OutsideUS">
    <skipped/>
  </testcase> <!-- @BeforeMethod setupApplication -->
  <testcase name="@AfterMethod tearDown" time="0.0" classname="AFL_Test_Case_Prod.ContactUS_OutsideUS">
    <skipped/>
  </testcase> <!-- @AfterMethod tearDown -->
  <testcase name="@BeforeMethod setupApplication" time="0.0" classname="AFL_Test_Case_Prod.AboutUS_OutsideUS">
    <skipped/>
  </testcase> <!-- @BeforeMethod setupApplication -->
  <testcase name="@AfterMethod tearDown" time="0.0" classname="AFL_Test_Case_Prod.AboutUS_OutsideUS">
    <skipped/>
  </testcase> <!-- @AfterMethod tearDown -->
  <testcase name="@BeforeMethod setupApplication" time="0.0" classname="Credit_Global_Test_Cases_Prod.What_we_Do_TC">
    <failure type="org.openqa.selenium.TimeoutException" message="No connection could be made because the target machine actively refused it. (os error 10061)
Build info: version: &amp;apos;3.141.59&amp;apos;, revision: &amp;apos;e82be7d358&amp;apos;, time: &amp;apos;2018-11-14T08:17:03&amp;apos;
System info: host: &amp;apos;DESKTOP-N7K85DJ&amp;apos;, ip: &amp;apos;192.168.1.4&amp;apos;, os.name: &amp;apos;Windows 10&amp;apos;, os.arch: &amp;apos;amd64&amp;apos;, os.version: &amp;apos;10.0&amp;apos;, java.version: &amp;apos;1.8.0_291&amp;apos;
Driver info: driver.version: FirefoxDriver
remote stacktrace: ">
      <![CDATA[org.openqa.selenium.TimeoutException: No connection could be made because the target machine actively refused it. (os error 10061)
Build info: version: '3.141.59', revision: 'e82be7d358', time: '2018-11-14T08:17:03'
System info: host: 'DESKTOP-N7K85DJ', ip: '192.168.1.4', os.name: 'Windows 10', os.arch: 'amd64', os.version: '10.0', java.version: '1.8.0_291'
Driver info: driver.version: FirefoxDriver
remote stacktrace: 
	at org.openqa.selenium.remote.W3CHandshakeResponse.lambda$errorHandler$0(W3CHandshakeResponse.java:62)
	at org.openqa.selenium.remote.HandshakeResponse.lambda$getResponseFunction$0(HandshakeResponse.java:30)
	at org.openqa.selenium.remote.ProtocolHandshake.lambda$createSession$0(ProtocolHandshake.java:126)
	at java.util.stream.ReferencePipeline$3$1.accept(ReferencePipeline.java:193)
	at java.util.Spliterators$ArraySpliterator.tryAdvance(Spliterators.java:958)
	at java.util.stream.ReferencePipeline.forEachWithCancel(ReferencePipeline.java:126)
	at java.util.stream.AbstractPipeline.copyIntoWithCancel(AbstractPipeline.java:499)
	at java.util.stream.AbstractPipeline.copyInto(AbstractPipeline.java:486)
	at java.util.stream.AbstractPipeline.wrapAndCopyInto(AbstractPipeline.java:472)
	at java.util.stream.FindOps$FindOp.evaluateSequential(FindOps.java:152)
	at java.util.stream.AbstractPipeline.evaluate(AbstractPipeline.java:234)
	at java.util.stream.ReferencePipeline.findFirst(ReferencePipeline.java:464)
	at org.openqa.selenium.remote.ProtocolHandshake.createSession(ProtocolHandshake.java:128)
	at org.openqa.selenium.remote.ProtocolHandshake.createSession(ProtocolHandshake.java:74)
	at org.openqa.selenium.remote.HttpCommandExecutor.execute(HttpCommandExecutor.java:136)
	at org.openqa.selenium.remote.service.DriverCommandExecutor.execute(DriverCommandExecutor.java:83)
	at org.openqa.selenium.remote.RemoteWebDriver.execute(RemoteWebDriver.java:552)
	at org.openqa.selenium.remote.RemoteWebDriver.startSession(RemoteWebDriver.java:213)
	at org.openqa.selenium.remote.RemoteWebDriver.<init>(RemoteWebDriver.java:131)
	at org.openqa.selenium.firefox.FirefoxDriver.<init>(FirefoxDriver.java:147)
	at org.openqa.selenium.firefox.FirefoxDriver.<init>(FirefoxDriver.java:125)
	at Credit_Global_Test_Cases_Prod.Base_class.setupApplication(Base_class.java:67)
	at java.util.concurrent.ThreadPoolExecutor.runWorker(ThreadPoolExecutor.java:1149)
	at java.util.concurrent.ThreadPoolExecutor$Worker.run(ThreadPoolExecutor.java:624)
	at java.lang.Thread.run(Thread.java:748)
... Removed 16 stack frames]]>
    </failure>
  </testcase> <!-- @BeforeMethod setupApplication -->
  <testcase name="@AfterMethod tearDown" time="0.0" classname="Credit_Global_Test_Cases_Prod.What_we_Do_TC">
    <skipped/>
  </testcase> <!-- @AfterMethod tearDown -->
  <testcase name="@BeforeMethod setupApplication" time="0.0" classname="Credit_Global_Test_Cases_Prod.Forgot_Password">
    <skipped/>
  </testcase> <!-- @BeforeMethod setupApplication -->
  <testcase name="@AfterMethod tearDown" time="0.0" classname="Credit_Global_Test_Cases_Prod.Forgot_Password">
    <skipped/>
  </testcase> <!-- @AfterMethod tearDown -->
  <testcase name="@BeforeMethod setupApplication" time="0.0" classname="Credit_Global_Test_Cases_Prod.Home_TC">
    <skipped/>
  </testcase> <!-- @BeforeMethod setupApplication -->
  <testcase name="@AfterMethod tearDown" time="0.0" classname="Credit_Global_Test_Cases_Prod.Home_TC">
    <skipped/>
  </testcase> <!-- @AfterMethod tearDown -->
  <testcase name="@BeforeMethod setupApplication" time="0.0" classname="Credit_Global_Test_Cases_Prod.Home_TC">
    <skipped/>
  </testcase> <!-- @BeforeMethod setupApplication -->
  <testcase name="@AfterMethod tearDown" time="0.0" classname="Credit_Global_Test_Cases_Prod.Home_TC">
    <skipped/>
  </testcase> <!-- @AfterMethod tearDown -->
  <testcase name="@BeforeMethod setupApplication" time="0.0" classname="Credit_Global_Test_Cases_Prod.Home_TC">
    <skipped/>
  </testcase> <!-- @BeforeMethod setupApplication -->
  <testcase name="@AfterMethod tearDown" time="0.0" classname="Credit_Global_Test_Cases_Prod.Home_TC">
    <skipped/>
  </testcase> <!-- @AfterMethod tearDown -->
  <testcase name="@BeforeMethod setupApplication" time="0.0" classname="Credit_Global_Test_Cases_Prod.Home_TC">
    <skipped/>
  </testcase> <!-- @BeforeMethod setupApplication -->
  <testcase name="@AfterMethod tearDown" time="0.0" classname="Credit_Global_Test_Cases_Prod.Home_TC">
    <skipped/>
  </testcase> <!-- @AfterMethod tearDown -->
  <testcase name="@BeforeMethod setupApplication" time="0.0" classname="Adler_TestCases_Prod.Home">
    <failure type="org.openqa.selenium.TimeoutException" message="No connection could be made because the target machine actively refused it. (os error 10061)
Build info: version: &amp;apos;3.141.59&amp;apos;, revision: &amp;apos;e82be7d358&amp;apos;, time: &amp;apos;2018-11-14T08:17:03&amp;apos;
System info: host: &amp;apos;DESKTOP-N7K85DJ&amp;apos;, ip: &amp;apos;192.168.1.4&amp;apos;, os.name: &amp;apos;Windows 10&amp;apos;, os.arch: &amp;apos;amd64&amp;apos;, os.version: &amp;apos;10.0&amp;apos;, java.version: &amp;apos;1.8.0_291&amp;apos;
Driver info: driver.version: FirefoxDriver
remote stacktrace: ">
      <![CDATA[org.openqa.selenium.TimeoutException: No connection could be made because the target machine actively refused it. (os error 10061)
Build info: version: '3.141.59', revision: 'e82be7d358', time: '2018-11-14T08:17:03'
System info: host: 'DESKTOP-N7K85DJ', ip: '192.168.1.4', os.name: 'Windows 10', os.arch: 'amd64', os.version: '10.0', java.version: '1.8.0_291'
Driver info: driver.version: FirefoxDriver
remote stacktrace: 
	at org.openqa.selenium.remote.W3CHandshakeResponse.lambda$errorHandler$0(W3CHandshakeResponse.java:62)
	at org.openqa.selenium.remote.HandshakeResponse.lambda$getResponseFunction$0(HandshakeResponse.java:30)
	at org.openqa.selenium.remote.ProtocolHandshake.lambda$createSession$0(ProtocolHandshake.java:126)
	at java.util.stream.ReferencePipeline$3$1.accept(ReferencePipeline.java:193)
	at java.util.Spliterators$ArraySpliterator.tryAdvance(Spliterators.java:958)
	at java.util.stream.ReferencePipeline.forEachWithCancel(ReferencePipeline.java:126)
	at java.util.stream.AbstractPipeline.copyIntoWithCancel(AbstractPipeline.java:499)
	at java.util.stream.AbstractPipeline.copyInto(AbstractPipeline.java:486)
	at java.util.stream.AbstractPipeline.wrapAndCopyInto(AbstractPipeline.java:472)
	at java.util.stream.FindOps$FindOp.evaluateSequential(FindOps.java:152)
	at java.util.stream.AbstractPipeline.evaluate(AbstractPipeline.java:234)
	at java.util.stream.ReferencePipeline.findFirst(ReferencePipeline.java:464)
	at org.openqa.selenium.remote.ProtocolHandshake.createSession(ProtocolHandshake.java:128)
	at org.openqa.selenium.remote.ProtocolHandshake.createSession(ProtocolHandshake.java:74)
	at org.openqa.selenium.remote.HttpCommandExecutor.execute(HttpCommandExecutor.java:136)
	at org.openqa.selenium.remote.service.DriverCommandExecutor.execute(DriverCommandExecutor.java:83)
	at org.openqa.selenium.remote.RemoteWebDriver.execute(RemoteWebDriver.java:552)
	at org.openqa.selenium.remote.RemoteWebDriver.startSession(RemoteWebDriver.java:213)
	at org.openqa.selenium.remote.RemoteWebDriver.<init>(RemoteWebDriver.java:131)
	at org.openqa.selenium.firefox.FirefoxDriver.<init>(FirefoxDriver.java:147)
	at org.openqa.selenium.firefox.FirefoxDriver.<init>(FirefoxDriver.java:125)
	at Adler_TestCases_Prod.Base_class.setupApplication(Base_class.java:56)
	at java.util.concurrent.ThreadPoolExecutor.runWorker(ThreadPoolExecutor.java:1149)
	at java.util.concurrent.ThreadPoolExecutor$Worker.run(ThreadPoolExecutor.java:624)
	at java.lang.Thread.run(Thread.java:748)
... Removed 16 stack frames]]>
    </failure>
  </testcase> <!-- @BeforeMethod setupApplication -->
  <testcase name="@AfterMethod tearDown" time="0.0" classname="Adler_TestCases_Prod.Home">
    <skipped/>
  </testcase> <!-- @AfterMethod tearDown -->
  <testcase name="@BeforeMethod setupApplication" time="0.0" classname="Adler_TestCases_Prod.News">
    <skipped/>
  </testcase> <!-- @BeforeMethod setupApplication -->
  <testcase name="@AfterMethod tearDown" time="0.0" classname="Adler_TestCases_Prod.News">
    <skipped/>
  </testcase> <!-- @AfterMethod tearDown -->
  <testcase name="main" time="38.972" classname="AUW_Test_case_prod.AUW_CallUpdate"/>
  <testcase name="AboutUS" time="71.309" classname="AUW_Test_case_prod.AUW_AboutUS"/>
  <testcase name="main" time="82.226" classname="AUW_Test_case_prod.AUW_Intelligence_TC"/>
  <testcase name="AUW_Footer" time="85.706" classname="AUW_Test_case_prod.AUW_Footer_Prod"/>
  <testcase name="main" time="56.434" classname="AUW_Test_case_prod.AUW_Heartwood"/>
  <testcase name="main" time="38.39" classname="AUW_Test_case_prod.AUW_NJ_Update"/>
  <testcase name="main" time="338.57" classname="AUW_Test_case_prod.AUW_Experience"/>
  <testcase name="main" time="49.294" classname="AUW_Test_case_prod.AUW_header_web_Prod"/>
  <testcase name="main" time="17.282" classname="AUW_Test_case_prod.AUW_PPP"/>
  <testcase name="Practices_AgentsBrokers" time="54.695" classname="AUW_Test_case_prod.Practices_AgentsBrokers"/>
  <testcase name="Practices_CustomerSeekingCoverage" time="252.133" classname="AUW_Test_case_prod.Practices_CustomerSeekingCoverage"/>
  <testcase name="LearnMore" time="13.736" classname="AUW_Global_Test_Cases_Prod.LearnMore_TC"/>
  <testcase name="HomePage" time="16.037" classname="AUW_Global_Test_Cases_Prod.Home_Page_TC"/>
  <testcase name="Side_Heading_One" time="123.554" classname="Promesa_Test_Case_Prod.Pharmacy_search"/>
  <testcase name="Change_Language" time="2.281" classname="Promesa_Test_Case_Prod.Change_language"/>
  <testcase name="Footer_PrivacyPolicy" time="20.997" classname="Promesa_Test_Case_Prod.Footer"/>
  <testcase name="Footer_facebook" time="18.562" classname="Promesa_Test_Case_Prod.Footer"/>
  <testcase name="Footer_instagram" time="5.59" classname="Promesa_Test_Case_Prod.Footer"/>
  <testcase name="Footer_linkedin" time="5.57" classname="Promesa_Test_Case_Prod.Footer"/>
  <testcase name="Footer_twitter" time="5.924" classname="Promesa_Test_Case_Prod.Footer"/>
  <testcase name="Heading3" time="37.355" classname="MTL_Test_Cases_Prod.What_we_offer1_TC"/>
  <testcase name="More_offers" time="34.015" classname="MTL_Test_Cases_Prod.More_offers_TC"/>
  <testcase name="Footer" time="32.103" classname="MTL_Test_Cases_Prod.Home_URL"/>
  <testcase name="Heading" time="91.547" classname="MTL_Test_Cases_Prod.What_we_offer_URL_TC"/>
  <testcase name="Footer" time="17.735" classname="Speciality_underwriters_Test_Case_Prod.Contact_US_TC"/>
  <testcase name="Footer" time="9.534" classname="Speciality_underwriters_Test_Case_Prod.About_Us"/>
  <testcase name="Footer" time="36.036" classname="Speciality_underwriters_Test_Case_Prod.What_We_offer"/>
  <testcase name="Footer" time="15.824" classname="Speciality_underwriters_Test_Case_Prod.Home_TC"/>
  <testcase name="WhatweOffer_outsideUS" time="12.856" classname="AFL_Test_Case_Prod.What_We_offer_OutSideUs"/>
  <testcase name="WhatweOffer_tab1" time="78.139" classname="AFL_Test_Case_Prod.What_We_offer_OutSideUs"/>
  <testcase name="WhatweOffer_tab2" time="192.903" classname="AFL_Test_Case_Prod.What_We_offer_OutSideUs"/>
  <testcase name="WhatweOffer_tab3" time="97.56" classname="AFL_Test_Case_Prod.What_We_offer_OutSideUs"/>
  <testcase name="Home_Page" time="0.0" classname="AFL_Test_Case_Prod.HomePage_TC">
    <skipped/>
  </testcase> <!-- Home_Page -->
  <testcase name="Footer" time="0.001" classname="AFL_Test_Case_Prod.Footer_TC">
    <skipped/>
  </testcase> <!-- Footer -->
  <testcase name="ContactUs_Page" time="0.0" classname="AFL_Test_Case_Prod.ContactUS_OutsideUS">
    <skipped/>
  </testcase> <!-- ContactUs_Page -->
  <testcase name="main_Home_Page" time="0.0" classname="AFL_Test_Case_Prod.AboutUS_OutsideUS">
    <skipped/>
  </testcase> <!-- main_Home_Page -->
  <testcase name="HomePage_Header_login" time="0.001" classname="Credit_Global_Test_Cases_Prod.What_we_Do_TC">
    <skipped/>
  </testcase> <!-- HomePage_Header_login -->
  <testcase name="HomePage_Header_login" time="0.0" classname="Credit_Global_Test_Cases_Prod.Forgot_Password">
    <skipped/>
  </testcase> <!-- HomePage_Header_login -->
  <testcase name="HomePage_Header_ContactUS_btn" time="0.0" classname="Credit_Global_Test_Cases_Prod.Home_TC">
    <skipped/>
  </testcase> <!-- HomePage_Header_ContactUS_btn -->
  <testcase name="HomePage_Header_Our_approach" time="0.0" classname="Credit_Global_Test_Cases_Prod.Home_TC">
    <skipped/>
  </testcase> <!-- HomePage_Header_Our_approach -->
  <testcase name="HomePage_Header_What_weDo" time="0.0" classname="Credit_Global_Test_Cases_Prod.Home_TC">
    <skipped/>
  </testcase> <!-- HomePage_Header_What_weDo -->
  <testcase name="HomePage_Header_login" time="0.001" classname="Credit_Global_Test_Cases_Prod.Home_TC">
    <skipped/>
  </testcase> <!-- HomePage_Header_login -->
  <testcase name="main_Home_Page" time="0.001" classname="Adler_TestCases_Prod.Home">
    <skipped/>
  </testcase> <!-- main_Home_Page -->
  <testcase name="main_Home_Page" time="0.0" classname="Adler_TestCases_Prod.News">
    <skipped/>
  </testcase> <!-- main_Home_Page -->
  <testcase name="AUW_Facebook" time="15.492" classname="Careers_Test_case_Prod.Footer"/>
  <testcase name="AUW_Instagram" time="7.46" classname="Careers_Test_case_Prod.Footer"/>
  <testcase name="AUW_Linkedin" time="7.464" classname="Careers_Test_case_Prod.Footer"/>
  <testcase name="AUW_Policy" time="23.507" classname="Careers_Test_case_Prod.Footer"/>
  <testcase name="AUW_twitter" time="9.85" classname="Careers_Test_case_Prod.Footer"/>
  <testcase name="Footer" time="47.315" classname="Solution_one_Prod.Footer_Production"/>
  <testcase name="Footer_Facebook" time="25.602" classname="JumboGC_Test_case_prod.Header_footer"/>
  <testcase name="Footer_Instagram" time="25.544" classname="JumboGC_Test_case_prod.Header_footer"/>
  <testcase name="Footer_Privacy" time="35.974" classname="JumboGC_Test_case_prod.Header_footer"/>
  <testcase name="Footer_linkedIN" time="25.558" classname="JumboGC_Test_case_prod.Header_footer"/>
  <testcase name="Header_Login" time="20.277" classname="JumboGC_Test_case_prod.Header_footer"/>
  <testcase name="Home_page" time="33.591" classname="Warranty_Test_Case_Prod.About_US"/>
  <testcase name="ContactUS" time="48.897" classname="Warranty_Test_Case_Prod.Contact_US"/>
  <testcase name="partner" time="11.496" classname="Warranty_Test_Case_Prod.Partner_With_US"/>
  <testcase name="Home_page" time="286.329" classname="Warranty_Test_Case_Prod.HomePage_Testcase"/>
  <testcase name="Partner1" time="74.305" classname="Warranty_Test_Case_Prod.Our_Partner"/>
  <testcase name="Partner2" time="50.852" classname="Warranty_Test_Case_Prod.Our_Partner">
    <failure type="org.openqa.selenium.NoSuchElementException" message="Unable to locate element: //*[@id=&amp;apos;__next&amp;apos;]/div[2]/div/div/div[2]/h1
For documentation on this error, please visit: https://www.seleniumhq.org/exceptions/no_such_element.html
Build info: version: &amp;apos;3.141.59&amp;apos;, revision: &amp;apos;e82be7d358&amp;apos;, time: &amp;apos;2018-11-14T08:17:03&amp;apos;
System info: host: &amp;apos;DESKTOP-N7K85DJ&amp;apos;, ip: &amp;apos;192.168.1.4&amp;apos;, os.name: &amp;apos;Windows 10&amp;apos;, os.arch: &amp;apos;amd64&amp;apos;, os.version: &amp;apos;10.0&amp;apos;, java.version: &amp;apos;1.8.0_291&amp;apos;
Driver info: org.openqa.selenium.firefox.FirefoxDriver
Capabilities {acceptInsecureCerts: true, browserName: firefox, browserVersion: 100.0.1, javascriptEnabled: true, moz:accessibilityChecks: false, moz:buildID: 20220513165813, moz:geckodriverVersion: 0.30.0, moz:headless: false, moz:processID: 22840, moz:profile: C:\Users\Sweta\AppData\Loca..., moz:shutdownTimeout: 60000, moz:useNonSpecCompliantPointerOrigin: false, moz:webdriverClick: true, pageLoadStrategy: normal, platform: WINDOWS, platformName: WINDOWS, platformVersion: 10.0, proxy: Proxy(), setWindowRect: true, strictFileInteractability: false, timeouts: {implicit: 0, pageLoad: 300000, script: 30000}, unhandledPromptBehavior: dismiss and notify}
Session ID: 592f5c9a-ac3c-4f22-a111-0d5a53a86eb9
*** Element info: {Using=xpath, value=//*[@id=&amp;apos;__next&amp;apos;]/div[2]/div/div/div[2]/h1}">
      <![CDATA[org.openqa.selenium.NoSuchElementException: Unable to locate element: //*[@id='__next']/div[2]/div/div/div[2]/h1
For documentation on this error, please visit: https://www.seleniumhq.org/exceptions/no_such_element.html
Build info: version: '3.141.59', revision: 'e82be7d358', time: '2018-11-14T08:17:03'
System info: host: 'DESKTOP-N7K85DJ', ip: '192.168.1.4', os.name: 'Windows 10', os.arch: 'amd64', os.version: '10.0', java.version: '1.8.0_291'
Driver info: org.openqa.selenium.firefox.FirefoxDriver
Capabilities {acceptInsecureCerts: true, browserName: firefox, browserVersion: 100.0.1, javascriptEnabled: true, moz:accessibilityChecks: false, moz:buildID: 20220513165813, moz:geckodriverVersion: 0.30.0, moz:headless: false, moz:processID: 22840, moz:profile: C:\Users\Sweta\AppData\Loca..., moz:shutdownTimeout: 60000, moz:useNonSpecCompliantPointerOrigin: false, moz:webdriverClick: true, pageLoadStrategy: normal, platform: WINDOWS, platformName: WINDOWS, platformVersion: 10.0, proxy: Proxy(), setWindowRect: true, strictFileInteractability: false, timeouts: {implicit: 0, pageLoad: 300000, script: 30000}, unhandledPromptBehavior: dismiss and notify}
Session ID: 592f5c9a-ac3c-4f22-a111-0d5a53a86eb9
*** Element info: {Using=xpath, value=//*[@id='__next']/div[2]/div/div/div[2]/h1}
	at org.openqa.selenium.remote.http.W3CHttpResponseCodec.createException(W3CHttpResponseCodec.java:187)
	at org.openqa.selenium.remote.http.W3CHttpResponseCodec.decode(W3CHttpResponseCodec.java:122)
	at org.openqa.selenium.remote.http.W3CHttpResponseCodec.decode(W3CHttpResponseCodec.java:49)
	at org.openqa.selenium.remote.HttpCommandExecutor.execute(HttpCommandExecutor.java:158)
	at org.openqa.selenium.remote.service.DriverCommandExecutor.execute(DriverCommandExecutor.java:83)
	at org.openqa.selenium.remote.RemoteWebDriver.execute(RemoteWebDriver.java:552)
	at org.openqa.selenium.remote.RemoteWebDriver.findElement(RemoteWebDriver.java:323)
	at org.openqa.selenium.remote.RemoteWebDriver.findElementByXPath(RemoteWebDriver.java:428)
	at org.openqa.selenium.By$ByXPath.findElement(By.java:353)
	at org.openqa.selenium.remote.RemoteWebDriver.findElement(RemoteWebDriver.java:315)
	at Warranty_Page.Our_Partners_page.Partner2(Our_Partners_page.java:107)
	at Warranty_Test_Case_Prod.Our_Partner.Partner2(Our_Partner.java:32)
	at java.util.concurrent.ThreadPoolExecutor.runWorker(ThreadPoolExecutor.java:1149)
	at java.util.concurrent.ThreadPoolExecutor$Worker.run(ThreadPoolExecutor.java:624)
	at java.lang.Thread.run(Thread.java:748)
... Removed 14 stack frames]]>
    </failure>
  </testcase> <!-- Partner2 -->
  <testcase name="Partner3" time="75.355" classname="Warranty_Test_Case_Prod.Our_Partner"/>
  <testcase name="Partner4" time="75.45" classname="Warranty_Test_Case_Prod.Our_Partner"/>
  <testcase name="Partner5" time="74.879" classname="Warranty_Test_Case_Prod.Our_Partner"/>
  <testcase name="Partner6" time="53.833" classname="Warranty_Test_Case_Prod.Our_Partner">
    <failure type="org.openqa.selenium.NoSuchElementException" message="Unable to locate element: //*[@id=&amp;apos;__next&amp;apos;]/div[2]/div/div/div[2]/h1
For documentation on this error, please visit: https://www.seleniumhq.org/exceptions/no_such_element.html
Build info: version: &amp;apos;3.141.59&amp;apos;, revision: &amp;apos;e82be7d358&amp;apos;, time: &amp;apos;2018-11-14T08:17:03&amp;apos;
System info: host: &amp;apos;DESKTOP-N7K85DJ&amp;apos;, ip: &amp;apos;192.168.1.4&amp;apos;, os.name: &amp;apos;Windows 10&amp;apos;, os.arch: &amp;apos;amd64&amp;apos;, os.version: &amp;apos;10.0&amp;apos;, java.version: &amp;apos;1.8.0_291&amp;apos;
Driver info: org.openqa.selenium.firefox.FirefoxDriver
Capabilities {acceptInsecureCerts: true, browserName: firefox, browserVersion: 100.0.1, javascriptEnabled: true, moz:accessibilityChecks: false, moz:buildID: 20220513165813, moz:geckodriverVersion: 0.30.0, moz:headless: false, moz:processID: 19504, moz:profile: C:\Users\Sweta\AppData\Loca..., moz:shutdownTimeout: 60000, moz:useNonSpecCompliantPointerOrigin: false, moz:webdriverClick: true, pageLoadStrategy: normal, platform: WINDOWS, platformName: WINDOWS, platformVersion: 10.0, proxy: Proxy(), setWindowRect: true, strictFileInteractability: false, timeouts: {implicit: 0, pageLoad: 300000, script: 30000}, unhandledPromptBehavior: dismiss and notify}
Session ID: 76c97bc5-9b50-446e-8985-07a362161f2c
*** Element info: {Using=xpath, value=//*[@id=&amp;apos;__next&amp;apos;]/div[2]/div/div/div[2]/h1}">
      <![CDATA[org.openqa.selenium.NoSuchElementException: Unable to locate element: //*[@id='__next']/div[2]/div/div/div[2]/h1
For documentation on this error, please visit: https://www.seleniumhq.org/exceptions/no_such_element.html
Build info: version: '3.141.59', revision: 'e82be7d358', time: '2018-11-14T08:17:03'
System info: host: 'DESKTOP-N7K85DJ', ip: '192.168.1.4', os.name: 'Windows 10', os.arch: 'amd64', os.version: '10.0', java.version: '1.8.0_291'
Driver info: org.openqa.selenium.firefox.FirefoxDriver
Capabilities {acceptInsecureCerts: true, browserName: firefox, browserVersion: 100.0.1, javascriptEnabled: true, moz:accessibilityChecks: false, moz:buildID: 20220513165813, moz:geckodriverVersion: 0.30.0, moz:headless: false, moz:processID: 19504, moz:profile: C:\Users\Sweta\AppData\Loca..., moz:shutdownTimeout: 60000, moz:useNonSpecCompliantPointerOrigin: false, moz:webdriverClick: true, pageLoadStrategy: normal, platform: WINDOWS, platformName: WINDOWS, platformVersion: 10.0, proxy: Proxy(), setWindowRect: true, strictFileInteractability: false, timeouts: {implicit: 0, pageLoad: 300000, script: 30000}, unhandledPromptBehavior: dismiss and notify}
Session ID: 76c97bc5-9b50-446e-8985-07a362161f2c
*** Element info: {Using=xpath, value=//*[@id='__next']/div[2]/div/div/div[2]/h1}
	at org.openqa.selenium.remote.http.W3CHttpResponseCodec.createException(W3CHttpResponseCodec.java:187)
	at org.openqa.selenium.remote.http.W3CHttpResponseCodec.decode(W3CHttpResponseCodec.java:122)
	at org.openqa.selenium.remote.http.W3CHttpResponseCodec.decode(W3CHttpResponseCodec.java:49)
	at org.openqa.selenium.remote.HttpCommandExecutor.execute(HttpCommandExecutor.java:158)
	at org.openqa.selenium.remote.service.DriverCommandExecutor.execute(DriverCommandExecutor.java:83)
	at org.openqa.selenium.remote.RemoteWebDriver.execute(RemoteWebDriver.java:552)
	at org.openqa.selenium.remote.RemoteWebDriver.findElement(RemoteWebDriver.java:323)
	at org.openqa.selenium.remote.RemoteWebDriver.findElementByXPath(RemoteWebDriver.java:428)
	at org.openqa.selenium.By$ByXPath.findElement(By.java:353)
	at org.openqa.selenium.remote.RemoteWebDriver.findElement(RemoteWebDriver.java:315)
	at Warranty_Page.Our_Partners_page.Partner6(Our_Partners_page.java:267)
	at Warranty_Test_Case_Prod.Our_Partner.Partner6(Our_Partner.java:86)
	at java.util.concurrent.ThreadPoolExecutor.runWorker(ThreadPoolExecutor.java:1149)
	at java.util.concurrent.ThreadPoolExecutor$Worker.run(ThreadPoolExecutor.java:624)
	at java.lang.Thread.run(Thread.java:748)
... Removed 14 stack frames]]>
    </failure>
  </testcase> <!-- Partner6 -->
  <testcase name="HomePage" time="65.246" classname="Casuality_Prod_TC.Home_page"/>
  <testcase name="HomePage" time="43.468" classname="Casuality_Prod_TC.Menu_About_US"/>
  <testcase name="HomePage" time="23.239" classname="Casuality_Prod_TC.Menu_Contact_Us"/>
  <testcase name="Carriers" time="33.779" classname="Casuality_Prod_TC.Menu_Our_Carriers"/>
  <testcase name="HomePage" time="56.986" classname="Casuality_Prod_TC.Menu_Press_Room">
    <failure type="java.lang.AssertionError" message="expected [Applied Underwriters Looks to Complete Major Acquisitions, Continue Organic Growth following Successful 2021 Year] but found []">
      <![CDATA[java.lang.AssertionError: expected [Applied Underwriters Looks to Complete Major Acquisitions, Continue Organic Growth following Successful 2021 Year] but found []
	at Casuality_pages.Menu_PressRoom.text_2(Menu_PressRoom.java:122)
	at Casuality_Prod_TC.Menu_Press_Room.HomePage(Menu_Press_Room.java:23)
	at java.util.concurrent.ThreadPoolExecutor.runWorker(ThreadPoolExecutor.java:1149)
	at java.util.concurrent.ThreadPoolExecutor$Worker.run(ThreadPoolExecutor.java:624)
	at java.lang.Thread.run(Thread.java:748)
... Removed 15 stack frames]]>
    </failure>
  </testcase> <!-- HomePage -->
  <testcase name="main_Home_Page" time="45.554" classname="Pinnacle_Test_Cases_Production.HomePage_TC"/>
  <testcase name="WhatsNew" time="84.523" classname="Pinnacle_Test_Cases_Production.WatsNew"/>
  <testcase name="main_Home_Page" time="32.69" classname="Tradewel_Test_Cases_Production.About_US"/>
  <testcase name="Comprehensive" time="38.851" classname="Tradewel_Test_Cases_Production.Comprehensive_Protection_FF"/>
</testsuite> <!-- Firefox_Prod -->
