<?xml version="1.0" encoding="UTF-8"?>
<!-- Generated by org.testng.reporters.JUnitXMLReporter -->
<testsuite hostname="DESKTOP-N7K85DJ" name="Firefox_Prod" tests="77" failures="2" timestamp="15 Feb 2022 15:16:04 GMT" time="2348.796" errors="0">
  <testcase name="main" time="38.325" classname="AUW_Test_case_prod.AUW_CallUpdate"/>
  <testcase name="AboutUS" time="65.627" classname="AUW_Test_case_prod.AUW_AboutUS"/>
  <testcase name="main" time="84.4" classname="AUW_Test_case_prod.AUW_Intelligence_TC"/>
  <testcase name="AUW_Footer" time="76.685" classname="AUW_Test_case_prod.AUW_Footer_Prod"/>
  <testcase name="main" time="38.31" classname="AUW_Test_case_prod.AUW_NJ_Update"/>
  <testcase name="main" time="60.827" classname="AUW_Test_case_prod.AUW_Heartwood"/>
  <testcase name="main" time="46.74" classname="AUW_Test_case_prod.AUW_header_web_Prod"/>
  <testcase name="main" time="17.523" classname="AUW_Test_case_prod.AUW_PPP"/>
  <testcase name="Practices_AgentsBrokers" time="15.972" classname="AUW_Test_case_prod.Practices_AgentsBrokers">
    <failure type="java.lang.AssertionError" message="expected [https://moretolove.auw.com/what-we-offer/workers-compensation] but found [https://www.moretolove.auw.com/what-we-offer/workers-compensation]">
      <![CDATA[java.lang.AssertionError: expected [https://moretolove.auw.com/what-we-offer/workers-compensation] but found [https://www.moretolove.auw.com/what-we-offer/workers-compensation]
	at AUW_Pages.Practices_ForagentsAndBrokers.Column1_Heading(Practices_ForagentsAndBrokers.java:102)
	at AUW_Test_case_prod.Practices_AgentsBrokers.Practices_AgentsBrokers(Practices_AgentsBrokers.java:21)
	at java.util.concurrent.ThreadPoolExecutor.runWorker(ThreadPoolExecutor.java:1149)
	at java.util.concurrent.ThreadPoolExecutor$Worker.run(ThreadPoolExecutor.java:624)
	at java.lang.Thread.run(Thread.java:748)
... Removed 15 stack frames]]>
    </failure>
  </testcase> <!-- Practices_AgentsBrokers -->
  <testcase name="main" time="304.397" classname="AUW_Test_case_prod.AUW_Experience"/>
  <testcase name="LearnMore" time="12.769" classname="AUW_Global_Test_Cases_Prod.LearnMore_TC"/>
  <testcase name="Practices_CustomerSeekingCoverage" time="219.589" classname="AUW_Test_case_prod.Practices_CustomerSeekingCoverage"/>
  <testcase name="HomePage" time="16.333" classname="AUW_Global_Test_Cases_Prod.Home_Page_TC"/>
  <testcase name="Change_Language" time="2.773" classname="Promesa_Test_Case_Prod.Change_language"/>
  <testcase name="Footer_PrivacyPolicy" time="20.587" classname="Promesa_Test_Case_Prod.Footer"/>
  <testcase name="Footer_facebook" time="19.061" classname="Promesa_Test_Case_Prod.Footer"/>
  <testcase name="Footer_instagram" time="6.034" classname="Promesa_Test_Case_Prod.Footer"/>
  <testcase name="Footer_linkedin" time="6.072" classname="Promesa_Test_Case_Prod.Footer"/>
  <testcase name="Side_Heading_One" time="123.464" classname="Promesa_Test_Case_Prod.Pharmacy_search"/>
  <testcase name="Footer_twitter" time="8.243" classname="Promesa_Test_Case_Prod.Footer"/>
  <testcase name="Heading1" time="32.987" classname="MTL_Test_Cases_Prod.What_we_offer1_TC"/>
  <testcase name="More_offers" time="32.947" classname="MTL_Test_Cases_Prod.More_offers_TC"/>
  <testcase name="Heading10" time="35.894" classname="MTL_Test_Cases_Prod.What_we_offer1_TC"/>
  <testcase name="Footer" time="38.699" classname="MTL_Test_Cases_Prod.Home_URL"/>
  <testcase name="Heading11" time="51.195" classname="MTL_Test_Cases_Prod.What_we_offer1_TC"/>
  <testcase name="Heading" time="52.539" classname="MTL_Test_Cases_Prod.What_we_offer_URL_TC">
    <failure type="java.lang.AssertionError" message="expected [true] but found [false]">
      <![CDATA[java.lang.AssertionError: expected [true] but found [false]
	at MTL_Pages.WhatWeOffer_page.Heading_one_URL(WhatWeOffer_page.java:249)
	at MTL_Test_Cases_Prod.What_we_offer_URL_TC.Heading(What_we_offer_URL_TC.java:18)
	at java.util.concurrent.ThreadPoolExecutor.runWorker(ThreadPoolExecutor.java:1149)
	at java.util.concurrent.ThreadPoolExecutor$Worker.run(ThreadPoolExecutor.java:624)
	at java.lang.Thread.run(Thread.java:748)
... Removed 14 stack frames]]>
    </failure>
  </testcase> <!-- Heading -->
  <testcase name="Footer" time="17.076" classname="Speciality_underwriters_Test_Case_Prod.Contact_US_TC"/>
  <testcase name="Heading2" time="35.698" classname="MTL_Test_Cases_Prod.What_we_offer1_TC"/>
  <testcase name="Footer" time="10.635" classname="Speciality_underwriters_Test_Case_Prod.About_Us"/>
  <testcase name="Heading3" time="36.385" classname="MTL_Test_Cases_Prod.What_we_offer1_TC"/>
  <testcase name="Footer" time="35.164" classname="Speciality_underwriters_Test_Case_Prod.What_We_offer"/>
  <testcase name="Footer" time="15.814" classname="Speciality_underwriters_Test_Case_Prod.Home_TC"/>
  <testcase name="Heading4" time="36.457" classname="MTL_Test_Cases_Prod.What_we_offer1_TC"/>
  <testcase name="Heading5" time="36.245" classname="MTL_Test_Cases_Prod.What_we_offer1_TC"/>
  <testcase name="Heading6" time="35.695" classname="MTL_Test_Cases_Prod.What_we_offer1_TC"/>
  <testcase name="Heading7" time="36.858" classname="MTL_Test_Cases_Prod.What_we_offer1_TC"/>
  <testcase name="Heading8" time="35.913" classname="MTL_Test_Cases_Prod.What_we_offer1_TC"/>
  <testcase name="Heading9" time="35.841" classname="MTL_Test_Cases_Prod.What_we_offer1_TC"/>
  <testcase name="Footer" time="263.079" classname="AFL_Test_Case_Prod.What_We_offer_OutSideUs"/>
  <testcase name="Footer" time="66.74" classname="AFL_Test_Case_Prod.Footer_TC"/>
  <testcase name="Home_Page" time="111.071" classname="AFL_Test_Case_Prod.HomePage_TC"/>
  <testcase name="ContactUs_Page" time="22.67" classname="AFL_Test_Case_Prod.ContactUS_OutsideUS"/>
  <testcase name="main_Home_Page" time="24.021" classname="AFL_Test_Case_Prod.AboutUS_OutsideUS"/>
  <testcase name="HomePage_Header_login" time="7.795" classname="Credit_Global_Test_Cases_Prod.Forgot_Password"/>
  <testcase name="HomePage_Header_login" time="28.325" classname="Credit_Global_Test_Cases_Prod.What_we_Do_TC"/>
  <testcase name="HomePage_Header_ContactUS_btn" time="13.458" classname="Credit_Global_Test_Cases_Prod.Home_TC"/>
  <testcase name="main_Home_Page" time="19.606" classname="Adler_TestCases_Prod.Home"/>
  <testcase name="HomePage_Header_Our_approach" time="11.729" classname="Credit_Global_Test_Cases_Prod.Home_TC"/>
  <testcase name="HomePage_Header_What_weDo" time="6.654" classname="Credit_Global_Test_Cases_Prod.Home_TC"/>
  <testcase name="HomePage_Header_login" time="10.799" classname="Credit_Global_Test_Cases_Prod.Home_TC"/>
  <testcase name="AUW_Facebook" time="16.654" classname="Careers_Test_case_Prod.Footer"/>
  <testcase name="AUW_Instagram" time="7.937" classname="Careers_Test_case_Prod.Footer"/>
  <testcase name="AUW_Linkedin" time="7.87" classname="Careers_Test_case_Prod.Footer"/>
  <testcase name="main_Home_Page" time="123.525" classname="Adler_TestCases_Prod.News"/>
  <testcase name="AUW_Policy" time="24.954" classname="Careers_Test_case_Prod.Footer"/>
  <testcase name="AUW_twitter" time="9.855" classname="Careers_Test_case_Prod.Footer"/>
  <testcase name="Footer" time="48.608" classname="Solution_one_Prod.Footer_Production"/>
  <testcase name="Footer_Facebook" time="25.82" classname="JumboGC_Test_case_prod.Header_footer"/>
  <testcase name="Home_page" time="32.061" classname="Warranty_Test_Case_Prod.About_US"/>
  <testcase name="Footer_Instagram" time="25.702" classname="JumboGC_Test_case_prod.Header_footer"/>
  <testcase name="ContactUS" time="40.402" classname="Warranty_Test_Case_Prod.Contact_US"/>
  <testcase name="Footer_Privacy" time="36.006" classname="JumboGC_Test_case_prod.Header_footer"/>
  <testcase name="partner" time="10.92" classname="Warranty_Test_Case_Prod.Partner_With_US"/>
  <testcase name="Footer_linkedIN" time="25.545" classname="JumboGC_Test_case_prod.Header_footer"/>
  <testcase name="Header_Login" time="20.292" classname="JumboGC_Test_case_prod.Header_footer"/>
  <testcase name="Partner1" time="68.311" classname="Warranty_Test_Case_Prod.Our_Partner"/>
  <testcase name="Partner2" time="67.635" classname="Warranty_Test_Case_Prod.Our_Partner"/>
  <testcase name="Home_page" time="264.334" classname="Warranty_Test_Case_Prod.HomePage_Testcase"/>
  <testcase name="Partner3" time="67.809" classname="Warranty_Test_Case_Prod.Our_Partner"/>
  <testcase name="HomePage" time="64.624" classname="Casuality_Prod_TC.Home_page"/>
  <testcase name="Partner4" time="68.614" classname="Warranty_Test_Case_Prod.Our_Partner"/>
  <testcase name="HomePage" time="45.255" classname="Casuality_Prod_TC.Menu_About_US"/>
  <testcase name="HomePage" time="22.287" classname="Casuality_Prod_TC.Menu_Contact_Us"/>
  <testcase name="Partner5" time="86.685" classname="Warranty_Test_Case_Prod.Our_Partner"/>
  <testcase name="Carriers" time="34.78" classname="Casuality_Prod_TC.Menu_Our_Carriers"/>
  <testcase name="Partner6" time="67.497" classname="Warranty_Test_Case_Prod.Our_Partner"/>
  <testcase name="HomePage" time="53.716" classname="Casuality_Prod_TC.Menu_Press_Room"/>
</testsuite> <!-- Firefox_Prod -->
