<?xml version="1.0" encoding="UTF-8"?>
<!-- Generated by org.testng.reporters.JUnitXMLReporter -->
<testsuite hostname="DESKTOP-N7K85DJ" name="Firefox_Developmet" tests="59" failures="2" timestamp="11 Feb 2022 10:29:03 GMT" time="1397.96" errors="0">
  <testcase name="main" time="50.845" classname="AUW_Test_Case_dev.AUW_header_web_Development"/>
  <testcase name="AboutUS" time="74.304" classname="AUW_Test_Case_dev.AUW_AboutUS"/>
  <testcase name="main" time="21.147" classname="AUW_Test_Case_dev.AUW_PPP"/>
  <testcase name="AUW_Footer" time="93.512" classname="AUW_Test_Case_dev.AUW_Footer_Development"/>
  <testcase name="main" time="50.548" classname="AUW_Test_Case_dev.AUW_CallUpdate"/>
  <testcase name="main" time="50.184" classname="AUW_Test_Case_dev.AUW_NJ_Update"/>
  <testcase name="main" time="92.457" classname="AUW_Test_Case_dev.AUW_Intelligence_TC"/>
  <testcase name="Practices_AgentsBrokers" time="64.496" classname="AUW_Test_Case_dev.Practices_AgentsBrokers"/>
  <testcase name="LearnMore" time="16.229" classname="AUW_Global_Test_Cases_Development.LearnMore_TC"/>
  <testcase name="HomePage" time="15.523" classname="AUW_Global_Test_Cases_Development.Home_Page_TC"/>
  <testcase name="main" time="314.41" classname="AUW_Test_Case_dev.AUW_Experience"/>
  <testcase name="Footer" time="71.277" classname="Promesa_Test_Case_Development.Footer"/>
  <testcase name="Change_Language" time="4.431" classname="Promesa_Test_Case_Development.Change_language"/>
  <testcase name="Footer" time="18.646" classname="Speciality_underwriters_Test_Case_Dev.Contact_US_TC"/>
  <testcase name="Footer" time="11.372" classname="Speciality_underwriters_Test_Case_Dev.About_Us"/>
  <testcase name="Side_Heading_One" time="124.4" classname="Promesa_Test_Case_Development.Pharmacy_search"/>
  <testcase name="Footer" time="15.993" classname="Speciality_underwriters_Test_Case_Dev.Home_TC"/>
  <testcase name="Footer" time="39.985" classname="Speciality_underwriters_Test_Case_Dev.What_We_offer"/>
  <testcase name="Practices_CustomerSeekingCoverage" time="254.798" classname="AUW_Test_Case_dev.Practices_CustomerSeekingCoverage"/>
  <testcase name="ContactUs_Page" time="25.937" classname="AFL_Test_Cases_Dev.ContactUS_OutsideUS_dev"/>
  <testcase name="main_Home_Page" time="33.588" classname="AFL_Test_Cases_Dev.AboutUS_OutsideUS_dev"/>
  <testcase name="main_Home_Page" time="21.464" classname="Adler_TestCases_Development.Home"/>
  <testcase name="Footer" time="78.289" classname="AFL_Test_Cases_Dev.Footer_TC_dev"/>
  <testcase name="Comprehensive" time="42.694" classname="Tradewel_Test_Cases_Development.Comprehensive_Protection_FF"/>
  <testcase name="Home_Page" time="144.917" classname="AFL_Test_Cases_Dev.HomePage_TC_dev"/>
  <testcase name="main_Home_Page" time="32.365" classname="Tradewel_Test_Cases_Development.About_US"/>
  <testcase name="main_Home_Page" time="136.038" classname="Adler_TestCases_Development.News"/>
  <testcase name="main_Home_Page" time="48.179" classname="Pinnacle_Test_Cases_Development.HomePage_TC"/>
  <testcase name="AUW_Footer" time="101.161" classname="Careers_Test_case_Development.Footer"/>
  <testcase name="Footer" time="299.263" classname="AFL_Test_Cases_Dev.What_We_offer_OutSideUs_dev"/>
  <testcase name="HomePage_Header_ContactUS_btn" time="19.75" classname="Credit_Global_Test_Cases_Dev.Home_TC"/>
  <testcase name="WhatsNew" time="100.478" classname="Pinnacle_Test_Cases_Development.WatsNew"/>
  <testcase name="HomePage_Header_login" time="10.142" classname="Credit_Global_Test_Cases_Dev.Forgot_Password"/>
  <testcase name="HomePage_Header_login" time="29.849" classname="Credit_Global_Test_Cases_Dev.What_we_Do_TC"/>
  <testcase name="HomePage_Header_Our_approach" time="12.945" classname="Credit_Global_Test_Cases_Dev.Home_TC"/>
  <testcase name="ContactUS" time="17.743" classname="Warranty_Test_Case_Dev.Contact_US">
    <failure type="org.openqa.selenium.ElementNotInteractableException" message="Element &amp;lt;p class=&amp;quot;jss65&amp;quot;&amp;gt; could not be scrolled into view
Build info: version: &amp;apos;3.141.59&amp;apos;, revision: &amp;apos;e82be7d358&amp;apos;, time: &amp;apos;2018-11-14T08:17:03&amp;apos;
System info: host: &amp;apos;DESKTOP-N7K85DJ&amp;apos;, ip: &amp;apos;192.168.1.4&amp;apos;, os.name: &amp;apos;Windows 10&amp;apos;, os.arch: &amp;apos;amd64&amp;apos;, os.version: &amp;apos;10.0&amp;apos;, java.version: &amp;apos;1.8.0_291&amp;apos;
Driver info: org.openqa.selenium.firefox.FirefoxDriver
Capabilities {acceptInsecureCerts: true, browserName: firefox, browserVersion: 96.0.3, javascriptEnabled: true, moz:accessibilityChecks: false, moz:buildID: 20220126154723, moz:geckodriverVersion: 0.30.0, moz:headless: false, moz:processID: 49496, moz:profile: C:\Users\Sweta\AppData\Loca..., moz:shutdownTimeout: 60000, moz:useNonSpecCompliantPointerOrigin: false, moz:webdriverClick: true, pageLoadStrategy: normal, platform: WINDOWS, platformName: WINDOWS, platformVersion: 10.0, proxy: Proxy(), setWindowRect: true, strictFileInteractability: false, timeouts: {implicit: 0, pageLoad: 300000, script: 30000}, unhandledPromptBehavior: dismiss and notify}
Session ID: 72e57622-3f7d-42cb-94af-8d1a72a2eae6">
      <![CDATA[org.openqa.selenium.ElementNotInteractableException: Element <p class="jss65"> could not be scrolled into view
Build info: version: '3.141.59', revision: 'e82be7d358', time: '2018-11-14T08:17:03'
System info: host: 'DESKTOP-N7K85DJ', ip: '192.168.1.4', os.name: 'Windows 10', os.arch: 'amd64', os.version: '10.0', java.version: '1.8.0_291'
Driver info: org.openqa.selenium.firefox.FirefoxDriver
Capabilities {acceptInsecureCerts: true, browserName: firefox, browserVersion: 96.0.3, javascriptEnabled: true, moz:accessibilityChecks: false, moz:buildID: 20220126154723, moz:geckodriverVersion: 0.30.0, moz:headless: false, moz:processID: 49496, moz:profile: C:\Users\Sweta\AppData\Loca..., moz:shutdownTimeout: 60000, moz:useNonSpecCompliantPointerOrigin: false, moz:webdriverClick: true, pageLoadStrategy: normal, platform: WINDOWS, platformName: WINDOWS, platformVersion: 10.0, proxy: Proxy(), setWindowRect: true, strictFileInteractability: false, timeouts: {implicit: 0, pageLoad: 300000, script: 30000}, unhandledPromptBehavior: dismiss and notify}
Session ID: 72e57622-3f7d-42cb-94af-8d1a72a2eae6
	at org.openqa.selenium.remote.http.W3CHttpResponseCodec.createException(W3CHttpResponseCodec.java:187)
	at org.openqa.selenium.remote.http.W3CHttpResponseCodec.decode(W3CHttpResponseCodec.java:122)
	at org.openqa.selenium.remote.http.W3CHttpResponseCodec.decode(W3CHttpResponseCodec.java:49)
	at org.openqa.selenium.remote.HttpCommandExecutor.execute(HttpCommandExecutor.java:158)
	at org.openqa.selenium.remote.service.DriverCommandExecutor.execute(DriverCommandExecutor.java:83)
	at org.openqa.selenium.remote.RemoteWebDriver.execute(RemoteWebDriver.java:552)
	at org.openqa.selenium.remote.RemoteWebElement.execute(RemoteWebElement.java:285)
	at org.openqa.selenium.remote.RemoteWebElement.click(RemoteWebElement.java:84)
	at Warranty_Page.ContactUS_page.contactUS(ContactUS_page.java:121)
	at Warranty_Test_Case_Dev.Contact_US.ContactUS(Contact_US.java:16)
	at java.util.concurrent.ThreadPoolExecutor.runWorker(ThreadPoolExecutor.java:1149)
	at java.util.concurrent.ThreadPoolExecutor$Worker.run(ThreadPoolExecutor.java:624)
	at java.lang.Thread.run(Thread.java:748)
... Removed 14 stack frames]]>
    </failure>
  </testcase> <!-- ContactUS -->
  <testcase name="HomePage_Header_What_weDo" time="8.474" classname="Credit_Global_Test_Cases_Dev.Home_TC"/>
  <testcase name="partner" time="11.683" classname="Warranty_Test_Case_Dev.Partner_With_US"/>
  <testcase name="HomePage_Header_login" time="13.139" classname="Credit_Global_Test_Cases_Dev.Home_TC"/>
  <testcase name="Partner1" time="84.783" classname="Warranty_Test_Case_Dev.Our_Partner"/>
  <testcase name="Home_page" time="33.74" classname="Warranty_Test_Case_Dev.About_US"/>
  <testcase name="Partner2" time="87.934" classname="Warranty_Test_Case_Dev.Our_Partner"/>
  <testcase name="Footer" time="85.273" classname="Solution_one_Development.Footer_Develop"/>
  <testcase name="NewsEvents" time="123.523" classname="Warranty_Test_Case_Dev.NewsEvents"/>
  <testcase name="Home_page" time="291.768" classname="Warranty_Test_Case_Dev.HomePage_Testcase"/>
  <testcase name="Footer_Facebook" time="32.569" classname="JumboGC_Test_case_Devlopment.Header_footer"/>
  <testcase name="Partner3" time="80.491" classname="Warranty_Test_Case_Dev.Our_Partner"/>
  <testcase name="Footer_Instagram" time="27.897" classname="JumboGC_Test_case_Devlopment.Header_footer"/>
  <testcase name="HomePage" time="71.057" classname="Casuality_Dev_TC.Home_page"/>
  <testcase name="HomePage" time="37.025" classname="Casuality_Dev_TC.Menu_Press_Room">
    <failure type="java.lang.AssertionError" message="expected [QBE Lawsuits against Former Individual Employees and against Applied Underwriters, their New Employer, Termed “Meritless” by Applied’s General Counsel] but found [placeholder title]">
      <![CDATA[java.lang.AssertionError: expected [QBE Lawsuits against Former Individual Employees and against Applied Underwriters, their New Employer, Termed “Meritless” by Applied’s General Counsel] but found [placeholder title]
	at Casuality_pages.Menu_PressRoom.text_1(Menu_PressRoom.java:94)
	at Casuality_Dev_TC.Menu_Press_Room.HomePage(Menu_Press_Room.java:21)
	at java.util.concurrent.ThreadPoolExecutor.runWorker(ThreadPoolExecutor.java:1149)
	at java.util.concurrent.ThreadPoolExecutor$Worker.run(ThreadPoolExecutor.java:624)
	at java.lang.Thread.run(Thread.java:748)
... Removed 15 stack frames]]>
    </failure>
  </testcase> <!-- HomePage -->
  <testcase name="Footer_Privacy" time="43.085" classname="JumboGC_Test_case_Devlopment.Header_footer"/>
  <testcase name="HomePage" time="22.639" classname="Casuality_Dev_TC.Menu_Contact_Us"/>
  <testcase name="Partner4" time="87.775" classname="Warranty_Test_Case_Dev.Our_Partner"/>
  <testcase name="Carriers" time="48.516" classname="Casuality_Dev_TC.Menu_Our_Carriers"/>
  <testcase name="Footer_linkedIN" time="27.401" classname="JumboGC_Test_case_Devlopment.Header_footer"/>
  <testcase name="Header_Login" time="20.408" classname="JumboGC_Test_case_Devlopment.Header_footer"/>
  <testcase name="HomePage" time="55.909" classname="Casuality_Dev_TC.Menu_About_US"/>
  <testcase name="Partner5" time="72.611" classname="Warranty_Test_Case_Dev.Our_Partner"/>
  <testcase name="Partner6" time="67.376" classname="Warranty_Test_Case_Dev.Our_Partner"/>
</testsuite> <!-- Firefox_Developmet -->
