<?xml version="1.0" encoding="UTF-8"?>
<!-- Generated by org.testng.reporters.JUnitXMLReporter -->
<testsuite hostname="DESKTOP-N7K85DJ" name="Firefox_Prod" tests="79" failures="3" timestamp="3 Mar 2022 14:31:00 GMT" time="2425.119" errors="0">
  <testcase name="main" time="39.417" classname="AUW_Test_case_prod.AUW_CallUpdate"/>
  <testcase name="AboutUS" time="65.2" classname="AUW_Test_case_prod.AUW_AboutUS"/>
  <testcase name="main" time="83.867" classname="AUW_Test_case_prod.AUW_Intelligence_TC"/>
  <testcase name="AUW_Footer" time="61.743" classname="AUW_Test_case_prod.AUW_Footer_Prod">
    <failure type="java.lang.AssertionError" message="expected [https://www.auw.com/privacy-policy] but found [https://www.auw.com/]">
      <![CDATA[java.lang.AssertionError: expected [https://www.auw.com/privacy-policy] but found [https://www.auw.com/]
	at AUW_Pages.Home_page.PrivacyPolicy(Home_page.java:195)
	at AUW_Test_case_prod.AUW_Footer_Prod.AUW_Footer(AUW_Footer_Prod.java:31)
	at java.util.concurrent.ThreadPoolExecutor.runWorker(ThreadPoolExecutor.java:1149)
	at java.util.concurrent.ThreadPoolExecutor$Worker.run(ThreadPoolExecutor.java:624)
	at java.lang.Thread.run(Thread.java:748)
... Removed 15 stack frames]]>
    </failure>
  </testcase> <!-- AUW_Footer -->
  <testcase name="main" time="38.922" classname="AUW_Test_case_prod.AUW_NJ_Update"/>
  <testcase name="main" time="61.047" classname="AUW_Test_case_prod.AUW_Heartwood"/>
  <testcase name="main" time="48.291" classname="AUW_Test_case_prod.AUW_header_web_Prod"/>
  <testcase name="main" time="17.686" classname="AUW_Test_case_prod.AUW_PPP"/>
  <testcase name="Practices_AgentsBrokers" time="53.429" classname="AUW_Test_case_prod.Practices_AgentsBrokers"/>
  <testcase name="main" time="303.725" classname="AUW_Test_case_prod.AUW_Experience"/>
  <testcase name="LearnMore" time="13.039" classname="AUW_Global_Test_Cases_Prod.LearnMore_TC"/>
  <testcase name="HomePage" time="17.029" classname="AUW_Global_Test_Cases_Prod.Home_Page_TC"/>
  <testcase name="Practices_CustomerSeekingCoverage" time="219.064" classname="AUW_Test_case_prod.Practices_CustomerSeekingCoverage"/>
  <testcase name="Change_Language" time="2.796" classname="Promesa_Test_Case_Prod.Change_language"/>
  <testcase name="Footer_PrivacyPolicy" time="21.023" classname="Promesa_Test_Case_Prod.Footer"/>
  <testcase name="Footer_facebook" time="19.189" classname="Promesa_Test_Case_Prod.Footer"/>
  <testcase name="Footer_instagram" time="6.153" classname="Promesa_Test_Case_Prod.Footer"/>
  <testcase name="Side_Heading_One" time="123.704" classname="Promesa_Test_Case_Prod.Pharmacy_search"/>
  <testcase name="Footer_linkedin" time="6.322" classname="Promesa_Test_Case_Prod.Footer"/>
  <testcase name="Footer_twitter" time="6.724" classname="Promesa_Test_Case_Prod.Footer"/>
  <testcase name="Heading1" time="34.212" classname="MTL_Test_Cases_Prod.What_we_offer1_TC"/>
  <testcase name="More_offers" time="40.459" classname="MTL_Test_Cases_Prod.More_offers_TC"/>
  <testcase name="Heading10" time="37.437" classname="MTL_Test_Cases_Prod.What_we_offer1_TC"/>
  <testcase name="Footer" time="30.744" classname="MTL_Test_Cases_Prod.Home_URL"/>
  <testcase name="Heading11" time="79.56" classname="MTL_Test_Cases_Prod.What_we_offer1_TC">
    <failure type="org.openqa.selenium.NoSuchElementException" message="Unable to locate element: //*[@id=&amp;apos;app&amp;apos;]/main/div[12]/div/div/div/div/div[1]
For documentation on this error, please visit: https://www.seleniumhq.org/exceptions/no_such_element.html
Build info: version: &amp;apos;3.141.59&amp;apos;, revision: &amp;apos;e82be7d358&amp;apos;, time: &amp;apos;2018-11-14T08:17:03&amp;apos;
System info: host: &amp;apos;DESKTOP-N7K85DJ&amp;apos;, ip: &amp;apos;192.168.1.7&amp;apos;, os.name: &amp;apos;Windows 10&amp;apos;, os.arch: &amp;apos;amd64&amp;apos;, os.version: &amp;apos;10.0&amp;apos;, java.version: &amp;apos;1.8.0_291&amp;apos;
Driver info: org.openqa.selenium.firefox.FirefoxDriver
Capabilities {acceptInsecureCerts: true, browserName: firefox, browserVersion: 96.0.3, javascriptEnabled: true, moz:accessibilityChecks: false, moz:buildID: 20220126154723, moz:geckodriverVersion: 0.30.0, moz:headless: false, moz:processID: 16692, moz:profile: C:\Users\Sweta\AppData\Loca..., moz:shutdownTimeout: 60000, moz:useNonSpecCompliantPointerOrigin: false, moz:webdriverClick: true, pageLoadStrategy: normal, platform: WINDOWS, platformName: WINDOWS, platformVersion: 10.0, proxy: Proxy(), setWindowRect: true, strictFileInteractability: false, timeouts: {implicit: 0, pageLoad: 300000, script: 30000}, unhandledPromptBehavior: dismiss and notify}
Session ID: 98425f54-d2c9-49fc-b8ac-1c613a052950
*** Element info: {Using=xpath, value=//*[@id=&amp;apos;app&amp;apos;]/main/div[12]/div/div/div/div/div[1]}">
      <![CDATA[org.openqa.selenium.NoSuchElementException: Unable to locate element: //*[@id='app']/main/div[12]/div/div/div/div/div[1]
For documentation on this error, please visit: https://www.seleniumhq.org/exceptions/no_such_element.html
Build info: version: '3.141.59', revision: 'e82be7d358', time: '2018-11-14T08:17:03'
System info: host: 'DESKTOP-N7K85DJ', ip: '192.168.1.7', os.name: 'Windows 10', os.arch: 'amd64', os.version: '10.0', java.version: '1.8.0_291'
Driver info: org.openqa.selenium.firefox.FirefoxDriver
Capabilities {acceptInsecureCerts: true, browserName: firefox, browserVersion: 96.0.3, javascriptEnabled: true, moz:accessibilityChecks: false, moz:buildID: 20220126154723, moz:geckodriverVersion: 0.30.0, moz:headless: false, moz:processID: 16692, moz:profile: C:\Users\Sweta\AppData\Loca..., moz:shutdownTimeout: 60000, moz:useNonSpecCompliantPointerOrigin: false, moz:webdriverClick: true, pageLoadStrategy: normal, platform: WINDOWS, platformName: WINDOWS, platformVersion: 10.0, proxy: Proxy(), setWindowRect: true, strictFileInteractability: false, timeouts: {implicit: 0, pageLoad: 300000, script: 30000}, unhandledPromptBehavior: dismiss and notify}
Session ID: 98425f54-d2c9-49fc-b8ac-1c613a052950
*** Element info: {Using=xpath, value=//*[@id='app']/main/div[12]/div/div/div/div/div[1]}
	at org.openqa.selenium.remote.http.W3CHttpResponseCodec.createException(W3CHttpResponseCodec.java:187)
	at org.openqa.selenium.remote.http.W3CHttpResponseCodec.decode(W3CHttpResponseCodec.java:122)
	at org.openqa.selenium.remote.http.W3CHttpResponseCodec.decode(W3CHttpResponseCodec.java:49)
	at org.openqa.selenium.remote.HttpCommandExecutor.execute(HttpCommandExecutor.java:158)
	at org.openqa.selenium.remote.service.DriverCommandExecutor.execute(DriverCommandExecutor.java:83)
	at org.openqa.selenium.remote.RemoteWebDriver.execute(RemoteWebDriver.java:552)
	at org.openqa.selenium.remote.RemoteWebDriver.findElement(RemoteWebDriver.java:323)
	at org.openqa.selenium.remote.RemoteWebDriver.findElementByXPath(RemoteWebDriver.java:428)
	at org.openqa.selenium.By$ByXPath.findElement(By.java:353)
	at org.openqa.selenium.remote.RemoteWebDriver.findElement(RemoteWebDriver.java:315)
	at MTL_Pages.WhatWeOffer_page.Heading_eleven(WhatWeOffer_page.java:1106)
	at MTL_Test_Cases_Prod.What_we_offer1_TC.Heading11(What_we_offer1_TC.java:106)
	at java.util.concurrent.ThreadPoolExecutor.runWorker(ThreadPoolExecutor.java:1149)
	at java.util.concurrent.ThreadPoolExecutor$Worker.run(ThreadPoolExecutor.java:624)
	at java.lang.Thread.run(Thread.java:748)
... Removed 14 stack frames]]>
    </failure>
  </testcase> <!-- Heading11 -->
  <testcase name="Heading" time="84.48" classname="MTL_Test_Cases_Prod.What_we_offer_URL_TC"/>
  <testcase name="Heading2" time="36.888" classname="MTL_Test_Cases_Prod.What_we_offer1_TC"/>
  <testcase name="Footer" time="16.761" classname="Speciality_underwriters_Test_Case_Prod.Contact_US_TC"/>
  <testcase name="Footer" time="10.88" classname="Speciality_underwriters_Test_Case_Prod.About_Us"/>
  <testcase name="Heading3" time="37.006" classname="MTL_Test_Cases_Prod.What_we_offer1_TC"/>
  <testcase name="Footer" time="34.816" classname="Speciality_underwriters_Test_Case_Prod.What_We_offer"/>
  <testcase name="Footer" time="16.005" classname="Speciality_underwriters_Test_Case_Prod.Home_TC"/>
  <testcase name="Heading4" time="36.928" classname="MTL_Test_Cases_Prod.What_we_offer1_TC"/>
  <testcase name="Heading5" time="40.662" classname="MTL_Test_Cases_Prod.What_we_offer1_TC"/>
  <testcase name="Heading6" time="36.315" classname="MTL_Test_Cases_Prod.What_we_offer1_TC"/>
  <testcase name="Heading7" time="35.931" classname="MTL_Test_Cases_Prod.What_we_offer1_TC"/>
  <testcase name="Heading8" time="35.927" classname="MTL_Test_Cases_Prod.What_we_offer1_TC"/>
  <testcase name="Heading9" time="35.905" classname="MTL_Test_Cases_Prod.What_we_offer1_TC"/>
  <testcase name="Footer" time="265.767" classname="AFL_Test_Case_Prod.What_We_offer_OutSideUs"/>
  <testcase name="Footer" time="66.663" classname="AFL_Test_Case_Prod.Footer_TC"/>
  <testcase name="Home_Page" time="111.19" classname="AFL_Test_Case_Prod.HomePage_TC"/>
  <testcase name="main_Home_Page" time="10.973" classname="AFL_Test_Case_Prod.AboutUS_OutsideUS">
    <failure type="org.openqa.selenium.ElementNotInteractableException" message="Element &amp;lt;a class=&amp;quot;jss129 jss1&amp;quot; href=&amp;quot;/about-us&amp;quot;&amp;gt; could not be scrolled into view
Build info: version: &amp;apos;3.141.59&amp;apos;, revision: &amp;apos;e82be7d358&amp;apos;, time: &amp;apos;2018-11-14T08:17:03&amp;apos;
System info: host: &amp;apos;DESKTOP-N7K85DJ&amp;apos;, ip: &amp;apos;192.168.1.7&amp;apos;, os.name: &amp;apos;Windows 10&amp;apos;, os.arch: &amp;apos;amd64&amp;apos;, os.version: &amp;apos;10.0&amp;apos;, java.version: &amp;apos;1.8.0_291&amp;apos;
Driver info: org.openqa.selenium.firefox.FirefoxDriver
Capabilities {acceptInsecureCerts: true, browserName: firefox, browserVersion: 96.0.3, javascriptEnabled: true, moz:accessibilityChecks: false, moz:buildID: 20220126154723, moz:geckodriverVersion: 0.30.0, moz:headless: false, moz:processID: 13796, moz:profile: C:\Users\Sweta\AppData\Loca..., moz:shutdownTimeout: 60000, moz:useNonSpecCompliantPointerOrigin: false, moz:webdriverClick: true, pageLoadStrategy: normal, platform: WINDOWS, platformName: WINDOWS, platformVersion: 10.0, proxy: Proxy(), setWindowRect: true, strictFileInteractability: false, timeouts: {implicit: 0, pageLoad: 300000, script: 30000}, unhandledPromptBehavior: dismiss and notify}
Session ID: b6a2d9b2-b637-4fd5-9aec-c7e11727acf2">
      <![CDATA[org.openqa.selenium.ElementNotInteractableException: Element <a class="jss129 jss1" href="/about-us"> could not be scrolled into view
Build info: version: '3.141.59', revision: 'e82be7d358', time: '2018-11-14T08:17:03'
System info: host: 'DESKTOP-N7K85DJ', ip: '192.168.1.7', os.name: 'Windows 10', os.arch: 'amd64', os.version: '10.0', java.version: '1.8.0_291'
Driver info: org.openqa.selenium.firefox.FirefoxDriver
Capabilities {acceptInsecureCerts: true, browserName: firefox, browserVersion: 96.0.3, javascriptEnabled: true, moz:accessibilityChecks: false, moz:buildID: 20220126154723, moz:geckodriverVersion: 0.30.0, moz:headless: false, moz:processID: 13796, moz:profile: C:\Users\Sweta\AppData\Loca..., moz:shutdownTimeout: 60000, moz:useNonSpecCompliantPointerOrigin: false, moz:webdriverClick: true, pageLoadStrategy: normal, platform: WINDOWS, platformName: WINDOWS, platformVersion: 10.0, proxy: Proxy(), setWindowRect: true, strictFileInteractability: false, timeouts: {implicit: 0, pageLoad: 300000, script: 30000}, unhandledPromptBehavior: dismiss and notify}
Session ID: b6a2d9b2-b637-4fd5-9aec-c7e11727acf2
	at org.openqa.selenium.remote.http.W3CHttpResponseCodec.createException(W3CHttpResponseCodec.java:187)
	at org.openqa.selenium.remote.http.W3CHttpResponseCodec.decode(W3CHttpResponseCodec.java:122)
	at org.openqa.selenium.remote.http.W3CHttpResponseCodec.decode(W3CHttpResponseCodec.java:49)
	at org.openqa.selenium.remote.HttpCommandExecutor.execute(HttpCommandExecutor.java:158)
	at org.openqa.selenium.remote.service.DriverCommandExecutor.execute(DriverCommandExecutor.java:83)
	at org.openqa.selenium.remote.RemoteWebDriver.execute(RemoteWebDriver.java:552)
	at org.openqa.selenium.remote.RemoteWebElement.execute(RemoteWebElement.java:285)
	at org.openqa.selenium.remote.RemoteWebElement.click(RemoteWebElement.java:84)
	at AFL_Pages.About_Us_Page.About_US_homePage(About_Us_Page.java:128)
	at AFL_Test_Case_Prod.AboutUS_OutsideUS.main_Home_Page(AboutUS_OutsideUS.java:20)
	at java.util.concurrent.ThreadPoolExecutor.runWorker(ThreadPoolExecutor.java:1149)
	at java.util.concurrent.ThreadPoolExecutor$Worker.run(ThreadPoolExecutor.java:624)
	at java.lang.Thread.run(Thread.java:748)
... Removed 14 stack frames]]>
    </failure>
  </testcase> <!-- main_Home_Page -->
  <testcase name="ContactUs_Page" time="27.021" classname="AFL_Test_Case_Prod.ContactUS_OutsideUS"/>
  <testcase name="HomePage_Header_login" time="7.672" classname="Credit_Global_Test_Cases_Prod.Forgot_Password"/>
  <testcase name="HomePage_Header_login" time="28.35" classname="Credit_Global_Test_Cases_Prod.What_we_Do_TC"/>
  <testcase name="HomePage_Header_ContactUS_btn" time="12.119" classname="Credit_Global_Test_Cases_Prod.Home_TC"/>
  <testcase name="HomePage_Header_Our_approach" time="11.84" classname="Credit_Global_Test_Cases_Prod.Home_TC"/>
  <testcase name="main_Home_Page" time="19.766" classname="Adler_TestCases_Prod.Home"/>
  <testcase name="HomePage_Header_What_weDo" time="6.938" classname="Credit_Global_Test_Cases_Prod.Home_TC"/>
  <testcase name="HomePage_Header_login" time="10.892" classname="Credit_Global_Test_Cases_Prod.Home_TC"/>
  <testcase name="AUW_Facebook" time="16.295" classname="Careers_Test_case_Prod.Footer"/>
  <testcase name="AUW_Instagram" time="7.827" classname="Careers_Test_case_Prod.Footer"/>
  <testcase name="AUW_Linkedin" time="7.806" classname="Careers_Test_case_Prod.Footer"/>
  <testcase name="AUW_Policy" time="23.166" classname="Careers_Test_case_Prod.Footer"/>
  <testcase name="main_Home_Page" time="120.334" classname="Adler_TestCases_Prod.News"/>
  <testcase name="AUW_twitter" time="11.484" classname="Careers_Test_case_Prod.Footer"/>
  <testcase name="Footer" time="47.412" classname="Solution_one_Prod.Footer_Production"/>
  <testcase name="Footer_Facebook" time="25.614" classname="JumboGC_Test_case_prod.Header_footer"/>
  <testcase name="Footer_Instagram" time="25.529" classname="JumboGC_Test_case_prod.Header_footer"/>
  <testcase name="Home_page" time="32.089" classname="Warranty_Test_Case_Prod.About_US"/>
  <testcase name="Footer_Privacy" time="35.965" classname="JumboGC_Test_case_prod.Header_footer"/>
  <testcase name="ContactUS" time="38.691" classname="Warranty_Test_Case_Prod.Contact_US"/>
  <testcase name="partner" time="11.154" classname="Warranty_Test_Case_Prod.Partner_With_US"/>
  <testcase name="Footer_linkedIN" time="25.511" classname="JumboGC_Test_case_prod.Header_footer"/>
  <testcase name="Header_Login" time="20.879" classname="JumboGC_Test_case_prod.Header_footer"/>
  <testcase name="Partner1" time="66.176" classname="Warranty_Test_Case_Prod.Our_Partner"/>
  <testcase name="Partner2" time="66.219" classname="Warranty_Test_Case_Prod.Our_Partner"/>
  <testcase name="Partner3" time="66.084" classname="Warranty_Test_Case_Prod.Our_Partner"/>
  <testcase name="Home_page" time="262.004" classname="Warranty_Test_Case_Prod.HomePage_Testcase"/>
  <testcase name="Partner4" time="66.483" classname="Warranty_Test_Case_Prod.Our_Partner"/>
  <testcase name="HomePage" time="64.42" classname="Casuality_Prod_TC.Home_page"/>
  <testcase name="HomePage" time="42.565" classname="Casuality_Prod_TC.Menu_About_US"/>
  <testcase name="Partner5" time="65.653" classname="Warranty_Test_Case_Prod.Our_Partner"/>
  <testcase name="HomePage" time="22.271" classname="Casuality_Prod_TC.Menu_Contact_Us"/>
  <testcase name="Carriers" time="33.838" classname="Casuality_Prod_TC.Menu_Our_Carriers"/>
  <testcase name="Partner6" time="66.093" classname="Warranty_Test_Case_Prod.Our_Partner"/>
  <testcase name="HomePage" time="53.258" classname="Casuality_Prod_TC.Menu_Press_Room"/>
  <testcase name="main_Home_Page" time="45.545" classname="Pinnacle_Test_Cases_Production.HomePage_TC"/>
  <testcase name="WhatsNew" time="82.261" classname="Pinnacle_Test_Cases_Production.WatsNew"/>
</testsuite> <!-- Firefox_Prod -->
