<?xml version="1.0" encoding="UTF-8"?>
<!-- Generated by org.testng.reporters.JUnitXMLReporter -->
<testsuite hostname="DESKTOP-N7K85DJ" name="Firefox_Developmet" tests="59" failures="1" timestamp="14 Feb 2022 11:13:17 GMT" time="1368.435" errors="0">
  <testcase name="main" time="52.223" classname="AUW_Test_Case_dev.AUW_header_web_Development"/>
  <testcase name="AboutUS" time="74.485" classname="AUW_Test_Case_dev.AUW_AboutUS"/>
  <testcase name="AUW_Footer" time="83.493" classname="AUW_Test_Case_dev.AUW_Footer_Development"/>
  <testcase name="main" time="21.131" classname="AUW_Test_Case_dev.AUW_PPP"/>
  <testcase name="main" time="45.758" classname="AUW_Test_Case_dev.AUW_CallUpdate"/>
  <testcase name="main" time="44.417" classname="AUW_Test_Case_dev.AUW_NJ_Update"/>
  <testcase name="main" time="88.93" classname="AUW_Test_Case_dev.AUW_Intelligence_TC"/>
  <testcase name="Practices_AgentsBrokers" time="61.872" classname="AUW_Test_Case_dev.Practices_AgentsBrokers"/>
  <testcase name="HomePage" time="12.695" classname="AUW_Global_Test_Cases_Development.Home_Page_TC"/>
  <testcase name="LearnMore" time="36.326" classname="AUW_Global_Test_Cases_Development.LearnMore_TC">
    <failure type="org.openqa.selenium.TimeoutException" message="Expected condition failed: waiting for visibility of element located by By.xpath: //*[@id=&amp;apos;partners&amp;apos;]/div[1]/p (tried for 30 second(s) with 500 milliseconds interval)">
      <![CDATA[org.openqa.selenium.TimeoutException: Expected condition failed: waiting for visibility of element located by By.xpath: //*[@id='partners']/div[1]/p (tried for 30 second(s) with 500 milliseconds interval)
	at org.openqa.selenium.support.ui.WebDriverWait.timeoutException(WebDriverWait.java:95)
	at org.openqa.selenium.support.ui.FluentWait.until(FluentWait.java:272)
	at AUW_Global_Pages.LearnMore_page.Morebutton(LearnMore_page.java:28)
	at AUW_Global_Test_Cases_Development.LearnMore_TC.LearnMore(LearnMore_TC.java:21)
	at java.util.concurrent.ThreadPoolExecutor.runWorker(ThreadPoolExecutor.java:1149)
	at java.util.concurrent.ThreadPoolExecutor$Worker.run(ThreadPoolExecutor.java:624)
	at java.lang.Thread.run(Thread.java:748)
Caused by: org.openqa.selenium.NoSuchElementException: Unable to locate element: //*[@id='partners']/div[1]/p
For documentation on this error, please visit: https://www.seleniumhq.org/exceptions/no_such_element.html
Build info: version: '3.141.59', revision: 'e82be7d358', time: '2018-11-14T08:17:03'
System info: host: 'DESKTOP-N7K85DJ', ip: '192.168.1.6', os.name: 'Windows 10', os.arch: 'amd64', os.version: '10.0', java.version: '1.8.0_291'
Driver info: org.openqa.selenium.firefox.FirefoxDriver
Capabilities {acceptInsecureCerts: true, browserName: firefox, browserVersion: 96.0.3, javascriptEnabled: true, moz:accessibilityChecks: false, moz:buildID: 20220126154723, moz:geckodriverVersion: 0.30.0, moz:headless: false, moz:processID: 35960, moz:profile: C:\Users\Sweta\AppData\Loca..., moz:shutdownTimeout: 60000, moz:useNonSpecCompliantPointerOrigin: false, moz:webdriverClick: true, pageLoadStrategy: normal, platform: WINDOWS, platformName: WINDOWS, platformVersion: 10.0, proxy: Proxy(), setWindowRect: true, strictFileInteractability: false, timeouts: {implicit: 0, pageLoad: 300000, script: 30000}, unhandledPromptBehavior: dismiss and notify}
Session ID: 0dc8abb5-626e-4f37-89f0-0509c694e07e
*** Element info: {Using=xpath, value=//*[@id='partners']/div[1]/p}
	at org.openqa.selenium.remote.http.W3CHttpResponseCodec.createException(W3CHttpResponseCodec.java:187)
	at org.openqa.selenium.remote.http.W3CHttpResponseCodec.decode(W3CHttpResponseCodec.java:122)
	at org.openqa.selenium.remote.http.W3CHttpResponseCodec.decode(W3CHttpResponseCodec.java:49)
	at org.openqa.selenium.remote.HttpCommandExecutor.execute(HttpCommandExecutor.java:158)
	at org.openqa.selenium.remote.service.DriverCommandExecutor.execute(DriverCommandExecutor.java:83)
	at org.openqa.selenium.remote.RemoteWebDriver.execute(RemoteWebDriver.java:552)
	at org.openqa.selenium.remote.RemoteWebDriver.findElement(RemoteWebDriver.java:323)
	at org.openqa.selenium.remote.RemoteWebDriver.findElementByXPath(RemoteWebDriver.java:428)
	at org.openqa.selenium.By$ByXPath.findElement(By.java:353)
	at org.openqa.selenium.remote.RemoteWebDriver.findElement(RemoteWebDriver.java:315)
	at org.openqa.selenium.support.ui.ExpectedConditions$7.apply(ExpectedConditions.java:205)
	at org.openqa.selenium.support.ui.ExpectedConditions$7.apply(ExpectedConditions.java:201)
	at org.openqa.selenium.support.ui.FluentWait.until(FluentWait.java:249)
	... 15 more
... Removed 14 stack frames]]>
    </failure>
  </testcase> <!-- LearnMore -->
  <testcase name="Footer" time="61.673" classname="Promesa_Test_Case_Development.Footer"/>
  <testcase name="main" time="315.545" classname="AUW_Test_Case_dev.AUW_Experience"/>
  <testcase name="Change_Language" time="4.575" classname="Promesa_Test_Case_Development.Change_language"/>
  <testcase name="Footer" time="18.504" classname="Speciality_underwriters_Test_Case_Dev.Contact_US_TC"/>
  <testcase name="Footer" time="11.752" classname="Speciality_underwriters_Test_Case_Dev.About_Us"/>
  <testcase name="Side_Heading_One" time="123.951" classname="Promesa_Test_Case_Development.Pharmacy_search"/>
  <testcase name="Footer" time="17.353" classname="Speciality_underwriters_Test_Case_Dev.Home_TC"/>
  <testcase name="Footer" time="41.276" classname="Speciality_underwriters_Test_Case_Dev.What_We_offer"/>
  <testcase name="Practices_CustomerSeekingCoverage" time="246.293" classname="AUW_Test_Case_dev.Practices_CustomerSeekingCoverage"/>
  <testcase name="ContactUs_Page" time="27.462" classname="AFL_Test_Cases_Dev.ContactUS_OutsideUS_dev"/>
  <testcase name="main_Home_Page" time="31.477" classname="AFL_Test_Cases_Dev.AboutUS_OutsideUS_dev"/>
  <testcase name="main_Home_Page" time="20.69" classname="Adler_TestCases_Development.Home"/>
  <testcase name="Footer" time="78.55" classname="AFL_Test_Cases_Dev.Footer_TC_dev"/>
  <testcase name="Comprehensive" time="40.787" classname="Tradewel_Test_Cases_Development.Comprehensive_Protection_FF"/>
  <testcase name="Home_Page" time="144.388" classname="AFL_Test_Cases_Dev.HomePage_TC_dev"/>
  <testcase name="main_Home_Page" time="35.605" classname="Tradewel_Test_Cases_Development.About_US"/>
  <testcase name="main_Home_Page" time="133.632" classname="Adler_TestCases_Development.News"/>
  <testcase name="AUW_Footer" time="74.045" classname="Careers_Test_case_Development.Footer"/>
  <testcase name="main_Home_Page" time="48.609" classname="Pinnacle_Test_Cases_Development.HomePage_TC"/>
  <testcase name="HomePage_Header_ContactUS_btn" time="18.736" classname="Credit_Global_Test_Cases_Dev.Home_TC"/>
  <testcase name="Footer" time="303.901" classname="AFL_Test_Cases_Dev.What_We_offer_OutSideUs_dev"/>
  <testcase name="HomePage_Header_login" time="10.055" classname="Credit_Global_Test_Cases_Dev.Forgot_Password"/>
  <testcase name="WhatsNew" time="101.068" classname="Pinnacle_Test_Cases_Development.WatsNew"/>
  <testcase name="HomePage_Header_Our_approach" time="14.264" classname="Credit_Global_Test_Cases_Dev.Home_TC"/>
  <testcase name="HomePage_Header_login" time="30.333" classname="Credit_Global_Test_Cases_Dev.What_we_Do_TC"/>
  <testcase name="HomePage_Header_What_weDo" time="9.015" classname="Credit_Global_Test_Cases_Dev.Home_TC"/>
  <testcase name="ContactUS" time="46.338" classname="Warranty_Test_Case_Dev.Contact_US"/>
  <testcase name="HomePage_Header_login" time="13.866" classname="Credit_Global_Test_Cases_Dev.Home_TC"/>
  <testcase name="partner" time="12.115" classname="Warranty_Test_Case_Dev.Partner_With_US"/>
  <testcase name="Partner1" time="93.724" classname="Warranty_Test_Case_Dev.Our_Partner"/>
  <testcase name="Home_page" time="32.78" classname="Warranty_Test_Case_Dev.About_US"/>
  <testcase name="Partner2" time="82.527" classname="Warranty_Test_Case_Dev.Our_Partner"/>
  <testcase name="Footer" time="57.091" classname="Solution_one_Development.Footer_Develop"/>
  <testcase name="NewsEvents" time="127.983" classname="Warranty_Test_Case_Dev.NewsEvents"/>
  <testcase name="Home_page" time="281.799" classname="Warranty_Test_Case_Dev.HomePage_Testcase"/>
  <testcase name="Footer_Facebook" time="28.02" classname="JumboGC_Test_case_Devlopment.Header_footer"/>
  <testcase name="Partner3" time="83.713" classname="Warranty_Test_Case_Dev.Our_Partner"/>
  <testcase name="Footer_Instagram" time="25.835" classname="JumboGC_Test_case_Devlopment.Header_footer"/>
  <testcase name="HomePage" time="70.973" classname="Casuality_Dev_TC.Home_page"/>
  <testcase name="HomePage" time="59.326" classname="Casuality_Dev_TC.Menu_Press_Room"/>
  <testcase name="Footer_Privacy" time="36.835" classname="JumboGC_Test_case_Devlopment.Header_footer"/>
  <testcase name="HomePage" time="22.845" classname="Casuality_Dev_TC.Menu_Contact_Us"/>
  <testcase name="Carriers" time="39.661" classname="Casuality_Dev_TC.Menu_Our_Carriers"/>
  <testcase name="Partner4" time="88.942" classname="Warranty_Test_Case_Dev.Our_Partner"/>
  <testcase name="Footer_linkedIN" time="25.572" classname="JumboGC_Test_case_Devlopment.Header_footer"/>
  <testcase name="Header_Login" time="20.971" classname="JumboGC_Test_case_Devlopment.Header_footer"/>
  <testcase name="HomePage" time="49.754" classname="Casuality_Dev_TC.Menu_About_US"/>
  <testcase name="Partner5" time="70.818" classname="Warranty_Test_Case_Dev.Our_Partner"/>
  <testcase name="Partner6" time="66.49" classname="Warranty_Test_Case_Dev.Our_Partner"/>
</testsuite> <!-- Firefox_Developmet -->
