<?xml version="1.0" encoding="UTF-8"?>
<!-- Generated by org.testng.reporters.JUnitXMLReporter -->
<testsuite hostname="DESKTOP-N7K85DJ" name="Firefox_Prod" tests="77" failures="1" timestamp="10 Feb 2022 16:20:32 GMT" time="2479.38" errors="0">
  <testcase name="main" time="39.554" classname="AUW_Test_case_prod.AUW_CallUpdate"/>
  <testcase name="AboutUS" time="65.631" classname="AUW_Test_case_prod.AUW_AboutUS"/>
  <testcase name="main" time="82.044" classname="AUW_Test_case_prod.AUW_Intelligence_TC"/>
  <testcase name="AUW_Footer" time="78.179" classname="AUW_Test_case_prod.AUW_Footer_Prod"/>
  <testcase name="main" time="59.349" classname="AUW_Test_case_prod.AUW_Heartwood"/>
  <testcase name="main" time="39.032" classname="AUW_Test_case_prod.AUW_NJ_Update"/>
  <testcase name="main" time="50.196" classname="AUW_Test_case_prod.AUW_header_web_Prod"/>
  <testcase name="main" time="17.104" classname="AUW_Test_case_prod.AUW_PPP"/>
  <testcase name="Practices_AgentsBrokers" time="53.56" classname="AUW_Test_case_prod.Practices_AgentsBrokers"/>
  <testcase name="main" time="312.847" classname="AUW_Test_case_prod.AUW_Experience"/>
  <testcase name="LearnMore" time="13.875" classname="AUW_Global_Test_Cases_Prod.LearnMore_TC"/>
  <testcase name="HomePage" time="15.411" classname="AUW_Global_Test_Cases_Prod.Home_Page_TC"/>
  <testcase name="Practices_CustomerSeekingCoverage" time="217.123" classname="AUW_Test_case_prod.Practices_CustomerSeekingCoverage"/>
  <testcase name="Change_Language" time="3.154" classname="Promesa_Test_Case_Prod.Change_language"/>
  <testcase name="Footer_PrivacyPolicy" time="20.223" classname="Promesa_Test_Case_Prod.Footer"/>
  <testcase name="Footer_facebook" time="19.145" classname="Promesa_Test_Case_Prod.Footer"/>
  <testcase name="Footer_instagram" time="6.044" classname="Promesa_Test_Case_Prod.Footer"/>
  <testcase name="Footer_linkedin" time="6.027" classname="Promesa_Test_Case_Prod.Footer"/>
  <testcase name="Footer_twitter" time="6.515" classname="Promesa_Test_Case_Prod.Footer"/>
  <testcase name="Side_Heading_One" time="123.595" classname="Promesa_Test_Case_Prod.Pharmacy_search"/>
  <testcase name="Heading1" time="33.531" classname="MTL_Test_Cases_Prod.What_we_offer1_TC"/>
  <testcase name="More_offers" time="31.923" classname="MTL_Test_Cases_Prod.More_offers_TC"/>
  <testcase name="Heading10" time="36.063" classname="MTL_Test_Cases_Prod.What_we_offer1_TC"/>
  <testcase name="Footer" time="30.624" classname="MTL_Test_Cases_Prod.Home_URL"/>
  <testcase name="Heading11" time="50.528" classname="MTL_Test_Cases_Prod.What_we_offer1_TC"/>
  <testcase name="Heading" time="79.18" classname="MTL_Test_Cases_Prod.What_we_offer_URL_TC"/>
  <testcase name="Heading2" time="36.498" classname="MTL_Test_Cases_Prod.What_we_offer1_TC"/>
  <testcase name="Footer" time="16.44" classname="Speciality_underwriters_Test_Case_Prod.Contact_US_TC"/>
  <testcase name="Footer" time="9.015" classname="Speciality_underwriters_Test_Case_Prod.About_Us"/>
  <testcase name="Heading3" time="35.975" classname="MTL_Test_Cases_Prod.What_we_offer1_TC"/>
  <testcase name="Footer" time="37.232" classname="Speciality_underwriters_Test_Case_Prod.What_We_offer"/>
  <testcase name="Heading4" time="42.084" classname="MTL_Test_Cases_Prod.What_we_offer1_TC"/>
  <testcase name="Footer" time="15.828" classname="Speciality_underwriters_Test_Case_Prod.Home_TC"/>
  <testcase name="Heading5" time="36.43" classname="MTL_Test_Cases_Prod.What_we_offer1_TC"/>
  <testcase name="Heading6" time="36.385" classname="MTL_Test_Cases_Prod.What_we_offer1_TC"/>
  <testcase name="Heading7" time="36.306" classname="MTL_Test_Cases_Prod.What_we_offer1_TC"/>
  <testcase name="Heading8" time="36.28" classname="MTL_Test_Cases_Prod.What_we_offer1_TC"/>
  <testcase name="Heading9" time="36.319" classname="MTL_Test_Cases_Prod.What_we_offer1_TC"/>
  <testcase name="Footer" time="264.135" classname="AFL_Test_Case_Prod.What_We_offer_OutSideUs"/>
  <testcase name="Home_Page" time="114.508" classname="AFL_Test_Case_Prod.HomePage_TC"/>
  <testcase name="Footer" time="69.785" classname="AFL_Test_Case_Prod.Footer_TC"/>
  <testcase name="ContactUs_Page" time="24.875" classname="AFL_Test_Case_Prod.ContactUS_OutsideUS"/>
  <testcase name="main_Home_Page" time="18.657" classname="AFL_Test_Case_Prod.AboutUS_OutsideUS"/>
  <testcase name="HomePage_Header_login" time="8.677" classname="Credit_Global_Test_Cases_Prod.Forgot_Password"/>
  <testcase name="HomePage_Header_login" time="28.725" classname="Credit_Global_Test_Cases_Prod.What_we_Do_TC"/>
  <testcase name="HomePage_Header_ContactUS_btn" time="13.945" classname="Credit_Global_Test_Cases_Prod.Home_TC"/>
  <testcase name="main_Home_Page" time="20.92" classname="Adler_TestCases_Prod.Home"/>
  <testcase name="HomePage_Header_Our_approach" time="13.059" classname="Credit_Global_Test_Cases_Prod.Home_TC"/>
  <testcase name="HomePage_Header_What_weDo" time="7.83" classname="Credit_Global_Test_Cases_Prod.Home_TC"/>
  <testcase name="HomePage_Header_login" time="11.504" classname="Credit_Global_Test_Cases_Prod.Home_TC"/>
  <testcase name="main_Home_Page" time="138.162" classname="Adler_TestCases_Prod.News"/>
  <testcase name="Footer" time="47.444" classname="Solution_one_Prod.Footer_Production"/>
  <testcase name="AUW_Facebook" time="30.069" classname="Careers_Test_case_Prod.Footer">
    <failure type="org.openqa.selenium.NoSuchElementException" message="Unable to locate element: //*[@alt=&amp;apos;facebook&amp;apos;]
For documentation on this error, please visit: https://www.seleniumhq.org/exceptions/no_such_element.html
Build info: version: &amp;apos;3.141.59&amp;apos;, revision: &amp;apos;e82be7d358&amp;apos;, time: &amp;apos;2018-11-14T08:17:03&amp;apos;
System info: host: &amp;apos;DESKTOP-N7K85DJ&amp;apos;, ip: &amp;apos;192.168.1.4&amp;apos;, os.name: &amp;apos;Windows 10&amp;apos;, os.arch: &amp;apos;amd64&amp;apos;, os.version: &amp;apos;10.0&amp;apos;, java.version: &amp;apos;1.8.0_291&amp;apos;
Driver info: org.openqa.selenium.firefox.FirefoxDriver
Capabilities {acceptInsecureCerts: true, browserName: firefox, browserVersion: 96.0.3, javascriptEnabled: true, moz:accessibilityChecks: false, moz:buildID: 20220126154723, moz:geckodriverVersion: 0.30.0, moz:headless: false, moz:processID: 36380, moz:profile: C:\Users\Sweta\AppData\Loca..., moz:shutdownTimeout: 60000, moz:useNonSpecCompliantPointerOrigin: false, moz:webdriverClick: true, pageLoadStrategy: normal, platform: WINDOWS, platformName: WINDOWS, platformVersion: 10.0, proxy: Proxy(), setWindowRect: true, strictFileInteractability: false, timeouts: {implicit: 0, pageLoad: 300000, script: 30000}, unhandledPromptBehavior: dismiss and notify}
Session ID: 134b01c8-8a1e-4e0d-89d4-b14e4d4dc9a7
*** Element info: {Using=xpath, value=//*[@alt=&amp;apos;facebook&amp;apos;]}">
      <![CDATA[org.openqa.selenium.NoSuchElementException: Unable to locate element: //*[@alt='facebook']
For documentation on this error, please visit: https://www.seleniumhq.org/exceptions/no_such_element.html
Build info: version: '3.141.59', revision: 'e82be7d358', time: '2018-11-14T08:17:03'
System info: host: 'DESKTOP-N7K85DJ', ip: '192.168.1.4', os.name: 'Windows 10', os.arch: 'amd64', os.version: '10.0', java.version: '1.8.0_291'
Driver info: org.openqa.selenium.firefox.FirefoxDriver
Capabilities {acceptInsecureCerts: true, browserName: firefox, browserVersion: 96.0.3, javascriptEnabled: true, moz:accessibilityChecks: false, moz:buildID: 20220126154723, moz:geckodriverVersion: 0.30.0, moz:headless: false, moz:processID: 36380, moz:profile: C:\Users\Sweta\AppData\Loca..., moz:shutdownTimeout: 60000, moz:useNonSpecCompliantPointerOrigin: false, moz:webdriverClick: true, pageLoadStrategy: normal, platform: WINDOWS, platformName: WINDOWS, platformVersion: 10.0, proxy: Proxy(), setWindowRect: true, strictFileInteractability: false, timeouts: {implicit: 0, pageLoad: 300000, script: 30000}, unhandledPromptBehavior: dismiss and notify}
Session ID: 134b01c8-8a1e-4e0d-89d4-b14e4d4dc9a7
*** Element info: {Using=xpath, value=//*[@alt='facebook']}
	at org.openqa.selenium.remote.http.W3CHttpResponseCodec.createException(W3CHttpResponseCodec.java:187)
	at org.openqa.selenium.remote.http.W3CHttpResponseCodec.decode(W3CHttpResponseCodec.java:122)
	at org.openqa.selenium.remote.http.W3CHttpResponseCodec.decode(W3CHttpResponseCodec.java:49)
	at org.openqa.selenium.remote.HttpCommandExecutor.execute(HttpCommandExecutor.java:158)
	at org.openqa.selenium.remote.service.DriverCommandExecutor.execute(DriverCommandExecutor.java:83)
	at org.openqa.selenium.remote.RemoteWebDriver.execute(RemoteWebDriver.java:552)
	at org.openqa.selenium.remote.RemoteWebDriver.findElement(RemoteWebDriver.java:323)
	at org.openqa.selenium.remote.RemoteWebDriver.findElementByXPath(RemoteWebDriver.java:428)
	at org.openqa.selenium.By$ByXPath.findElement(By.java:353)
	at org.openqa.selenium.remote.RemoteWebDriver.findElement(RemoteWebDriver.java:315)
	at Careers_Pages.Home_page.Facebook(Home_page.java:83)
	at Careers_Test_case_Prod.Footer.AUW_Facebook(Footer.java:35)
	at java.util.concurrent.ThreadPoolExecutor.runWorker(ThreadPoolExecutor.java:1149)
	at java.util.concurrent.ThreadPoolExecutor$Worker.run(ThreadPoolExecutor.java:624)
	at java.lang.Thread.run(Thread.java:748)
... Removed 14 stack frames]]>
    </failure>
  </testcase> <!-- AUW_Facebook -->
  <testcase name="AUW_Instagram" time="8.806" classname="Careers_Test_case_Prod.Footer"/>
  <testcase name="Footer_Facebook" time="25.636" classname="JumboGC_Test_case_prod.Header_footer"/>
  <testcase name="AUW_Linkedin" time="9.048" classname="Careers_Test_case_Prod.Footer"/>
  <testcase name="Footer_Instagram" time="25.568" classname="JumboGC_Test_case_prod.Header_footer"/>
  <testcase name="AUW_Policy" time="25.501" classname="Careers_Test_case_Prod.Footer"/>
  <testcase name="AUW_twitter" time="9.931" classname="Careers_Test_case_Prod.Footer"/>
  <testcase name="Footer_Privacy" time="36.323" classname="JumboGC_Test_case_prod.Header_footer"/>
  <testcase name="Home_page" time="32.191" classname="Warranty_Test_Case_Prod.About_US"/>
  <testcase name="Footer_linkedIN" time="25.551" classname="JumboGC_Test_case_prod.Header_footer"/>
  <testcase name="Header_Login" time="20.283" classname="JumboGC_Test_case_prod.Header_footer"/>
  <testcase name="ContactUS" time="41.746" classname="Warranty_Test_Case_Prod.Contact_US"/>
  <testcase name="partner" time="11.322" classname="Warranty_Test_Case_Prod.Partner_With_US"/>
  <testcase name="Partner1" time="69.906" classname="Warranty_Test_Case_Prod.Our_Partner"/>
  <testcase name="Partner2" time="67.11" classname="Warranty_Test_Case_Prod.Our_Partner"/>
  <testcase name="Partner3" time="68.0" classname="Warranty_Test_Case_Prod.Our_Partner"/>
  <testcase name="Home_page" time="265.169" classname="Warranty_Test_Case_Prod.HomePage_Testcase"/>
  <testcase name="Partner4" time="69.382" classname="Warranty_Test_Case_Prod.Our_Partner"/>
  <testcase name="HomePage" time="65.0" classname="Casuality_Prod_TC.Home_page"/>
  <testcase name="Partner5" time="67.727" classname="Warranty_Test_Case_Prod.Our_Partner"/>
  <testcase name="HomePage" time="43.708" classname="Casuality_Prod_TC.Menu_About_US"/>
  <testcase name="HomePage" time="22.375" classname="Casuality_Prod_TC.Menu_Contact_Us"/>
  <testcase name="Partner6" time="67.235" classname="Warranty_Test_Case_Prod.Our_Partner"/>
  <testcase name="Carriers" time="34.185" classname="Casuality_Prod_TC.Menu_Our_Carriers"/>
  <testcase name="HomePage" time="54.299" classname="Casuality_Prod_TC.Menu_Press_Room"/>
</testsuite> <!-- Firefox_Prod -->
