<?xml version="1.0" encoding="UTF-8"?>
<!-- Generated by org.testng.reporters.JUnitXMLReporter -->
<testsuite hostname="DESKTOP-N7K85DJ" name="Firefox_Prod" tests="81" failures="2" timestamp="21 Mar 2022 14:33:36 GMT" time="2754.826" errors="0">
  <testcase name="@BeforeMethod setupApplication" time="0.0" classname="Tradewel_Test_Cases_Production.About_US">
    <failure type="org.openqa.selenium.TimeoutException" message="TimedPromise timed out after 300000 ms
Build info: version: &amp;apos;3.141.59&amp;apos;, revision: &amp;apos;e82be7d358&amp;apos;, time: &amp;apos;2018-11-14T08:17:03&amp;apos;
System info: host: &amp;apos;DESKTOP-N7K85DJ&amp;apos;, ip: &amp;apos;192.168.1.5&amp;apos;, os.name: &amp;apos;Windows 10&amp;apos;, os.arch: &amp;apos;amd64&amp;apos;, os.version: &amp;apos;10.0&amp;apos;, java.version: &amp;apos;1.8.0_291&amp;apos;
Driver info: org.openqa.selenium.firefox.FirefoxDriver
Capabilities {acceptInsecureCerts: true, browserName: firefox, browserVersion: 96.0.3, javascriptEnabled: true, moz:accessibilityChecks: false, moz:buildID: 20220126154723, moz:geckodriverVersion: 0.30.0, moz:headless: false, moz:processID: 6352, moz:profile: C:\Users\Sweta\AppData\Loca..., moz:shutdownTimeout: 60000, moz:useNonSpecCompliantPointerOrigin: false, moz:webdriverClick: true, pageLoadStrategy: normal, platform: WINDOWS, platformName: WINDOWS, platformVersion: 10.0, proxy: Proxy(), setWindowRect: true, strictFileInteractability: false, timeouts: {implicit: 0, pageLoad: 300000, script: 30000}, unhandledPromptBehavior: dismiss and notify}
Session ID: b2d72cbd-c0da-4a63-bbcf-e7ed9617c3cc">
      <![CDATA[org.openqa.selenium.TimeoutException: TimedPromise timed out after 300000 ms
Build info: version: '3.141.59', revision: 'e82be7d358', time: '2018-11-14T08:17:03'
System info: host: 'DESKTOP-N7K85DJ', ip: '192.168.1.5', os.name: 'Windows 10', os.arch: 'amd64', os.version: '10.0', java.version: '1.8.0_291'
Driver info: org.openqa.selenium.firefox.FirefoxDriver
Capabilities {acceptInsecureCerts: true, browserName: firefox, browserVersion: 96.0.3, javascriptEnabled: true, moz:accessibilityChecks: false, moz:buildID: 20220126154723, moz:geckodriverVersion: 0.30.0, moz:headless: false, moz:processID: 6352, moz:profile: C:\Users\Sweta\AppData\Loca..., moz:shutdownTimeout: 60000, moz:useNonSpecCompliantPointerOrigin: false, moz:webdriverClick: true, pageLoadStrategy: normal, platform: WINDOWS, platformName: WINDOWS, platformVersion: 10.0, proxy: Proxy(), setWindowRect: true, strictFileInteractability: false, timeouts: {implicit: 0, pageLoad: 300000, script: 30000}, unhandledPromptBehavior: dismiss and notify}
Session ID: b2d72cbd-c0da-4a63-bbcf-e7ed9617c3cc
	at org.openqa.selenium.remote.http.W3CHttpResponseCodec.createException(W3CHttpResponseCodec.java:187)
	at org.openqa.selenium.remote.http.W3CHttpResponseCodec.decode(W3CHttpResponseCodec.java:122)
	at org.openqa.selenium.remote.http.W3CHttpResponseCodec.decode(W3CHttpResponseCodec.java:49)
	at org.openqa.selenium.remote.HttpCommandExecutor.execute(HttpCommandExecutor.java:158)
	at org.openqa.selenium.remote.service.DriverCommandExecutor.execute(DriverCommandExecutor.java:83)
	at org.openqa.selenium.remote.RemoteWebDriver.execute(RemoteWebDriver.java:552)
	at org.openqa.selenium.remote.RemoteWebDriver.get(RemoteWebDriver.java:277)
	at Tradewel_Test_Cases_Production.Base_class.setupApplication(Base_class.java:75)
	at java.util.concurrent.ThreadPoolExecutor.runWorker(ThreadPoolExecutor.java:1149)
	at java.util.concurrent.ThreadPoolExecutor$Worker.run(ThreadPoolExecutor.java:624)
	at java.lang.Thread.run(Thread.java:748)
... Removed 16 stack frames]]>
    </failure>
  </testcase> <!-- @BeforeMethod setupApplication -->
  <testcase name="@AfterMethod tearDown" time="0.0" classname="Tradewel_Test_Cases_Production.About_US">
    <skipped/>
  </testcase> <!-- @AfterMethod tearDown -->
  <testcase name="main" time="38.362" classname="AUW_Test_case_prod.AUW_CallUpdate"/>
  <testcase name="AboutUS" time="65.336" classname="AUW_Test_case_prod.AUW_AboutUS"/>
  <testcase name="main" time="83.018" classname="AUW_Test_case_prod.AUW_Intelligence_TC"/>
  <testcase name="AUW_Footer" time="78.475" classname="AUW_Test_case_prod.AUW_Footer_Prod"/>
  <testcase name="main" time="62.208" classname="AUW_Test_case_prod.AUW_Heartwood"/>
  <testcase name="main" time="42.283" classname="AUW_Test_case_prod.AUW_NJ_Update"/>
  <testcase name="main" time="44.982" classname="AUW_Test_case_prod.AUW_header_web_Prod"/>
  <testcase name="main" time="17.412" classname="AUW_Test_case_prod.AUW_PPP"/>
  <testcase name="Practices_AgentsBrokers" time="54.0" classname="AUW_Test_case_prod.Practices_AgentsBrokers"/>
  <testcase name="main" time="304.24" classname="AUW_Test_case_prod.AUW_Experience"/>
  <testcase name="LearnMore" time="13.888" classname="AUW_Global_Test_Cases_Prod.LearnMore_TC"/>
  <testcase name="Practices_CustomerSeekingCoverage" time="216.158" classname="AUW_Test_case_prod.Practices_CustomerSeekingCoverage"/>
  <testcase name="HomePage" time="17.618" classname="AUW_Global_Test_Cases_Prod.Home_Page_TC"/>
  <testcase name="Change_Language" time="3.367" classname="Promesa_Test_Case_Prod.Change_language"/>
  <testcase name="Footer_PrivacyPolicy" time="20.137" classname="Promesa_Test_Case_Prod.Footer"/>
  <testcase name="Footer_facebook" time="19.326" classname="Promesa_Test_Case_Prod.Footer"/>
  <testcase name="Footer_instagram" time="6.07" classname="Promesa_Test_Case_Prod.Footer"/>
  <testcase name="Footer_linkedin" time="6.572" classname="Promesa_Test_Case_Prod.Footer"/>
  <testcase name="Footer_twitter" time="6.822" classname="Promesa_Test_Case_Prod.Footer"/>
  <testcase name="Side_Heading_One" time="123.661" classname="Promesa_Test_Case_Prod.Pharmacy_search"/>
  <testcase name="Heading1" time="34.78" classname="MTL_Test_Cases_Prod.What_we_offer1_TC"/>
  <testcase name="More_offers" time="39.998" classname="MTL_Test_Cases_Prod.More_offers_TC"/>
  <testcase name="Heading10" time="36.897" classname="MTL_Test_Cases_Prod.What_we_offer1_TC"/>
  <testcase name="Footer" time="39.776" classname="MTL_Test_Cases_Prod.Home_URL"/>
  <testcase name="Heading11" time="53.249" classname="MTL_Test_Cases_Prod.What_we_offer1_TC"/>
  <testcase name="Heading" time="106.685" classname="MTL_Test_Cases_Prod.What_we_offer_URL_TC">
    <failure type="java.lang.AssertionError" message="expected [true] but found [false]">
      <![CDATA[java.lang.AssertionError: expected [true] but found [false]
	at MTL_Pages.WhatWeOffer_page.Heading_Three_URL(WhatWeOffer_page.java:326)
	at MTL_Test_Cases_Prod.What_we_offer_URL_TC.Heading(What_we_offer_URL_TC.java:19)
	at java.util.concurrent.ThreadPoolExecutor.runWorker(ThreadPoolExecutor.java:1149)
	at java.util.concurrent.ThreadPoolExecutor$Worker.run(ThreadPoolExecutor.java:624)
	at java.lang.Thread.run(Thread.java:748)
... Removed 14 stack frames]]>
    </failure>
  </testcase> <!-- Heading -->
  <testcase name="Heading2" time="56.712" classname="MTL_Test_Cases_Prod.What_we_offer1_TC"/>
  <testcase name="Footer" time="19.591" classname="Speciality_underwriters_Test_Case_Prod.Contact_US_TC"/>
  <testcase name="Heading3" time="37.932" classname="MTL_Test_Cases_Prod.What_we_offer1_TC"/>
  <testcase name="Footer" time="13.84" classname="Speciality_underwriters_Test_Case_Prod.About_Us"/>
  <testcase name="Footer" time="34.984" classname="Speciality_underwriters_Test_Case_Prod.What_We_offer"/>
  <testcase name="Heading4" time="36.08" classname="MTL_Test_Cases_Prod.What_we_offer1_TC"/>
  <testcase name="Footer" time="16.438" classname="Speciality_underwriters_Test_Case_Prod.Home_TC"/>
  <testcase name="Heading5" time="36.379" classname="MTL_Test_Cases_Prod.What_we_offer1_TC"/>
  <testcase name="Heading6" time="35.616" classname="MTL_Test_Cases_Prod.What_we_offer1_TC"/>
  <testcase name="Heading7" time="35.292" classname="MTL_Test_Cases_Prod.What_we_offer1_TC"/>
  <testcase name="Heading8" time="35.363" classname="MTL_Test_Cases_Prod.What_we_offer1_TC"/>
  <testcase name="Heading9" time="35.843" classname="MTL_Test_Cases_Prod.What_we_offer1_TC"/>
  <testcase name="Footer" time="261.835" classname="AFL_Test_Case_Prod.What_We_offer_OutSideUs"/>
  <testcase name="Home_Page" time="109.561" classname="AFL_Test_Case_Prod.HomePage_TC"/>
  <testcase name="Footer" time="66.836" classname="AFL_Test_Case_Prod.Footer_TC"/>
  <testcase name="main_Home_Page" time="10.899" classname="AFL_Test_Case_Prod.AboutUS_OutsideUS">
    <failure type="org.openqa.selenium.ElementNotInteractableException" message="Element &amp;lt;a class=&amp;quot;jss129 jss1&amp;quot; href=&amp;quot;/about-us&amp;quot;&amp;gt; could not be scrolled into view
Build info: version: &amp;apos;3.141.59&amp;apos;, revision: &amp;apos;e82be7d358&amp;apos;, time: &amp;apos;2018-11-14T08:17:03&amp;apos;
System info: host: &amp;apos;DESKTOP-N7K85DJ&amp;apos;, ip: &amp;apos;192.168.1.5&amp;apos;, os.name: &amp;apos;Windows 10&amp;apos;, os.arch: &amp;apos;amd64&amp;apos;, os.version: &amp;apos;10.0&amp;apos;, java.version: &amp;apos;1.8.0_291&amp;apos;
Driver info: org.openqa.selenium.firefox.FirefoxDriver
Capabilities {acceptInsecureCerts: true, browserName: firefox, browserVersion: 96.0.3, javascriptEnabled: true, moz:accessibilityChecks: false, moz:buildID: 20220126154723, moz:geckodriverVersion: 0.30.0, moz:headless: false, moz:processID: 10744, moz:profile: C:\Users\Sweta\AppData\Loca..., moz:shutdownTimeout: 60000, moz:useNonSpecCompliantPointerOrigin: false, moz:webdriverClick: true, pageLoadStrategy: normal, platform: WINDOWS, platformName: WINDOWS, platformVersion: 10.0, proxy: Proxy(), setWindowRect: true, strictFileInteractability: false, timeouts: {implicit: 0, pageLoad: 300000, script: 30000}, unhandledPromptBehavior: dismiss and notify}
Session ID: a343f67d-6fd4-4514-b4b4-cf430102ec98">
      <![CDATA[org.openqa.selenium.ElementNotInteractableException: Element <a class="jss129 jss1" href="/about-us"> could not be scrolled into view
Build info: version: '3.141.59', revision: 'e82be7d358', time: '2018-11-14T08:17:03'
System info: host: 'DESKTOP-N7K85DJ', ip: '192.168.1.5', os.name: 'Windows 10', os.arch: 'amd64', os.version: '10.0', java.version: '1.8.0_291'
Driver info: org.openqa.selenium.firefox.FirefoxDriver
Capabilities {acceptInsecureCerts: true, browserName: firefox, browserVersion: 96.0.3, javascriptEnabled: true, moz:accessibilityChecks: false, moz:buildID: 20220126154723, moz:geckodriverVersion: 0.30.0, moz:headless: false, moz:processID: 10744, moz:profile: C:\Users\Sweta\AppData\Loca..., moz:shutdownTimeout: 60000, moz:useNonSpecCompliantPointerOrigin: false, moz:webdriverClick: true, pageLoadStrategy: normal, platform: WINDOWS, platformName: WINDOWS, platformVersion: 10.0, proxy: Proxy(), setWindowRect: true, strictFileInteractability: false, timeouts: {implicit: 0, pageLoad: 300000, script: 30000}, unhandledPromptBehavior: dismiss and notify}
Session ID: a343f67d-6fd4-4514-b4b4-cf430102ec98
	at org.openqa.selenium.remote.http.W3CHttpResponseCodec.createException(W3CHttpResponseCodec.java:187)
	at org.openqa.selenium.remote.http.W3CHttpResponseCodec.decode(W3CHttpResponseCodec.java:122)
	at org.openqa.selenium.remote.http.W3CHttpResponseCodec.decode(W3CHttpResponseCodec.java:49)
	at org.openqa.selenium.remote.HttpCommandExecutor.execute(HttpCommandExecutor.java:158)
	at org.openqa.selenium.remote.service.DriverCommandExecutor.execute(DriverCommandExecutor.java:83)
	at org.openqa.selenium.remote.RemoteWebDriver.execute(RemoteWebDriver.java:552)
	at org.openqa.selenium.remote.RemoteWebElement.execute(RemoteWebElement.java:285)
	at org.openqa.selenium.remote.RemoteWebElement.click(RemoteWebElement.java:84)
	at AFL_Pages.About_Us_Page.About_US_homePage(About_Us_Page.java:128)
	at AFL_Test_Case_Prod.AboutUS_OutsideUS.main_Home_Page(AboutUS_OutsideUS.java:20)
	at java.util.concurrent.ThreadPoolExecutor.runWorker(ThreadPoolExecutor.java:1149)
	at java.util.concurrent.ThreadPoolExecutor$Worker.run(ThreadPoolExecutor.java:624)
	at java.lang.Thread.run(Thread.java:748)
... Removed 14 stack frames]]>
    </failure>
  </testcase> <!-- main_Home_Page -->
  <testcase name="ContactUs_Page" time="28.886" classname="AFL_Test_Case_Prod.ContactUS_OutsideUS"/>
  <testcase name="HomePage_Header_login" time="7.881" classname="Credit_Global_Test_Cases_Prod.Forgot_Password"/>
  <testcase name="HomePage_Header_login" time="28.57" classname="Credit_Global_Test_Cases_Prod.What_we_Do_TC"/>
  <testcase name="HomePage_Header_ContactUS_btn" time="11.716" classname="Credit_Global_Test_Cases_Prod.Home_TC"/>
  <testcase name="HomePage_Header_Our_approach" time="11.691" classname="Credit_Global_Test_Cases_Prod.Home_TC"/>
  <testcase name="main_Home_Page" time="19.722" classname="Adler_TestCases_Prod.Home"/>
  <testcase name="HomePage_Header_What_weDo" time="6.44" classname="Credit_Global_Test_Cases_Prod.Home_TC"/>
  <testcase name="HomePage_Header_login" time="11.214" classname="Credit_Global_Test_Cases_Prod.Home_TC"/>
  <testcase name="AUW_Facebook" time="15.974" classname="Careers_Test_case_Prod.Footer"/>
  <testcase name="AUW_Instagram" time="7.982" classname="Careers_Test_case_Prod.Footer"/>
  <testcase name="AUW_Linkedin" time="9.008" classname="Careers_Test_case_Prod.Footer"/>
  <testcase name="main_Home_Page" time="121.01" classname="Adler_TestCases_Prod.News"/>
  <testcase name="AUW_Policy" time="23.645" classname="Careers_Test_case_Prod.Footer"/>
  <testcase name="AUW_twitter" time="11.992" classname="Careers_Test_case_Prod.Footer"/>
  <testcase name="Footer" time="50.31" classname="Solution_one_Prod.Footer_Production"/>
  <testcase name="Footer_Facebook" time="26.673" classname="JumboGC_Test_case_prod.Header_footer"/>
  <testcase name="Home_page" time="32.397" classname="Warranty_Test_Case_Prod.About_US"/>
  <testcase name="Footer_Instagram" time="25.576" classname="JumboGC_Test_case_prod.Header_footer"/>
  <testcase name="ContactUS" time="40.201" classname="Warranty_Test_Case_Prod.Contact_US"/>
  <testcase name="Footer_Privacy" time="36.107" classname="JumboGC_Test_case_prod.Header_footer"/>
  <testcase name="partner" time="10.944" classname="Warranty_Test_Case_Prod.Partner_With_US"/>
  <testcase name="Footer_linkedIN" time="26.373" classname="JumboGC_Test_case_prod.Header_footer"/>
  <testcase name="Header_Login" time="20.818" classname="JumboGC_Test_case_prod.Header_footer"/>
  <testcase name="Partner1" time="68.832" classname="Warranty_Test_Case_Prod.Our_Partner"/>
  <testcase name="Partner2" time="72.782" classname="Warranty_Test_Case_Prod.Our_Partner"/>
  <testcase name="Home_page" time="265.134" classname="Warranty_Test_Case_Prod.HomePage_Testcase"/>
  <testcase name="Partner3" time="67.669" classname="Warranty_Test_Case_Prod.Our_Partner"/>
  <testcase name="HomePage" time="65.139" classname="Casuality_Prod_TC.Home_page"/>
  <testcase name="Partner4" time="69.636" classname="Warranty_Test_Case_Prod.Our_Partner"/>
  <testcase name="HomePage" time="42.711" classname="Casuality_Prod_TC.Menu_About_US"/>
  <testcase name="HomePage" time="22.516" classname="Casuality_Prod_TC.Menu_Contact_Us"/>
  <testcase name="Partner5" time="66.462" classname="Warranty_Test_Case_Prod.Our_Partner"/>
  <testcase name="Carriers" time="34.116" classname="Casuality_Prod_TC.Menu_Our_Carriers"/>
  <testcase name="Partner6" time="67.709" classname="Warranty_Test_Case_Prod.Our_Partner"/>
  <testcase name="HomePage" time="54.34" classname="Casuality_Prod_TC.Menu_Press_Room"/>
  <testcase name="main_Home_Page" time="47.15" classname="Pinnacle_Test_Cases_Production.HomePage_TC"/>
  <testcase name="WhatsNew" time="88.098" classname="Pinnacle_Test_Cases_Production.WatsNew"/>
  <testcase name="Comprehensive" time="39.876" classname="Tradewel_Test_Cases_Production.Comprehensive_Protection_FF"/>
  <testcase name="main_Home_Page" time="0.001" classname="Tradewel_Test_Cases_Production.About_US">
    <skipped/>
  </testcase> <!-- main_Home_Page -->
</testsuite> <!-- Firefox_Prod -->
