<?xml version="1.0" encoding="UTF-8"?>
<!-- Generated by org.testng.reporters.JUnitXMLReporter -->
<testsuite hostname="DESKTOP-N7K85DJ" name="Firefox_Prod" tests="81" failures="2" timestamp="14 Mar 2022 11:17:45 GMT" time="2407.581" errors="0">
  <testcase name="main" time="39.295" classname="AUW_Test_case_prod.AUW_CallUpdate"/>
  <testcase name="AboutUS" time="64.827" classname="AUW_Test_case_prod.AUW_AboutUS"/>
  <testcase name="main" time="86.991" classname="AUW_Test_case_prod.AUW_Intelligence_TC"/>
  <testcase name="AUW_Footer" time="76.926" classname="AUW_Test_case_prod.AUW_Footer_Prod"/>
  <testcase name="main" time="39.53" classname="AUW_Test_case_prod.AUW_NJ_Update"/>
  <testcase name="main" time="57.317" classname="AUW_Test_case_prod.AUW_Heartwood"/>
  <testcase name="main" time="46.361" classname="AUW_Test_case_prod.AUW_header_web_Prod"/>
  <testcase name="main" time="16.578" classname="AUW_Test_case_prod.AUW_PPP"/>
  <testcase name="Practices_AgentsBrokers" time="53.285" classname="AUW_Test_case_prod.Practices_AgentsBrokers"/>
  <testcase name="main" time="304.405" classname="AUW_Test_case_prod.AUW_Experience"/>
  <testcase name="LearnMore" time="12.995" classname="AUW_Global_Test_Cases_Prod.LearnMore_TC"/>
  <testcase name="Practices_CustomerSeekingCoverage" time="189.552" classname="AUW_Test_case_prod.Practices_CustomerSeekingCoverage">
    <failure type="java.lang.AssertionError" message="expected [https://www.auw.com/practices/customers/environmental-pollution] but found [https://www.auw.com/practices/customers]">
      <![CDATA[java.lang.AssertionError: expected [https://www.auw.com/practices/customers/environmental-pollution] but found [https://www.auw.com/practices/customers]
	at AUW_Pages.Practices_customerSeekingCoverage_prod.CustomerSeekingCoverage_Heading6(Practices_customerSeekingCoverage_prod.java:437)
	at AUW_Test_case_prod.Practices_CustomerSeekingCoverage.Practices_CustomerSeekingCoverage(Practices_CustomerSeekingCoverage.java:37)
	at java.util.concurrent.ThreadPoolExecutor.runWorker(ThreadPoolExecutor.java:1149)
	at java.util.concurrent.ThreadPoolExecutor$Worker.run(ThreadPoolExecutor.java:624)
	at java.lang.Thread.run(Thread.java:748)
... Removed 15 stack frames]]>
    </failure>
  </testcase> <!-- Practices_CustomerSeekingCoverage -->
  <testcase name="HomePage" time="15.993" classname="AUW_Global_Test_Cases_Prod.Home_Page_TC"/>
  <testcase name="Change_Language" time="2.81" classname="Promesa_Test_Case_Prod.Change_language"/>
  <testcase name="Footer_PrivacyPolicy" time="19.885" classname="Promesa_Test_Case_Prod.Footer"/>
  <testcase name="Footer_facebook" time="19.883" classname="Promesa_Test_Case_Prod.Footer"/>
  <testcase name="Footer_instagram" time="6.973" classname="Promesa_Test_Case_Prod.Footer"/>
  <testcase name="Footer_linkedin" time="5.98" classname="Promesa_Test_Case_Prod.Footer"/>
  <testcase name="Side_Heading_One" time="123.67" classname="Promesa_Test_Case_Prod.Pharmacy_search"/>
  <testcase name="Footer_twitter" time="9.874" classname="Promesa_Test_Case_Prod.Footer"/>
  <testcase name="Heading1" time="32.369" classname="MTL_Test_Cases_Prod.What_we_offer1_TC"/>
  <testcase name="More_offers" time="39.027" classname="MTL_Test_Cases_Prod.More_offers_TC"/>
  <testcase name="Heading10" time="35.318" classname="MTL_Test_Cases_Prod.What_we_offer1_TC"/>
  <testcase name="Footer" time="30.661" classname="MTL_Test_Cases_Prod.Home_URL"/>
  <testcase name="Heading11" time="50.806" classname="MTL_Test_Cases_Prod.What_we_offer1_TC"/>
  <testcase name="Heading2" time="35.888" classname="MTL_Test_Cases_Prod.What_we_offer1_TC"/>
  <testcase name="Heading" time="85.579" classname="MTL_Test_Cases_Prod.What_we_offer_URL_TC"/>
  <testcase name="Footer" time="16.901" classname="Speciality_underwriters_Test_Case_Prod.Contact_US_TC"/>
  <testcase name="Footer" time="8.943" classname="Speciality_underwriters_Test_Case_Prod.About_Us"/>
  <testcase name="Heading3" time="35.865" classname="MTL_Test_Cases_Prod.What_we_offer1_TC"/>
  <testcase name="Footer" time="34.867" classname="Speciality_underwriters_Test_Case_Prod.What_We_offer"/>
  <testcase name="Heading4" time="36.014" classname="MTL_Test_Cases_Prod.What_we_offer1_TC"/>
  <testcase name="Footer" time="16.467" classname="Speciality_underwriters_Test_Case_Prod.Home_TC"/>
  <testcase name="Heading5" time="35.707" classname="MTL_Test_Cases_Prod.What_we_offer1_TC"/>
  <testcase name="Heading6" time="35.631" classname="MTL_Test_Cases_Prod.What_we_offer1_TC"/>
  <testcase name="Heading7" time="35.353" classname="MTL_Test_Cases_Prod.What_we_offer1_TC"/>
  <testcase name="Heading8" time="35.636" classname="MTL_Test_Cases_Prod.What_we_offer1_TC"/>
  <testcase name="Heading9" time="36.202" classname="MTL_Test_Cases_Prod.What_we_offer1_TC"/>
  <testcase name="Footer" time="257.892" classname="AFL_Test_Case_Prod.What_We_offer_OutSideUs"/>
  <testcase name="Home_Page" time="106.937" classname="AFL_Test_Case_Prod.HomePage_TC"/>
  <testcase name="Footer" time="64.78" classname="AFL_Test_Case_Prod.Footer_TC"/>
  <testcase name="main_Home_Page" time="16.082" classname="AFL_Test_Case_Prod.AboutUS_OutsideUS"/>
  <testcase name="ContactUs_Page" time="28.631" classname="AFL_Test_Case_Prod.ContactUS_OutsideUS"/>
  <testcase name="HomePage_Header_login" time="7.348" classname="Credit_Global_Test_Cases_Prod.Forgot_Password"/>
  <testcase name="HomePage_Header_login" time="28.331" classname="Credit_Global_Test_Cases_Prod.What_we_Do_TC"/>
  <testcase name="HomePage_Header_ContactUS_btn" time="12.121" classname="Credit_Global_Test_Cases_Prod.Home_TC"/>
  <testcase name="main_Home_Page" time="19.791" classname="Adler_TestCases_Prod.Home"/>
  <testcase name="HomePage_Header_Our_approach" time="10.463" classname="Credit_Global_Test_Cases_Prod.Home_TC"/>
  <testcase name="HomePage_Header_What_weDo" time="6.656" classname="Credit_Global_Test_Cases_Prod.Home_TC"/>
  <testcase name="HomePage_Header_login" time="10.755" classname="Credit_Global_Test_Cases_Prod.Home_TC"/>
  <testcase name="AUW_Facebook" time="16.42" classname="Careers_Test_case_Prod.Footer"/>
  <testcase name="AUW_Instagram" time="8.518" classname="Careers_Test_case_Prod.Footer"/>
  <testcase name="AUW_Linkedin" time="7.815" classname="Careers_Test_case_Prod.Footer"/>
  <testcase name="main_Home_Page" time="119.934" classname="Adler_TestCases_Prod.News"/>
  <testcase name="AUW_Policy" time="24.155" classname="Careers_Test_case_Prod.Footer"/>
  <testcase name="Footer" time="5.294" classname="Solution_one_Prod.Footer_Production">
    <failure type="java.lang.AssertionError" message="expected [true] but found [false]">
      <![CDATA[java.lang.AssertionError: expected [true] but found [false]
	at Solution_one_Pages.Home.Login(Home.java:89)
	at Solution_one_Prod.Footer_Production.Footer(Footer_Production.java:15)
	at java.util.concurrent.ThreadPoolExecutor.runWorker(ThreadPoolExecutor.java:1149)
	at java.util.concurrent.ThreadPoolExecutor$Worker.run(ThreadPoolExecutor.java:624)
	at java.lang.Thread.run(Thread.java:748)
... Removed 14 stack frames]]>
    </failure>
  </testcase> <!-- Footer -->
  <testcase name="AUW_twitter" time="9.91" classname="Careers_Test_case_Prod.Footer"/>
  <testcase name="Footer_Facebook" time="25.517" classname="JumboGC_Test_case_prod.Header_footer"/>
  <testcase name="Home_page" time="32.22" classname="Warranty_Test_Case_Prod.About_US"/>
  <testcase name="Footer_Instagram" time="25.551" classname="JumboGC_Test_case_prod.Header_footer"/>
  <testcase name="ContactUS" time="39.984" classname="Warranty_Test_Case_Prod.Contact_US"/>
  <testcase name="Footer_Privacy" time="36.068" classname="JumboGC_Test_case_prod.Header_footer"/>
  <testcase name="partner" time="11.043" classname="Warranty_Test_Case_Prod.Partner_With_US"/>
  <testcase name="Footer_linkedIN" time="25.597" classname="JumboGC_Test_case_prod.Header_footer"/>
  <testcase name="Header_Login" time="20.262" classname="JumboGC_Test_case_prod.Header_footer"/>
  <testcase name="Partner1" time="66.296" classname="Warranty_Test_Case_Prod.Our_Partner"/>
  <testcase name="Partner2" time="66.449" classname="Warranty_Test_Case_Prod.Our_Partner"/>
  <testcase name="Home_page" time="260.508" classname="Warranty_Test_Case_Prod.HomePage_Testcase"/>
  <testcase name="Partner3" time="64.901" classname="Warranty_Test_Case_Prod.Our_Partner"/>
  <testcase name="HomePage" time="63.95" classname="Casuality_Prod_TC.Home_page"/>
  <testcase name="Partner4" time="66.602" classname="Warranty_Test_Case_Prod.Our_Partner"/>
  <testcase name="HomePage" time="43.905" classname="Casuality_Prod_TC.Menu_About_US"/>
  <testcase name="HomePage" time="21.584" classname="Casuality_Prod_TC.Menu_Contact_Us"/>
  <testcase name="Partner5" time="64.993" classname="Warranty_Test_Case_Prod.Our_Partner"/>
  <testcase name="Carriers" time="33.579" classname="Casuality_Prod_TC.Menu_Our_Carriers"/>
  <testcase name="Partner6" time="64.773" classname="Warranty_Test_Case_Prod.Our_Partner"/>
  <testcase name="HomePage" time="53.696" classname="Casuality_Prod_TC.Menu_Press_Room"/>
  <testcase name="main_Home_Page" time="46.266" classname="Pinnacle_Test_Cases_Production.HomePage_TC"/>
  <testcase name="main_Home_Page" time="31.342" classname="Tradewel_Test_Cases_Production.About_US"/>
  <testcase name="WhatsNew" time="85.16" classname="Pinnacle_Test_Cases_Production.WatsNew"/>
  <testcase name="Comprehensive" time="39.676" classname="Tradewel_Test_Cases_Production.Comprehensive_Protection_FF"/>
</testsuite> <!-- Firefox_Prod -->
