<?xml version="1.0" encoding="UTF-8"?>
<!-- Generated by org.testng.reporters.JUnitXMLReporter -->
<testsuite hostname="DESKTOP-N7K85DJ" name="Firefox_Prod" tests="72" failures="2" timestamp="5 Jan 2022 10:13:36 GMT" time="1665.254" errors="0">
  <testcase name="main" time="48.508" classname="AUW_Test_case_prod.AUW_CallUpdate"/>
  <testcase name="AboutUS" time="71.701" classname="AUW_Test_case_prod.AUW_AboutUS"/>
  <testcase name="main" time="98.659" classname="AUW_Test_case_prod.AUW_Intelligence_TC"/>
  <testcase name="main" time="72.892" classname="AUW_Test_case_prod.AUW_Heartwood"/>
  <testcase name="main" time="54.927" classname="AUW_Test_case_prod.AUW_NJ_Update"/>
  <testcase name="AUW_Footer" time="185.417" classname="AUW_Test_case_prod.AUW_Footer_Prod"/>
  <testcase name="main" time="19.531" classname="AUW_Test_case_prod.AUW_PPP"/>
  <testcase name="main" time="51.402" classname="AUW_Test_case_prod.AUW_header_web_Prod"/>
  <testcase name="LearnMore" time="15.295" classname="AUW_Global_Test_Cases_Prod.LearnMore_TC"/>
  <testcase name="Practices_AgentsBrokers" time="76.738" classname="AUW_Test_case_prod.Practices_AgentsBrokers"/>
  <testcase name="HomePage" time="22.792" classname="AUW_Global_Test_Cases_Prod.Home_Page_TC"/>
  <testcase name="Change_Language" time="4.232" classname="Promesa_Test_Case_Prod.Change_language"/>
  <testcase name="Footer_PrivacyPolicy" time="22.523" classname="Promesa_Test_Case_Prod.Footer"/>
  <testcase name="Footer_facebook" time="19.78" classname="Promesa_Test_Case_Prod.Footer"/>
  <testcase name="Footer_instagram" time="6.369" classname="Promesa_Test_Case_Prod.Footer"/>
  <testcase name="Side_Heading_One" time="124.023" classname="Promesa_Test_Case_Prod.Pharmacy_search"/>
  <testcase name="main" time="314.894" classname="AUW_Test_case_prod.AUW_Experience"/>
  <testcase name="Footer_linkedin" time="13.138" classname="Promesa_Test_Case_Prod.Footer"/>
  <testcase name="Practices_CustomerSeekingCoverage" time="242.818" classname="AUW_Test_case_prod.Practices_CustomerSeekingCoverage"/>
  <testcase name="Footer_twitter" time="10.172" classname="Promesa_Test_Case_Prod.Footer"/>
  <testcase name="Heading1" time="36.12" classname="MTL_Test_Cases_Prod.What_we_offer1_TC"/>
  <testcase name="More_offers" time="41.313" classname="MTL_Test_Cases_Prod.More_offers_TC"/>
  <testcase name="Footer" time="42.545" classname="MTL_Test_Cases_Prod.Home_URL"/>
  <testcase name="Footer" time="18.565" classname="Speciality_underwriters_Test_Case_Prod.Contact_US_TC"/>
  <testcase name="Heading10" time="38.181" classname="MTL_Test_Cases_Prod.What_we_offer1_TC"/>
  <testcase name="Footer" time="9.604" classname="Speciality_underwriters_Test_Case_Prod.About_Us"/>
  <testcase name="Heading" time="94.635" classname="MTL_Test_Cases_Prod.What_we_offer_URL_TC"/>
  <testcase name="Footer" time="17.051" classname="Speciality_underwriters_Test_Case_Prod.Home_TC"/>
  <testcase name="Footer" time="40.026" classname="Speciality_underwriters_Test_Case_Prod.What_We_offer"/>
  <testcase name="Heading11" time="54.649" classname="MTL_Test_Cases_Prod.What_we_offer1_TC"/>
  <testcase name="Heading2" time="39.069" classname="MTL_Test_Cases_Prod.What_we_offer1_TC"/>
  <testcase name="Footer" time="84.464" classname="AFL_Test_Case_Prod.Footer_TC"/>
  <testcase name="Home_Page" time="129.728" classname="AFL_Test_Case_Prod.HomePage_TC"/>
  <testcase name="ContactUs_Page" time="24.673" classname="AFL_Test_Case_Prod.ContactUS_OutsideUS"/>
  <testcase name="Heading3" time="39.889" classname="MTL_Test_Cases_Prod.What_we_offer1_TC"/>
  <testcase name="main_Home_Page" time="21.122" classname="AFL_Test_Case_Prod.AboutUS_OutsideUS"/>
  <testcase name="HomePage_Header_login" time="35.619" classname="Credit_Global_Test_Cases_Prod.What_we_Do_TC"/>
  <testcase name="HomePage_Header_login" time="16.972" classname="Credit_Global_Test_Cases_Prod.Forgot_Password"/>
  <testcase name="Heading4" time="37.725" classname="MTL_Test_Cases_Prod.What_we_offer1_TC"/>
  <testcase name="HomePage_Header_ContactUS_btn" time="18.842" classname="Credit_Global_Test_Cases_Prod.Home_TC"/>
  <testcase name="main_Home_Page" time="20.263" classname="Adler_TestCases_Prod.Home"/>
  <testcase name="HomePage_Header_Our_approach" time="18.579" classname="Credit_Global_Test_Cases_Prod.Home_TC"/>
  <testcase name="Heading5" time="39.893" classname="MTL_Test_Cases_Prod.What_we_offer1_TC"/>
  <testcase name="Footer" time="293.85" classname="AFL_Test_Case_Prod.What_We_offer_OutSideUs"/>
  <testcase name="HomePage_Header_What_weDo" time="13.461" classname="Credit_Global_Test_Cases_Prod.Home_TC"/>
  <testcase name="AUW_Facebook" time="21.827" classname="Careers_Test_case_Prod.Footer"/>
  <testcase name="Heading6" time="39.636" classname="MTL_Test_Cases_Prod.What_we_offer1_TC"/>
  <testcase name="HomePage_Header_login" time="15.929" classname="Credit_Global_Test_Cases_Prod.Home_TC"/>
  <testcase name="AUW_Instagram" time="19.09" classname="Careers_Test_case_Prod.Footer"/>
  <testcase name="Footer" time="6.561" classname="Solution_one_Prod.Footer_Production">
    <failure type="java.lang.AssertionError" message="expected [true] but found [false]">
      <![CDATA[java.lang.AssertionError: expected [true] but found [false]
	at Solution_one_Pages.Home.Login(Home.java:89)
	at Solution_one_Prod.Footer_Production.Footer(Footer_Production.java:15)
	at java.util.concurrent.ThreadPoolExecutor.runWorker(Unknown Source)
	at java.util.concurrent.ThreadPoolExecutor$Worker.run(Unknown Source)
	at java.lang.Thread.run(Unknown Source)
... Removed 14 stack frames]]>
    </failure>
  </testcase> <!-- Footer -->
  <testcase name="main_Home_Page" time="140.244" classname="Adler_TestCases_Prod.News"/>
  <testcase name="Heading7" time="39.298" classname="MTL_Test_Cases_Prod.What_we_offer1_TC"/>
  <testcase name="AUW_Linkedin" time="13.285" classname="Careers_Test_case_Prod.Footer"/>
  <testcase name="Footer_Facebook" time="37.861" classname="JumboGC_Test_case_prod.Header_footer"/>
  <testcase name="AUW_Policy" time="29.938" classname="Careers_Test_case_Prod.Footer"/>
  <testcase name="Home_page" time="35.329" classname="Warranty_Test_Case_Prod.About_US"/>
  <testcase name="Heading8" time="38.945" classname="MTL_Test_Cases_Prod.What_we_offer1_TC"/>
  <testcase name="AUW_twitter" time="12.089" classname="Careers_Test_case_Prod.Footer">
    <failure type="java.lang.AssertionError" message="expected [https://twitter.com/AppliedUW] but found [about:blank]">
      <![CDATA[java.lang.AssertionError: expected [https://twitter.com/AppliedUW] but found [about:blank]
	at Careers_Pages.Home_page.Twitter(Home_page.java:75)
	at Careers_Test_case_Prod.Footer.AUW_twitter(Footer.java:18)
	at java.util.concurrent.ThreadPoolExecutor.runWorker(Unknown Source)
	at java.util.concurrent.ThreadPoolExecutor$Worker.run(Unknown Source)
	at java.lang.Thread.run(Unknown Source)
... Removed 15 stack frames]]>
    </failure>
  </testcase> <!-- AUW_twitter -->
  <testcase name="Footer_Instagram" time="32.239" classname="JumboGC_Test_case_prod.Header_footer"/>
  <testcase name="partner" time="11.132" classname="Warranty_Test_Case_Prod.Partner_With_US"/>
  <testcase name="Heading9" time="37.922" classname="MTL_Test_Cases_Prod.What_we_offer1_TC"/>
  <testcase name="ContactUS" time="42.141" classname="Warranty_Test_Case_Prod.Contact_US"/>
  <testcase name="Footer_Privacy" time="36.15" classname="JumboGC_Test_case_prod.Header_footer"/>
  <testcase name="Footer_linkedIN" time="30.248" classname="JumboGC_Test_case_prod.Header_footer"/>
  <testcase name="Partner1" time="75.622" classname="Warranty_Test_Case_Prod.Our_Partner"/>
  <testcase name="Header_Login" time="20.35" classname="JumboGC_Test_case_prod.Header_footer"/>
  <testcase name="Partner2" time="69.765" classname="Warranty_Test_Case_Prod.Our_Partner"/>
  <testcase name="Partner3" time="69.253" classname="Warranty_Test_Case_Prod.Our_Partner"/>
  <testcase name="Home_page" time="270.278" classname="Warranty_Test_Case_Prod.HomePage_Testcase"/>
  <testcase name="Partner4" time="66.842" classname="Warranty_Test_Case_Prod.Our_Partner"/>
  <testcase name="Partner5" time="64.881" classname="Warranty_Test_Case_Prod.Our_Partner"/>
  <testcase name="Partner6" time="64.747" classname="Warranty_Test_Case_Prod.Our_Partner"/>
</testsuite> <!-- Firefox_Prod -->
