<?xml version="1.0" encoding="UTF-8"?>
<!-- Generated by org.testng.reporters.JUnitXMLReporter -->
<testsuite hostname="DESKTOP-N7K85DJ" name="Firefox_Prod" tests="81" failures="0" timestamp="4 Mar 2022 11:36:23 GMT" time="2358.827" errors="0">
  <testcase name="main" time="38.056" classname="AUW_Test_case_prod.AUW_CallUpdate"/>
  <testcase name="AboutUS" time="63.259" classname="AUW_Test_case_prod.AUW_AboutUS"/>
  <testcase name="main" time="80.75" classname="AUW_Test_case_prod.AUW_Intelligence_TC"/>
  <testcase name="AUW_Footer" time="72.088" classname="AUW_Test_case_prod.AUW_Footer_Prod"/>
  <testcase name="main" time="37.985" classname="AUW_Test_case_prod.AUW_NJ_Update"/>
  <testcase name="main" time="57.747" classname="AUW_Test_case_prod.AUW_Heartwood"/>
  <testcase name="main" time="46.925" classname="AUW_Test_case_prod.AUW_header_web_Prod"/>
  <testcase name="main" time="16.289" classname="AUW_Test_case_prod.AUW_PPP"/>
  <testcase name="Practices_AgentsBrokers" time="52.978" classname="AUW_Test_case_prod.Practices_AgentsBrokers"/>
  <testcase name="main" time="302.862" classname="AUW_Test_case_prod.AUW_Experience"/>
  <testcase name="LearnMore" time="12.62" classname="AUW_Global_Test_Cases_Prod.LearnMore_TC"/>
  <testcase name="HomePage" time="14.396" classname="AUW_Global_Test_Cases_Prod.Home_Page_TC"/>
  <testcase name="Practices_CustomerSeekingCoverage" time="210.914" classname="AUW_Test_case_prod.Practices_CustomerSeekingCoverage"/>
  <testcase name="Change_Language" time="2.838" classname="Promesa_Test_Case_Prod.Change_language"/>
  <testcase name="Footer_PrivacyPolicy" time="20.038" classname="Promesa_Test_Case_Prod.Footer"/>
  <testcase name="Footer_facebook" time="19.61" classname="Promesa_Test_Case_Prod.Footer"/>
  <testcase name="Footer_instagram" time="6.047" classname="Promesa_Test_Case_Prod.Footer"/>
  <testcase name="Footer_linkedin" time="6.652" classname="Promesa_Test_Case_Prod.Footer"/>
  <testcase name="Footer_twitter" time="6.056" classname="Promesa_Test_Case_Prod.Footer"/>
  <testcase name="Side_Heading_One" time="123.675" classname="Promesa_Test_Case_Prod.Pharmacy_search"/>
  <testcase name="Heading1" time="33.082" classname="MTL_Test_Cases_Prod.What_we_offer1_TC"/>
  <testcase name="More_offers" time="31.041" classname="MTL_Test_Cases_Prod.More_offers_TC"/>
  <testcase name="Heading10" time="35.485" classname="MTL_Test_Cases_Prod.What_we_offer1_TC"/>
  <testcase name="Footer" time="30.727" classname="MTL_Test_Cases_Prod.Home_URL"/>
  <testcase name="Heading11" time="50.21" classname="MTL_Test_Cases_Prod.What_we_offer1_TC"/>
  <testcase name="Heading" time="83.02" classname="MTL_Test_Cases_Prod.What_we_offer_URL_TC"/>
  <testcase name="Heading2" time="35.462" classname="MTL_Test_Cases_Prod.What_we_offer1_TC"/>
  <testcase name="Footer" time="16.924" classname="Speciality_underwriters_Test_Case_Prod.Contact_US_TC"/>
  <testcase name="Footer" time="9.113" classname="Speciality_underwriters_Test_Case_Prod.About_Us"/>
  <testcase name="Heading3" time="36.703" classname="MTL_Test_Cases_Prod.What_we_offer1_TC"/>
  <testcase name="Footer" time="33.828" classname="Speciality_underwriters_Test_Case_Prod.What_We_offer"/>
  <testcase name="Footer" time="15.864" classname="Speciality_underwriters_Test_Case_Prod.Home_TC"/>
  <testcase name="Heading4" time="35.942" classname="MTL_Test_Cases_Prod.What_we_offer1_TC"/>
  <testcase name="Heading5" time="35.383" classname="MTL_Test_Cases_Prod.What_we_offer1_TC"/>
  <testcase name="Heading6" time="35.668" classname="MTL_Test_Cases_Prod.What_we_offer1_TC"/>
  <testcase name="Heading7" time="35.316" classname="MTL_Test_Cases_Prod.What_we_offer1_TC"/>
  <testcase name="Heading8" time="35.583" classname="MTL_Test_Cases_Prod.What_we_offer1_TC"/>
  <testcase name="Heading9" time="36.117" classname="MTL_Test_Cases_Prod.What_we_offer1_TC"/>
  <testcase name="Footer" time="253.934" classname="AFL_Test_Case_Prod.What_We_offer_OutSideUs"/>
  <testcase name="Footer" time="64.798" classname="AFL_Test_Case_Prod.Footer_TC"/>
  <testcase name="Home_Page" time="105.069" classname="AFL_Test_Case_Prod.HomePage_TC"/>
  <testcase name="main_Home_Page" time="16.323" classname="AFL_Test_Case_Prod.AboutUS_OutsideUS"/>
  <testcase name="ContactUs_Page" time="25.341" classname="AFL_Test_Case_Prod.ContactUS_OutsideUS"/>
  <testcase name="HomePage_Header_login" time="7.727" classname="Credit_Global_Test_Cases_Prod.Forgot_Password"/>
  <testcase name="HomePage_Header_login" time="27.861" classname="Credit_Global_Test_Cases_Prod.What_we_Do_TC"/>
  <testcase name="HomePage_Header_ContactUS_btn" time="11.727" classname="Credit_Global_Test_Cases_Prod.Home_TC"/>
  <testcase name="HomePage_Header_Our_approach" time="11.01" classname="Credit_Global_Test_Cases_Prod.Home_TC"/>
  <testcase name="main_Home_Page" time="19.686" classname="Adler_TestCases_Prod.Home"/>
  <testcase name="HomePage_Header_What_weDo" time="6.741" classname="Credit_Global_Test_Cases_Prod.Home_TC"/>
  <testcase name="HomePage_Header_login" time="11.299" classname="Credit_Global_Test_Cases_Prod.Home_TC"/>
  <testcase name="AUW_Facebook" time="16.334" classname="Careers_Test_case_Prod.Footer"/>
  <testcase name="AUW_Instagram" time="7.83" classname="Careers_Test_case_Prod.Footer"/>
  <testcase name="AUW_Linkedin" time="8.08" classname="Careers_Test_case_Prod.Footer"/>
  <testcase name="main_Home_Page" time="119.685" classname="Adler_TestCases_Prod.News"/>
  <testcase name="AUW_Policy" time="23.256" classname="Careers_Test_case_Prod.Footer"/>
  <testcase name="AUW_twitter" time="10.716" classname="Careers_Test_case_Prod.Footer"/>
  <testcase name="Footer" time="49.2" classname="Solution_one_Prod.Footer_Production"/>
  <testcase name="Footer_Facebook" time="25.813" classname="JumboGC_Test_case_prod.Header_footer"/>
  <testcase name="Footer_Instagram" time="25.522" classname="JumboGC_Test_case_prod.Header_footer"/>
  <testcase name="Home_page" time="32.233" classname="Warranty_Test_Case_Prod.About_US"/>
  <testcase name="Footer_Privacy" time="35.921" classname="JumboGC_Test_case_prod.Header_footer"/>
  <testcase name="ContactUS" time="38.145" classname="Warranty_Test_Case_Prod.Contact_US"/>
  <testcase name="partner" time="10.888" classname="Warranty_Test_Case_Prod.Partner_With_US"/>
  <testcase name="Footer_linkedIN" time="27.17" classname="JumboGC_Test_case_prod.Header_footer"/>
  <testcase name="Header_Login" time="20.241" classname="JumboGC_Test_case_prod.Header_footer"/>
  <testcase name="Partner1" time="65.901" classname="Warranty_Test_Case_Prod.Our_Partner"/>
  <testcase name="Partner2" time="66.055" classname="Warranty_Test_Case_Prod.Our_Partner"/>
  <testcase name="Partner3" time="64.965" classname="Warranty_Test_Case_Prod.Our_Partner"/>
  <testcase name="Home_page" time="261.304" classname="Warranty_Test_Case_Prod.HomePage_Testcase"/>
  <testcase name="Partner4" time="65.24" classname="Warranty_Test_Case_Prod.Our_Partner"/>
  <testcase name="HomePage" time="63.158" classname="Casuality_Prod_TC.Home_page"/>
  <testcase name="HomePage" time="41.684" classname="Casuality_Prod_TC.Menu_About_US"/>
  <testcase name="Partner5" time="63.856" classname="Warranty_Test_Case_Prod.Our_Partner"/>
  <testcase name="HomePage" time="21.745" classname="Casuality_Prod_TC.Menu_Contact_Us"/>
  <testcase name="Carriers" time="33.346" classname="Casuality_Prod_TC.Menu_Our_Carriers"/>
  <testcase name="Partner6" time="65.26" classname="Warranty_Test_Case_Prod.Our_Partner"/>
  <testcase name="HomePage" time="53.071" classname="Casuality_Prod_TC.Menu_Press_Room"/>
  <testcase name="main_Home_Page" time="46.021" classname="Pinnacle_Test_Cases_Production.HomePage_TC"/>
  <testcase name="main_Home_Page" time="31.145" classname="Tradewel_Test_Cases_Production.About_US"/>
  <testcase name="WhatsNew" time="82.074" classname="Pinnacle_Test_Cases_Production.WatsNew"/>
  <testcase name="Comprehensive" time="39.554" classname="Tradewel_Test_Cases_Production.Comprehensive_Protection_FF"/>
</testsuite> <!-- Firefox_Prod -->
