<?xml version="1.0" encoding="UTF-8"?>
<!-- Generated by org.testng.reporters.JUnitXMLReporter -->
<testsuite hostname="DESKTOP-N7K85DJ" name="Firefox_Developmet" tests="54" failures="0" timestamp="5 Jan 2022 12:51:25 GMT" time="1290.124" errors="0">
  <testcase name="main" time="50.487" classname="AUW_Test_Case_dev.AUW_header_web_Development"/>
  <testcase name="AboutUS" time="73.718" classname="AUW_Test_Case_dev.AUW_AboutUS"/>
  <testcase name="AUW_Footer" time="85.546" classname="AUW_Test_Case_dev.AUW_Footer_Development"/>
  <testcase name="main" time="20.909" classname="AUW_Test_Case_dev.AUW_PPP"/>
  <testcase name="main" time="45.831" classname="AUW_Test_Case_dev.AUW_CallUpdate"/>
  <testcase name="main" time="42.784" classname="AUW_Test_Case_dev.AUW_NJ_Update"/>
  <testcase name="main" time="88.698" classname="AUW_Test_Case_dev.AUW_Intelligence_TC"/>
  <testcase name="Practices_AgentsBrokers" time="61.065" classname="AUW_Test_Case_dev.Practices_AgentsBrokers"/>
  <testcase name="LearnMore" time="16.611" classname="AUW_Global_Test_Cases_Development.LearnMore_TC"/>
  <testcase name="HomePage" time="13.392" classname="AUW_Global_Test_Cases_Development.Home_Page_TC"/>
  <testcase name="Footer" time="60.826" classname="Promesa_Test_Case_Development.Footer"/>
  <testcase name="main" time="315.239" classname="AUW_Test_Case_dev.AUW_Experience"/>
  <testcase name="Change_Language" time="4.94" classname="Promesa_Test_Case_Development.Change_language"/>
  <testcase name="Footer" time="11.93" classname="Speciality_underwriters_Test_Case_Dev.About_Us"/>
  <testcase name="Footer" time="18.075" classname="Speciality_underwriters_Test_Case_Dev.Contact_US_TC"/>
  <testcase name="Side_Heading_One" time="123.663" classname="Promesa_Test_Case_Development.Pharmacy_search"/>
  <testcase name="Footer" time="16.536" classname="Speciality_underwriters_Test_Case_Dev.Home_TC"/>
  <testcase name="Practices_CustomerSeekingCoverage" time="237.999" classname="AUW_Test_Case_dev.Practices_CustomerSeekingCoverage"/>
  <testcase name="Footer" time="40.8" classname="Speciality_underwriters_Test_Case_Dev.What_We_offer"/>
  <testcase name="ContactUs_Page" time="26.04" classname="AFL_Test_Cases_Dev.ContactUS_OutsideUS_dev"/>
  <testcase name="main_Home_Page" time="28.118" classname="AFL_Test_Cases_Dev.AboutUS_OutsideUS_dev"/>
  <testcase name="main_Home_Page" time="20.437" classname="Adler_TestCases_Development.Home"/>
  <testcase name="Footer" time="76.646" classname="AFL_Test_Cases_Dev.Footer_TC_dev"/>
  <testcase name="Home_Page" time="137.911" classname="AFL_Test_Cases_Dev.HomePage_TC_dev"/>
  <testcase name="Comprehensive" time="41.02" classname="Tradewel_Test_Cases_Development.Comprehensive_Protection_FF"/>
  <testcase name="main_Home_Page" time="32.647" classname="Tradewel_Test_Cases_Development.About_US"/>
  <testcase name="main_Home_Page" time="131.74" classname="Adler_TestCases_Development.News"/>
  <testcase name="AUW_Footer" time="76.219" classname="Careers_Test_case_Development.Footer"/>
  <testcase name="main_Home_Page" time="48.603" classname="Pinnacle_Test_Cases_Development.HomePage_TC"/>
  <testcase name="HomePage_Header_ContactUS_btn" time="17.541" classname="Credit_Global_Test_Cases_Dev.Home_TC"/>
  <testcase name="Footer" time="294.724" classname="AFL_Test_Cases_Dev.What_We_offer_OutSideUs_dev"/>
  <testcase name="HomePage_Header_login" time="15.568" classname="Credit_Global_Test_Cases_Dev.Forgot_Password"/>
  <testcase name="WhatsNew" time="93.988" classname="Pinnacle_Test_Cases_Development.WatsNew"/>
  <testcase name="HomePage_Header_Our_approach" time="21.513" classname="Credit_Global_Test_Cases_Dev.Home_TC"/>
  <testcase name="HomePage_Header_login" time="38.03" classname="Credit_Global_Test_Cases_Dev.What_we_Do_TC"/>
  <testcase name="HomePage_Header_What_weDo" time="14.793" classname="Credit_Global_Test_Cases_Dev.Home_TC"/>
  <testcase name="ContactUS" time="44.337" classname="Warranty_Test_Case_Dev.Contact_US"/>
  <testcase name="HomePage_Header_login" time="22.337" classname="Credit_Global_Test_Cases_Dev.Home_TC"/>
  <testcase name="partner" time="11.513" classname="Warranty_Test_Case_Dev.Partner_With_US"/>
  <testcase name="Partner1" time="77.683" classname="Warranty_Test_Case_Dev.Our_Partner"/>
  <testcase name="Home_page" time="33.371" classname="Warranty_Test_Case_Dev.About_US"/>
  <testcase name="Partner2" time="74.244" classname="Warranty_Test_Case_Dev.Our_Partner"/>
  <testcase name="Footer" time="66.29" classname="Solution_one_Development.Footer_Develop"/>
  <testcase name="NewsEvents" time="128.101" classname="Warranty_Test_Case_Dev.NewsEvents"/>
  <testcase name="Footer_Facebook" time="26.721" classname="JumboGC_Test_case_Devlopment.Header_footer"/>
  <testcase name="Home_page" time="276.614" classname="Warranty_Test_Case_Dev.HomePage_Testcase"/>
  <testcase name="Partner3" time="70.566" classname="Warranty_Test_Case_Dev.Our_Partner"/>
  <testcase name="Footer_Instagram" time="25.577" classname="JumboGC_Test_case_Devlopment.Header_footer"/>
  <testcase name="Footer_Privacy" time="35.955" classname="JumboGC_Test_case_Devlopment.Header_footer"/>
  <testcase name="Partner4" time="70.296" classname="Warranty_Test_Case_Dev.Our_Partner"/>
  <testcase name="Footer_linkedIN" time="26.133" classname="JumboGC_Test_case_Devlopment.Header_footer"/>
  <testcase name="Header_Login" time="20.306" classname="JumboGC_Test_case_Devlopment.Header_footer"/>
  <testcase name="Partner5" time="77.59" classname="Warranty_Test_Case_Dev.Our_Partner"/>
  <testcase name="Partner6" time="65.467" classname="Warranty_Test_Case_Dev.Our_Partner"/>
</testsuite> <!-- Firefox_Developmet -->
