<?xml version="1.0" encoding="UTF-8"?>
<!-- Generated by org.testng.reporters.JUnitXMLReporter -->
<testsuite hostname="DESKTOP-N7K85DJ" name="Firefox_Prod" tests="74" failures="4" timestamp="23 May 2022 09:18:12 GMT" time="4957.444" errors="0">
  <testcase name="main" time="39.901" classname="AUW_Test_case_prod.AUW_CallUpdate"/>
  <testcase name="AboutUS" time="71.536" classname="AUW_Test_case_prod.AUW_AboutUS"/>
  <testcase name="main" time="80.503" classname="AUW_Test_case_prod.AUW_Intelligence_TC"/>
  <testcase name="AUW_Footer" time="81.65" classname="AUW_Test_case_prod.AUW_Footer_Prod"/>
  <testcase name="main" time="57.232" classname="AUW_Test_case_prod.AUW_Heartwood"/>
  <testcase name="main" time="39.747" classname="AUW_Test_case_prod.AUW_NJ_Update"/>
  <testcase name="main" time="332.099" classname="AUW_Test_case_prod.AUW_Experience"/>
  <testcase name="main" time="48.255" classname="AUW_Test_case_prod.AUW_header_web_Prod"/>
  <testcase name="main" time="17.548" classname="AUW_Test_case_prod.AUW_PPP"/>
  <testcase name="Practices_AgentsBrokers" time="53.336" classname="AUW_Test_case_prod.Practices_AgentsBrokers"/>
  <testcase name="Practices_CustomerSeekingCoverage" time="249.667" classname="AUW_Test_case_prod.Practices_CustomerSeekingCoverage"/>
  <testcase name="LearnMore" time="12.727" classname="AUW_Global_Test_Cases_Prod.LearnMore_TC"/>
  <testcase name="HomePage" time="15.516" classname="AUW_Global_Test_Cases_Prod.Home_Page_TC"/>
  <testcase name="Side_Heading_One" time="123.418" classname="Promesa_Test_Case_Prod.Pharmacy_search"/>
  <testcase name="Change_Language" time="2.214" classname="Promesa_Test_Case_Prod.Change_language"/>
  <testcase name="Footer_PrivacyPolicy" time="20.65" classname="Promesa_Test_Case_Prod.Footer"/>
  <testcase name="Footer_facebook" time="18.539" classname="Promesa_Test_Case_Prod.Footer"/>
  <testcase name="Footer_instagram" time="5.587" classname="Promesa_Test_Case_Prod.Footer"/>
  <testcase name="Footer_linkedin" time="5.957" classname="Promesa_Test_Case_Prod.Footer"/>
  <testcase name="Footer_twitter" time="6.598" classname="Promesa_Test_Case_Prod.Footer"/>
  <testcase name="Heading3" time="37.044" classname="MTL_Test_Cases_Prod.What_we_offer1_TC"/>
  <testcase name="More_offers" time="33.205" classname="MTL_Test_Cases_Prod.More_offers_TC"/>
  <testcase name="Footer" time="31.752" classname="MTL_Test_Cases_Prod.Home_URL"/>
  <testcase name="Heading" time="356.617" classname="MTL_Test_Cases_Prod.What_we_offer_URL_TC">
    <failure type="org.openqa.selenium.TimeoutException" message="TimedPromise timed out after 300000 ms
Build info: version: &amp;apos;3.141.59&amp;apos;, revision: &amp;apos;e82be7d358&amp;apos;, time: &amp;apos;2018-11-14T08:17:03&amp;apos;
System info: host: &amp;apos;DESKTOP-N7K85DJ&amp;apos;, ip: &amp;apos;192.168.1.4&amp;apos;, os.name: &amp;apos;Windows 10&amp;apos;, os.arch: &amp;apos;amd64&amp;apos;, os.version: &amp;apos;10.0&amp;apos;, java.version: &amp;apos;1.8.0_291&amp;apos;
Driver info: org.openqa.selenium.firefox.FirefoxDriver
Capabilities {acceptInsecureCerts: true, browserName: firefox, browserVersion: 100.0.1, javascriptEnabled: true, moz:accessibilityChecks: false, moz:buildID: 20220513165813, moz:geckodriverVersion: 0.30.0, moz:headless: false, moz:processID: 39988, moz:profile: C:\Users\Sweta\AppData\Loca..., moz:shutdownTimeout: 60000, moz:useNonSpecCompliantPointerOrigin: false, moz:webdriverClick: true, pageLoadStrategy: normal, platform: WINDOWS, platformName: WINDOWS, platformVersion: 10.0, proxy: Proxy(), setWindowRect: true, strictFileInteractability: false, timeouts: {implicit: 0, pageLoad: 300000, script: 30000}, unhandledPromptBehavior: dismiss and notify}
Session ID: 0aed4de7-3daf-4c77-8110-1db0dca71b9c">
      <![CDATA[org.openqa.selenium.TimeoutException: TimedPromise timed out after 300000 ms
Build info: version: '3.141.59', revision: 'e82be7d358', time: '2018-11-14T08:17:03'
System info: host: 'DESKTOP-N7K85DJ', ip: '192.168.1.4', os.name: 'Windows 10', os.arch: 'amd64', os.version: '10.0', java.version: '1.8.0_291'
Driver info: org.openqa.selenium.firefox.FirefoxDriver
Capabilities {acceptInsecureCerts: true, browserName: firefox, browserVersion: 100.0.1, javascriptEnabled: true, moz:accessibilityChecks: false, moz:buildID: 20220513165813, moz:geckodriverVersion: 0.30.0, moz:headless: false, moz:processID: 39988, moz:profile: C:\Users\Sweta\AppData\Loca..., moz:shutdownTimeout: 60000, moz:useNonSpecCompliantPointerOrigin: false, moz:webdriverClick: true, pageLoadStrategy: normal, platform: WINDOWS, platformName: WINDOWS, platformVersion: 10.0, proxy: Proxy(), setWindowRect: true, strictFileInteractability: false, timeouts: {implicit: 0, pageLoad: 300000, script: 30000}, unhandledPromptBehavior: dismiss and notify}
Session ID: 0aed4de7-3daf-4c77-8110-1db0dca71b9c
	at org.openqa.selenium.remote.http.W3CHttpResponseCodec.createException(W3CHttpResponseCodec.java:187)
	at org.openqa.selenium.remote.http.W3CHttpResponseCodec.decode(W3CHttpResponseCodec.java:122)
	at org.openqa.selenium.remote.http.W3CHttpResponseCodec.decode(W3CHttpResponseCodec.java:49)
	at org.openqa.selenium.remote.HttpCommandExecutor.execute(HttpCommandExecutor.java:158)
	at org.openqa.selenium.remote.service.DriverCommandExecutor.execute(DriverCommandExecutor.java:83)
	at org.openqa.selenium.remote.RemoteWebDriver.execute(RemoteWebDriver.java:552)
	at org.openqa.selenium.remote.RemoteWebDriver.get(RemoteWebDriver.java:277)
	at MTL_Pages.WhatWeOffer_page.Heading_one_URL(WhatWeOffer_page.java:255)
	at MTL_Test_Cases_Prod.What_we_offer_URL_TC.Heading(What_we_offer_URL_TC.java:18)
	at java.util.concurrent.ThreadPoolExecutor.runWorker(ThreadPoolExecutor.java:1149)
	at java.util.concurrent.ThreadPoolExecutor$Worker.run(ThreadPoolExecutor.java:624)
	at java.lang.Thread.run(Thread.java:748)
... Removed 14 stack frames]]>
    </failure>
  </testcase> <!-- Heading -->
  <testcase name="Footer" time="17.561" classname="Speciality_underwriters_Test_Case_Prod.Contact_US_TC"/>
  <testcase name="Footer" time="9.257" classname="Speciality_underwriters_Test_Case_Prod.About_Us"/>
  <testcase name="Footer" time="35.801" classname="Speciality_underwriters_Test_Case_Prod.What_We_offer"/>
  <testcase name="Footer" time="15.764" classname="Speciality_underwriters_Test_Case_Prod.Home_TC"/>
  <testcase name="WhatweOffer_outsideUS" time="13.079" classname="AFL_Test_Case_Prod.What_We_offer_OutSideUs"/>
  <testcase name="WhatweOffer_tab1" time="77.51" classname="AFL_Test_Case_Prod.What_We_offer_OutSideUs"/>
  <testcase name="WhatweOffer_tab2" time="189.699" classname="AFL_Test_Case_Prod.What_We_offer_OutSideUs"/>
  <testcase name="WhatweOffer_tab3" time="97.339" classname="AFL_Test_Case_Prod.What_We_offer_OutSideUs"/>
  <testcase name="Home_Page" time="113.738" classname="AFL_Test_Case_Prod.HomePage_TC"/>
  <testcase name="Footer" time="66.919" classname="AFL_Test_Case_Prod.Footer_TC"/>
  <testcase name="ContactUs_Page" time="19.706" classname="AFL_Test_Case_Prod.ContactUS_OutsideUS"/>
  <testcase name="main_Home_Page" time="11.443" classname="AFL_Test_Case_Prod.AboutUS_OutsideUS">
    <failure type="org.openqa.selenium.ElementNotInteractableException" message="Element &amp;lt;a class=&amp;quot;jss129 jss1&amp;quot; href=&amp;quot;/about-us&amp;quot;&amp;gt; could not be scrolled into view
Build info: version: &amp;apos;3.141.59&amp;apos;, revision: &amp;apos;e82be7d358&amp;apos;, time: &amp;apos;2018-11-14T08:17:03&amp;apos;
System info: host: &amp;apos;DESKTOP-N7K85DJ&amp;apos;, ip: &amp;apos;192.168.1.4&amp;apos;, os.name: &amp;apos;Windows 10&amp;apos;, os.arch: &amp;apos;amd64&amp;apos;, os.version: &amp;apos;10.0&amp;apos;, java.version: &amp;apos;1.8.0_291&amp;apos;
Driver info: org.openqa.selenium.firefox.FirefoxDriver
Capabilities {acceptInsecureCerts: true, browserName: firefox, browserVersion: 100.0.1, javascriptEnabled: true, moz:accessibilityChecks: false, moz:buildID: 20220513165813, moz:geckodriverVersion: 0.30.0, moz:headless: false, moz:processID: 30708, moz:profile: C:\Users\Sweta\AppData\Loca..., moz:shutdownTimeout: 60000, moz:useNonSpecCompliantPointerOrigin: false, moz:webdriverClick: true, pageLoadStrategy: normal, platform: WINDOWS, platformName: WINDOWS, platformVersion: 10.0, proxy: Proxy(), setWindowRect: true, strictFileInteractability: false, timeouts: {implicit: 0, pageLoad: 300000, script: 30000}, unhandledPromptBehavior: dismiss and notify}
Session ID: 0c11c9ee-0be5-4772-aaa7-1be3b1623e6a">
      <![CDATA[org.openqa.selenium.ElementNotInteractableException: Element <a class="jss129 jss1" href="/about-us"> could not be scrolled into view
Build info: version: '3.141.59', revision: 'e82be7d358', time: '2018-11-14T08:17:03'
System info: host: 'DESKTOP-N7K85DJ', ip: '192.168.1.4', os.name: 'Windows 10', os.arch: 'amd64', os.version: '10.0', java.version: '1.8.0_291'
Driver info: org.openqa.selenium.firefox.FirefoxDriver
Capabilities {acceptInsecureCerts: true, browserName: firefox, browserVersion: 100.0.1, javascriptEnabled: true, moz:accessibilityChecks: false, moz:buildID: 20220513165813, moz:geckodriverVersion: 0.30.0, moz:headless: false, moz:processID: 30708, moz:profile: C:\Users\Sweta\AppData\Loca..., moz:shutdownTimeout: 60000, moz:useNonSpecCompliantPointerOrigin: false, moz:webdriverClick: true, pageLoadStrategy: normal, platform: WINDOWS, platformName: WINDOWS, platformVersion: 10.0, proxy: Proxy(), setWindowRect: true, strictFileInteractability: false, timeouts: {implicit: 0, pageLoad: 300000, script: 30000}, unhandledPromptBehavior: dismiss and notify}
Session ID: 0c11c9ee-0be5-4772-aaa7-1be3b1623e6a
	at org.openqa.selenium.remote.http.W3CHttpResponseCodec.createException(W3CHttpResponseCodec.java:187)
	at org.openqa.selenium.remote.http.W3CHttpResponseCodec.decode(W3CHttpResponseCodec.java:122)
	at org.openqa.selenium.remote.http.W3CHttpResponseCodec.decode(W3CHttpResponseCodec.java:49)
	at org.openqa.selenium.remote.HttpCommandExecutor.execute(HttpCommandExecutor.java:158)
	at org.openqa.selenium.remote.service.DriverCommandExecutor.execute(DriverCommandExecutor.java:83)
	at org.openqa.selenium.remote.RemoteWebDriver.execute(RemoteWebDriver.java:552)
	at org.openqa.selenium.remote.RemoteWebElement.execute(RemoteWebElement.java:285)
	at org.openqa.selenium.remote.RemoteWebElement.click(RemoteWebElement.java:84)
	at AFL_Pages.About_Us_Page.About_US_homePage(About_Us_Page.java:128)
	at AFL_Test_Case_Prod.AboutUS_OutsideUS.main_Home_Page(AboutUS_OutsideUS.java:20)
	at java.util.concurrent.ThreadPoolExecutor.runWorker(ThreadPoolExecutor.java:1149)
	at java.util.concurrent.ThreadPoolExecutor$Worker.run(ThreadPoolExecutor.java:624)
	at java.lang.Thread.run(Thread.java:748)
... Removed 14 stack frames]]>
    </failure>
  </testcase> <!-- main_Home_Page -->
  <testcase name="HomePage_Header_login" time="28.192" classname="Credit_Global_Test_Cases_Prod.What_we_Do_TC"/>
  <testcase name="HomePage_Header_login" time="7.479" classname="Credit_Global_Test_Cases_Prod.Forgot_Password"/>
  <testcase name="HomePage_Header_ContactUS_btn" time="12.361" classname="Credit_Global_Test_Cases_Prod.Home_TC"/>
  <testcase name="HomePage_Header_Our_approach" time="10.821" classname="Credit_Global_Test_Cases_Prod.Home_TC"/>
  <testcase name="HomePage_Header_What_weDo" time="6.976" classname="Credit_Global_Test_Cases_Prod.Home_TC"/>
  <testcase name="HomePage_Header_login" time="10.746" classname="Credit_Global_Test_Cases_Prod.Home_TC"/>
  <testcase name="main_Home_Page" time="19.102" classname="Adler_TestCases_Prod.Home"/>
  <testcase name="main_Home_Page" time="116.726" classname="Adler_TestCases_Prod.News"/>
  <testcase name="AUW_Facebook" time="15.474" classname="Careers_Test_case_Prod.Footer"/>
  <testcase name="AUW_Instagram" time="7.463" classname="Careers_Test_case_Prod.Footer"/>
  <testcase name="AUW_Linkedin" time="7.845" classname="Careers_Test_case_Prod.Footer"/>
  <testcase name="AUW_Policy" time="23.26" classname="Careers_Test_case_Prod.Footer"/>
  <testcase name="AUW_twitter" time="10.303" classname="Careers_Test_case_Prod.Footer"/>
  <testcase name="Footer" time="47.584" classname="Solution_one_Prod.Footer_Production"/>
  <testcase name="Footer_Facebook" time="25.518" classname="JumboGC_Test_case_prod.Header_footer"/>
  <testcase name="Footer_Instagram" time="25.545" classname="JumboGC_Test_case_prod.Header_footer"/>
  <testcase name="Footer_Privacy" time="35.961" classname="JumboGC_Test_case_prod.Header_footer"/>
  <testcase name="Footer_linkedIN" time="25.927" classname="JumboGC_Test_case_prod.Header_footer"/>
  <testcase name="Header_Login" time="20.269" classname="JumboGC_Test_case_prod.Header_footer"/>
  <testcase name="Home_page" time="34.412" classname="Warranty_Test_Case_Prod.About_US"/>
  <testcase name="ContactUS" time="49.299" classname="Warranty_Test_Case_Prod.Contact_US"/>
  <testcase name="partner" time="11.121" classname="Warranty_Test_Case_Prod.Partner_With_US"/>
  <testcase name="Home_page" time="285.469" classname="Warranty_Test_Case_Prod.HomePage_Testcase"/>
  <testcase name="Partner1" time="72.426" classname="Warranty_Test_Case_Prod.Our_Partner"/>
  <testcase name="Partner2" time="50.808" classname="Warranty_Test_Case_Prod.Our_Partner">
    <failure type="org.openqa.selenium.NoSuchElementException" message="Unable to locate element: //*[@id=&amp;apos;__next&amp;apos;]/div[2]/div/div/div[2]/h1
For documentation on this error, please visit: https://www.seleniumhq.org/exceptions/no_such_element.html
Build info: version: &amp;apos;3.141.59&amp;apos;, revision: &amp;apos;e82be7d358&amp;apos;, time: &amp;apos;2018-11-14T08:17:03&amp;apos;
System info: host: &amp;apos;DESKTOP-N7K85DJ&amp;apos;, ip: &amp;apos;192.168.1.4&amp;apos;, os.name: &amp;apos;Windows 10&amp;apos;, os.arch: &amp;apos;amd64&amp;apos;, os.version: &amp;apos;10.0&amp;apos;, java.version: &amp;apos;1.8.0_291&amp;apos;
Driver info: org.openqa.selenium.firefox.FirefoxDriver
Capabilities {acceptInsecureCerts: true, browserName: firefox, browserVersion: 100.0.1, javascriptEnabled: true, moz:accessibilityChecks: false, moz:buildID: 20220513165813, moz:geckodriverVersion: 0.30.0, moz:headless: false, moz:processID: 40020, moz:profile: C:\Users\Sweta\AppData\Loca..., moz:shutdownTimeout: 60000, moz:useNonSpecCompliantPointerOrigin: false, moz:webdriverClick: true, pageLoadStrategy: normal, platform: WINDOWS, platformName: WINDOWS, platformVersion: 10.0, proxy: Proxy(), setWindowRect: true, strictFileInteractability: false, timeouts: {implicit: 0, pageLoad: 300000, script: 30000}, unhandledPromptBehavior: dismiss and notify}
Session ID: 3ee1dcaf-5f3b-412f-a3b8-e294d6344aba
*** Element info: {Using=xpath, value=//*[@id=&amp;apos;__next&amp;apos;]/div[2]/div/div/div[2]/h1}">
      <![CDATA[org.openqa.selenium.NoSuchElementException: Unable to locate element: //*[@id='__next']/div[2]/div/div/div[2]/h1
For documentation on this error, please visit: https://www.seleniumhq.org/exceptions/no_such_element.html
Build info: version: '3.141.59', revision: 'e82be7d358', time: '2018-11-14T08:17:03'
System info: host: 'DESKTOP-N7K85DJ', ip: '192.168.1.4', os.name: 'Windows 10', os.arch: 'amd64', os.version: '10.0', java.version: '1.8.0_291'
Driver info: org.openqa.selenium.firefox.FirefoxDriver
Capabilities {acceptInsecureCerts: true, browserName: firefox, browserVersion: 100.0.1, javascriptEnabled: true, moz:accessibilityChecks: false, moz:buildID: 20220513165813, moz:geckodriverVersion: 0.30.0, moz:headless: false, moz:processID: 40020, moz:profile: C:\Users\Sweta\AppData\Loca..., moz:shutdownTimeout: 60000, moz:useNonSpecCompliantPointerOrigin: false, moz:webdriverClick: true, pageLoadStrategy: normal, platform: WINDOWS, platformName: WINDOWS, platformVersion: 10.0, proxy: Proxy(), setWindowRect: true, strictFileInteractability: false, timeouts: {implicit: 0, pageLoad: 300000, script: 30000}, unhandledPromptBehavior: dismiss and notify}
Session ID: 3ee1dcaf-5f3b-412f-a3b8-e294d6344aba
*** Element info: {Using=xpath, value=//*[@id='__next']/div[2]/div/div/div[2]/h1}
	at org.openqa.selenium.remote.http.W3CHttpResponseCodec.createException(W3CHttpResponseCodec.java:187)
	at org.openqa.selenium.remote.http.W3CHttpResponseCodec.decode(W3CHttpResponseCodec.java:122)
	at org.openqa.selenium.remote.http.W3CHttpResponseCodec.decode(W3CHttpResponseCodec.java:49)
	at org.openqa.selenium.remote.HttpCommandExecutor.execute(HttpCommandExecutor.java:158)
	at org.openqa.selenium.remote.service.DriverCommandExecutor.execute(DriverCommandExecutor.java:83)
	at org.openqa.selenium.remote.RemoteWebDriver.execute(RemoteWebDriver.java:552)
	at org.openqa.selenium.remote.RemoteWebDriver.findElement(RemoteWebDriver.java:323)
	at org.openqa.selenium.remote.RemoteWebDriver.findElementByXPath(RemoteWebDriver.java:428)
	at org.openqa.selenium.By$ByXPath.findElement(By.java:353)
	at org.openqa.selenium.remote.RemoteWebDriver.findElement(RemoteWebDriver.java:315)
	at Warranty_Page.Our_Partners_page.Partner2(Our_Partners_page.java:107)
	at Warranty_Test_Case_Prod.Our_Partner.Partner2(Our_Partner.java:32)
	at java.util.concurrent.ThreadPoolExecutor.runWorker(ThreadPoolExecutor.java:1149)
	at java.util.concurrent.ThreadPoolExecutor$Worker.run(ThreadPoolExecutor.java:624)
	at java.lang.Thread.run(Thread.java:748)
... Removed 14 stack frames]]>
    </failure>
  </testcase> <!-- Partner2 -->
  <testcase name="Partner3" time="73.87" classname="Warranty_Test_Case_Prod.Our_Partner"/>
  <testcase name="Partner4" time="76.466" classname="Warranty_Test_Case_Prod.Our_Partner"/>
  <testcase name="Partner5" time="104.833" classname="Warranty_Test_Case_Prod.Our_Partner"/>
  <testcase name="Partner6" time="75.813" classname="Warranty_Test_Case_Prod.Our_Partner"/>
  <testcase name="HomePage" time="63.725" classname="Casuality_Prod_TC.Home_page"/>
  <testcase name="HomePage" time="42.144" classname="Casuality_Prod_TC.Menu_About_US"/>
  <testcase name="HomePage" time="21.82" classname="Casuality_Prod_TC.Menu_Contact_Us"/>
  <testcase name="Carriers" time="33.733" classname="Casuality_Prod_TC.Menu_Our_Carriers">
    <failure type="java.lang.AssertionError" message="expected [https://web.ambest.com/] but found [https://web.ambest.com/home]">
      <![CDATA[java.lang.AssertionError: expected [https://web.ambest.com/] but found [https://web.ambest.com/home]
	at Casuality_pages.Menu_Carriers.Ambest(Menu_Carriers.java:68)
	at Casuality_Prod_TC.Menu_Our_Carriers.Carriers(Menu_Our_Carriers.java:19)
	at java.util.concurrent.ThreadPoolExecutor.runWorker(ThreadPoolExecutor.java:1149)
	at java.util.concurrent.ThreadPoolExecutor$Worker.run(ThreadPoolExecutor.java:624)
	at java.lang.Thread.run(Thread.java:748)
... Removed 15 stack frames]]>
    </failure>
  </testcase> <!-- Carriers -->
  <testcase name="HomePage" time="54.684" classname="Casuality_Prod_TC.Menu_Press_Room"/>
  <testcase name="main_Home_Page" time="45.362" classname="Pinnacle_Test_Cases_Production.HomePage_TC"/>
  <testcase name="WhatsNew" time="81.623" classname="Pinnacle_Test_Cases_Production.WatsNew"/>
  <testcase name="main_Home_Page" time="32.402" classname="Tradewel_Test_Cases_Production.About_US"/>
  <testcase name="Comprehensive" time="38.84" classname="Tradewel_Test_Cases_Production.Comprehensive_Protection_FF"/>
</testsuite> <!-- Firefox_Prod -->
