<?xml version="1.0" encoding="UTF-8"?>
<!-- Generated by org.testng.reporters.JUnitXMLReporter -->
<testsuite hostname="DESKTOP-N7K85DJ" name="Firefox_Prod" tests="62" failures="2" timestamp="22 Dec 2021 09:39:16 GMT" time="3644.288" errors="0">
  <testcase name="main" time="41.204" classname="AUW_Test_case_prod.AUW_CallUpdate"/>
  <testcase name="AboutUS" time="65.476" classname="AUW_Test_case_prod.AUW_AboutUS"/>
  <testcase name="main" time="89.513" classname="AUW_Test_case_prod.AUW_Intelligence_TC"/>
  <testcase name="AUW_Footer" time="77.846" classname="AUW_Test_case_prod.AUW_Footer_Prod"/>
  <testcase name="main" time="62.103" classname="AUW_Test_case_prod.AUW_Heartwood"/>
  <testcase name="main" time="41.978" classname="AUW_Test_case_prod.AUW_NJ_Update"/>
  <testcase name="main" time="280.315" classname="AUW_Test_case_prod.AUW_Experience"/>
  <testcase name="main" time="50.352" classname="AUW_Test_case_prod.AUW_header_web_Prod"/>
  <testcase name="main" time="17.679" classname="AUW_Test_case_prod.AUW_PPP"/>
  <testcase name="Practices_AgentsBrokers" time="38.525" classname="AUW_Test_case_prod.Practices_AgentsBrokers">
    <failure type="java.lang.AssertionError" message="expected [https://moretolove.auw.com/what-we-offer/construction-p-e] but found [about:blank]">
      <![CDATA[java.lang.AssertionError: expected [https://moretolove.auw.com/what-we-offer/construction-p-e] but found [about:blank]
	at AUW_Pages.Practices_ForagentsAndBrokers.Column3_Heading(Practices_ForagentsAndBrokers.java:152)
	at AUW_Test_case_prod.Practices_AgentsBrokers.Practices_AgentsBrokers(Practices_AgentsBrokers.java:23)
... Removed 29 stack frames]]>
    </failure>
  </testcase> <!-- Practices_AgentsBrokers -->
  <testcase name="Practices_CustomerSeekingCoverage" time="237.528" classname="AUW_Test_case_prod.Practices_CustomerSeekingCoverage"/>
  <testcase name="LearnMore" time="13.956" classname="AUW_Global_Test_Cases_Prod.LearnMore_TC"/>
  <testcase name="HomePage" time="15.946" classname="AUW_Global_Test_Cases_Prod.Home_Page_TC"/>
  <testcase name="Side_Heading_One" time="123.302" classname="Promesa_Test_Case_Prod.Pharmacy_search"/>
  <testcase name="Change_Language" time="3.125" classname="Promesa_Test_Case_Prod.Change_language"/>
  <testcase name="Footer_PrivacyPolicy" time="21.535" classname="Promesa_Test_Case_Prod.Footer"/>
  <testcase name="Footer_facebook" time="19.159" classname="Promesa_Test_Case_Prod.Footer"/>
  <testcase name="Footer_instagram" time="7.408" classname="Promesa_Test_Case_Prod.Footer"/>
  <testcase name="Footer_linkedin" time="7.968" classname="Promesa_Test_Case_Prod.Footer"/>
  <testcase name="Footer_twitter" time="7.911" classname="Promesa_Test_Case_Prod.Footer"/>
  <testcase name="Heading1" time="37.718" classname="MTL_Test_Cases_Prod.What_we_offer1_TC"/>
  <testcase name="Heading10" time="35.359" classname="MTL_Test_Cases_Prod.What_we_offer1_TC"/>
  <testcase name="Heading11" time="50.48" classname="MTL_Test_Cases_Prod.What_we_offer1_TC"/>
  <testcase name="Heading2" time="36.253" classname="MTL_Test_Cases_Prod.What_we_offer1_TC"/>
  <testcase name="Heading3" time="35.284" classname="MTL_Test_Cases_Prod.What_we_offer1_TC"/>
  <testcase name="Heading4" time="36.261" classname="MTL_Test_Cases_Prod.What_we_offer1_TC"/>
  <testcase name="Heading5" time="35.447" classname="MTL_Test_Cases_Prod.What_we_offer1_TC"/>
  <testcase name="Heading6" time="53.747" classname="MTL_Test_Cases_Prod.What_we_offer1_TC"/>
  <testcase name="Heading7" time="35.36" classname="MTL_Test_Cases_Prod.What_we_offer1_TC"/>
  <testcase name="Heading8" time="35.375" classname="MTL_Test_Cases_Prod.What_we_offer1_TC"/>
  <testcase name="Heading9" time="40.154" classname="MTL_Test_Cases_Prod.What_we_offer1_TC"/>
  <testcase name="More_offers" time="80.279" classname="MTL_Test_Cases_Prod.More_offers_TC"/>
  <testcase name="Footer" time="39.164" classname="MTL_Test_Cases_Prod.Home_URL"/>
  <testcase name="Heading" time="83.323" classname="MTL_Test_Cases_Prod.What_we_offer_URL_TC"/>
  <testcase name="Footer" time="16.593" classname="Speciality_underwriters_Test_Case_Prod.Contact_US_TC"/>
  <testcase name="Footer" time="9.495" classname="Speciality_underwriters_Test_Case_Prod.About_Us"/>
  <testcase name="Footer" time="34.33" classname="Speciality_underwriters_Test_Case_Prod.What_We_offer"/>
  <testcase name="Footer" time="16.006" classname="Speciality_underwriters_Test_Case_Prod.Home_TC"/>
  <testcase name="Footer" time="268.175" classname="AFL_Test_Case_Prod.What_We_offer_OutSideUs"/>
  <testcase name="Home_Page" time="128.024" classname="AFL_Test_Case_Prod.HomePage_TC">
    <failure type="org.openqa.selenium.NoSuchElementException" message="Unable to locate element: //*[text()=&amp;apos;Deutsch&amp;apos;]
For documentation on this error, please visit: https://www.seleniumhq.org/exceptions/no_such_element.html
Build info: version: &amp;apos;3.141.59&amp;apos;, revision: &amp;apos;e82be7d358&amp;apos;, time: &amp;apos;2018-11-14T08:17:03&amp;apos;
System info: host: &amp;apos;DESKTOP-N7K85DJ&amp;apos;, ip: &amp;apos;172.16.20.6&amp;apos;, os.name: &amp;apos;Windows 10&amp;apos;, os.arch: &amp;apos;amd64&amp;apos;, os.version: &amp;apos;10.0&amp;apos;, java.version: &amp;apos;1.8.0_301&amp;apos;
Driver info: org.openqa.selenium.firefox.FirefoxDriver
Capabilities {acceptInsecureCerts: true, browserName: firefox, browserVersion: 95.0.2, javascriptEnabled: true, moz:accessibilityChecks: false, moz:buildID: 20211218203254, moz:geckodriverVersion: 0.28.0, moz:headless: false, moz:processID: 26448, moz:profile: C:\Users\Sweta\AppData\Loca..., moz:shutdownTimeout: 60000, moz:useNonSpecCompliantPointerOrigin: false, moz:webdriverClick: true, pageLoadStrategy: normal, platform: WINDOWS, platformName: WINDOWS, platformVersion: 10.0, proxy: Proxy(), setWindowRect: true, strictFileInteractability: false, timeouts: {implicit: 0, pageLoad: 300000, script: 30000}, unhandledPromptBehavior: dismiss and notify}
Session ID: 46bf355d-f36e-487c-8141-3c7ccead1238
*** Element info: {Using=xpath, value=//*[text()=&amp;apos;Deutsch&amp;apos;]}">
      <![CDATA[org.openqa.selenium.NoSuchElementException: Unable to locate element: //*[text()='Deutsch']
For documentation on this error, please visit: https://www.seleniumhq.org/exceptions/no_such_element.html
Build info: version: '3.141.59', revision: 'e82be7d358', time: '2018-11-14T08:17:03'
System info: host: 'DESKTOP-N7K85DJ', ip: '172.16.20.6', os.name: 'Windows 10', os.arch: 'amd64', os.version: '10.0', java.version: '1.8.0_301'
Driver info: org.openqa.selenium.firefox.FirefoxDriver
Capabilities {acceptInsecureCerts: true, browserName: firefox, browserVersion: 95.0.2, javascriptEnabled: true, moz:accessibilityChecks: false, moz:buildID: 20211218203254, moz:geckodriverVersion: 0.28.0, moz:headless: false, moz:processID: 26448, moz:profile: C:\Users\Sweta\AppData\Loca..., moz:shutdownTimeout: 60000, moz:useNonSpecCompliantPointerOrigin: false, moz:webdriverClick: true, pageLoadStrategy: normal, platform: WINDOWS, platformName: WINDOWS, platformVersion: 10.0, proxy: Proxy(), setWindowRect: true, strictFileInteractability: false, timeouts: {implicit: 0, pageLoad: 300000, script: 30000}, unhandledPromptBehavior: dismiss and notify}
Session ID: 46bf355d-f36e-487c-8141-3c7ccead1238
*** Element info: {Using=xpath, value=//*[text()='Deutsch']}
	at org.openqa.selenium.remote.http.W3CHttpResponseCodec.createException(W3CHttpResponseCodec.java:187)
	at org.openqa.selenium.remote.http.W3CHttpResponseCodec.decode(W3CHttpResponseCodec.java:122)
	at org.openqa.selenium.remote.http.W3CHttpResponseCodec.decode(W3CHttpResponseCodec.java:49)
	at org.openqa.selenium.remote.HttpCommandExecutor.execute(HttpCommandExecutor.java:158)
	at org.openqa.selenium.remote.service.DriverCommandExecutor.execute(DriverCommandExecutor.java:83)
	at org.openqa.selenium.remote.RemoteWebDriver.execute(RemoteWebDriver.java:552)
	at org.openqa.selenium.remote.RemoteWebDriver.findElement(RemoteWebDriver.java:323)
	at org.openqa.selenium.remote.RemoteWebDriver.findElementByXPath(RemoteWebDriver.java:428)
	at org.openqa.selenium.By$ByXPath.findElement(By.java:353)
	at org.openqa.selenium.remote.RemoteWebDriver.findElement(RemoteWebDriver.java:315)
	at AFL_Pages.Home_page.Language_DropDown(Home_page.java:486)
	at AFL_Test_Case_Prod.HomePage_TC.Home_Page(HomePage_TC.java:19)
... Removed 28 stack frames]]>
    </failure>
  </testcase> <!-- Home_Page -->
  <testcase name="Footer" time="65.853" classname="AFL_Test_Case_Prod.Footer_TC"/>
  <testcase name="ContactUs_Page" time="21.193" classname="AFL_Test_Case_Prod.ContactUS_OutsideUS"/>
  <testcase name="main_Home_Page" time="15.862" classname="AFL_Test_Case_Prod.AboutUS_OutsideUS"/>
  <testcase name="HomePage_Header_login" time="36.131" classname="Credit_Global_Test_Cases_Prod.What_we_Do_TC"/>
  <testcase name="HomePage_Header_login" time="15.75" classname="Credit_Global_Test_Cases_Prod.Forgot_Password"/>
  <testcase name="HomePage_Header_ContactUS_btn" time="18.744" classname="Credit_Global_Test_Cases_Prod.Home_TC"/>
  <testcase name="HomePage_Header_Our_approach" time="17.795" classname="Credit_Global_Test_Cases_Prod.Home_TC"/>
  <testcase name="HomePage_Header_What_weDo" time="15.199" classname="Credit_Global_Test_Cases_Prod.Home_TC"/>
  <testcase name="HomePage_Header_login" time="18.781" classname="Credit_Global_Test_Cases_Prod.Home_TC"/>
  <testcase name="main_Home_Page" time="18.645" classname="Adler_TestCases_Prod.Home"/>
  <testcase name="main_Home_Page" time="115.084" classname="Adler_TestCases_Prod.News"/>
  <testcase name="AUW_Facebook" time="16.652" classname="Careers_Test_case_Prod.Footer"/>
  <testcase name="AUW_Instagram" time="8.495" classname="Careers_Test_case_Prod.Footer"/>
  <testcase name="AUW_Linkedin" time="8.665" classname="Careers_Test_case_Prod.Footer"/>
  <testcase name="AUW_Policy" time="26.924" classname="Careers_Test_case_Prod.Footer"/>
  <testcase name="AUW_twitter" time="9.454" classname="Careers_Test_case_Prod.Footer"/>
  <testcase name="Footer" time="49.085" classname="Solution_one_Prod.Footer_Production"/>
  <testcase name="Footer_Facebook" time="26.83" classname="JumboGC_Test_case_prod.Header_footer"/>
  <testcase name="Footer_Instagram" time="25.843" classname="JumboGC_Test_case_prod.Header_footer"/>
  <testcase name="Footer_Privacy" time="35.935" classname="JumboGC_Test_case_prod.Header_footer"/>
  <testcase name="Footer_linkedIN" time="26.158" classname="JumboGC_Test_case_prod.Header_footer"/>
  <testcase name="Header_Login" time="20.302" classname="JumboGC_Test_case_prod.Header_footer"/>
</testsuite> <!-- Firefox_Prod -->
