<?xml version="1.0" encoding="UTF-8"?>
<!-- Generated by org.testng.reporters.JUnitXMLReporter -->
<testsuite hostname="DESKTOP-N7K85DJ" name="Firefox_Developmet" tests="59" failures="0" timestamp="16 Feb 2022 09:34:55 GMT" time="1426.825" errors="0">
  <testcase name="main" time="52.295" classname="AUW_Test_Case_dev.AUW_header_web_Development"/>
  <testcase name="AboutUS" time="73.968" classname="AUW_Test_Case_dev.AUW_AboutUS"/>
  <testcase name="AUW_Footer" time="87.148" classname="AUW_Test_Case_dev.AUW_Footer_Development"/>
  <testcase name="main" time="20.23" classname="AUW_Test_Case_dev.AUW_PPP"/>
  <testcase name="main" time="49.499" classname="AUW_Test_Case_dev.AUW_CallUpdate"/>
  <testcase name="main" time="45.135" classname="AUW_Test_Case_dev.AUW_NJ_Update"/>
  <testcase name="main" time="93.866" classname="AUW_Test_Case_dev.AUW_Intelligence_TC"/>
  <testcase name="Practices_AgentsBrokers" time="61.945" classname="AUW_Test_Case_dev.Practices_AgentsBrokers"/>
  <testcase name="LearnMore" time="23.819" classname="AUW_Global_Test_Cases_Development.LearnMore_TC"/>
  <testcase name="HomePage" time="12.86" classname="AUW_Global_Test_Cases_Development.Home_Page_TC"/>
  <testcase name="main" time="317.955" classname="AUW_Test_Case_dev.AUW_Experience"/>
  <testcase name="Footer" time="63.031" classname="Promesa_Test_Case_Development.Footer"/>
  <testcase name="Change_Language" time="4.734" classname="Promesa_Test_Case_Development.Change_language"/>
  <testcase name="Footer" time="11.089" classname="Speciality_underwriters_Test_Case_Dev.About_Us"/>
  <testcase name="Footer" time="17.473" classname="Speciality_underwriters_Test_Case_Dev.Contact_US_TC"/>
  <testcase name="Side_Heading_One" time="124.373" classname="Promesa_Test_Case_Development.Pharmacy_search"/>
  <testcase name="Footer" time="18.011" classname="Speciality_underwriters_Test_Case_Dev.Home_TC"/>
  <testcase name="Footer" time="43.851" classname="Speciality_underwriters_Test_Case_Dev.What_We_offer"/>
  <testcase name="Practices_CustomerSeekingCoverage" time="265.255" classname="AUW_Test_Case_dev.Practices_CustomerSeekingCoverage"/>
  <testcase name="ContactUs_Page" time="28.059" classname="AFL_Test_Cases_Dev.ContactUS_OutsideUS_dev"/>
  <testcase name="main_Home_Page" time="31.792" classname="AFL_Test_Cases_Dev.AboutUS_OutsideUS_dev"/>
  <testcase name="main_Home_Page" time="20.589" classname="Adler_TestCases_Development.Home"/>
  <testcase name="Footer" time="80.297" classname="AFL_Test_Cases_Dev.Footer_TC_dev"/>
  <testcase name="Home_Page" time="142.066" classname="AFL_Test_Cases_Dev.HomePage_TC_dev"/>
  <testcase name="Comprehensive" time="41.429" classname="Tradewel_Test_Cases_Development.Comprehensive_Protection_FF"/>
  <testcase name="main_Home_Page" time="142.677" classname="Adler_TestCases_Development.News"/>
  <testcase name="main_Home_Page" time="37.345" classname="Tradewel_Test_Cases_Development.About_US"/>
  <testcase name="AUW_Footer" time="79.731" classname="Careers_Test_case_Development.Footer"/>
  <testcase name="Footer" time="304.038" classname="AFL_Test_Cases_Dev.What_We_offer_OutSideUs_dev"/>
  <testcase name="main_Home_Page" time="50.128" classname="Pinnacle_Test_Cases_Development.HomePage_TC"/>
  <testcase name="HomePage_Header_ContactUS_btn" time="18.819" classname="Credit_Global_Test_Cases_Dev.Home_TC"/>
  <testcase name="WhatsNew" time="100.651" classname="Pinnacle_Test_Cases_Development.WatsNew"/>
  <testcase name="HomePage_Header_login" time="10.84" classname="Credit_Global_Test_Cases_Dev.Forgot_Password"/>
  <testcase name="HomePage_Header_login" time="29.882" classname="Credit_Global_Test_Cases_Dev.What_we_Do_TC"/>
  <testcase name="HomePage_Header_Our_approach" time="14.247" classname="Credit_Global_Test_Cases_Dev.Home_TC"/>
  <testcase name="ContactUS" time="48.358" classname="Warranty_Test_Case_Dev.Contact_US"/>
  <testcase name="HomePage_Header_What_weDo" time="8.449" classname="Credit_Global_Test_Cases_Dev.Home_TC"/>
  <testcase name="HomePage_Header_login" time="13.466" classname="Credit_Global_Test_Cases_Dev.Home_TC"/>
  <testcase name="partner" time="12.353" classname="Warranty_Test_Case_Dev.Partner_With_US"/>
  <testcase name="Partner1" time="98.959" classname="Warranty_Test_Case_Dev.Our_Partner"/>
  <testcase name="Home_page" time="32.677" classname="Warranty_Test_Case_Dev.About_US"/>
  <testcase name="Partner2" time="89.795" classname="Warranty_Test_Case_Dev.Our_Partner"/>
  <testcase name="Footer" time="74.406" classname="Solution_one_Development.Footer_Develop"/>
  <testcase name="NewsEvents" time="126.74" classname="Warranty_Test_Case_Dev.NewsEvents"/>
  <testcase name="Home_page" time="285.193" classname="Warranty_Test_Case_Dev.HomePage_Testcase"/>
  <testcase name="Footer_Facebook" time="26.19" classname="JumboGC_Test_case_Devlopment.Header_footer"/>
  <testcase name="Partner3" time="86.881" classname="Warranty_Test_Case_Dev.Our_Partner"/>
  <testcase name="Footer_Instagram" time="25.905" classname="JumboGC_Test_case_Devlopment.Header_footer"/>
  <testcase name="HomePage" time="69.967" classname="Casuality_Dev_TC.Home_page"/>
  <testcase name="HomePage" time="57.608" classname="Casuality_Dev_TC.Menu_Press_Room"/>
  <testcase name="Footer_Privacy" time="37.207" classname="JumboGC_Test_case_Devlopment.Header_footer"/>
  <testcase name="HomePage" time="22.823" classname="Casuality_Dev_TC.Menu_Contact_Us"/>
  <testcase name="Carriers" time="37.77" classname="Casuality_Dev_TC.Menu_Our_Carriers"/>
  <testcase name="Partner4" time="85.048" classname="Warranty_Test_Case_Dev.Our_Partner"/>
  <testcase name="Footer_linkedIN" time="25.588" classname="JumboGC_Test_case_Devlopment.Header_footer"/>
  <testcase name="HomePage" time="51.819" classname="Casuality_Dev_TC.Menu_About_US"/>
  <testcase name="Header_Login" time="20.345" classname="JumboGC_Test_case_Devlopment.Header_footer"/>
  <testcase name="Partner5" time="71.273" classname="Warranty_Test_Case_Dev.Our_Partner"/>
  <testcase name="Partner6" time="68.36" classname="Warranty_Test_Case_Dev.Our_Partner"/>
</testsuite> <!-- Firefox_Developmet -->
