<?xml version="1.0" encoding="UTF-8"?>
<!-- Generated by org.testng.reporters.JUnitXMLReporter -->
<testsuite hostname="DESKTOP-N7K85DJ" name="Firefox_Developmet" tests="54" failures="4" timestamp="22 Dec 2021 14:58:10 GMT" time="4306.122" errors="0">
  <testcase name="main" time="234.271" classname="AUW_Test_Case_dev.AUW_Experience">
    <failure type="java.lang.AssertionError" message="expected [How our data predicted an impending health crisis] but found []">
      <![CDATA[java.lang.AssertionError: expected [How our data predicted an impending health crisis] but found []
	at AUW_Test_Case_dev.AUW_Experience.main(AUW_Experience.java:128)
... Removed 29 stack frames]]>
    </failure>
  </testcase> <!-- main -->
  <testcase name="main" time="55.15" classname="AUW_Test_Case_dev.AUW_header_web_Development"/>
  <testcase name="AUW_Footer" time="80.4" classname="AUW_Test_Case_dev.AUW_Footer_Development"/>
  <testcase name="AboutUS" time="71.569" classname="AUW_Test_Case_dev.AUW_AboutUS"/>
  <testcase name="main" time="20.204" classname="AUW_Test_Case_dev.AUW_PPP"/>
  <testcase name="main" time="51.955" classname="AUW_Test_Case_dev.AUW_CallUpdate">
    <failure type="org.openqa.selenium.ElementClickInterceptedException" message="Element &amp;lt;span&amp;gt; is not clickable at point (373,8) because another element &amp;lt;div class=&amp;quot;MuiToolbar-root-94 MuiToolbar-regular-96 jss27 MuiToolbar-gutters-95&amp;quot;&amp;gt; obscures it
Build info: version: &amp;apos;3.141.59&amp;apos;, revision: &amp;apos;e82be7d358&amp;apos;, time: &amp;apos;2018-11-14T08:17:03&amp;apos;
System info: host: &amp;apos;DESKTOP-N7K85DJ&amp;apos;, ip: &amp;apos;172.16.20.6&amp;apos;, os.name: &amp;apos;Windows 10&amp;apos;, os.arch: &amp;apos;amd64&amp;apos;, os.version: &amp;apos;10.0&amp;apos;, java.version: &amp;apos;1.8.0_301&amp;apos;
Driver info: org.openqa.selenium.firefox.FirefoxDriver
Capabilities {acceptInsecureCerts: true, browserName: firefox, browserVersion: 95.0.2, javascriptEnabled: true, moz:accessibilityChecks: false, moz:buildID: 20211218203254, moz:geckodriverVersion: 0.28.0, moz:headless: false, moz:processID: 8216, moz:profile: C:\Users\Sweta\AppData\Loca..., moz:shutdownTimeout: 60000, moz:useNonSpecCompliantPointerOrigin: false, moz:webdriverClick: true, pageLoadStrategy: normal, platform: WINDOWS, platformName: WINDOWS, platformVersion: 10.0, proxy: Proxy(), setWindowRect: true, strictFileInteractability: false, timeouts: {implicit: 0, pageLoad: 300000, script: 30000}, unhandledPromptBehavior: dismiss and notify}
Session ID: 8da97b2e-bd73-41bb-9247-5040973ce80b">
      <![CDATA[org.openqa.selenium.ElementClickInterceptedException: Element <span> is not clickable at point (373,8) because another element <div class="MuiToolbar-root-94 MuiToolbar-regular-96 jss27 MuiToolbar-gutters-95"> obscures it
Build info: version: '3.141.59', revision: 'e82be7d358', time: '2018-11-14T08:17:03'
System info: host: 'DESKTOP-N7K85DJ', ip: '172.16.20.6', os.name: 'Windows 10', os.arch: 'amd64', os.version: '10.0', java.version: '1.8.0_301'
Driver info: org.openqa.selenium.firefox.FirefoxDriver
Capabilities {acceptInsecureCerts: true, browserName: firefox, browserVersion: 95.0.2, javascriptEnabled: true, moz:accessibilityChecks: false, moz:buildID: 20211218203254, moz:geckodriverVersion: 0.28.0, moz:headless: false, moz:processID: 8216, moz:profile: C:\Users\Sweta\AppData\Loca..., moz:shutdownTimeout: 60000, moz:useNonSpecCompliantPointerOrigin: false, moz:webdriverClick: true, pageLoadStrategy: normal, platform: WINDOWS, platformName: WINDOWS, platformVersion: 10.0, proxy: Proxy(), setWindowRect: true, strictFileInteractability: false, timeouts: {implicit: 0, pageLoad: 300000, script: 30000}, unhandledPromptBehavior: dismiss and notify}
Session ID: 8da97b2e-bd73-41bb-9247-5040973ce80b
	at org.openqa.selenium.remote.http.W3CHttpResponseCodec.createException(W3CHttpResponseCodec.java:187)
	at org.openqa.selenium.remote.http.W3CHttpResponseCodec.decode(W3CHttpResponseCodec.java:122)
	at org.openqa.selenium.remote.http.W3CHttpResponseCodec.decode(W3CHttpResponseCodec.java:49)
	at org.openqa.selenium.remote.HttpCommandExecutor.execute(HttpCommandExecutor.java:158)
	at org.openqa.selenium.remote.service.DriverCommandExecutor.execute(DriverCommandExecutor.java:83)
	at org.openqa.selenium.remote.RemoteWebDriver.execute(RemoteWebDriver.java:552)
	at org.openqa.selenium.remote.RemoteWebElement.execute(RemoteWebElement.java:285)
	at org.openqa.selenium.remote.RemoteWebElement.click(RemoteWebElement.java:84)
	at AUW_Pages.AUW_callupdate.Facts_Download(AUW_callupdate.java:108)
	at AUW_Test_Case_dev.AUW_CallUpdate.main(AUW_CallUpdate.java:28)
... Removed 28 stack frames]]>
    </failure>
  </testcase> <!-- main -->
  <testcase name="main" time="45.487" classname="AUW_Test_Case_dev.AUW_NJ_Update"/>
  <testcase name="main" time="97.894" classname="AUW_Test_Case_dev.AUW_Intelligence_TC"/>
  <testcase name="Practices_AgentsBrokers" time="61.503" classname="AUW_Test_Case_dev.Practices_AgentsBrokers"/>
  <testcase name="Practices_CustomerSeekingCoverage" time="247.72" classname="AUW_Test_Case_dev.Practices_CustomerSeekingCoverage"/>
  <testcase name="LearnMore" time="19.542" classname="AUW_Global_Test_Cases_Development.LearnMore_TC"/>
  <testcase name="HomePage" time="21.681" classname="AUW_Global_Test_Cases_Development.Home_Page_TC"/>
  <testcase name="Footer" time="62.239" classname="Promesa_Test_Case_Development.Footer"/>
  <testcase name="Side_Heading_One" time="123.603" classname="Promesa_Test_Case_Development.Pharmacy_search"/>
  <testcase name="Change_Language" time="6.314" classname="Promesa_Test_Case_Development.Change_language"/>
  <testcase name="Footer" time="20.166" classname="Speciality_underwriters_Test_Case_Dev.Contact_US_TC"/>
  <testcase name="Footer" time="11.989" classname="Speciality_underwriters_Test_Case_Dev.About_Us"/>
  <testcase name="Footer" time="42.552" classname="Speciality_underwriters_Test_Case_Dev.What_We_offer"/>
  <testcase name="Footer" time="16.349" classname="Speciality_underwriters_Test_Case_Dev.Home_TC"/>
  <testcase name="ContactUs_Page" time="26.15" classname="AFL_Test_Cases_Dev.ContactUS_OutsideUS_dev"/>
  <testcase name="main_Home_Page" time="33.612" classname="AFL_Test_Cases_Dev.AboutUS_OutsideUS_dev"/>
  <testcase name="Footer" time="308.773" classname="AFL_Test_Cases_Dev.What_We_offer_OutSideUs_dev"/>
  <testcase name="Footer" time="80.06" classname="AFL_Test_Cases_Dev.Footer_TC_dev"/>
  <testcase name="Home_Page" time="146.473" classname="AFL_Test_Cases_Dev.HomePage_TC_dev"/>
  <testcase name="main_Home_Page" time="20.603" classname="Adler_TestCases_Development.Home"/>
  <testcase name="main_Home_Page" time="83.857" classname="Adler_TestCases_Development.News">
    <failure type="org.openqa.selenium.NoSuchElementException" message="Unable to locate element: (//*[contains(@class,&amp;apos;fadeAltClass-2&amp;apos;)])[1]/div/a/div/img
For documentation on this error, please visit: https://www.seleniumhq.org/exceptions/no_such_element.html
Build info: version: &amp;apos;3.141.59&amp;apos;, revision: &amp;apos;e82be7d358&amp;apos;, time: &amp;apos;2018-11-14T08:17:03&amp;apos;
System info: host: &amp;apos;DESKTOP-N7K85DJ&amp;apos;, ip: &amp;apos;172.16.20.6&amp;apos;, os.name: &amp;apos;Windows 10&amp;apos;, os.arch: &amp;apos;amd64&amp;apos;, os.version: &amp;apos;10.0&amp;apos;, java.version: &amp;apos;1.8.0_301&amp;apos;
Driver info: org.openqa.selenium.firefox.FirefoxDriver
Capabilities {acceptInsecureCerts: true, browserName: firefox, browserVersion: 95.0.2, javascriptEnabled: true, moz:accessibilityChecks: false, moz:buildID: 20211218203254, moz:geckodriverVersion: 0.28.0, moz:headless: false, moz:processID: 25028, moz:profile: C:\Users\Sweta\AppData\Loca..., moz:shutdownTimeout: 60000, moz:useNonSpecCompliantPointerOrigin: false, moz:webdriverClick: true, pageLoadStrategy: normal, platform: WINDOWS, platformName: WINDOWS, platformVersion: 10.0, proxy: Proxy(), setWindowRect: true, strictFileInteractability: false, timeouts: {implicit: 0, pageLoad: 300000, script: 30000}, unhandledPromptBehavior: dismiss and notify}
Session ID: cdcd3330-af48-4591-9339-8c6663159d08
*** Element info: {Using=xpath, value=(//*[contains(@class,&amp;apos;fadeAltClass-2&amp;apos;)])[1]/div/a/div/img}">
      <![CDATA[org.openqa.selenium.NoSuchElementException: Unable to locate element: (//*[contains(@class,'fadeAltClass-2')])[1]/div/a/div/img
For documentation on this error, please visit: https://www.seleniumhq.org/exceptions/no_such_element.html
Build info: version: '3.141.59', revision: 'e82be7d358', time: '2018-11-14T08:17:03'
System info: host: 'DESKTOP-N7K85DJ', ip: '172.16.20.6', os.name: 'Windows 10', os.arch: 'amd64', os.version: '10.0', java.version: '1.8.0_301'
Driver info: org.openqa.selenium.firefox.FirefoxDriver
Capabilities {acceptInsecureCerts: true, browserName: firefox, browserVersion: 95.0.2, javascriptEnabled: true, moz:accessibilityChecks: false, moz:buildID: 20211218203254, moz:geckodriverVersion: 0.28.0, moz:headless: false, moz:processID: 25028, moz:profile: C:\Users\Sweta\AppData\Loca..., moz:shutdownTimeout: 60000, moz:useNonSpecCompliantPointerOrigin: false, moz:webdriverClick: true, pageLoadStrategy: normal, platform: WINDOWS, platformName: WINDOWS, platformVersion: 10.0, proxy: Proxy(), setWindowRect: true, strictFileInteractability: false, timeouts: {implicit: 0, pageLoad: 300000, script: 30000}, unhandledPromptBehavior: dismiss and notify}
Session ID: cdcd3330-af48-4591-9339-8c6663159d08
*** Element info: {Using=xpath, value=(//*[contains(@class,'fadeAltClass-2')])[1]/div/a/div/img}
	at org.openqa.selenium.remote.http.W3CHttpResponseCodec.createException(W3CHttpResponseCodec.java:187)
	at org.openqa.selenium.remote.http.W3CHttpResponseCodec.decode(W3CHttpResponseCodec.java:122)
	at org.openqa.selenium.remote.http.W3CHttpResponseCodec.decode(W3CHttpResponseCodec.java:49)
	at org.openqa.selenium.remote.HttpCommandExecutor.execute(HttpCommandExecutor.java:158)
	at org.openqa.selenium.remote.service.DriverCommandExecutor.execute(DriverCommandExecutor.java:83)
	at org.openqa.selenium.remote.RemoteWebDriver.execute(RemoteWebDriver.java:552)
	at org.openqa.selenium.remote.RemoteWebDriver.findElement(RemoteWebDriver.java:323)
	at org.openqa.selenium.remote.RemoteWebDriver.findElementByXPath(RemoteWebDriver.java:428)
	at org.openqa.selenium.By$ByXPath.findElement(By.java:353)
	at org.openqa.selenium.remote.RemoteWebDriver.findElement(RemoteWebDriver.java:315)
	at Adler_Pages.Home_page.News2(Home_page.java:177)
	at Adler_TestCases_Development.News.main_Home_Page(News.java:16)
... Removed 28 stack frames]]>
    </failure>
  </testcase> <!-- main_Home_Page -->
  <testcase name="Comprehensive" time="41.218" classname="Tradewel_Test_Cases_Development.Comprehensive_Protection_FF"/>
  <testcase name="main_Home_Page" time="34.313" classname="Tradewel_Test_Cases_Development.About_US"/>
  <testcase name="AUW_Footer" time="70.254" classname="Careers_Test_case_Development.Footer"/>
  <testcase name="WhatsNew" time="100.942" classname="Pinnacle_Test_Cases_Development.WatsNew"/>
  <testcase name="main_Home_Page" time="46.26" classname="Pinnacle_Test_Cases_Development.HomePage_TC"/>
  <testcase name="HomePage_Header_ContactUS_btn" time="24.686" classname="Credit_Global_Test_Cases_Dev.Home_TC"/>
  <testcase name="HomePage_Header_Our_approach" time="24.377" classname="Credit_Global_Test_Cases_Dev.Home_TC"/>
  <testcase name="HomePage_Header_What_weDo" time="18.72" classname="Credit_Global_Test_Cases_Dev.Home_TC"/>
  <testcase name="HomePage_Header_login" time="24.318" classname="Credit_Global_Test_Cases_Dev.Home_TC"/>
  <testcase name="HomePage_Header_login" time="18.114" classname="Credit_Global_Test_Cases_Dev.Forgot_Password"/>
  <testcase name="HomePage_Header_login" time="36.774" classname="Credit_Global_Test_Cases_Dev.What_we_Do_TC"/>
  <testcase name="Home_page" time="284.244" classname="Warranty_Test_Case_Dev.HomePage_Testcase"/>
  <testcase name="ContactUS" time="44.715" classname="Warranty_Test_Case_Dev.Contact_US"/>
  <testcase name="Partner1" time="75.742" classname="Warranty_Test_Case_Dev.Our_Partner"/>
  <testcase name="Partner2" time="80.117" classname="Warranty_Test_Case_Dev.Our_Partner"/>
  <testcase name="Partner3" time="81.724" classname="Warranty_Test_Case_Dev.Our_Partner"/>
  <testcase name="Partner4" time="89.045" classname="Warranty_Test_Case_Dev.Our_Partner"/>
  <testcase name="Partner5" time="78.359" classname="Warranty_Test_Case_Dev.Our_Partner"/>
  <testcase name="Partner6" time="73.177" classname="Warranty_Test_Case_Dev.Our_Partner"/>
  <testcase name="partner" time="13.194" classname="Warranty_Test_Case_Dev.Partner_With_US"/>
  <testcase name="Home_page" time="32.053" classname="Warranty_Test_Case_Dev.About_US"/>
  <testcase name="NewsEvents" time="55.807" classname="Warranty_Test_Case_Dev.NewsEvents">
    <failure type="org.openqa.selenium.NoSuchElementException" message="Unable to locate element: //*[@id=&amp;apos;app&amp;apos;]/main/div[1]/div/div/div[2]/div[2]/div/div[1]/div/a
For documentation on this error, please visit: https://www.seleniumhq.org/exceptions/no_such_element.html
Build info: version: &amp;apos;3.141.59&amp;apos;, revision: &amp;apos;e82be7d358&amp;apos;, time: &amp;apos;2018-11-14T08:17:03&amp;apos;
System info: host: &amp;apos;DESKTOP-N7K85DJ&amp;apos;, ip: &amp;apos;172.16.20.6&amp;apos;, os.name: &amp;apos;Windows 10&amp;apos;, os.arch: &amp;apos;amd64&amp;apos;, os.version: &amp;apos;10.0&amp;apos;, java.version: &amp;apos;1.8.0_301&amp;apos;
Driver info: org.openqa.selenium.firefox.FirefoxDriver
Capabilities {acceptInsecureCerts: true, browserName: firefox, browserVersion: 95.0.2, javascriptEnabled: true, moz:accessibilityChecks: false, moz:buildID: 20211218203254, moz:geckodriverVersion: 0.28.0, moz:headless: false, moz:processID: 23376, moz:profile: C:\Users\Sweta\AppData\Loca..., moz:shutdownTimeout: 60000, moz:useNonSpecCompliantPointerOrigin: false, moz:webdriverClick: true, pageLoadStrategy: normal, platform: WINDOWS, platformName: WINDOWS, platformVersion: 10.0, proxy: Proxy(), setWindowRect: true, strictFileInteractability: false, timeouts: {implicit: 0, pageLoad: 300000, script: 30000}, unhandledPromptBehavior: dismiss and notify}
Session ID: 3a84377a-bdec-49fc-a305-b451367449f3
*** Element info: {Using=xpath, value=//*[@id=&amp;apos;app&amp;apos;]/main/div[1]/div/div/div[2]/div[2]/div/div[1]/div/a}">
      <![CDATA[org.openqa.selenium.NoSuchElementException: Unable to locate element: //*[@id='app']/main/div[1]/div/div/div[2]/div[2]/div/div[1]/div/a
For documentation on this error, please visit: https://www.seleniumhq.org/exceptions/no_such_element.html
Build info: version: '3.141.59', revision: 'e82be7d358', time: '2018-11-14T08:17:03'
System info: host: 'DESKTOP-N7K85DJ', ip: '172.16.20.6', os.name: 'Windows 10', os.arch: 'amd64', os.version: '10.0', java.version: '1.8.0_301'
Driver info: org.openqa.selenium.firefox.FirefoxDriver
Capabilities {acceptInsecureCerts: true, browserName: firefox, browserVersion: 95.0.2, javascriptEnabled: true, moz:accessibilityChecks: false, moz:buildID: 20211218203254, moz:geckodriverVersion: 0.28.0, moz:headless: false, moz:processID: 23376, moz:profile: C:\Users\Sweta\AppData\Loca..., moz:shutdownTimeout: 60000, moz:useNonSpecCompliantPointerOrigin: false, moz:webdriverClick: true, pageLoadStrategy: normal, platform: WINDOWS, platformName: WINDOWS, platformVersion: 10.0, proxy: Proxy(), setWindowRect: true, strictFileInteractability: false, timeouts: {implicit: 0, pageLoad: 300000, script: 30000}, unhandledPromptBehavior: dismiss and notify}
Session ID: 3a84377a-bdec-49fc-a305-b451367449f3
*** Element info: {Using=xpath, value=//*[@id='app']/main/div[1]/div/div/div[2]/div[2]/div/div[1]/div/a}
	at org.openqa.selenium.remote.http.W3CHttpResponseCodec.createException(W3CHttpResponseCodec.java:187)
	at org.openqa.selenium.remote.http.W3CHttpResponseCodec.decode(W3CHttpResponseCodec.java:122)
	at org.openqa.selenium.remote.http.W3CHttpResponseCodec.decode(W3CHttpResponseCodec.java:49)
	at org.openqa.selenium.remote.HttpCommandExecutor.execute(HttpCommandExecutor.java:158)
	at org.openqa.selenium.remote.service.DriverCommandExecutor.execute(DriverCommandExecutor.java:83)
	at org.openqa.selenium.remote.RemoteWebDriver.execute(RemoteWebDriver.java:552)
	at org.openqa.selenium.remote.RemoteWebDriver.findElement(RemoteWebDriver.java:323)
	at org.openqa.selenium.remote.RemoteWebDriver.findElementByXPath(RemoteWebDriver.java:428)
	at org.openqa.selenium.By$ByXPath.findElement(By.java:353)
	at org.openqa.selenium.remote.RemoteWebDriver.findElement(RemoteWebDriver.java:315)
	at Warranty_Page.NewsEvents_Page.Image2(NewsEvents_Page.java:98)
	at Warranty_Test_Case_Dev.NewsEvents.NewsEvents(NewsEvents.java:17)
... Removed 28 stack frames]]>
    </failure>
  </testcase> <!-- NewsEvents -->
  <testcase name="Footer" time="50.679" classname="Solution_one_Development.Footer_Develop"/>
  <testcase name="Footer_Facebook" time="26.336" classname="JumboGC_Test_case_Devlopment.Header_footer"/>
  <testcase name="Footer_Instagram" time="25.511" classname="JumboGC_Test_case_Devlopment.Header_footer"/>
  <testcase name="Footer_Privacy" time="35.973" classname="JumboGC_Test_case_Devlopment.Header_footer"/>
  <testcase name="Footer_linkedIN" time="25.985" classname="JumboGC_Test_case_Devlopment.Header_footer"/>
  <testcase name="Header_Login" time="20.392" classname="JumboGC_Test_case_Devlopment.Header_footer"/>
</testsuite> <!-- Firefox_Developmet -->
