<?xml version="1.0" encoding="UTF-8"?>
<!-- Generated by org.testng.reporters.JUnitXMLReporter -->
<testsuite hostname="DESKTOP-N7K85DJ" name="Firefox_Prod" tests="81" failures="1" timestamp="8 Mar 2022 09:14:15 GMT" time="2370.595" errors="0">
  <testcase name="main" time="38.183" classname="AUW_Test_case_prod.AUW_CallUpdate"/>
  <testcase name="AboutUS" time="63.073" classname="AUW_Test_case_prod.AUW_AboutUS"/>
  <testcase name="main" time="82.281" classname="AUW_Test_case_prod.AUW_Intelligence_TC"/>
  <testcase name="AUW_Footer" time="74.982" classname="AUW_Test_case_prod.AUW_Footer_Prod"/>
  <testcase name="main" time="38.306" classname="AUW_Test_case_prod.AUW_NJ_Update"/>
  <testcase name="main" time="62.84" classname="AUW_Test_case_prod.AUW_Heartwood"/>
  <testcase name="main" time="47.503" classname="AUW_Test_case_prod.AUW_header_web_Prod"/>
  <testcase name="main" time="16.541" classname="AUW_Test_case_prod.AUW_PPP"/>
  <testcase name="Practices_AgentsBrokers" time="53.335" classname="AUW_Test_case_prod.Practices_AgentsBrokers"/>
  <testcase name="main" time="302.221" classname="AUW_Test_case_prod.AUW_Experience"/>
  <testcase name="LearnMore" time="13.902" classname="AUW_Global_Test_Cases_Prod.LearnMore_TC"/>
  <testcase name="HomePage" time="15.633" classname="AUW_Global_Test_Cases_Prod.Home_Page_TC"/>
  <testcase name="Practices_CustomerSeekingCoverage" time="213.022" classname="AUW_Test_case_prod.Practices_CustomerSeekingCoverage"/>
  <testcase name="Change_Language" time="2.734" classname="Promesa_Test_Case_Prod.Change_language"/>
  <testcase name="Footer_PrivacyPolicy" time="19.936" classname="Promesa_Test_Case_Prod.Footer"/>
  <testcase name="Footer_facebook" time="19.179" classname="Promesa_Test_Case_Prod.Footer"/>
  <testcase name="Footer_instagram" time="6.541" classname="Promesa_Test_Case_Prod.Footer"/>
  <testcase name="Footer_linkedin" time="7.177" classname="Promesa_Test_Case_Prod.Footer"/>
  <testcase name="Side_Heading_One" time="123.409" classname="Promesa_Test_Case_Prod.Pharmacy_search"/>
  <testcase name="Footer_twitter" time="6.77" classname="Promesa_Test_Case_Prod.Footer"/>
  <testcase name="Heading1" time="32.585" classname="MTL_Test_Cases_Prod.What_we_offer1_TC"/>
  <testcase name="More_offers" time="38.915" classname="MTL_Test_Cases_Prod.More_offers_TC"/>
  <testcase name="Heading10" time="35.528" classname="MTL_Test_Cases_Prod.What_we_offer1_TC"/>
  <testcase name="Footer" time="38.887" classname="MTL_Test_Cases_Prod.Home_URL"/>
  <testcase name="Heading11" time="50.875" classname="MTL_Test_Cases_Prod.What_we_offer1_TC"/>
  <testcase name="Heading" time="81.492" classname="MTL_Test_Cases_Prod.What_we_offer_URL_TC"/>
  <testcase name="Heading2" time="35.705" classname="MTL_Test_Cases_Prod.What_we_offer1_TC"/>
  <testcase name="Footer" time="16.802" classname="Speciality_underwriters_Test_Case_Prod.Contact_US_TC"/>
  <testcase name="Footer" time="9.235" classname="Speciality_underwriters_Test_Case_Prod.About_Us"/>
  <testcase name="Heading3" time="36.648" classname="MTL_Test_Cases_Prod.What_we_offer1_TC"/>
  <testcase name="Footer" time="34.154" classname="Speciality_underwriters_Test_Case_Prod.What_We_offer"/>
  <testcase name="Footer" time="15.933" classname="Speciality_underwriters_Test_Case_Prod.Home_TC"/>
  <testcase name="Heading4" time="35.78" classname="MTL_Test_Cases_Prod.What_we_offer1_TC"/>
  <testcase name="Heading5" time="36.312" classname="MTL_Test_Cases_Prod.What_we_offer1_TC"/>
  <testcase name="Heading6" time="35.214" classname="MTL_Test_Cases_Prod.What_we_offer1_TC"/>
  <testcase name="Heading7" time="35.101" classname="MTL_Test_Cases_Prod.What_we_offer1_TC"/>
  <testcase name="Heading8" time="35.429" classname="MTL_Test_Cases_Prod.What_we_offer1_TC"/>
  <testcase name="Heading9" time="35.124" classname="MTL_Test_Cases_Prod.What_we_offer1_TC"/>
  <testcase name="Home_Page" time="9.144" classname="AFL_Test_Case_Prod.HomePage_TC">
    <failure type="org.openqa.selenium.ElementNotInteractableException" message="Element &amp;lt;a class=&amp;quot;jss68&amp;quot; href=&amp;quot;/&amp;quot;&amp;gt; could not be scrolled into view
Build info: version: &amp;apos;3.141.59&amp;apos;, revision: &amp;apos;e82be7d358&amp;apos;, time: &amp;apos;2018-11-14T08:17:03&amp;apos;
System info: host: &amp;apos;DESKTOP-N7K85DJ&amp;apos;, ip: &amp;apos;192.168.1.4&amp;apos;, os.name: &amp;apos;Windows 10&amp;apos;, os.arch: &amp;apos;amd64&amp;apos;, os.version: &amp;apos;10.0&amp;apos;, java.version: &amp;apos;1.8.0_291&amp;apos;
Driver info: org.openqa.selenium.firefox.FirefoxDriver
Capabilities {acceptInsecureCerts: true, browserName: firefox, browserVersion: 96.0.3, javascriptEnabled: true, moz:accessibilityChecks: false, moz:buildID: 20220126154723, moz:geckodriverVersion: 0.30.0, moz:headless: false, moz:processID: 29348, moz:profile: C:\Users\Sweta\AppData\Loca..., moz:shutdownTimeout: 60000, moz:useNonSpecCompliantPointerOrigin: false, moz:webdriverClick: true, pageLoadStrategy: normal, platform: WINDOWS, platformName: WINDOWS, platformVersion: 10.0, proxy: Proxy(), setWindowRect: true, strictFileInteractability: false, timeouts: {implicit: 0, pageLoad: 300000, script: 30000}, unhandledPromptBehavior: dismiss and notify}
Session ID: fed2894b-406e-4d18-b6df-49cf51d4e6ec">
      <![CDATA[org.openqa.selenium.ElementNotInteractableException: Element <a class="jss68" href="/"> could not be scrolled into view
Build info: version: '3.141.59', revision: 'e82be7d358', time: '2018-11-14T08:17:03'
System info: host: 'DESKTOP-N7K85DJ', ip: '192.168.1.4', os.name: 'Windows 10', os.arch: 'amd64', os.version: '10.0', java.version: '1.8.0_291'
Driver info: org.openqa.selenium.firefox.FirefoxDriver
Capabilities {acceptInsecureCerts: true, browserName: firefox, browserVersion: 96.0.3, javascriptEnabled: true, moz:accessibilityChecks: false, moz:buildID: 20220126154723, moz:geckodriverVersion: 0.30.0, moz:headless: false, moz:processID: 29348, moz:profile: C:\Users\Sweta\AppData\Loca..., moz:shutdownTimeout: 60000, moz:useNonSpecCompliantPointerOrigin: false, moz:webdriverClick: true, pageLoadStrategy: normal, platform: WINDOWS, platformName: WINDOWS, platformVersion: 10.0, proxy: Proxy(), setWindowRect: true, strictFileInteractability: false, timeouts: {implicit: 0, pageLoad: 300000, script: 30000}, unhandledPromptBehavior: dismiss and notify}
Session ID: fed2894b-406e-4d18-b6df-49cf51d4e6ec
	at org.openqa.selenium.remote.http.W3CHttpResponseCodec.createException(W3CHttpResponseCodec.java:187)
	at org.openqa.selenium.remote.http.W3CHttpResponseCodec.decode(W3CHttpResponseCodec.java:122)
	at org.openqa.selenium.remote.http.W3CHttpResponseCodec.decode(W3CHttpResponseCodec.java:49)
	at org.openqa.selenium.remote.HttpCommandExecutor.execute(HttpCommandExecutor.java:158)
	at org.openqa.selenium.remote.service.DriverCommandExecutor.execute(DriverCommandExecutor.java:83)
	at org.openqa.selenium.remote.RemoteWebDriver.execute(RemoteWebDriver.java:552)
	at org.openqa.selenium.remote.RemoteWebElement.execute(RemoteWebElement.java:285)
	at org.openqa.selenium.remote.RemoteWebElement.click(RemoteWebElement.java:84)
	at AFL_Pages.Home_page.Moreoffers(Home_page.java:615)
	at AFL_Test_Case_Prod.HomePage_TC.Home_Page(HomePage_TC.java:15)
	at java.util.concurrent.ThreadPoolExecutor.runWorker(ThreadPoolExecutor.java:1149)
	at java.util.concurrent.ThreadPoolExecutor$Worker.run(ThreadPoolExecutor.java:624)
	at java.lang.Thread.run(Thread.java:748)
... Removed 14 stack frames]]>
    </failure>
  </testcase> <!-- Home_Page -->
  <testcase name="Footer" time="257.196" classname="AFL_Test_Case_Prod.What_We_offer_OutSideUs"/>
  <testcase name="ContactUs_Page" time="28.135" classname="AFL_Test_Case_Prod.ContactUS_OutsideUS"/>
  <testcase name="Footer" time="66.335" classname="AFL_Test_Case_Prod.Footer_TC"/>
  <testcase name="main_Home_Page" time="23.336" classname="AFL_Test_Case_Prod.AboutUS_OutsideUS"/>
  <testcase name="HomePage_Header_login" time="7.957" classname="Credit_Global_Test_Cases_Prod.Forgot_Password"/>
  <testcase name="HomePage_Header_login" time="28.156" classname="Credit_Global_Test_Cases_Prod.What_we_Do_TC"/>
  <testcase name="HomePage_Header_ContactUS_btn" time="13.002" classname="Credit_Global_Test_Cases_Prod.Home_TC"/>
  <testcase name="main_Home_Page" time="19.572" classname="Adler_TestCases_Prod.Home"/>
  <testcase name="HomePage_Header_Our_approach" time="11.299" classname="Credit_Global_Test_Cases_Prod.Home_TC"/>
  <testcase name="HomePage_Header_What_weDo" time="6.856" classname="Credit_Global_Test_Cases_Prod.Home_TC"/>
  <testcase name="HomePage_Header_login" time="11.893" classname="Credit_Global_Test_Cases_Prod.Home_TC"/>
  <testcase name="AUW_Facebook" time="16.699" classname="Careers_Test_case_Prod.Footer"/>
  <testcase name="AUW_Instagram" time="8.099" classname="Careers_Test_case_Prod.Footer"/>
  <testcase name="AUW_Linkedin" time="8.498" classname="Careers_Test_case_Prod.Footer"/>
  <testcase name="main_Home_Page" time="123.381" classname="Adler_TestCases_Prod.News"/>
  <testcase name="AUW_Policy" time="23.073" classname="Careers_Test_case_Prod.Footer"/>
  <testcase name="AUW_twitter" time="9.641" classname="Careers_Test_case_Prod.Footer"/>
  <testcase name="Footer" time="49.34" classname="Solution_one_Prod.Footer_Production"/>
  <testcase name="Footer_Facebook" time="27.215" classname="JumboGC_Test_case_prod.Header_footer"/>
  <testcase name="Home_page" time="32.133" classname="Warranty_Test_Case_Prod.About_US"/>
  <testcase name="Footer_Instagram" time="25.633" classname="JumboGC_Test_case_prod.Header_footer"/>
  <testcase name="ContactUS" time="38.786" classname="Warranty_Test_Case_Prod.Contact_US"/>
  <testcase name="Footer_Privacy" time="36.718" classname="JumboGC_Test_case_prod.Header_footer"/>
  <testcase name="partner" time="10.807" classname="Warranty_Test_Case_Prod.Partner_With_US"/>
  <testcase name="Footer_linkedIN" time="26.646" classname="JumboGC_Test_case_prod.Header_footer"/>
  <testcase name="Header_Login" time="20.239" classname="JumboGC_Test_case_prod.Header_footer"/>
  <testcase name="Partner1" time="66.214" classname="Warranty_Test_Case_Prod.Our_Partner"/>
  <testcase name="Partner2" time="65.715" classname="Warranty_Test_Case_Prod.Our_Partner"/>
  <testcase name="Home_page" time="259.41" classname="Warranty_Test_Case_Prod.HomePage_Testcase"/>
  <testcase name="Partner3" time="65.126" classname="Warranty_Test_Case_Prod.Our_Partner"/>
  <testcase name="HomePage" time="64.472" classname="Casuality_Prod_TC.Home_page"/>
  <testcase name="Partner4" time="66.818" classname="Warranty_Test_Case_Prod.Our_Partner"/>
  <testcase name="HomePage" time="42.498" classname="Casuality_Prod_TC.Menu_About_US"/>
  <testcase name="HomePage" time="21.73" classname="Casuality_Prod_TC.Menu_Contact_Us"/>
  <testcase name="Partner5" time="65.262" classname="Warranty_Test_Case_Prod.Our_Partner"/>
  <testcase name="Carriers" time="33.709" classname="Casuality_Prod_TC.Menu_Our_Carriers"/>
  <testcase name="Partner6" time="65.207" classname="Warranty_Test_Case_Prod.Our_Partner"/>
  <testcase name="HomePage" time="53.756" classname="Casuality_Prod_TC.Menu_Press_Room"/>
  <testcase name="main_Home_Page" time="45.628" classname="Pinnacle_Test_Cases_Production.HomePage_TC"/>
  <testcase name="main_Home_Page" time="31.543" classname="Tradewel_Test_Cases_Production.About_US"/>
  <testcase name="WhatsNew" time="84.843" classname="Pinnacle_Test_Cases_Production.WatsNew"/>
  <testcase name="Comprehensive" time="39.286" classname="Tradewel_Test_Cases_Production.Comprehensive_Protection_FF"/>
</testsuite> <!-- Firefox_Prod -->
