<?xml version="1.0" encoding="UTF-8"?>
<!-- Generated by org.testng.reporters.JUnitXMLReporter -->
<testsuite hostname="DESKTOP-N7K85DJ" name="Firefox_Prod" tests="72" failures="1" timestamp="14 Jan 2022 12:33:10 GMT" time="4277.518" errors="0">
  <testcase name="main" time="39.478" classname="AUW_Test_case_prod.AUW_CallUpdate"/>
  <testcase name="AboutUS" time="64.779" classname="AUW_Test_case_prod.AUW_AboutUS"/>
  <testcase name="main" time="80.385" classname="AUW_Test_case_prod.AUW_Intelligence_TC"/>
  <testcase name="AUW_Footer" time="77.491" classname="AUW_Test_case_prod.AUW_Footer_Prod"/>
  <testcase name="main" time="68.826" classname="AUW_Test_case_prod.AUW_Heartwood"/>
  <testcase name="main" time="38.772" classname="AUW_Test_case_prod.AUW_NJ_Update"/>
  <testcase name="main" time="302.15" classname="AUW_Test_case_prod.AUW_Experience"/>
  <testcase name="main" time="50.283" classname="AUW_Test_case_prod.AUW_header_web_Prod"/>
  <testcase name="main" time="17.504" classname="AUW_Test_case_prod.AUW_PPP"/>
  <testcase name="Practices_AgentsBrokers" time="54.936" classname="AUW_Test_case_prod.Practices_AgentsBrokers"/>
  <testcase name="Practices_CustomerSeekingCoverage" time="160.16" classname="AUW_Test_case_prod.Practices_CustomerSeekingCoverage">
    <failure type="java.lang.AssertionError" message="expected [https://www.auw.com/practices/customers/financial-lines] but found [https://www.auw.com/practices/customers]">
      <![CDATA[java.lang.AssertionError: expected [https://www.auw.com/practices/customers/financial-lines] but found [https://www.auw.com/practices/customers]
	at AUW_Pages.Practices_customerSeekingCoverage_prod.CustomerSeekingCoverage_Heading5(Practices_customerSeekingCoverage_prod.java:375)
	at AUW_Test_case_prod.Practices_CustomerSeekingCoverage.Practices_CustomerSeekingCoverage(Practices_CustomerSeekingCoverage.java:35)
	at java.util.concurrent.ThreadPoolExecutor.runWorker(Unknown Source)
	at java.util.concurrent.ThreadPoolExecutor$Worker.run(Unknown Source)
	at java.lang.Thread.run(Unknown Source)
... Removed 15 stack frames]]>
    </failure>
  </testcase> <!-- Practices_CustomerSeekingCoverage -->
  <testcase name="LearnMore" time="13.632" classname="AUW_Global_Test_Cases_Prod.LearnMore_TC"/>
  <testcase name="HomePage" time="15.729" classname="AUW_Global_Test_Cases_Prod.Home_Page_TC"/>
  <testcase name="Side_Heading_One" time="123.354" classname="Promesa_Test_Case_Prod.Pharmacy_search"/>
  <testcase name="Change_Language" time="3.135" classname="Promesa_Test_Case_Prod.Change_language"/>
  <testcase name="Footer_PrivacyPolicy" time="20.432" classname="Promesa_Test_Case_Prod.Footer"/>
  <testcase name="Footer_facebook" time="19.368" classname="Promesa_Test_Case_Prod.Footer"/>
  <testcase name="Footer_instagram" time="6.18" classname="Promesa_Test_Case_Prod.Footer"/>
  <testcase name="Footer_linkedin" time="6.732" classname="Promesa_Test_Case_Prod.Footer"/>
  <testcase name="Footer_twitter" time="6.372" classname="Promesa_Test_Case_Prod.Footer"/>
  <testcase name="Heading1" time="32.572" classname="MTL_Test_Cases_Prod.What_we_offer1_TC"/>
  <testcase name="Heading10" time="35.843" classname="MTL_Test_Cases_Prod.What_we_offer1_TC"/>
  <testcase name="Heading11" time="50.865" classname="MTL_Test_Cases_Prod.What_we_offer1_TC"/>
  <testcase name="Heading2" time="35.892" classname="MTL_Test_Cases_Prod.What_we_offer1_TC"/>
  <testcase name="Heading3" time="35.633" classname="MTL_Test_Cases_Prod.What_we_offer1_TC"/>
  <testcase name="Heading4" time="35.626" classname="MTL_Test_Cases_Prod.What_we_offer1_TC"/>
  <testcase name="Heading5" time="35.803" classname="MTL_Test_Cases_Prod.What_we_offer1_TC"/>
  <testcase name="Heading6" time="35.848" classname="MTL_Test_Cases_Prod.What_we_offer1_TC"/>
  <testcase name="Heading7" time="35.57" classname="MTL_Test_Cases_Prod.What_we_offer1_TC"/>
  <testcase name="Heading8" time="35.77" classname="MTL_Test_Cases_Prod.What_we_offer1_TC"/>
  <testcase name="Heading9" time="35.778" classname="MTL_Test_Cases_Prod.What_we_offer1_TC"/>
  <testcase name="More_offers" time="31.793" classname="MTL_Test_Cases_Prod.More_offers_TC"/>
  <testcase name="Footer" time="38.604" classname="MTL_Test_Cases_Prod.Home_URL"/>
  <testcase name="Heading" time="77.993" classname="MTL_Test_Cases_Prod.What_we_offer_URL_TC"/>
  <testcase name="Footer" time="16.062" classname="Speciality_underwriters_Test_Case_Prod.Contact_US_TC"/>
  <testcase name="Footer" time="9.327" classname="Speciality_underwriters_Test_Case_Prod.About_Us"/>
  <testcase name="Footer" time="34.469" classname="Speciality_underwriters_Test_Case_Prod.What_We_offer"/>
  <testcase name="Footer" time="15.73" classname="Speciality_underwriters_Test_Case_Prod.Home_TC"/>
  <testcase name="Footer" time="254.372" classname="AFL_Test_Case_Prod.What_We_offer_OutSideUs"/>
  <testcase name="Home_Page" time="106.166" classname="AFL_Test_Case_Prod.HomePage_TC"/>
  <testcase name="Footer" time="70.016" classname="AFL_Test_Case_Prod.Footer_TC"/>
  <testcase name="ContactUs_Page" time="21.502" classname="AFL_Test_Case_Prod.ContactUS_OutsideUS"/>
  <testcase name="main_Home_Page" time="23.925" classname="AFL_Test_Case_Prod.AboutUS_OutsideUS"/>
  <testcase name="HomePage_Header_login" time="36.009" classname="Credit_Global_Test_Cases_Prod.What_we_Do_TC"/>
  <testcase name="HomePage_Header_login" time="15.715" classname="Credit_Global_Test_Cases_Prod.Forgot_Password"/>
  <testcase name="HomePage_Header_ContactUS_btn" time="18.839" classname="Credit_Global_Test_Cases_Prod.Home_TC"/>
  <testcase name="HomePage_Header_Our_approach" time="18.419" classname="Credit_Global_Test_Cases_Prod.Home_TC"/>
  <testcase name="HomePage_Header_What_weDo" time="14.868" classname="Credit_Global_Test_Cases_Prod.Home_TC"/>
  <testcase name="HomePage_Header_login" time="18.819" classname="Credit_Global_Test_Cases_Prod.Home_TC"/>
  <testcase name="main_Home_Page" time="19.243" classname="Adler_TestCases_Prod.Home"/>
  <testcase name="main_Home_Page" time="118.378" classname="Adler_TestCases_Prod.News"/>
  <testcase name="AUW_Facebook" time="16.643" classname="Careers_Test_case_Prod.Footer"/>
  <testcase name="AUW_Instagram" time="8.009" classname="Careers_Test_case_Prod.Footer"/>
  <testcase name="AUW_Linkedin" time="8.381" classname="Careers_Test_case_Prod.Footer"/>
  <testcase name="AUW_Policy" time="24.29" classname="Careers_Test_case_Prod.Footer"/>
  <testcase name="AUW_twitter" time="9.991" classname="Careers_Test_case_Prod.Footer"/>
  <testcase name="Footer" time="47.87" classname="Solution_one_Prod.Footer_Production"/>
  <testcase name="Footer_Facebook" time="25.562" classname="JumboGC_Test_case_prod.Header_footer"/>
  <testcase name="Footer_Instagram" time="25.514" classname="JumboGC_Test_case_prod.Header_footer"/>
  <testcase name="Footer_Privacy" time="35.937" classname="JumboGC_Test_case_prod.Header_footer"/>
  <testcase name="Footer_linkedIN" time="25.941" classname="JumboGC_Test_case_prod.Header_footer"/>
  <testcase name="Header_Login" time="20.247" classname="JumboGC_Test_case_prod.Header_footer"/>
  <testcase name="Home_page" time="32.019" classname="Warranty_Test_Case_Prod.About_US"/>
  <testcase name="ContactUS" time="37.987" classname="Warranty_Test_Case_Prod.Contact_US"/>
  <testcase name="partner" time="10.786" classname="Warranty_Test_Case_Prod.Partner_With_US"/>
  <testcase name="Home_page" time="258.796" classname="Warranty_Test_Case_Prod.HomePage_Testcase"/>
  <testcase name="Partner1" time="66.244" classname="Warranty_Test_Case_Prod.Our_Partner"/>
  <testcase name="Partner2" time="64.561" classname="Warranty_Test_Case_Prod.Our_Partner"/>
  <testcase name="Partner3" time="64.386" classname="Warranty_Test_Case_Prod.Our_Partner"/>
  <testcase name="Partner4" time="66.229" classname="Warranty_Test_Case_Prod.Our_Partner"/>
  <testcase name="Partner5" time="64.384" classname="Warranty_Test_Case_Prod.Our_Partner"/>
  <testcase name="Partner6" time="64.736" classname="Warranty_Test_Case_Prod.Our_Partner"/>
</testsuite> <!-- Firefox_Prod -->
