<?xml version="1.0" encoding="UTF-8"?>
<!-- Generated by org.testng.reporters.JUnitXMLReporter -->
<testsuite hostname="DESKTOP-N7K85DJ" name="Firefox_Developmet" tests="54" failures="1" timestamp="23 Dec 2021 12:43:49 GMT" time="4471.287" errors="0">
  <testcase name="main" time="319.824" classname="AUW_Test_Case_dev.AUW_Experience"/>
  <testcase name="main" time="54.672" classname="AUW_Test_Case_dev.AUW_header_web_Development"/>
  <testcase name="AUW_Footer" time="76.458" classname="AUW_Test_Case_dev.AUW_Footer_Development"/>
  <testcase name="AboutUS" time="70.842" classname="AUW_Test_Case_dev.AUW_AboutUS"/>
  <testcase name="main" time="19.708" classname="AUW_Test_Case_dev.AUW_PPP"/>
  <testcase name="main" time="47.466" classname="AUW_Test_Case_dev.AUW_CallUpdate"/>
  <testcase name="main" time="44.583" classname="AUW_Test_Case_dev.AUW_NJ_Update"/>
  <testcase name="main" time="92.841" classname="AUW_Test_Case_dev.AUW_Intelligence_TC"/>
  <testcase name="Practices_AgentsBrokers" time="63.497" classname="AUW_Test_Case_dev.Practices_AgentsBrokers"/>
  <testcase name="Practices_CustomerSeekingCoverage" time="255.041" classname="AUW_Test_Case_dev.Practices_CustomerSeekingCoverage"/>
  <testcase name="LearnMore" time="17.845" classname="AUW_Global_Test_Cases_Development.LearnMore_TC"/>
  <testcase name="HomePage" time="20.063" classname="AUW_Global_Test_Cases_Development.Home_Page_TC"/>
  <testcase name="Footer" time="59.903" classname="Promesa_Test_Case_Development.Footer"/>
  <testcase name="Side_Heading_One" time="123.47" classname="Promesa_Test_Case_Development.Pharmacy_search"/>
  <testcase name="Change_Language" time="5.034" classname="Promesa_Test_Case_Development.Change_language"/>
  <testcase name="Footer" time="18.314" classname="Speciality_underwriters_Test_Case_Dev.Contact_US_TC"/>
  <testcase name="Footer" time="11.744" classname="Speciality_underwriters_Test_Case_Dev.About_Us"/>
  <testcase name="Footer" time="40.595" classname="Speciality_underwriters_Test_Case_Dev.What_We_offer"/>
  <testcase name="Footer" time="15.773" classname="Speciality_underwriters_Test_Case_Dev.Home_TC"/>
  <testcase name="ContactUs_Page" time="161.306" classname="AFL_Test_Cases_Dev.ContactUS_OutsideUS_dev">
    <failure type="org.openqa.selenium.NoSuchElementException" message="Unable to locate element: (//*[text()=&amp;apos;Contact Us&amp;apos;])[1]
For documentation on this error, please visit: https://www.seleniumhq.org/exceptions/no_such_element.html
Build info: version: &amp;apos;3.141.59&amp;apos;, revision: &amp;apos;e82be7d358&amp;apos;, time: &amp;apos;2018-11-14T08:17:03&amp;apos;
System info: host: &amp;apos;DESKTOP-N7K85DJ&amp;apos;, ip: &amp;apos;172.16.20.2&amp;apos;, os.name: &amp;apos;Windows 10&amp;apos;, os.arch: &amp;apos;amd64&amp;apos;, os.version: &amp;apos;10.0&amp;apos;, java.version: &amp;apos;1.8.0_301&amp;apos;
Driver info: org.openqa.selenium.firefox.FirefoxDriver
Capabilities {acceptInsecureCerts: true, browserName: firefox, browserVersion: 95.0.2, javascriptEnabled: true, moz:accessibilityChecks: false, moz:buildID: 20211218203254, moz:geckodriverVersion: 0.28.0, moz:headless: false, moz:processID: 33544, moz:profile: C:\Users\Sweta\AppData\Loca..., moz:shutdownTimeout: 60000, moz:useNonSpecCompliantPointerOrigin: false, moz:webdriverClick: true, pageLoadStrategy: normal, platform: WINDOWS, platformName: WINDOWS, platformVersion: 10.0, proxy: Proxy(), setWindowRect: true, strictFileInteractability: false, timeouts: {implicit: 0, pageLoad: 300000, script: 30000}, unhandledPromptBehavior: dismiss and notify}
Session ID: 488d5223-fe23-4558-9557-015228320c3b
*** Element info: {Using=xpath, value=(//*[text()=&amp;apos;Contact Us&amp;apos;])[1]}">
      <![CDATA[org.openqa.selenium.NoSuchElementException: Unable to locate element: (//*[text()='Contact Us'])[1]
For documentation on this error, please visit: https://www.seleniumhq.org/exceptions/no_such_element.html
Build info: version: '3.141.59', revision: 'e82be7d358', time: '2018-11-14T08:17:03'
System info: host: 'DESKTOP-N7K85DJ', ip: '172.16.20.2', os.name: 'Windows 10', os.arch: 'amd64', os.version: '10.0', java.version: '1.8.0_301'
Driver info: org.openqa.selenium.firefox.FirefoxDriver
Capabilities {acceptInsecureCerts: true, browserName: firefox, browserVersion: 95.0.2, javascriptEnabled: true, moz:accessibilityChecks: false, moz:buildID: 20211218203254, moz:geckodriverVersion: 0.28.0, moz:headless: false, moz:processID: 33544, moz:profile: C:\Users\Sweta\AppData\Loca..., moz:shutdownTimeout: 60000, moz:useNonSpecCompliantPointerOrigin: false, moz:webdriverClick: true, pageLoadStrategy: normal, platform: WINDOWS, platformName: WINDOWS, platformVersion: 10.0, proxy: Proxy(), setWindowRect: true, strictFileInteractability: false, timeouts: {implicit: 0, pageLoad: 300000, script: 30000}, unhandledPromptBehavior: dismiss and notify}
Session ID: 488d5223-fe23-4558-9557-015228320c3b
*** Element info: {Using=xpath, value=(//*[text()='Contact Us'])[1]}
	at org.openqa.selenium.remote.http.W3CHttpResponseCodec.createException(W3CHttpResponseCodec.java:187)
	at org.openqa.selenium.remote.http.W3CHttpResponseCodec.decode(W3CHttpResponseCodec.java:122)
	at org.openqa.selenium.remote.http.W3CHttpResponseCodec.decode(W3CHttpResponseCodec.java:49)
	at org.openqa.selenium.remote.HttpCommandExecutor.execute(HttpCommandExecutor.java:158)
	at org.openqa.selenium.remote.service.DriverCommandExecutor.execute(DriverCommandExecutor.java:83)
	at org.openqa.selenium.remote.RemoteWebDriver.execute(RemoteWebDriver.java:552)
	at org.openqa.selenium.remote.RemoteWebDriver.findElement(RemoteWebDriver.java:323)
	at org.openqa.selenium.remote.RemoteWebDriver.findElementByXPath(RemoteWebDriver.java:428)
	at org.openqa.selenium.By$ByXPath.findElement(By.java:353)
	at org.openqa.selenium.remote.RemoteWebDriver.findElement(RemoteWebDriver.java:315)
	at AFL_Pages.Contact_Us_Page.ContactUS_Dev(Contact_Us_Page.java:33)
	at AFL_Test_Cases_Dev.ContactUS_OutsideUS_dev.ContactUs_Page(ContactUS_OutsideUS_dev.java:17)
... Removed 28 stack frames]]>
    </failure>
  </testcase> <!-- ContactUs_Page -->
  <testcase name="main_Home_Page" time="31.293" classname="AFL_Test_Cases_Dev.AboutUS_OutsideUS_dev"/>
  <testcase name="Footer" time="296.226" classname="AFL_Test_Cases_Dev.What_We_offer_OutSideUs_dev"/>
  <testcase name="Footer" time="76.482" classname="AFL_Test_Cases_Dev.Footer_TC_dev"/>
  <testcase name="Home_Page" time="137.422" classname="AFL_Test_Cases_Dev.HomePage_TC_dev"/>
  <testcase name="main_Home_Page" time="20.276" classname="Adler_TestCases_Development.Home"/>
  <testcase name="main_Home_Page" time="126.754" classname="Adler_TestCases_Development.News"/>
  <testcase name="Comprehensive" time="41.472" classname="Tradewel_Test_Cases_Development.Comprehensive_Protection_FF"/>
  <testcase name="main_Home_Page" time="33.471" classname="Tradewel_Test_Cases_Development.About_US"/>
  <testcase name="AUW_Footer" time="68.818" classname="Careers_Test_case_Development.Footer"/>
  <testcase name="WhatsNew" time="90.81" classname="Pinnacle_Test_Cases_Development.WatsNew"/>
  <testcase name="main_Home_Page" time="45.434" classname="Pinnacle_Test_Cases_Development.HomePage_TC"/>
  <testcase name="HomePage_Header_ContactUS_btn" time="24.732" classname="Credit_Global_Test_Cases_Dev.Home_TC"/>
  <testcase name="HomePage_Header_Our_approach" time="25.284" classname="Credit_Global_Test_Cases_Dev.Home_TC"/>
  <testcase name="HomePage_Header_What_weDo" time="10.833" classname="Credit_Global_Test_Cases_Dev.Home_TC"/>
  <testcase name="HomePage_Header_login" time="14.734" classname="Credit_Global_Test_Cases_Dev.Home_TC"/>
  <testcase name="HomePage_Header_login" time="18.762" classname="Credit_Global_Test_Cases_Dev.Forgot_Password"/>
  <testcase name="HomePage_Header_login" time="32.052" classname="Credit_Global_Test_Cases_Dev.What_we_Do_TC"/>
  <testcase name="Home_page" time="280.361" classname="Warranty_Test_Case_Dev.HomePage_Testcase"/>
  <testcase name="ContactUS" time="44.572" classname="Warranty_Test_Case_Dev.Contact_US"/>
  <testcase name="Partner1" time="74.076" classname="Warranty_Test_Case_Dev.Our_Partner"/>
  <testcase name="Partner2" time="76.066" classname="Warranty_Test_Case_Dev.Our_Partner"/>
  <testcase name="Partner3" time="75.43" classname="Warranty_Test_Case_Dev.Our_Partner"/>
  <testcase name="Partner4" time="83.164" classname="Warranty_Test_Case_Dev.Our_Partner"/>
  <testcase name="Partner5" time="74.301" classname="Warranty_Test_Case_Dev.Our_Partner"/>
  <testcase name="Partner6" time="73.45" classname="Warranty_Test_Case_Dev.Our_Partner"/>
  <testcase name="partner" time="12.318" classname="Warranty_Test_Case_Dev.Partner_With_US"/>
  <testcase name="Home_page" time="32.277" classname="Warranty_Test_Case_Dev.About_US"/>
  <testcase name="NewsEvents" time="124.234" classname="Warranty_Test_Case_Dev.NewsEvents"/>
  <testcase name="Footer" time="53.559" classname="Solution_one_Development.Footer_Develop"/>
  <testcase name="Footer_Facebook" time="27.432" classname="JumboGC_Test_case_Devlopment.Header_footer"/>
  <testcase name="Footer_Instagram" time="25.668" classname="JumboGC_Test_case_Devlopment.Header_footer"/>
  <testcase name="Footer_Privacy" time="36.341" classname="JumboGC_Test_case_Devlopment.Header_footer"/>
  <testcase name="Footer_linkedIN" time="26.472" classname="JumboGC_Test_case_Devlopment.Header_footer"/>
  <testcase name="Header_Login" time="21.067" classname="JumboGC_Test_case_Devlopment.Header_footer"/>
</testsuite> <!-- Firefox_Developmet -->
