<?xml version="1.0" encoding="UTF-8"?>
<!-- Generated by org.testng.reporters.JUnitXMLReporter -->
<testsuite hostname="DESKTOP-N7K85DJ" name="Firefox_Developmet" tests="54" failures="1" timestamp="14 Jan 2022 10:44:31 GMT" time="1424.989" errors="0">
  <testcase name="main" time="54.05" classname="AUW_Test_Case_dev.AUW_header_web_Development"/>
  <testcase name="AboutUS" time="77.391" classname="AUW_Test_Case_dev.AUW_AboutUS"/>
  <testcase name="AUW_Footer" time="95.663" classname="AUW_Test_Case_dev.AUW_Footer_Development"/>
  <testcase name="main" time="21.19" classname="AUW_Test_Case_dev.AUW_PPP"/>
  <testcase name="main" time="48.325" classname="AUW_Test_Case_dev.AUW_CallUpdate"/>
  <testcase name="main" time="48.152" classname="AUW_Test_Case_dev.AUW_NJ_Update"/>
  <testcase name="main" time="92.797" classname="AUW_Test_Case_dev.AUW_Intelligence_TC"/>
  <testcase name="Practices_AgentsBrokers" time="64.098" classname="AUW_Test_Case_dev.Practices_AgentsBrokers"/>
  <testcase name="LearnMore" time="19.399" classname="AUW_Global_Test_Cases_Development.LearnMore_TC"/>
  <testcase name="HomePage" time="15.575" classname="AUW_Global_Test_Cases_Development.Home_Page_TC"/>
  <testcase name="Footer" time="70.178" classname="Promesa_Test_Case_Development.Footer"/>
  <testcase name="main" time="366.715" classname="AUW_Test_Case_dev.AUW_Experience"/>
  <testcase name="Change_Language" time="4.943" classname="Promesa_Test_Case_Development.Change_language"/>
  <testcase name="Side_Heading_One" time="123.837" classname="Promesa_Test_Case_Development.Pharmacy_search"/>
  <testcase name="Footer" time="11.129" classname="Speciality_underwriters_Test_Case_Dev.About_Us"/>
  <testcase name="Footer" time="19.625" classname="Speciality_underwriters_Test_Case_Dev.Contact_US_TC"/>
  <testcase name="Practices_CustomerSeekingCoverage" time="255.017" classname="AUW_Test_Case_dev.Practices_CustomerSeekingCoverage"/>
  <testcase name="Footer" time="19.243" classname="Speciality_underwriters_Test_Case_Dev.Home_TC"/>
  <testcase name="Footer" time="43.37" classname="Speciality_underwriters_Test_Case_Dev.What_We_offer"/>
  <testcase name="ContactUs_Page" time="27.166" classname="AFL_Test_Cases_Dev.ContactUS_OutsideUS_dev"/>
  <testcase name="main_Home_Page" time="32.566" classname="AFL_Test_Cases_Dev.AboutUS_OutsideUS_dev"/>
  <testcase name="main_Home_Page" time="21.196" classname="Adler_TestCases_Development.Home"/>
  <testcase name="Footer" time="83.845" classname="AFL_Test_Cases_Dev.Footer_TC_dev"/>
  <testcase name="Comprehensive" time="41.402" classname="Tradewel_Test_Cases_Development.Comprehensive_Protection_FF"/>
  <testcase name="Home_Page" time="164.41" classname="AFL_Test_Cases_Dev.HomePage_TC_dev"/>
  <testcase name="main_Home_Page" time="35.709" classname="Tradewel_Test_Cases_Development.About_US"/>
  <testcase name="main_Home_Page" time="142.479" classname="Adler_TestCases_Development.News"/>
  <testcase name="AUW_Footer" time="83.732" classname="Careers_Test_case_Development.Footer"/>
  <testcase name="main_Home_Page" time="48.897" classname="Pinnacle_Test_Cases_Development.HomePage_TC"/>
  <testcase name="Footer" time="305.804" classname="AFL_Test_Cases_Dev.What_We_offer_OutSideUs_dev"/>
  <testcase name="HomePage_Header_ContactUS_btn" time="18.029" classname="Credit_Global_Test_Cases_Dev.Home_TC"/>
  <testcase name="HomePage_Header_login" time="17.201" classname="Credit_Global_Test_Cases_Dev.Forgot_Password"/>
  <testcase name="WhatsNew" time="103.376" classname="Pinnacle_Test_Cases_Development.WatsNew"/>
  <testcase name="HomePage_Header_Our_approach" time="21.477" classname="Credit_Global_Test_Cases_Dev.Home_TC"/>
  <testcase name="HomePage_Header_login" time="39.966" classname="Credit_Global_Test_Cases_Dev.What_we_Do_TC"/>
  <testcase name="ContactUS" time="18.893" classname="Warranty_Test_Case_Dev.Contact_US">
    <failure type="org.openqa.selenium.ElementNotInteractableException" message="Element &amp;lt;p class=&amp;quot;jss163 jss7&amp;quot;&amp;gt; could not be scrolled into view
Build info: version: &amp;apos;3.141.59&amp;apos;, revision: &amp;apos;e82be7d358&amp;apos;, time: &amp;apos;2018-11-14T08:17:03&amp;apos;
System info: host: &amp;apos;DESKTOP-N7K85DJ&amp;apos;, ip: &amp;apos;192.168.1.3&amp;apos;, os.name: &amp;apos;Windows 10&amp;apos;, os.arch: &amp;apos;amd64&amp;apos;, os.version: &amp;apos;10.0&amp;apos;, java.version: &amp;apos;1.8.0_301&amp;apos;
Driver info: org.openqa.selenium.firefox.FirefoxDriver
Capabilities {acceptInsecureCerts: true, browserName: firefox, browserVersion: 95.0.2, javascriptEnabled: true, moz:accessibilityChecks: false, moz:buildID: 20211218203254, moz:geckodriverVersion: 0.28.0, moz:headless: false, moz:processID: 19520, moz:profile: C:\Users\Sweta\AppData\Loca..., moz:shutdownTimeout: 60000, moz:useNonSpecCompliantPointerOrigin: false, moz:webdriverClick: true, pageLoadStrategy: normal, platform: WINDOWS, platformName: WINDOWS, platformVersion: 10.0, proxy: Proxy(), setWindowRect: true, strictFileInteractability: false, timeouts: {implicit: 0, pageLoad: 300000, script: 30000}, unhandledPromptBehavior: dismiss and notify}
Session ID: 714c594b-efb3-4f57-9ac6-b52b72c2c2f3">
      <![CDATA[org.openqa.selenium.ElementNotInteractableException: Element <p class="jss163 jss7"> could not be scrolled into view
Build info: version: '3.141.59', revision: 'e82be7d358', time: '2018-11-14T08:17:03'
System info: host: 'DESKTOP-N7K85DJ', ip: '192.168.1.3', os.name: 'Windows 10', os.arch: 'amd64', os.version: '10.0', java.version: '1.8.0_301'
Driver info: org.openqa.selenium.firefox.FirefoxDriver
Capabilities {acceptInsecureCerts: true, browserName: firefox, browserVersion: 95.0.2, javascriptEnabled: true, moz:accessibilityChecks: false, moz:buildID: 20211218203254, moz:geckodriverVersion: 0.28.0, moz:headless: false, moz:processID: 19520, moz:profile: C:\Users\Sweta\AppData\Loca..., moz:shutdownTimeout: 60000, moz:useNonSpecCompliantPointerOrigin: false, moz:webdriverClick: true, pageLoadStrategy: normal, platform: WINDOWS, platformName: WINDOWS, platformVersion: 10.0, proxy: Proxy(), setWindowRect: true, strictFileInteractability: false, timeouts: {implicit: 0, pageLoad: 300000, script: 30000}, unhandledPromptBehavior: dismiss and notify}
Session ID: 714c594b-efb3-4f57-9ac6-b52b72c2c2f3
	at org.openqa.selenium.remote.http.W3CHttpResponseCodec.createException(W3CHttpResponseCodec.java:187)
	at org.openqa.selenium.remote.http.W3CHttpResponseCodec.decode(W3CHttpResponseCodec.java:122)
	at org.openqa.selenium.remote.http.W3CHttpResponseCodec.decode(W3CHttpResponseCodec.java:49)
	at org.openqa.selenium.remote.HttpCommandExecutor.execute(HttpCommandExecutor.java:158)
	at org.openqa.selenium.remote.service.DriverCommandExecutor.execute(DriverCommandExecutor.java:83)
	at org.openqa.selenium.remote.RemoteWebDriver.execute(RemoteWebDriver.java:552)
	at org.openqa.selenium.remote.RemoteWebElement.execute(RemoteWebElement.java:285)
	at org.openqa.selenium.remote.RemoteWebElement.click(RemoteWebElement.java:84)
	at Warranty_Page.ContactUS_page.contactUS(ContactUS_page.java:121)
	at Warranty_Test_Case_Dev.Contact_US.ContactUS(Contact_US.java:16)
	at java.util.concurrent.ThreadPoolExecutor.runWorker(Unknown Source)
	at java.util.concurrent.ThreadPoolExecutor$Worker.run(Unknown Source)
	at java.lang.Thread.run(Unknown Source)
... Removed 14 stack frames]]>
    </failure>
  </testcase> <!-- ContactUS -->
  <testcase name="HomePage_Header_What_weDo" time="18.025" classname="Credit_Global_Test_Cases_Dev.Home_TC"/>
  <testcase name="partner" time="12.786" classname="Warranty_Test_Case_Dev.Partner_With_US"/>
  <testcase name="HomePage_Header_login" time="19.103" classname="Credit_Global_Test_Cases_Dev.Home_TC"/>
  <testcase name="Partner1" time="83.396" classname="Warranty_Test_Case_Dev.Our_Partner"/>
  <testcase name="Home_page" time="32.279" classname="Warranty_Test_Case_Dev.About_US"/>
  <testcase name="Partner2" time="90.606" classname="Warranty_Test_Case_Dev.Our_Partner"/>
  <testcase name="Footer" time="67.672" classname="Solution_one_Development.Footer_Develop"/>
  <testcase name="NewsEvents" time="132.023" classname="Warranty_Test_Case_Dev.NewsEvents"/>
  <testcase name="Footer_Facebook" time="27.604" classname="JumboGC_Test_case_Devlopment.Header_footer"/>
  <testcase name="Home_page" time="287.848" classname="Warranty_Test_Case_Dev.HomePage_Testcase"/>
  <testcase name="Partner3" time="77.033" classname="Warranty_Test_Case_Dev.Our_Partner"/>
  <testcase name="Footer_Instagram" time="25.617" classname="JumboGC_Test_case_Devlopment.Header_footer"/>
  <testcase name="Footer_Privacy" time="35.977" classname="JumboGC_Test_case_Devlopment.Header_footer"/>
  <testcase name="Partner4" time="70.226" classname="Warranty_Test_Case_Dev.Our_Partner"/>
  <testcase name="Footer_linkedIN" time="25.887" classname="JumboGC_Test_case_Devlopment.Header_footer"/>
  <testcase name="Header_Login" time="20.332" classname="JumboGC_Test_case_Devlopment.Header_footer"/>
  <testcase name="Partner5" time="66.39" classname="Warranty_Test_Case_Dev.Our_Partner"/>
  <testcase name="Partner6" time="66.978" classname="Warranty_Test_Case_Dev.Our_Partner"/>
</testsuite> <!-- Firefox_Developmet -->
