<?xml version="1.0" encoding="UTF-8"?>
<!-- Generated by org.testng.reporters.JUnitXMLReporter -->
<testsuite hostname="DESKTOP-N7K85DJ" name="Firefox_Developmet" tests="54" failures="1" timestamp="12 Jan 2022 10:17:29 GMT" time="1301.233" errors="0">
  <testcase name="main" time="50.942" classname="AUW_Test_Case_dev.AUW_header_web_Development"/>
  <testcase name="AUW_Footer" time="76.607" classname="AUW_Test_Case_dev.AUW_Footer_Development"/>
  <testcase name="AboutUS" time="82.699" classname="AUW_Test_Case_dev.AUW_AboutUS"/>
  <testcase name="main" time="20.332" classname="AUW_Test_Case_dev.AUW_PPP"/>
  <testcase name="main" time="49.17" classname="AUW_Test_Case_dev.AUW_CallUpdate"/>
  <testcase name="main" time="45.023" classname="AUW_Test_Case_dev.AUW_NJ_Update"/>
  <testcase name="main" time="90.204" classname="AUW_Test_Case_dev.AUW_Intelligence_TC"/>
  <testcase name="Practices_AgentsBrokers" time="56.931" classname="AUW_Test_Case_dev.Practices_AgentsBrokers"/>
  <testcase name="LearnMore" time="15.684" classname="AUW_Global_Test_Cases_Development.LearnMore_TC"/>
  <testcase name="HomePage" time="25.482" classname="AUW_Global_Test_Cases_Development.Home_Page_TC"/>
  <testcase name="Footer" time="64.245" classname="Promesa_Test_Case_Development.Footer"/>
  <testcase name="Change_Language" time="5.013" classname="Promesa_Test_Case_Development.Change_language"/>
  <testcase name="main" time="322.036" classname="AUW_Test_Case_dev.AUW_Experience"/>
  <testcase name="Footer" time="11.187" classname="Speciality_underwriters_Test_Case_Dev.About_Us"/>
  <testcase name="Footer" time="18.932" classname="Speciality_underwriters_Test_Case_Dev.Contact_US_TC"/>
  <testcase name="Footer" time="15.814" classname="Speciality_underwriters_Test_Case_Dev.Home_TC"/>
  <testcase name="Side_Heading_One" time="123.498" classname="Promesa_Test_Case_Development.Pharmacy_search"/>
  <testcase name="Footer" time="39.994" classname="Speciality_underwriters_Test_Case_Dev.What_We_offer"/>
  <testcase name="Practices_CustomerSeekingCoverage" time="264.643" classname="AUW_Test_Case_dev.Practices_CustomerSeekingCoverage"/>
  <testcase name="ContactUs_Page" time="25.419" classname="AFL_Test_Cases_Dev.ContactUS_OutsideUS_dev"/>
  <testcase name="main_Home_Page" time="29.731" classname="AFL_Test_Cases_Dev.AboutUS_OutsideUS_dev"/>
  <testcase name="main_Home_Page" time="20.365" classname="Adler_TestCases_Development.Home"/>
  <testcase name="Footer" time="76.908" classname="AFL_Test_Cases_Dev.Footer_TC_dev"/>
  <testcase name="Comprehensive" time="41.399" classname="Tradewel_Test_Cases_Development.Comprehensive_Protection_FF"/>
  <testcase name="Home_Page" time="139.923" classname="AFL_Test_Cases_Dev.HomePage_TC_dev"/>
  <testcase name="main_Home_Page" time="139.514" classname="Adler_TestCases_Development.News"/>
  <testcase name="main_Home_Page" time="38.749" classname="Tradewel_Test_Cases_Development.About_US"/>
  <testcase name="AUW_Footer" time="83.021" classname="Careers_Test_case_Development.Footer"/>
  <testcase name="main_Home_Page" time="49.156" classname="Pinnacle_Test_Cases_Development.HomePage_TC"/>
  <testcase name="Footer" time="292.506" classname="AFL_Test_Cases_Dev.What_We_offer_OutSideUs_dev"/>
  <testcase name="HomePage_Header_ContactUS_btn" time="16.657" classname="Credit_Global_Test_Cases_Dev.Home_TC"/>
  <testcase name="WhatsNew" time="101.298" classname="Pinnacle_Test_Cases_Development.WatsNew"/>
  <testcase name="HomePage_Header_login" time="33.242" classname="Credit_Global_Test_Cases_Dev.Forgot_Password"/>
  <testcase name="HomePage_Header_Our_approach" time="19.07" classname="Credit_Global_Test_Cases_Dev.Home_TC"/>
  <testcase name="HomePage_Header_login" time="38.163" classname="Credit_Global_Test_Cases_Dev.What_we_Do_TC"/>
  <testcase name="HomePage_Header_What_weDo" time="16.82" classname="Credit_Global_Test_Cases_Dev.Home_TC"/>
  <testcase name="ContactUS" time="45.111" classname="Warranty_Test_Case_Dev.Contact_US"/>
  <testcase name="Partner1" time="47.338" classname="Warranty_Test_Case_Dev.Our_Partner">
    <failure type="org.openqa.selenium.NoSuchElementException" message="Unable to locate element: //*[@id=&amp;apos;app&amp;apos;]/div[2]/div/div/div[2]/h1
For documentation on this error, please visit: https://www.seleniumhq.org/exceptions/no_such_element.html
Build info: version: &amp;apos;3.141.59&amp;apos;, revision: &amp;apos;e82be7d358&amp;apos;, time: &amp;apos;2018-11-14T08:17:03&amp;apos;
System info: host: &amp;apos;DESKTOP-N7K85DJ&amp;apos;, ip: &amp;apos;192.168.1.5&amp;apos;, os.name: &amp;apos;Windows 10&amp;apos;, os.arch: &amp;apos;amd64&amp;apos;, os.version: &amp;apos;10.0&amp;apos;, java.version: &amp;apos;1.8.0_301&amp;apos;
Driver info: org.openqa.selenium.firefox.FirefoxDriver
Capabilities {acceptInsecureCerts: true, browserName: firefox, browserVersion: 95.0.2, javascriptEnabled: true, moz:accessibilityChecks: false, moz:buildID: 20211218203254, moz:geckodriverVersion: 0.28.0, moz:headless: false, moz:processID: 18104, moz:profile: C:\Users\Sweta\AppData\Loca..., moz:shutdownTimeout: 60000, moz:useNonSpecCompliantPointerOrigin: false, moz:webdriverClick: true, pageLoadStrategy: normal, platform: WINDOWS, platformName: WINDOWS, platformVersion: 10.0, proxy: Proxy(), setWindowRect: true, strictFileInteractability: false, timeouts: {implicit: 0, pageLoad: 300000, script: 30000}, unhandledPromptBehavior: dismiss and notify}
Session ID: 4ed08b69-40fc-4ece-9696-80026fdd7d66
*** Element info: {Using=xpath, value=//*[@id=&amp;apos;app&amp;apos;]/div[2]/div/div/div[2]/h1}">
      <![CDATA[org.openqa.selenium.NoSuchElementException: Unable to locate element: //*[@id='app']/div[2]/div/div/div[2]/h1
For documentation on this error, please visit: https://www.seleniumhq.org/exceptions/no_such_element.html
Build info: version: '3.141.59', revision: 'e82be7d358', time: '2018-11-14T08:17:03'
System info: host: 'DESKTOP-N7K85DJ', ip: '192.168.1.5', os.name: 'Windows 10', os.arch: 'amd64', os.version: '10.0', java.version: '1.8.0_301'
Driver info: org.openqa.selenium.firefox.FirefoxDriver
Capabilities {acceptInsecureCerts: true, browserName: firefox, browserVersion: 95.0.2, javascriptEnabled: true, moz:accessibilityChecks: false, moz:buildID: 20211218203254, moz:geckodriverVersion: 0.28.0, moz:headless: false, moz:processID: 18104, moz:profile: C:\Users\Sweta\AppData\Loca..., moz:shutdownTimeout: 60000, moz:useNonSpecCompliantPointerOrigin: false, moz:webdriverClick: true, pageLoadStrategy: normal, platform: WINDOWS, platformName: WINDOWS, platformVersion: 10.0, proxy: Proxy(), setWindowRect: true, strictFileInteractability: false, timeouts: {implicit: 0, pageLoad: 300000, script: 30000}, unhandledPromptBehavior: dismiss and notify}
Session ID: 4ed08b69-40fc-4ece-9696-80026fdd7d66
*** Element info: {Using=xpath, value=//*[@id='app']/div[2]/div/div/div[2]/h1}
	at org.openqa.selenium.remote.http.W3CHttpResponseCodec.createException(W3CHttpResponseCodec.java:187)
	at org.openqa.selenium.remote.http.W3CHttpResponseCodec.decode(W3CHttpResponseCodec.java:122)
	at org.openqa.selenium.remote.http.W3CHttpResponseCodec.decode(W3CHttpResponseCodec.java:49)
	at org.openqa.selenium.remote.HttpCommandExecutor.execute(HttpCommandExecutor.java:158)
	at org.openqa.selenium.remote.service.DriverCommandExecutor.execute(DriverCommandExecutor.java:83)
	at org.openqa.selenium.remote.RemoteWebDriver.execute(RemoteWebDriver.java:552)
	at org.openqa.selenium.remote.RemoteWebDriver.findElement(RemoteWebDriver.java:323)
	at org.openqa.selenium.remote.RemoteWebDriver.findElementByXPath(RemoteWebDriver.java:428)
	at org.openqa.selenium.By$ByXPath.findElement(By.java:353)
	at org.openqa.selenium.remote.RemoteWebDriver.findElement(RemoteWebDriver.java:315)
	at Warranty_Page.Our_Partners_page.Partner1(Our_Partners_page.java:63)
	at Warranty_Test_Case_Dev.Our_Partner.Partner1(Our_Partner.java:17)
	at java.util.concurrent.ThreadPoolExecutor.runWorker(Unknown Source)
	at java.util.concurrent.ThreadPoolExecutor$Worker.run(Unknown Source)
	at java.lang.Thread.run(Unknown Source)
... Removed 14 stack frames]]>
    </failure>
  </testcase> <!-- Partner1 -->
  <testcase name="partner" time="12.599" classname="Warranty_Test_Case_Dev.Partner_With_US"/>
  <testcase name="HomePage_Header_login" time="18.897" classname="Credit_Global_Test_Cases_Dev.Home_TC"/>
  <testcase name="Home_page" time="32.656" classname="Warranty_Test_Case_Dev.About_US"/>
  <testcase name="Partner2" time="78.452" classname="Warranty_Test_Case_Dev.Our_Partner"/>
  <testcase name="Footer" time="67.578" classname="Solution_one_Development.Footer_Develop"/>
  <testcase name="NewsEvents" time="127.08" classname="Warranty_Test_Case_Dev.NewsEvents"/>
  <testcase name="Partner3" time="76.596" classname="Warranty_Test_Case_Dev.Our_Partner"/>
  <testcase name="Footer_Facebook" time="26.972" classname="JumboGC_Test_case_Devlopment.Header_footer"/>
  <testcase name="Home_page" time="281.101" classname="Warranty_Test_Case_Dev.HomePage_Testcase"/>
  <testcase name="Footer_Instagram" time="25.525" classname="JumboGC_Test_case_Devlopment.Header_footer"/>
  <testcase name="Partner4" time="70.254" classname="Warranty_Test_Case_Dev.Our_Partner"/>
  <testcase name="Footer_Privacy" time="36.141" classname="JumboGC_Test_case_Devlopment.Header_footer"/>
  <testcase name="Footer_linkedIN" time="26.059" classname="JumboGC_Test_case_Devlopment.Header_footer"/>
  <testcase name="Partner5" time="81.555" classname="Warranty_Test_Case_Dev.Our_Partner"/>
  <testcase name="Header_Login" time="20.265" classname="JumboGC_Test_case_Devlopment.Header_footer"/>
  <testcase name="Partner6" time="66.225" classname="Warranty_Test_Case_Dev.Our_Partner"/>
</testsuite> <!-- Firefox_Developmet -->
