<?xml version="1.0" encoding="UTF-8"?>
<!-- Generated by org.testng.reporters.JUnitXMLReporter -->
<testsuite hostname="DESKTOP-N7K85DJ" name="Firefox_Developmet" tests="54" failures="0" timestamp="15 Dec 2021 09:54:41 GMT" time="3808.14" errors="0">
  <testcase name="main" time="272.846" classname="AUW_Test_Case_dev.AUW_Experience"/>
  <testcase name="main" time="48.944" classname="AUW_Test_Case_dev.AUW_header_web_Development"/>
  <testcase name="AUW_Footer" time="69.004" classname="AUW_Test_Case_dev.AUW_Footer_Development"/>
  <testcase name="AboutUS" time="67.685" classname="AUW_Test_Case_dev.AUW_AboutUS"/>
  <testcase name="main" time="19.111" classname="AUW_Test_Case_dev.AUW_PPP"/>
  <testcase name="main" time="43.206" classname="AUW_Test_Case_dev.AUW_CallUpdate"/>
  <testcase name="main" time="41.992" classname="AUW_Test_Case_dev.AUW_NJ_Update"/>
  <testcase name="main" time="83.734" classname="AUW_Test_Case_dev.AUW_Intelligence_TC"/>
  <testcase name="Practices_AgentsBrokers" time="52.893" classname="AUW_Test_Case_dev.Practices_AgentsBrokers"/>
  <testcase name="Practices_CustomerSeekingCoverage" time="217.862" classname="AUW_Test_Case_dev.Practices_CustomerSeekingCoverage"/>
  <testcase name="LearnMore" time="14.84" classname="AUW_Global_Test_Cases_Development.LearnMore_TC"/>
  <testcase name="HomePage" time="10.122" classname="AUW_Global_Test_Cases_Development.Home_Page_TC"/>
  <testcase name="Footer" time="56.186" classname="Promesa_Test_Case_Development.Footer"/>
  <testcase name="Side_Heading_One" time="123.374" classname="Promesa_Test_Case_Development.Pharmacy_search"/>
  <testcase name="Change_Language" time="4.841" classname="Promesa_Test_Case_Development.Change_language"/>
  <testcase name="Footer" time="17.584" classname="Speciality_underwriters_Test_Case_Dev.Contact_US_TC"/>
  <testcase name="Footer" time="10.362" classname="Speciality_underwriters_Test_Case_Dev.About_Us"/>
  <testcase name="Footer" time="36.869" classname="Speciality_underwriters_Test_Case_Dev.What_We_offer"/>
  <testcase name="Footer" time="15.784" classname="Speciality_underwriters_Test_Case_Dev.Home_TC"/>
  <testcase name="ContactUs_Page" time="26.928" classname="AFL_Test_Cases_Dev.ContactUS_OutsideUS_dev"/>
  <testcase name="main_Home_Page" time="37.484" classname="AFL_Test_Cases_Dev.AboutUS_OutsideUS_dev"/>
  <testcase name="Footer" time="258.267" classname="AFL_Test_Cases_Dev.What_We_offer_OutSideUs_dev"/>
  <testcase name="Footer" time="69.748" classname="AFL_Test_Cases_Dev.Footer_TC_dev"/>
  <testcase name="Home_Page" time="118.279" classname="AFL_Test_Cases_Dev.HomePage_TC_dev"/>
  <testcase name="main_Home_Page" time="19.704" classname="Adler_TestCases_Development.Home"/>
  <testcase name="main_Home_Page" time="119.76" classname="Adler_TestCases_Development.News"/>
  <testcase name="Comprehensive" time="41.005" classname="Tradewel_Test_Cases_Development.Comprehensive_Protection_FF"/>
  <testcase name="main_Home_Page" time="32.839" classname="Tradewel_Test_Cases_Development.About_US"/>
  <testcase name="AUW_Footer" time="63.513" classname="Careers_Test_case_Development.Footer"/>
  <testcase name="WhatsNew" time="84.981" classname="Pinnacle_Test_Cases_Development.WatsNew"/>
  <testcase name="main_Home_Page" time="45.081" classname="Pinnacle_Test_Cases_Development.HomePage_TC"/>
  <testcase name="HomePage_Header_ContactUS_btn" time="14.955" classname="Credit_Global_Test_Cases_Dev.Home_TC"/>
  <testcase name="HomePage_Header_Our_approach" time="20.14" classname="Credit_Global_Test_Cases_Dev.Home_TC"/>
  <testcase name="HomePage_Header_What_weDo" time="16.251" classname="Credit_Global_Test_Cases_Dev.Home_TC"/>
  <testcase name="HomePage_Header_login" time="20.542" classname="Credit_Global_Test_Cases_Dev.Home_TC"/>
  <testcase name="HomePage_Header_login" time="16.796" classname="Credit_Global_Test_Cases_Dev.Forgot_Password"/>
  <testcase name="HomePage_Header_login" time="37.209" classname="Credit_Global_Test_Cases_Dev.What_we_Do_TC"/>
  <testcase name="Home_page" time="259.258" classname="Warranty_Test_Case_Dev.HomePage_Testcase"/>
  <testcase name="ContactUS" time="38.085" classname="Warranty_Test_Case_Dev.Contact_US"/>
  <testcase name="Partner1" time="64.864" classname="Warranty_Test_Case_Dev.Our_Partner"/>
  <testcase name="Partner2" time="64.779" classname="Warranty_Test_Case_Dev.Our_Partner"/>
  <testcase name="Partner3" time="65.176" classname="Warranty_Test_Case_Dev.Our_Partner"/>
  <testcase name="Partner4" time="67.117" classname="Warranty_Test_Case_Dev.Our_Partner"/>
  <testcase name="Partner5" time="65.221" classname="Warranty_Test_Case_Dev.Our_Partner"/>
  <testcase name="Partner6" time="70.364" classname="Warranty_Test_Case_Dev.Our_Partner"/>
  <testcase name="partner" time="10.953" classname="Warranty_Test_Case_Dev.Partner_With_US"/>
  <testcase name="Home_page" time="32.058" classname="Warranty_Test_Case_Dev.About_US"/>
  <testcase name="NewsEvents" time="151.031" classname="Warranty_Test_Case_Dev.NewsEvents"/>
  <testcase name="Footer" time="49.829" classname="Solution_one_Development.Footer_Develop"/>
  <testcase name="Footer_Facebook" time="25.554" classname="JumboGC_Test_case_Devlopment.Header_footer"/>
  <testcase name="Footer_Instagram" time="25.542" classname="JumboGC_Test_case_Devlopment.Header_footer"/>
  <testcase name="Footer_Privacy" time="35.974" classname="JumboGC_Test_case_Devlopment.Header_footer"/>
  <testcase name="Footer_linkedIN" time="25.889" classname="JumboGC_Test_case_Devlopment.Header_footer"/>
  <testcase name="Header_Login" time="20.251" classname="JumboGC_Test_case_Devlopment.Header_footer"/>
</testsuite> <!-- Firefox_Developmet -->
