<?xml version="1.0" encoding="UTF-8"?>
<!-- Generated by org.testng.reporters.JUnitXMLReporter -->
<testsuite hostname="DESKTOP-N7K85DJ" name="Firefox_Prod" tests="77" failures="1" timestamp="7 Feb 2022 13:48:16 GMT" time="2301.117" errors="0">
  <testcase name="main" time="39.273" classname="AUW_Test_case_prod.AUW_CallUpdate"/>
  <testcase name="AboutUS" time="66.548" classname="AUW_Test_case_prod.AUW_AboutUS"/>
  <testcase name="main" time="85.855" classname="AUW_Test_case_prod.AUW_Intelligence_TC"/>
  <testcase name="AUW_Footer" time="82.611" classname="AUW_Test_case_prod.AUW_Footer_Prod"/>
  <testcase name="main" time="61.691" classname="AUW_Test_case_prod.AUW_Heartwood"/>
  <testcase name="main" time="41.673" classname="AUW_Test_case_prod.AUW_NJ_Update"/>
  <testcase name="main" time="47.039" classname="AUW_Test_case_prod.AUW_header_web_Prod"/>
  <testcase name="main" time="16.486" classname="AUW_Test_case_prod.AUW_PPP"/>
  <testcase name="Practices_AgentsBrokers" time="54.892" classname="AUW_Test_case_prod.Practices_AgentsBrokers"/>
  <testcase name="main" time="304.442" classname="AUW_Test_case_prod.AUW_Experience"/>
  <testcase name="LearnMore" time="13.648" classname="AUW_Global_Test_Cases_Prod.LearnMore_TC"/>
  <testcase name="HomePage" time="15.416" classname="AUW_Global_Test_Cases_Prod.Home_Page_TC"/>
  <testcase name="Practices_CustomerSeekingCoverage" time="219.205" classname="AUW_Test_case_prod.Practices_CustomerSeekingCoverage"/>
  <testcase name="Change_Language" time="2.779" classname="Promesa_Test_Case_Prod.Change_language"/>
  <testcase name="Footer_PrivacyPolicy" time="20.13" classname="Promesa_Test_Case_Prod.Footer"/>
  <testcase name="Footer_facebook" time="19.119" classname="Promesa_Test_Case_Prod.Footer"/>
  <testcase name="Footer_instagram" time="6.443" classname="Promesa_Test_Case_Prod.Footer"/>
  <testcase name="Footer_linkedin" time="6.646" classname="Promesa_Test_Case_Prod.Footer"/>
  <testcase name="Side_Heading_One" time="123.403" classname="Promesa_Test_Case_Prod.Pharmacy_search"/>
  <testcase name="Footer_twitter" time="7.388" classname="Promesa_Test_Case_Prod.Footer"/>
  <testcase name="Heading1" time="32.869" classname="MTL_Test_Cases_Prod.What_we_offer1_TC"/>
  <testcase name="More_offers" time="31.855" classname="MTL_Test_Cases_Prod.More_offers_TC"/>
  <testcase name="Heading10" time="35.675" classname="MTL_Test_Cases_Prod.What_we_offer1_TC"/>
  <testcase name="Footer" time="38.6" classname="MTL_Test_Cases_Prod.Home_URL"/>
  <testcase name="Heading11" time="50.24" classname="MTL_Test_Cases_Prod.What_we_offer1_TC"/>
  <testcase name="Heading" time="79.012" classname="MTL_Test_Cases_Prod.What_we_offer_URL_TC"/>
  <testcase name="Heading2" time="35.719" classname="MTL_Test_Cases_Prod.What_we_offer1_TC"/>
  <testcase name="Footer" time="16.121" classname="Speciality_underwriters_Test_Case_Prod.Contact_US_TC"/>
  <testcase name="Footer" time="8.986" classname="Speciality_underwriters_Test_Case_Prod.About_Us"/>
  <testcase name="Heading3" time="35.46" classname="MTL_Test_Cases_Prod.What_we_offer1_TC"/>
  <testcase name="Footer" time="34.85" classname="Speciality_underwriters_Test_Case_Prod.What_We_offer"/>
  <testcase name="Heading4" time="35.429" classname="MTL_Test_Cases_Prod.What_we_offer1_TC"/>
  <testcase name="Footer" time="15.803" classname="Speciality_underwriters_Test_Case_Prod.Home_TC"/>
  <testcase name="Heading5" time="35.75" classname="MTL_Test_Cases_Prod.What_we_offer1_TC"/>
  <testcase name="Heading6" time="35.496" classname="MTL_Test_Cases_Prod.What_we_offer1_TC"/>
  <testcase name="Heading7" time="36.323" classname="MTL_Test_Cases_Prod.What_we_offer1_TC"/>
  <testcase name="Heading8" time="35.586" classname="MTL_Test_Cases_Prod.What_we_offer1_TC"/>
  <testcase name="Heading9" time="35.83" classname="MTL_Test_Cases_Prod.What_we_offer1_TC"/>
  <testcase name="Footer" time="260.096" classname="AFL_Test_Case_Prod.What_We_offer_OutSideUs"/>
  <testcase name="Home_Page" time="108.076" classname="AFL_Test_Case_Prod.HomePage_TC"/>
  <testcase name="Footer" time="66.532" classname="AFL_Test_Case_Prod.Footer_TC"/>
  <testcase name="ContactUs_Page" time="21.381" classname="AFL_Test_Case_Prod.ContactUS_OutsideUS"/>
  <testcase name="main_Home_Page" time="12.009" classname="AFL_Test_Case_Prod.AboutUS_OutsideUS">
    <failure type="org.openqa.selenium.ElementNotInteractableException" message="Element &amp;lt;a class=&amp;quot;jss129 jss1&amp;quot; href=&amp;quot;/about-us&amp;quot;&amp;gt; could not be scrolled into view
Build info: version: &amp;apos;3.141.59&amp;apos;, revision: &amp;apos;e82be7d358&amp;apos;, time: &amp;apos;2018-11-14T08:17:03&amp;apos;
System info: host: &amp;apos;DESKTOP-N7K85DJ&amp;apos;, ip: &amp;apos;192.168.1.4&amp;apos;, os.name: &amp;apos;Windows 10&amp;apos;, os.arch: &amp;apos;amd64&amp;apos;, os.version: &amp;apos;10.0&amp;apos;, java.version: &amp;apos;1.8.0_291&amp;apos;
Driver info: org.openqa.selenium.firefox.FirefoxDriver
Capabilities {acceptInsecureCerts: true, browserName: firefox, browserVersion: 95.0.2, javascriptEnabled: true, moz:accessibilityChecks: false, moz:buildID: 20211218203254, moz:geckodriverVersion: 0.30.0, moz:headless: false, moz:processID: 23532, moz:profile: C:\Users\Sweta\AppData\Loca..., moz:shutdownTimeout: 60000, moz:useNonSpecCompliantPointerOrigin: false, moz:webdriverClick: true, pageLoadStrategy: normal, platform: WINDOWS, platformName: WINDOWS, platformVersion: 10.0, proxy: Proxy(), setWindowRect: true, strictFileInteractability: false, timeouts: {implicit: 0, pageLoad: 300000, script: 30000}, unhandledPromptBehavior: dismiss and notify}
Session ID: 77eab3bf-abc6-4615-a5b4-150d8c0979a4">
      <![CDATA[org.openqa.selenium.ElementNotInteractableException: Element <a class="jss129 jss1" href="/about-us"> could not be scrolled into view
Build info: version: '3.141.59', revision: 'e82be7d358', time: '2018-11-14T08:17:03'
System info: host: 'DESKTOP-N7K85DJ', ip: '192.168.1.4', os.name: 'Windows 10', os.arch: 'amd64', os.version: '10.0', java.version: '1.8.0_291'
Driver info: org.openqa.selenium.firefox.FirefoxDriver
Capabilities {acceptInsecureCerts: true, browserName: firefox, browserVersion: 95.0.2, javascriptEnabled: true, moz:accessibilityChecks: false, moz:buildID: 20211218203254, moz:geckodriverVersion: 0.30.0, moz:headless: false, moz:processID: 23532, moz:profile: C:\Users\Sweta\AppData\Loca..., moz:shutdownTimeout: 60000, moz:useNonSpecCompliantPointerOrigin: false, moz:webdriverClick: true, pageLoadStrategy: normal, platform: WINDOWS, platformName: WINDOWS, platformVersion: 10.0, proxy: Proxy(), setWindowRect: true, strictFileInteractability: false, timeouts: {implicit: 0, pageLoad: 300000, script: 30000}, unhandledPromptBehavior: dismiss and notify}
Session ID: 77eab3bf-abc6-4615-a5b4-150d8c0979a4
	at org.openqa.selenium.remote.http.W3CHttpResponseCodec.createException(W3CHttpResponseCodec.java:187)
	at org.openqa.selenium.remote.http.W3CHttpResponseCodec.decode(W3CHttpResponseCodec.java:122)
	at org.openqa.selenium.remote.http.W3CHttpResponseCodec.decode(W3CHttpResponseCodec.java:49)
	at org.openqa.selenium.remote.HttpCommandExecutor.execute(HttpCommandExecutor.java:158)
	at org.openqa.selenium.remote.service.DriverCommandExecutor.execute(DriverCommandExecutor.java:83)
	at org.openqa.selenium.remote.RemoteWebDriver.execute(RemoteWebDriver.java:552)
	at org.openqa.selenium.remote.RemoteWebElement.execute(RemoteWebElement.java:285)
	at org.openqa.selenium.remote.RemoteWebElement.click(RemoteWebElement.java:84)
	at AFL_Pages.About_Us_Page.About_US_homePage(About_Us_Page.java:128)
	at AFL_Test_Case_Prod.AboutUS_OutsideUS.main_Home_Page(AboutUS_OutsideUS.java:20)
	at java.util.concurrent.ThreadPoolExecutor.runWorker(ThreadPoolExecutor.java:1149)
	at java.util.concurrent.ThreadPoolExecutor$Worker.run(ThreadPoolExecutor.java:624)
	at java.lang.Thread.run(Thread.java:748)
... Removed 14 stack frames]]>
    </failure>
  </testcase> <!-- main_Home_Page -->
  <testcase name="HomePage_Header_login" time="7.963" classname="Credit_Global_Test_Cases_Prod.Forgot_Password"/>
  <testcase name="HomePage_Header_login" time="28.184" classname="Credit_Global_Test_Cases_Prod.What_we_Do_TC"/>
  <testcase name="HomePage_Header_ContactUS_btn" time="12.401" classname="Credit_Global_Test_Cases_Prod.Home_TC"/>
  <testcase name="main_Home_Page" time="19.604" classname="Adler_TestCases_Prod.Home"/>
  <testcase name="HomePage_Header_Our_approach" time="11.088" classname="Credit_Global_Test_Cases_Prod.Home_TC"/>
  <testcase name="HomePage_Header_What_weDo" time="7.266" classname="Credit_Global_Test_Cases_Prod.Home_TC"/>
  <testcase name="HomePage_Header_login" time="11.928" classname="Credit_Global_Test_Cases_Prod.Home_TC"/>
  <testcase name="AUW_Facebook" time="17.124" classname="Careers_Test_case_Prod.Footer"/>
  <testcase name="AUW_Instagram" time="8.004" classname="Careers_Test_case_Prod.Footer"/>
  <testcase name="AUW_Linkedin" time="8.322" classname="Careers_Test_case_Prod.Footer"/>
  <testcase name="main_Home_Page" time="121.958" classname="Adler_TestCases_Prod.News"/>
  <testcase name="AUW_Policy" time="25.252" classname="Careers_Test_case_Prod.Footer"/>
  <testcase name="AUW_twitter" time="14.567" classname="Careers_Test_case_Prod.Footer"/>
  <testcase name="Footer" time="50.748" classname="Solution_one_Prod.Footer_Production"/>
  <testcase name="Footer_Facebook" time="25.588" classname="JumboGC_Test_case_prod.Header_footer"/>
  <testcase name="Home_page" time="32.109" classname="Warranty_Test_Case_Prod.About_US"/>
  <testcase name="Footer_Instagram" time="25.585" classname="JumboGC_Test_case_prod.Header_footer"/>
  <testcase name="ContactUS" time="38.905" classname="Warranty_Test_Case_Prod.Contact_US"/>
  <testcase name="Footer_Privacy" time="36.04" classname="JumboGC_Test_case_prod.Header_footer"/>
  <testcase name="partner" time="10.763" classname="Warranty_Test_Case_Prod.Partner_With_US"/>
  <testcase name="Footer_linkedIN" time="26.565" classname="JumboGC_Test_case_prod.Header_footer"/>
  <testcase name="Header_Login" time="20.358" classname="JumboGC_Test_case_prod.Header_footer"/>
  <testcase name="Partner1" time="66.452" classname="Warranty_Test_Case_Prod.Our_Partner"/>
  <testcase name="Partner2" time="66.956" classname="Warranty_Test_Case_Prod.Our_Partner"/>
  <testcase name="Home_page" time="263.952" classname="Warranty_Test_Case_Prod.HomePage_Testcase"/>
  <testcase name="Partner3" time="65.901" classname="Warranty_Test_Case_Prod.Our_Partner"/>
  <testcase name="HomePage" time="63.933" classname="Casuality_Prod_TC.Home_page"/>
  <testcase name="Partner4" time="67.312" classname="Warranty_Test_Case_Prod.Our_Partner"/>
  <testcase name="HomePage" time="43.002" classname="Casuality_Prod_TC.Menu_About_US"/>
  <testcase name="HomePage" time="21.567" classname="Casuality_Prod_TC.Menu_Contact_Us"/>
  <testcase name="Partner5" time="66.585" classname="Warranty_Test_Case_Prod.Our_Partner"/>
  <testcase name="Carriers" time="19.172" classname="Casuality_Prod_TC.Menu_Our_Carriers"/>
  <testcase name="Partner6" time="65.153" classname="Warranty_Test_Case_Prod.Our_Partner"/>
  <testcase name="HomePage" time="53.378" classname="Casuality_Prod_TC.Menu_Press_Room"/>
</testsuite> <!-- Firefox_Prod -->
