<?xml version="1.0" encoding="UTF-8"?>
<!-- Generated by org.testng.reporters.JUnitXMLReporter -->
<testsuite hostname="DESKTOP-N7K85DJ" name="Firefox_Prod" tests="77" failures="0" timestamp="11 Feb 2022 12:38:05 GMT" time="2645.171" errors="0">
  <testcase name="main" time="41.72" classname="AUW_Test_case_prod.AUW_CallUpdate"/>
  <testcase name="AboutUS" time="68.64" classname="AUW_Test_case_prod.AUW_AboutUS"/>
  <testcase name="main" time="93.846" classname="AUW_Test_case_prod.AUW_Intelligence_TC"/>
  <testcase name="AUW_Footer" time="86.89" classname="AUW_Test_case_prod.AUW_Footer_Prod"/>
  <testcase name="main" time="41.72" classname="AUW_Test_case_prod.AUW_NJ_Update"/>
  <testcase name="main" time="64.425" classname="AUW_Test_case_prod.AUW_Heartwood"/>
  <testcase name="main" time="48.542" classname="AUW_Test_case_prod.AUW_header_web_Prod"/>
  <testcase name="main" time="18.162" classname="AUW_Test_case_prod.AUW_PPP"/>
  <testcase name="Practices_AgentsBrokers" time="56.66" classname="AUW_Test_case_prod.Practices_AgentsBrokers"/>
  <testcase name="main" time="309.342" classname="AUW_Test_case_prod.AUW_Experience"/>
  <testcase name="LearnMore" time="15.292" classname="AUW_Global_Test_Cases_Prod.LearnMore_TC"/>
  <testcase name="HomePage" time="18.326" classname="AUW_Global_Test_Cases_Prod.Home_Page_TC"/>
  <testcase name="Practices_CustomerSeekingCoverage" time="237.448" classname="AUW_Test_case_prod.Practices_CustomerSeekingCoverage"/>
  <testcase name="Change_Language" time="3.967" classname="Promesa_Test_Case_Prod.Change_language"/>
  <testcase name="Footer_PrivacyPolicy" time="22.98" classname="Promesa_Test_Case_Prod.Footer"/>
  <testcase name="Footer_facebook" time="19.961" classname="Promesa_Test_Case_Prod.Footer"/>
  <testcase name="Footer_instagram" time="7.24" classname="Promesa_Test_Case_Prod.Footer"/>
  <testcase name="Side_Heading_One" time="123.91" classname="Promesa_Test_Case_Prod.Pharmacy_search"/>
  <testcase name="Footer_linkedin" time="13.539" classname="Promesa_Test_Case_Prod.Footer"/>
  <testcase name="Footer_twitter" time="7.712" classname="Promesa_Test_Case_Prod.Footer"/>
  <testcase name="Heading1" time="34.719" classname="MTL_Test_Cases_Prod.What_we_offer1_TC"/>
  <testcase name="More_offers" time="35.358" classname="MTL_Test_Cases_Prod.More_offers_TC"/>
  <testcase name="Heading10" time="37.707" classname="MTL_Test_Cases_Prod.What_we_offer1_TC"/>
  <testcase name="Footer" time="39.002" classname="MTL_Test_Cases_Prod.Home_URL"/>
  <testcase name="Heading11" time="53.269" classname="MTL_Test_Cases_Prod.What_we_offer1_TC"/>
  <testcase name="Heading2" time="37.29" classname="MTL_Test_Cases_Prod.What_we_offer1_TC"/>
  <testcase name="Heading" time="81.562" classname="MTL_Test_Cases_Prod.What_we_offer_URL_TC"/>
  <testcase name="Footer" time="17.593" classname="Speciality_underwriters_Test_Case_Prod.Contact_US_TC"/>
  <testcase name="Heading3" time="37.368" classname="MTL_Test_Cases_Prod.What_we_offer1_TC"/>
  <testcase name="Footer" time="10.092" classname="Speciality_underwriters_Test_Case_Prod.About_Us"/>
  <testcase name="Heading4" time="36.855" classname="MTL_Test_Cases_Prod.What_we_offer1_TC"/>
  <testcase name="Footer" time="37.779" classname="Speciality_underwriters_Test_Case_Prod.What_We_offer"/>
  <testcase name="Heading5" time="38.34" classname="MTL_Test_Cases_Prod.What_we_offer1_TC"/>
  <testcase name="Footer" time="17.888" classname="Speciality_underwriters_Test_Case_Prod.Home_TC"/>
  <testcase name="Heading6" time="37.035" classname="MTL_Test_Cases_Prod.What_we_offer1_TC"/>
  <testcase name="Heading7" time="38.07" classname="MTL_Test_Cases_Prod.What_we_offer1_TC"/>
  <testcase name="Heading8" time="37.245" classname="MTL_Test_Cases_Prod.What_we_offer1_TC"/>
  <testcase name="Heading9" time="37.717" classname="MTL_Test_Cases_Prod.What_we_offer1_TC"/>
  <testcase name="Footer" time="277.182" classname="AFL_Test_Case_Prod.What_We_offer_OutSideUs"/>
  <testcase name="Home_Page" time="118.754" classname="AFL_Test_Case_Prod.HomePage_TC"/>
  <testcase name="ContactUs_Page" time="23.271" classname="AFL_Test_Case_Prod.ContactUS_OutsideUS"/>
  <testcase name="Footer" time="70.753" classname="AFL_Test_Case_Prod.Footer_TC"/>
  <testcase name="main_Home_Page" time="19.99" classname="AFL_Test_Case_Prod.AboutUS_OutsideUS"/>
  <testcase name="HomePage_Header_login" time="8.367" classname="Credit_Global_Test_Cases_Prod.Forgot_Password"/>
  <testcase name="HomePage_Header_login" time="28.878" classname="Credit_Global_Test_Cases_Prod.What_we_Do_TC"/>
  <testcase name="HomePage_Header_ContactUS_btn" time="15.354" classname="Credit_Global_Test_Cases_Prod.Home_TC"/>
  <testcase name="main_Home_Page" time="21.771" classname="Adler_TestCases_Prod.Home"/>
  <testcase name="HomePage_Header_Our_approach" time="12.063" classname="Credit_Global_Test_Cases_Prod.Home_TC"/>
  <testcase name="HomePage_Header_What_weDo" time="7.595" classname="Credit_Global_Test_Cases_Prod.Home_TC"/>
  <testcase name="HomePage_Header_login" time="12.499" classname="Credit_Global_Test_Cases_Prod.Home_TC"/>
  <testcase name="AUW_Facebook" time="18.526" classname="Careers_Test_case_Prod.Footer"/>
  <testcase name="AUW_Instagram" time="9.365" classname="Careers_Test_case_Prod.Footer"/>
  <testcase name="main_Home_Page" time="133.7" classname="Adler_TestCases_Prod.News"/>
  <testcase name="AUW_Linkedin" time="11.047" classname="Careers_Test_case_Prod.Footer"/>
  <testcase name="AUW_Policy" time="27.368" classname="Careers_Test_case_Prod.Footer"/>
  <testcase name="Footer" time="57.959" classname="Solution_one_Prod.Footer_Production"/>
  <testcase name="AUW_twitter" time="10.381" classname="Careers_Test_case_Prod.Footer"/>
  <testcase name="Footer_Facebook" time="25.613" classname="JumboGC_Test_case_prod.Header_footer"/>
  <testcase name="Home_page" time="32.333" classname="Warranty_Test_Case_Prod.About_US"/>
  <testcase name="Footer_Instagram" time="25.815" classname="JumboGC_Test_case_prod.Header_footer"/>
  <testcase name="ContactUS" time="41.846" classname="Warranty_Test_Case_Prod.Contact_US"/>
  <testcase name="Footer_Privacy" time="36.674" classname="JumboGC_Test_case_prod.Header_footer"/>
  <testcase name="partner" time="11.184" classname="Warranty_Test_Case_Prod.Partner_With_US"/>
  <testcase name="Footer_linkedIN" time="26.565" classname="JumboGC_Test_case_prod.Header_footer"/>
  <testcase name="Header_Login" time="20.286" classname="JumboGC_Test_case_prod.Header_footer"/>
  <testcase name="Partner1" time="74.367" classname="Warranty_Test_Case_Prod.Our_Partner"/>
  <testcase name="Partner2" time="80.408" classname="Warranty_Test_Case_Prod.Our_Partner"/>
  <testcase name="Home_page" time="273.953" classname="Warranty_Test_Case_Prod.HomePage_Testcase"/>
  <testcase name="Partner3" time="73.873" classname="Warranty_Test_Case_Prod.Our_Partner"/>
  <testcase name="HomePage" time="67.576" classname="Casuality_Prod_TC.Home_page"/>
  <testcase name="HomePage" time="45.545" classname="Casuality_Prod_TC.Menu_About_US"/>
  <testcase name="Partner4" time="70.328" classname="Warranty_Test_Case_Prod.Our_Partner"/>
  <testcase name="HomePage" time="22.186" classname="Casuality_Prod_TC.Menu_Contact_Us"/>
  <testcase name="Partner5" time="73.049" classname="Warranty_Test_Case_Prod.Our_Partner"/>
  <testcase name="Carriers" time="34.873" classname="Casuality_Prod_TC.Menu_Our_Carriers"/>
  <testcase name="HomePage" time="55.284" classname="Casuality_Prod_TC.Menu_Press_Room"/>
  <testcase name="Partner6" time="70.508" classname="Warranty_Test_Case_Prod.Our_Partner"/>
</testsuite> <!-- Firefox_Prod -->
