<?xml version="1.0" encoding="UTF-8"?>
<!-- Generated by org.testng.reporters.JUnitXMLReporter -->
<testsuite hostname="DESKTOP-N7K85DJ" name="Firefox_Prod" tests="79" failures="1" timestamp="2 Mar 2022 14:47:21 GMT" time="2410.36" errors="0">
  <testcase name="main" time="38.47" classname="AUW_Test_case_prod.AUW_CallUpdate"/>
  <testcase name="AboutUS" time="64.996" classname="AUW_Test_case_prod.AUW_AboutUS"/>
  <testcase name="main" time="83.173" classname="AUW_Test_case_prod.AUW_Intelligence_TC"/>
  <testcase name="AUW_Footer" time="74.123" classname="AUW_Test_case_prod.AUW_Footer_Prod"/>
  <testcase name="main" time="39.019" classname="AUW_Test_case_prod.AUW_NJ_Update"/>
  <testcase name="main" time="58.485" classname="AUW_Test_case_prod.AUW_Heartwood"/>
  <testcase name="main" time="39.507" classname="AUW_Test_case_prod.AUW_header_web_Prod"/>
  <testcase name="main" time="17.341" classname="AUW_Test_case_prod.AUW_PPP"/>
  <testcase name="Practices_AgentsBrokers" time="53.766" classname="AUW_Test_case_prod.Practices_AgentsBrokers"/>
  <testcase name="main" time="302.473" classname="AUW_Test_case_prod.AUW_Experience"/>
  <testcase name="LearnMore" time="13.626" classname="AUW_Global_Test_Cases_Prod.LearnMore_TC"/>
  <testcase name="HomePage" time="16.01" classname="AUW_Global_Test_Cases_Prod.Home_Page_TC"/>
  <testcase name="Practices_CustomerSeekingCoverage" time="236.213" classname="AUW_Test_case_prod.Practices_CustomerSeekingCoverage"/>
  <testcase name="Change_Language" time="2.783" classname="Promesa_Test_Case_Prod.Change_language"/>
  <testcase name="Footer_PrivacyPolicy" time="21.041" classname="Promesa_Test_Case_Prod.Footer"/>
  <testcase name="Footer_facebook" time="19.048" classname="Promesa_Test_Case_Prod.Footer"/>
  <testcase name="Footer_instagram" time="6.165" classname="Promesa_Test_Case_Prod.Footer"/>
  <testcase name="Footer_linkedin" time="6.368" classname="Promesa_Test_Case_Prod.Footer"/>
  <testcase name="Side_Heading_One" time="123.415" classname="Promesa_Test_Case_Prod.Pharmacy_search"/>
  <testcase name="Footer_twitter" time="6.503" classname="Promesa_Test_Case_Prod.Footer"/>
  <testcase name="Heading1" time="33.358" classname="MTL_Test_Cases_Prod.What_we_offer1_TC"/>
  <testcase name="More_offers" time="33.107" classname="MTL_Test_Cases_Prod.More_offers_TC"/>
  <testcase name="Heading10" time="35.62" classname="MTL_Test_Cases_Prod.What_we_offer1_TC"/>
  <testcase name="Footer" time="38.844" classname="MTL_Test_Cases_Prod.Home_URL"/>
  <testcase name="Heading11" time="51.307" classname="MTL_Test_Cases_Prod.What_we_offer1_TC"/>
  <testcase name="Heading2" time="35.551" classname="MTL_Test_Cases_Prod.What_we_offer1_TC"/>
  <testcase name="Heading" time="81.845" classname="MTL_Test_Cases_Prod.What_we_offer_URL_TC"/>
  <testcase name="Footer" time="16.627" classname="Speciality_underwriters_Test_Case_Prod.Contact_US_TC"/>
  <testcase name="Footer" time="9.094" classname="Speciality_underwriters_Test_Case_Prod.About_Us"/>
  <testcase name="Heading3" time="35.829" classname="MTL_Test_Cases_Prod.What_we_offer1_TC"/>
  <testcase name="Footer" time="35.95" classname="Speciality_underwriters_Test_Case_Prod.What_We_offer"/>
  <testcase name="Heading4" time="35.724" classname="MTL_Test_Cases_Prod.What_we_offer1_TC"/>
  <testcase name="Footer" time="16.326" classname="Speciality_underwriters_Test_Case_Prod.Home_TC"/>
  <testcase name="Heading5" time="36.152" classname="MTL_Test_Cases_Prod.What_we_offer1_TC"/>
  <testcase name="Heading6" time="36.142" classname="MTL_Test_Cases_Prod.What_we_offer1_TC"/>
  <testcase name="Heading7" time="35.9" classname="MTL_Test_Cases_Prod.What_we_offer1_TC"/>
  <testcase name="Heading8" time="35.537" classname="MTL_Test_Cases_Prod.What_we_offer1_TC"/>
  <testcase name="Heading9" time="35.449" classname="MTL_Test_Cases_Prod.What_we_offer1_TC"/>
  <testcase name="Footer" time="265.456" classname="AFL_Test_Case_Prod.What_We_offer_OutSideUs"/>
  <testcase name="Home_Page" time="121.113" classname="AFL_Test_Case_Prod.HomePage_TC"/>
  <testcase name="Footer" time="66.065" classname="AFL_Test_Case_Prod.Footer_TC"/>
  <testcase name="main_Home_Page" time="16.472" classname="AFL_Test_Case_Prod.AboutUS_OutsideUS"/>
  <testcase name="ContactUs_Page" time="26.345" classname="AFL_Test_Case_Prod.ContactUS_OutsideUS"/>
  <testcase name="HomePage_Header_login" time="7.884" classname="Credit_Global_Test_Cases_Prod.Forgot_Password"/>
  <testcase name="HomePage_Header_login" time="28.592" classname="Credit_Global_Test_Cases_Prod.What_we_Do_TC"/>
  <testcase name="HomePage_Header_ContactUS_btn" time="12.442" classname="Credit_Global_Test_Cases_Prod.Home_TC"/>
  <testcase name="HomePage_Header_Our_approach" time="11.308" classname="Credit_Global_Test_Cases_Prod.Home_TC"/>
  <testcase name="main_Home_Page" time="20.747" classname="Adler_TestCases_Prod.Home"/>
  <testcase name="HomePage_Header_What_weDo" time="7.09" classname="Credit_Global_Test_Cases_Prod.Home_TC"/>
  <testcase name="HomePage_Header_login" time="11.722" classname="Credit_Global_Test_Cases_Prod.Home_TC"/>
  <testcase name="AUW_Facebook" time="16.733" classname="Careers_Test_case_Prod.Footer"/>
  <testcase name="AUW_Instagram" time="8.214" classname="Careers_Test_case_Prod.Footer"/>
  <testcase name="AUW_Linkedin" time="7.995" classname="Careers_Test_case_Prod.Footer"/>
  <testcase name="main_Home_Page" time="121.6" classname="Adler_TestCases_Prod.News"/>
  <testcase name="AUW_Policy" time="30.039" classname="Careers_Test_case_Prod.Footer">
    <failure type="org.openqa.selenium.NoSuchElementException" message="Unable to locate element: //*[@alt=&amp;apos;linkedin&amp;apos;]
For documentation on this error, please visit: https://www.seleniumhq.org/exceptions/no_such_element.html
Build info: version: &amp;apos;3.141.59&amp;apos;, revision: &amp;apos;e82be7d358&amp;apos;, time: &amp;apos;2018-11-14T08:17:03&amp;apos;
System info: host: &amp;apos;DESKTOP-N7K85DJ&amp;apos;, ip: &amp;apos;192.168.1.3&amp;apos;, os.name: &amp;apos;Windows 10&amp;apos;, os.arch: &amp;apos;amd64&amp;apos;, os.version: &amp;apos;10.0&amp;apos;, java.version: &amp;apos;1.8.0_291&amp;apos;
Driver info: org.openqa.selenium.firefox.FirefoxDriver
Capabilities {acceptInsecureCerts: true, browserName: firefox, browserVersion: 96.0.3, javascriptEnabled: true, moz:accessibilityChecks: false, moz:buildID: 20220126154723, moz:geckodriverVersion: 0.30.0, moz:headless: false, moz:processID: 19544, moz:profile: C:\Users\Sweta\AppData\Loca..., moz:shutdownTimeout: 60000, moz:useNonSpecCompliantPointerOrigin: false, moz:webdriverClick: true, pageLoadStrategy: normal, platform: WINDOWS, platformName: WINDOWS, platformVersion: 10.0, proxy: Proxy(), setWindowRect: true, strictFileInteractability: false, timeouts: {implicit: 0, pageLoad: 300000, script: 30000}, unhandledPromptBehavior: dismiss and notify}
Session ID: b94f5341-81fd-4a26-a610-36379a628852
*** Element info: {Using=xpath, value=//*[@alt=&amp;apos;linkedin&amp;apos;]}">
      <![CDATA[org.openqa.selenium.NoSuchElementException: Unable to locate element: //*[@alt='linkedin']
For documentation on this error, please visit: https://www.seleniumhq.org/exceptions/no_such_element.html
Build info: version: '3.141.59', revision: 'e82be7d358', time: '2018-11-14T08:17:03'
System info: host: 'DESKTOP-N7K85DJ', ip: '192.168.1.3', os.name: 'Windows 10', os.arch: 'amd64', os.version: '10.0', java.version: '1.8.0_291'
Driver info: org.openqa.selenium.firefox.FirefoxDriver
Capabilities {acceptInsecureCerts: true, browserName: firefox, browserVersion: 96.0.3, javascriptEnabled: true, moz:accessibilityChecks: false, moz:buildID: 20220126154723, moz:geckodriverVersion: 0.30.0, moz:headless: false, moz:processID: 19544, moz:profile: C:\Users\Sweta\AppData\Loca..., moz:shutdownTimeout: 60000, moz:useNonSpecCompliantPointerOrigin: false, moz:webdriverClick: true, pageLoadStrategy: normal, platform: WINDOWS, platformName: WINDOWS, platformVersion: 10.0, proxy: Proxy(), setWindowRect: true, strictFileInteractability: false, timeouts: {implicit: 0, pageLoad: 300000, script: 30000}, unhandledPromptBehavior: dismiss and notify}
Session ID: b94f5341-81fd-4a26-a610-36379a628852
*** Element info: {Using=xpath, value=//*[@alt='linkedin']}
	at org.openqa.selenium.remote.http.W3CHttpResponseCodec.createException(W3CHttpResponseCodec.java:187)
	at org.openqa.selenium.remote.http.W3CHttpResponseCodec.decode(W3CHttpResponseCodec.java:122)
	at org.openqa.selenium.remote.http.W3CHttpResponseCodec.decode(W3CHttpResponseCodec.java:49)
	at org.openqa.selenium.remote.HttpCommandExecutor.execute(HttpCommandExecutor.java:158)
	at org.openqa.selenium.remote.service.DriverCommandExecutor.execute(DriverCommandExecutor.java:83)
	at org.openqa.selenium.remote.RemoteWebDriver.execute(RemoteWebDriver.java:552)
	at org.openqa.selenium.remote.RemoteWebDriver.findElement(RemoteWebDriver.java:323)
	at org.openqa.selenium.remote.RemoteWebDriver.findElementByXPath(RemoteWebDriver.java:428)
	at org.openqa.selenium.By$ByXPath.findElement(By.java:353)
	at org.openqa.selenium.remote.RemoteWebDriver.findElement(RemoteWebDriver.java:315)
	at Careers_Pages.Home_page.PrivacyPolicy(Home_page.java:161)
	at Careers_Test_case_Prod.Footer.AUW_Policy(Footer.java:75)
	at java.util.concurrent.ThreadPoolExecutor.runWorker(ThreadPoolExecutor.java:1149)
	at java.util.concurrent.ThreadPoolExecutor$Worker.run(ThreadPoolExecutor.java:624)
	at java.lang.Thread.run(Thread.java:748)
... Removed 14 stack frames]]>
    </failure>
  </testcase> <!-- AUW_Policy -->
  <testcase name="AUW_twitter" time="10.641" classname="Careers_Test_case_Prod.Footer"/>
  <testcase name="Footer" time="48.755" classname="Solution_one_Prod.Footer_Production"/>
  <testcase name="Footer_Facebook" time="26.285" classname="JumboGC_Test_case_prod.Header_footer"/>
  <testcase name="Home_page" time="32.152" classname="Warranty_Test_Case_Prod.About_US"/>
  <testcase name="Footer_Instagram" time="25.5" classname="JumboGC_Test_case_prod.Header_footer"/>
  <testcase name="ContactUS" time="38.871" classname="Warranty_Test_Case_Prod.Contact_US"/>
  <testcase name="Footer_Privacy" time="35.922" classname="JumboGC_Test_case_prod.Header_footer"/>
  <testcase name="partner" time="10.982" classname="Warranty_Test_Case_Prod.Partner_With_US"/>
  <testcase name="Footer_linkedIN" time="25.557" classname="JumboGC_Test_case_prod.Header_footer"/>
  <testcase name="Header_Login" time="20.343" classname="JumboGC_Test_case_prod.Header_footer"/>
  <testcase name="Partner1" time="67.756" classname="Warranty_Test_Case_Prod.Our_Partner"/>
  <testcase name="Partner2" time="66.794" classname="Warranty_Test_Case_Prod.Our_Partner"/>
  <testcase name="Home_page" time="263.468" classname="Warranty_Test_Case_Prod.HomePage_Testcase"/>
  <testcase name="Partner3" time="65.563" classname="Warranty_Test_Case_Prod.Our_Partner"/>
  <testcase name="HomePage" time="64.649" classname="Casuality_Prod_TC.Home_page"/>
  <testcase name="Partner4" time="68.167" classname="Warranty_Test_Case_Prod.Our_Partner"/>
  <testcase name="HomePage" time="44.873" classname="Casuality_Prod_TC.Menu_About_US"/>
  <testcase name="HomePage" time="21.799" classname="Casuality_Prod_TC.Menu_Contact_Us"/>
  <testcase name="Partner5" time="66.955" classname="Warranty_Test_Case_Prod.Our_Partner"/>
  <testcase name="Carriers" time="33.825" classname="Casuality_Prod_TC.Menu_Our_Carriers"/>
  <testcase name="Partner6" time="66.024" classname="Warranty_Test_Case_Prod.Our_Partner"/>
  <testcase name="HomePage" time="53.39" classname="Casuality_Prod_TC.Menu_Press_Room"/>
  <testcase name="main_Home_Page" time="46.185" classname="Pinnacle_Test_Cases_Production.HomePage_TC"/>
  <testcase name="WhatsNew" time="81.691" classname="Pinnacle_Test_Cases_Production.WatsNew"/>
</testsuite> <!-- Firefox_Prod -->
