<?xml version="1.0" encoding="UTF-8"?>
<!-- Generated by org.testng.reporters.JUnitXMLReporter -->
<testsuite hostname="DESKTOP-N7K85DJ" name="Firefox_Developmet" tests="54" failures="0" timestamp="16 Dec 2021 13:45:33 GMT" time="3893.678" errors="0">
  <testcase name="main" time="287.763" classname="AUW_Test_Case_dev.AUW_Experience"/>
  <testcase name="main" time="54.158" classname="AUW_Test_Case_dev.AUW_header_web_Development"/>
  <testcase name="AUW_Footer" time="75.328" classname="AUW_Test_Case_dev.AUW_Footer_Development"/>
  <testcase name="AboutUS" time="66.979" classname="AUW_Test_Case_dev.AUW_AboutUS"/>
  <testcase name="main" time="18.973" classname="AUW_Test_Case_dev.AUW_PPP"/>
  <testcase name="main" time="44.271" classname="AUW_Test_Case_dev.AUW_CallUpdate"/>
  <testcase name="main" time="41.877" classname="AUW_Test_Case_dev.AUW_NJ_Update"/>
  <testcase name="main" time="83.708" classname="AUW_Test_Case_dev.AUW_Intelligence_TC"/>
  <testcase name="Practices_AgentsBrokers" time="53.556" classname="AUW_Test_Case_dev.Practices_AgentsBrokers"/>
  <testcase name="Practices_CustomerSeekingCoverage" time="227.273" classname="AUW_Test_Case_dev.Practices_CustomerSeekingCoverage"/>
  <testcase name="LearnMore" time="14.511" classname="AUW_Global_Test_Cases_Development.LearnMore_TC"/>
  <testcase name="HomePage" time="10.568" classname="AUW_Global_Test_Cases_Development.Home_Page_TC"/>
  <testcase name="Footer" time="56.146" classname="Promesa_Test_Case_Development.Footer"/>
  <testcase name="Side_Heading_One" time="123.478" classname="Promesa_Test_Case_Development.Pharmacy_search"/>
  <testcase name="Change_Language" time="5.954" classname="Promesa_Test_Case_Development.Change_language"/>
  <testcase name="Footer" time="18.118" classname="Speciality_underwriters_Test_Case_Dev.Contact_US_TC"/>
  <testcase name="Footer" time="11.883" classname="Speciality_underwriters_Test_Case_Dev.About_Us"/>
  <testcase name="Footer" time="36.678" classname="Speciality_underwriters_Test_Case_Dev.What_We_offer"/>
  <testcase name="Footer" time="15.844" classname="Speciality_underwriters_Test_Case_Dev.Home_TC"/>
  <testcase name="ContactUs_Page" time="21.03" classname="AFL_Test_Cases_Dev.ContactUS_OutsideUS_dev"/>
  <testcase name="main_Home_Page" time="26.565" classname="AFL_Test_Cases_Dev.AboutUS_OutsideUS_dev"/>
  <testcase name="Footer" time="264.319" classname="AFL_Test_Cases_Dev.What_We_offer_OutSideUs_dev"/>
  <testcase name="Footer" time="70.377" classname="AFL_Test_Cases_Dev.Footer_TC_dev"/>
  <testcase name="Home_Page" time="122.23" classname="AFL_Test_Cases_Dev.HomePage_TC_dev"/>
  <testcase name="main_Home_Page" time="18.871" classname="Adler_TestCases_Development.Home"/>
  <testcase name="main_Home_Page" time="193.003" classname="Adler_TestCases_Development.News"/>
  <testcase name="Comprehensive" time="40.595" classname="Tradewel_Test_Cases_Development.Comprehensive_Protection_FF"/>
  <testcase name="main_Home_Page" time="32.774" classname="Tradewel_Test_Cases_Development.About_US"/>
  <testcase name="AUW_Footer" time="64.907" classname="Careers_Test_case_Development.Footer"/>
  <testcase name="WhatsNew" time="84.726" classname="Pinnacle_Test_Cases_Development.WatsNew"/>
  <testcase name="main_Home_Page" time="46.434" classname="Pinnacle_Test_Cases_Development.HomePage_TC"/>
  <testcase name="HomePage_Header_ContactUS_btn" time="15.636" classname="Credit_Global_Test_Cases_Dev.Home_TC"/>
  <testcase name="HomePage_Header_Our_approach" time="19.478" classname="Credit_Global_Test_Cases_Dev.Home_TC"/>
  <testcase name="HomePage_Header_What_weDo" time="8.471" classname="Credit_Global_Test_Cases_Dev.Home_TC"/>
  <testcase name="HomePage_Header_login" time="19.798" classname="Credit_Global_Test_Cases_Dev.Home_TC"/>
  <testcase name="HomePage_Header_login" time="18.78" classname="Credit_Global_Test_Cases_Dev.Forgot_Password"/>
  <testcase name="HomePage_Header_login" time="35.773" classname="Credit_Global_Test_Cases_Dev.What_we_Do_TC"/>
  <testcase name="Home_page" time="263.967" classname="Warranty_Test_Case_Dev.HomePage_Testcase"/>
  <testcase name="ContactUS" time="38.268" classname="Warranty_Test_Case_Dev.Contact_US"/>
  <testcase name="Partner1" time="68.499" classname="Warranty_Test_Case_Dev.Our_Partner"/>
  <testcase name="Partner2" time="63.601" classname="Warranty_Test_Case_Dev.Our_Partner"/>
  <testcase name="Partner3" time="64.021" classname="Warranty_Test_Case_Dev.Our_Partner"/>
  <testcase name="Partner4" time="67.82" classname="Warranty_Test_Case_Dev.Our_Partner"/>
  <testcase name="Partner5" time="63.441" classname="Warranty_Test_Case_Dev.Our_Partner"/>
  <testcase name="Partner6" time="63.329" classname="Warranty_Test_Case_Dev.Our_Partner"/>
  <testcase name="partner" time="10.81" classname="Warranty_Test_Case_Dev.Partner_With_US"/>
  <testcase name="Home_page" time="32.031" classname="Warranty_Test_Case_Dev.About_US"/>
  <testcase name="NewsEvents" time="136.143" classname="Warranty_Test_Case_Dev.NewsEvents"/>
  <testcase name="Footer" time="48.867" classname="Solution_one_Development.Footer_Develop"/>
  <testcase name="Footer_Facebook" time="25.514" classname="JumboGC_Test_case_Devlopment.Header_footer"/>
  <testcase name="Footer_Instagram" time="25.574" classname="JumboGC_Test_case_Devlopment.Header_footer"/>
  <testcase name="Footer_Privacy" time="35.966" classname="JumboGC_Test_case_Devlopment.Header_footer"/>
  <testcase name="Footer_linkedIN" time="25.772" classname="JumboGC_Test_case_Devlopment.Header_footer"/>
  <testcase name="Header_Login" time="20.28" classname="JumboGC_Test_case_Devlopment.Header_footer"/>
</testsuite> <!-- Firefox_Developmet -->
