<?xml version="1.0" encoding="UTF-8"?>
<!-- Generated by org.testng.reporters.JUnitXMLReporter -->
<testsuite hostname="DESKTOP-N7K85DJ" name="Firefox_Prod" tests="81" failures="0" timestamp="22 Mar 2022 09:50:22 GMT" time="2452.199" errors="0">
  <testcase name="main" time="38.765" classname="AUW_Test_case_prod.AUW_CallUpdate"/>
  <testcase name="AboutUS" time="64.419" classname="AUW_Test_case_prod.AUW_AboutUS"/>
  <testcase name="main" time="80.812" classname="AUW_Test_case_prod.AUW_Intelligence_TC"/>
  <testcase name="AUW_Footer" time="77.018" classname="AUW_Test_case_prod.AUW_Footer_Prod"/>
  <testcase name="main" time="58.998" classname="AUW_Test_case_prod.AUW_Heartwood"/>
  <testcase name="main" time="40.409" classname="AUW_Test_case_prod.AUW_NJ_Update"/>
  <testcase name="main" time="47.194" classname="AUW_Test_case_prod.AUW_header_web_Prod"/>
  <testcase name="main" time="17.055" classname="AUW_Test_case_prod.AUW_PPP"/>
  <testcase name="Practices_AgentsBrokers" time="53.18" classname="AUW_Test_case_prod.Practices_AgentsBrokers"/>
  <testcase name="main" time="306.739" classname="AUW_Test_case_prod.AUW_Experience"/>
  <testcase name="LearnMore" time="12.842" classname="AUW_Global_Test_Cases_Prod.LearnMore_TC"/>
  <testcase name="HomePage" time="16.472" classname="AUW_Global_Test_Cases_Prod.Home_Page_TC"/>
  <testcase name="Practices_CustomerSeekingCoverage" time="214.832" classname="AUW_Test_case_prod.Practices_CustomerSeekingCoverage"/>
  <testcase name="Change_Language" time="2.678" classname="Promesa_Test_Case_Prod.Change_language"/>
  <testcase name="Footer_PrivacyPolicy" time="19.802" classname="Promesa_Test_Case_Prod.Footer"/>
  <testcase name="Footer_facebook" time="19.015" classname="Promesa_Test_Case_Prod.Footer"/>
  <testcase name="Footer_instagram" time="6.464" classname="Promesa_Test_Case_Prod.Footer"/>
  <testcase name="Footer_linkedin" time="6.512" classname="Promesa_Test_Case_Prod.Footer"/>
  <testcase name="Side_Heading_One" time="123.463" classname="Promesa_Test_Case_Prod.Pharmacy_search"/>
  <testcase name="Footer_twitter" time="6.541" classname="Promesa_Test_Case_Prod.Footer"/>
  <testcase name="Heading1" time="32.727" classname="MTL_Test_Cases_Prod.What_we_offer1_TC"/>
  <testcase name="More_offers" time="40.159" classname="MTL_Test_Cases_Prod.More_offers_TC"/>
  <testcase name="Heading10" time="35.377" classname="MTL_Test_Cases_Prod.What_we_offer1_TC"/>
  <testcase name="Footer" time="38.921" classname="MTL_Test_Cases_Prod.Home_URL"/>
  <testcase name="Heading11" time="50.537" classname="MTL_Test_Cases_Prod.What_we_offer1_TC"/>
  <testcase name="Heading2" time="36.113" classname="MTL_Test_Cases_Prod.What_we_offer1_TC"/>
  <testcase name="Heading" time="80.216" classname="MTL_Test_Cases_Prod.What_we_offer_URL_TC"/>
  <testcase name="Footer" time="16.697" classname="Speciality_underwriters_Test_Case_Prod.Contact_US_TC"/>
  <testcase name="Footer" time="9.27" classname="Speciality_underwriters_Test_Case_Prod.About_Us"/>
  <testcase name="Heading3" time="36.583" classname="MTL_Test_Cases_Prod.What_we_offer1_TC"/>
  <testcase name="Footer" time="34.062" classname="Speciality_underwriters_Test_Case_Prod.What_We_offer"/>
  <testcase name="Heading4" time="35.784" classname="MTL_Test_Cases_Prod.What_we_offer1_TC"/>
  <testcase name="Footer" time="16.413" classname="Speciality_underwriters_Test_Case_Prod.Home_TC"/>
  <testcase name="Heading5" time="35.891" classname="MTL_Test_Cases_Prod.What_we_offer1_TC"/>
  <testcase name="Heading6" time="35.381" classname="MTL_Test_Cases_Prod.What_we_offer1_TC"/>
  <testcase name="Heading7" time="35.642" classname="MTL_Test_Cases_Prod.What_we_offer1_TC"/>
  <testcase name="Heading8" time="36.202" classname="MTL_Test_Cases_Prod.What_we_offer1_TC"/>
  <testcase name="Heading9" time="35.29" classname="MTL_Test_Cases_Prod.What_we_offer1_TC"/>
  <testcase name="Footer" time="255.903" classname="AFL_Test_Case_Prod.What_We_offer_OutSideUs"/>
  <testcase name="Footer" time="65.947" classname="AFL_Test_Case_Prod.Footer_TC"/>
  <testcase name="ContactUs_Page" time="28.443" classname="AFL_Test_Case_Prod.ContactUS_OutsideUS"/>
  <testcase name="Home_Page" time="173.03" classname="AFL_Test_Case_Prod.HomePage_TC"/>
  <testcase name="main_Home_Page" time="23.06" classname="AFL_Test_Case_Prod.AboutUS_OutsideUS"/>
  <testcase name="HomePage_Header_login" time="7.611" classname="Credit_Global_Test_Cases_Prod.Forgot_Password"/>
  <testcase name="HomePage_Header_login" time="28.002" classname="Credit_Global_Test_Cases_Prod.What_we_Do_TC"/>
  <testcase name="HomePage_Header_ContactUS_btn" time="12.643" classname="Credit_Global_Test_Cases_Prod.Home_TC"/>
  <testcase name="main_Home_Page" time="19.595" classname="Adler_TestCases_Prod.Home"/>
  <testcase name="HomePage_Header_Our_approach" time="11.226" classname="Credit_Global_Test_Cases_Prod.Home_TC"/>
  <testcase name="HomePage_Header_What_weDo" time="7.131" classname="Credit_Global_Test_Cases_Prod.Home_TC"/>
  <testcase name="HomePage_Header_login" time="11.101" classname="Credit_Global_Test_Cases_Prod.Home_TC"/>
  <testcase name="AUW_Facebook" time="16.377" classname="Careers_Test_case_Prod.Footer"/>
  <testcase name="AUW_Instagram" time="7.936" classname="Careers_Test_case_Prod.Footer"/>
  <testcase name="AUW_Linkedin" time="8.227" classname="Careers_Test_case_Prod.Footer"/>
  <testcase name="main_Home_Page" time="119.797" classname="Adler_TestCases_Prod.News"/>
  <testcase name="AUW_Policy" time="24.381" classname="Careers_Test_case_Prod.Footer"/>
  <testcase name="AUW_twitter" time="12.571" classname="Careers_Test_case_Prod.Footer"/>
  <testcase name="Footer" time="55.602" classname="Solution_one_Prod.Footer_Production"/>
  <testcase name="Footer_Facebook" time="26.373" classname="JumboGC_Test_case_prod.Header_footer"/>
  <testcase name="Home_page" time="32.193" classname="Warranty_Test_Case_Prod.About_US"/>
  <testcase name="Footer_Instagram" time="25.508" classname="JumboGC_Test_case_prod.Header_footer"/>
  <testcase name="ContactUS" time="38.962" classname="Warranty_Test_Case_Prod.Contact_US"/>
  <testcase name="Footer_Privacy" time="37.075" classname="JumboGC_Test_case_prod.Header_footer"/>
  <testcase name="partner" time="11.3" classname="Warranty_Test_Case_Prod.Partner_With_US"/>
  <testcase name="Footer_linkedIN" time="26.16" classname="JumboGC_Test_case_prod.Header_footer"/>
  <testcase name="Header_Login" time="20.248" classname="JumboGC_Test_case_prod.Header_footer"/>
  <testcase name="Partner1" time="65.987" classname="Warranty_Test_Case_Prod.Our_Partner"/>
  <testcase name="Partner2" time="65.836" classname="Warranty_Test_Case_Prod.Our_Partner"/>
  <testcase name="Home_page" time="260.548" classname="Warranty_Test_Case_Prod.HomePage_Testcase"/>
  <testcase name="Partner3" time="66.051" classname="Warranty_Test_Case_Prod.Our_Partner"/>
  <testcase name="HomePage" time="63.467" classname="Casuality_Prod_TC.Home_page"/>
  <testcase name="Partner4" time="66.188" classname="Warranty_Test_Case_Prod.Our_Partner"/>
  <testcase name="HomePage" time="43.937" classname="Casuality_Prod_TC.Menu_About_US"/>
  <testcase name="Partner5" time="64.93" classname="Warranty_Test_Case_Prod.Our_Partner"/>
  <testcase name="HomePage" time="21.421" classname="Casuality_Prod_TC.Menu_Contact_Us"/>
  <testcase name="Carriers" time="33.662" classname="Casuality_Prod_TC.Menu_Our_Carriers"/>
  <testcase name="Partner6" time="64.617" classname="Warranty_Test_Case_Prod.Our_Partner"/>
  <testcase name="HomePage" time="53.409" classname="Casuality_Prod_TC.Menu_Press_Room"/>
  <testcase name="main_Home_Page" time="46.373" classname="Pinnacle_Test_Cases_Production.HomePage_TC"/>
  <testcase name="main_Home_Page" time="31.325" classname="Tradewel_Test_Cases_Production.About_US"/>
  <testcase name="WhatsNew" time="83.633" classname="Pinnacle_Test_Cases_Production.WatsNew"/>
  <testcase name="Comprehensive" time="39.285" classname="Tradewel_Test_Cases_Production.Comprehensive_Protection_FF"/>
</testsuite> <!-- Firefox_Prod -->
