<?xml version="1.0" encoding="UTF-8"?>
<!-- Generated by org.testng.reporters.JUnitXMLReporter -->
<testsuite hostname="DESKTOP-N7K85DJ" name="Firefox_Developmet" tests="59" failures="3" timestamp="28 Feb 2022 07:58:37 GMT" time="1567.84" errors="0">
  <testcase name="@AfterMethod tearDown" time="0.0" classname="Solution_one_Development.Footer_Develop">
    <failure type="org.openqa.selenium.NoSuchSessionException" message="Tried to run command without establishing a connection
Build info: version: &amp;apos;3.141.59&amp;apos;, revision: &amp;apos;e82be7d358&amp;apos;, time: &amp;apos;2018-11-14T08:17:03&amp;apos;
System info: host: &amp;apos;DESKTOP-N7K85DJ&amp;apos;, ip: &amp;apos;192.168.1.4&amp;apos;, os.name: &amp;apos;Windows 10&amp;apos;, os.arch: &amp;apos;amd64&amp;apos;, os.version: &amp;apos;10.0&amp;apos;, java.version: &amp;apos;1.8.0_291&amp;apos;
Driver info: org.openqa.selenium.firefox.FirefoxDriver
Capabilities {acceptInsecureCerts: true, browserName: firefox, browserVersion: 96.0.3, javascriptEnabled: true, moz:accessibilityChecks: false, moz:buildID: 20220126154723, moz:geckodriverVersion: 0.30.0, moz:headless: false, moz:processID: 18408, moz:profile: C:\Users\Sweta\AppData\Loca..., moz:shutdownTimeout: 60000, moz:useNonSpecCompliantPointerOrigin: false, moz:webdriverClick: true, pageLoadStrategy: normal, platform: WINDOWS, platformName: WINDOWS, platformVersion: 10.0, proxy: Proxy(), setWindowRect: true, strictFileInteractability: false, timeouts: {implicit: 0, pageLoad: 300000, script: 30000}, unhandledPromptBehavior: dismiss and notify}
Session ID: cdd32708-bae4-4bce-8d89-44cc7fd0d3ab">
      <![CDATA[org.openqa.selenium.NoSuchSessionException: Tried to run command without establishing a connection
Build info: version: '3.141.59', revision: 'e82be7d358', time: '2018-11-14T08:17:03'
System info: host: 'DESKTOP-N7K85DJ', ip: '192.168.1.4', os.name: 'Windows 10', os.arch: 'amd64', os.version: '10.0', java.version: '1.8.0_291'
Driver info: org.openqa.selenium.firefox.FirefoxDriver
Capabilities {acceptInsecureCerts: true, browserName: firefox, browserVersion: 96.0.3, javascriptEnabled: true, moz:accessibilityChecks: false, moz:buildID: 20220126154723, moz:geckodriverVersion: 0.30.0, moz:headless: false, moz:processID: 18408, moz:profile: C:\Users\Sweta\AppData\Loca..., moz:shutdownTimeout: 60000, moz:useNonSpecCompliantPointerOrigin: false, moz:webdriverClick: true, pageLoadStrategy: normal, platform: WINDOWS, platformName: WINDOWS, platformVersion: 10.0, proxy: Proxy(), setWindowRect: true, strictFileInteractability: false, timeouts: {implicit: 0, pageLoad: 300000, script: 30000}, unhandledPromptBehavior: dismiss and notify}
Session ID: cdd32708-bae4-4bce-8d89-44cc7fd0d3ab
	at org.openqa.selenium.remote.http.W3CHttpResponseCodec.createException(W3CHttpResponseCodec.java:187)
	at org.openqa.selenium.remote.http.W3CHttpResponseCodec.decode(W3CHttpResponseCodec.java:122)
	at org.openqa.selenium.remote.http.W3CHttpResponseCodec.decode(W3CHttpResponseCodec.java:49)
	at org.openqa.selenium.remote.HttpCommandExecutor.execute(HttpCommandExecutor.java:158)
	at org.openqa.selenium.remote.service.DriverCommandExecutor.execute(DriverCommandExecutor.java:83)
	at org.openqa.selenium.remote.RemoteWebDriver.execute(RemoteWebDriver.java:552)
	at org.openqa.selenium.remote.RemoteWebDriver.execute(RemoteWebDriver.java:609)
	at org.openqa.selenium.remote.RemoteWebDriver.quit(RemoteWebDriver.java:452)
	at Solution_one_Development.Base_class_Development.tearDown(Base_class_Development.java:103)
	at java.util.concurrent.ThreadPoolExecutor.runWorker(ThreadPoolExecutor.java:1149)
	at java.util.concurrent.ThreadPoolExecutor$Worker.run(ThreadPoolExecutor.java:624)
	at java.lang.Thread.run(Thread.java:748)
... Removed 16 stack frames]]>
    </failure>
  </testcase> <!-- @AfterMethod tearDown -->
  <testcase name="main" time="49.042" classname="AUW_Test_Case_dev.AUW_header_web_Development"/>
  <testcase name="AboutUS" time="74.252" classname="AUW_Test_Case_dev.AUW_AboutUS">
    <failure type="java.lang.AssertionError" message="expected [https://develop--auw.netlify.app/covid-19-service-alert] but found [about:blank]">
      <![CDATA[java.lang.AssertionError: expected [https://develop--auw.netlify.app/covid-19-service-alert] but found [about:blank]
	at AUW_Pages.About_Us.Covid_alert(About_Us.java:403)
	at AUW_Test_Case_dev.AUW_AboutUS.AboutUS(AUW_AboutUS.java:34)
	at java.util.concurrent.ThreadPoolExecutor.runWorker(ThreadPoolExecutor.java:1149)
	at java.util.concurrent.ThreadPoolExecutor$Worker.run(ThreadPoolExecutor.java:624)
	at java.lang.Thread.run(Thread.java:748)
... Removed 15 stack frames]]>
    </failure>
  </testcase> <!-- AboutUS -->
  <testcase name="AUW_Footer" time="85.519" classname="AUW_Test_Case_dev.AUW_Footer_Development"/>
  <testcase name="main" time="20.473" classname="AUW_Test_Case_dev.AUW_PPP"/>
  <testcase name="main" time="51.152" classname="AUW_Test_Case_dev.AUW_CallUpdate"/>
  <testcase name="main" time="44.389" classname="AUW_Test_Case_dev.AUW_NJ_Update"/>
  <testcase name="main" time="89.084" classname="AUW_Test_Case_dev.AUW_Intelligence_TC"/>
  <testcase name="LearnMore" time="16.245" classname="AUW_Global_Test_Cases_Development.LearnMore_TC"/>
  <testcase name="Practices_AgentsBrokers" time="71.597" classname="AUW_Test_Case_dev.Practices_AgentsBrokers"/>
  <testcase name="HomePage" time="11.107" classname="AUW_Global_Test_Cases_Development.Home_Page_TC">
    <failure type="java.lang.AssertionError" message="expected [https://develop--auw-global.netlify.app/] but found [https://develop--auw-global.netlify.app/about]">
      <![CDATA[java.lang.AssertionError: expected [https://develop--auw-global.netlify.app/] but found [https://develop--auw-global.netlify.app/about]
	at AUW_Global_Test_Cases_Development.Home_Page_TC.HomePage(Home_Page_TC.java:39)
	at java.util.concurrent.ThreadPoolExecutor.runWorker(ThreadPoolExecutor.java:1149)
	at java.util.concurrent.ThreadPoolExecutor$Worker.run(ThreadPoolExecutor.java:624)
	at java.lang.Thread.run(Thread.java:748)
... Removed 15 stack frames]]>
    </failure>
  </testcase> <!-- HomePage -->
  <testcase name="main" time="314.067" classname="AUW_Test_Case_dev.AUW_Experience"/>
  <testcase name="Footer" time="65.971" classname="Promesa_Test_Case_Development.Footer"/>
  <testcase name="Change_Language" time="4.121" classname="Promesa_Test_Case_Development.Change_language"/>
  <testcase name="Footer" time="12.027" classname="Speciality_underwriters_Test_Case_Dev.About_Us"/>
  <testcase name="Footer" time="18.39" classname="Speciality_underwriters_Test_Case_Dev.Contact_US_TC"/>
  <testcase name="Side_Heading_One" time="124.014" classname="Promesa_Test_Case_Development.Pharmacy_search"/>
  <testcase name="Footer" time="16.521" classname="Speciality_underwriters_Test_Case_Dev.Home_TC"/>
  <testcase name="Footer" time="40.588" classname="Speciality_underwriters_Test_Case_Dev.What_We_offer"/>
  <testcase name="ContactUs_Page" time="30.095" classname="AFL_Test_Cases_Dev.ContactUS_OutsideUS_dev"/>
  <testcase name="Practices_CustomerSeekingCoverage" time="243.991" classname="AUW_Test_Case_dev.Practices_CustomerSeekingCoverage"/>
  <testcase name="main_Home_Page" time="30.266" classname="AFL_Test_Cases_Dev.AboutUS_OutsideUS_dev"/>
  <testcase name="main_Home_Page" time="22.142" classname="Adler_TestCases_Development.Home"/>
  <testcase name="Footer" time="86.723" classname="AFL_Test_Cases_Dev.Footer_TC_dev"/>
  <testcase name="Home_Page" time="149.689" classname="AFL_Test_Cases_Dev.HomePage_TC_dev"/>
  <testcase name="Comprehensive" time="43.476" classname="Tradewel_Test_Cases_Development.Comprehensive_Protection_FF"/>
  <testcase name="main_Home_Page" time="147.052" classname="Adler_TestCases_Development.News"/>
  <testcase name="main_Home_Page" time="35.993" classname="Tradewel_Test_Cases_Development.About_US"/>
  <testcase name="Footer" time="316.648" classname="AFL_Test_Cases_Dev.What_We_offer_OutSideUs_dev"/>
  <testcase name="main_Home_Page" time="50.829" classname="Pinnacle_Test_Cases_Development.HomePage_TC"/>
  <testcase name="HomePage_Header_ContactUS_btn" time="21.594" classname="Credit_Global_Test_Cases_Dev.Home_TC"/>
  <testcase name="AUW_Footer" time="163.081" classname="Careers_Test_case_Development.Footer"/>
  <testcase name="HomePage_Header_login" time="9.322" classname="Credit_Global_Test_Cases_Dev.Forgot_Password"/>
  <testcase name="WhatsNew" time="112.708" classname="Pinnacle_Test_Cases_Development.WatsNew"/>
  <testcase name="HomePage_Header_Our_approach" time="14.709" classname="Credit_Global_Test_Cases_Dev.Home_TC"/>
  <testcase name="HomePage_Header_login" time="31.462" classname="Credit_Global_Test_Cases_Dev.What_we_Do_TC"/>
  <testcase name="HomePage_Header_What_weDo" time="8.955" classname="Credit_Global_Test_Cases_Dev.Home_TC"/>
  <testcase name="ContactUS" time="48.77" classname="Warranty_Test_Case_Dev.Contact_US"/>
  <testcase name="HomePage_Header_login" time="13.704" classname="Credit_Global_Test_Cases_Dev.Home_TC"/>
  <testcase name="partner" time="12.673" classname="Warranty_Test_Case_Dev.Partner_With_US"/>
  <testcase name="Partner1" time="92.609" classname="Warranty_Test_Case_Dev.Our_Partner"/>
  <testcase name="Home_page" time="33.37" classname="Warranty_Test_Case_Dev.About_US"/>
  <testcase name="Footer" time="44.063" classname="Solution_one_Development.Footer_Develop">
    <failure type="org.openqa.selenium.WebDriverException" message="Failed to decode response from marionette
Build info: version: &amp;apos;3.141.59&amp;apos;, revision: &amp;apos;e82be7d358&amp;apos;, time: &amp;apos;2018-11-14T08:17:03&amp;apos;
System info: host: &amp;apos;DESKTOP-N7K85DJ&amp;apos;, ip: &amp;apos;192.168.1.4&amp;apos;, os.name: &amp;apos;Windows 10&amp;apos;, os.arch: &amp;apos;amd64&amp;apos;, os.version: &amp;apos;10.0&amp;apos;, java.version: &amp;apos;1.8.0_291&amp;apos;
Driver info: org.openqa.selenium.firefox.FirefoxDriver
Capabilities {acceptInsecureCerts: true, browserName: firefox, browserVersion: 96.0.3, javascriptEnabled: true, moz:accessibilityChecks: false, moz:buildID: 20220126154723, moz:geckodriverVersion: 0.30.0, moz:headless: false, moz:processID: 18408, moz:profile: C:\Users\Sweta\AppData\Loca..., moz:shutdownTimeout: 60000, moz:useNonSpecCompliantPointerOrigin: false, moz:webdriverClick: true, pageLoadStrategy: normal, platform: WINDOWS, platformName: WINDOWS, platformVersion: 10.0, proxy: Proxy(), setWindowRect: true, strictFileInteractability: false, timeouts: {implicit: 0, pageLoad: 300000, script: 30000}, unhandledPromptBehavior: dismiss and notify}
Session ID: cdd32708-bae4-4bce-8d89-44cc7fd0d3ab">
      <![CDATA[org.openqa.selenium.WebDriverException: Failed to decode response from marionette
Build info: version: '3.141.59', revision: 'e82be7d358', time: '2018-11-14T08:17:03'
System info: host: 'DESKTOP-N7K85DJ', ip: '192.168.1.4', os.name: 'Windows 10', os.arch: 'amd64', os.version: '10.0', java.version: '1.8.0_291'
Driver info: org.openqa.selenium.firefox.FirefoxDriver
Capabilities {acceptInsecureCerts: true, browserName: firefox, browserVersion: 96.0.3, javascriptEnabled: true, moz:accessibilityChecks: false, moz:buildID: 20220126154723, moz:geckodriverVersion: 0.30.0, moz:headless: false, moz:processID: 18408, moz:profile: C:\Users\Sweta\AppData\Loca..., moz:shutdownTimeout: 60000, moz:useNonSpecCompliantPointerOrigin: false, moz:webdriverClick: true, pageLoadStrategy: normal, platform: WINDOWS, platformName: WINDOWS, platformVersion: 10.0, proxy: Proxy(), setWindowRect: true, strictFileInteractability: false, timeouts: {implicit: 0, pageLoad: 300000, script: 30000}, unhandledPromptBehavior: dismiss and notify}
Session ID: cdd32708-bae4-4bce-8d89-44cc7fd0d3ab
	at org.openqa.selenium.remote.http.W3CHttpResponseCodec.createException(W3CHttpResponseCodec.java:187)
	at org.openqa.selenium.remote.http.W3CHttpResponseCodec.decode(W3CHttpResponseCodec.java:122)
	at org.openqa.selenium.remote.http.W3CHttpResponseCodec.decode(W3CHttpResponseCodec.java:49)
	at org.openqa.selenium.remote.HttpCommandExecutor.execute(HttpCommandExecutor.java:158)
	at org.openqa.selenium.remote.service.DriverCommandExecutor.execute(DriverCommandExecutor.java:83)
	at org.openqa.selenium.remote.RemoteWebDriver.execute(RemoteWebDriver.java:552)
	at org.openqa.selenium.remote.RemoteWebDriver.execute(RemoteWebDriver.java:609)
	at org.openqa.selenium.remote.RemoteWebDriver.close(RemoteWebDriver.java:442)
	at Solution_one_Pages.Home.Twitter(Home.java:108)
	at Solution_one_Development.Footer_Develop.Footer(Footer_Develop.java:16)
	at java.util.concurrent.ThreadPoolExecutor.runWorker(ThreadPoolExecutor.java:1149)
	at java.util.concurrent.ThreadPoolExecutor$Worker.run(ThreadPoolExecutor.java:624)
	at java.lang.Thread.run(Thread.java:748)
... Removed 14 stack frames]]>
    </failure>
  </testcase> <!-- Footer -->
  <testcase name="Partner2" time="97.257" classname="Warranty_Test_Case_Dev.Our_Partner"/>
  <testcase name="Home_page" time="297.917" classname="Warranty_Test_Case_Dev.HomePage_Testcase"/>
  <testcase name="NewsEvents" time="131.359" classname="Warranty_Test_Case_Dev.NewsEvents"/>
  <testcase name="Footer_Facebook" time="32.918" classname="JumboGC_Test_case_Devlopment.Header_footer"/>
  <testcase name="Footer_Instagram" time="27.042" classname="JumboGC_Test_case_Devlopment.Header_footer"/>
  <testcase name="Partner3" time="95.392" classname="Warranty_Test_Case_Dev.Our_Partner"/>
  <testcase name="HomePage" time="70.714" classname="Casuality_Dev_TC.Home_page"/>
  <testcase name="HomePage" time="60.359" classname="Casuality_Dev_TC.Menu_Press_Room"/>
  <testcase name="Footer_Privacy" time="53.442" classname="JumboGC_Test_case_Devlopment.Header_footer"/>
  <testcase name="HomePage" time="23.563" classname="Casuality_Dev_TC.Menu_Contact_Us"/>
  <testcase name="Carriers" time="40.99" classname="Casuality_Dev_TC.Menu_Our_Carriers"/>
  <testcase name="Partner4" time="90.103" classname="Warranty_Test_Case_Dev.Our_Partner"/>
  <testcase name="Footer_linkedIN" time="34.048" classname="JumboGC_Test_case_Devlopment.Header_footer"/>
  <testcase name="Header_Login" time="20.419" classname="JumboGC_Test_case_Devlopment.Header_footer"/>
  <testcase name="HomePage" time="75.161" classname="Casuality_Dev_TC.Menu_About_US"/>
  <testcase name="Partner5" time="73.642" classname="Warranty_Test_Case_Dev.Our_Partner"/>
  <testcase name="Partner6" time="73.612" classname="Warranty_Test_Case_Dev.Our_Partner"/>
</testsuite> <!-- Firefox_Developmet -->
