<?xml version="1.0" encoding="UTF-8"?>
<!-- Generated by org.testng.reporters.JUnitXMLReporter -->
<testsuite hostname="DESKTOP-N7K85DJ" name="Firefox_Prod" tests="71" failures="0" timestamp="25 Apr 2022 09:49:48 GMT" time="4448.823" errors="0">
  <testcase name="main" time="86.527" classname="AUW_Test_case_prod.AUW_CallUpdate"/>
  <testcase name="AboutUS" time="67.393" classname="AUW_Test_case_prod.AUW_AboutUS"/>
  <testcase name="main" time="80.717" classname="AUW_Test_case_prod.AUW_Intelligence_TC"/>
  <testcase name="AUW_Footer" time="73.735" classname="AUW_Test_case_prod.AUW_Footer_Prod"/>
  <testcase name="main" time="54.369" classname="AUW_Test_case_prod.AUW_Heartwood"/>
  <testcase name="main" time="38.592" classname="AUW_Test_case_prod.AUW_NJ_Update"/>
  <testcase name="main" time="334.881" classname="AUW_Test_case_prod.AUW_Experience"/>
  <testcase name="main" time="48.415" classname="AUW_Test_case_prod.AUW_header_web_Prod"/>
  <testcase name="main" time="16.427" classname="AUW_Test_case_prod.AUW_PPP"/>
  <testcase name="Practices_AgentsBrokers" time="53.319" classname="AUW_Test_case_prod.Practices_AgentsBrokers"/>
  <testcase name="Practices_CustomerSeekingCoverage" time="212.795" classname="AUW_Test_case_prod.Practices_CustomerSeekingCoverage"/>
  <testcase name="LearnMore" time="13.186" classname="AUW_Global_Test_Cases_Prod.LearnMore_TC"/>
  <testcase name="HomePage" time="14.949" classname="AUW_Global_Test_Cases_Prod.Home_Page_TC"/>
  <testcase name="Side_Heading_One" time="123.468" classname="Promesa_Test_Case_Prod.Pharmacy_search"/>
  <testcase name="Change_Language" time="2.24" classname="Promesa_Test_Case_Prod.Change_language"/>
  <testcase name="Footer_PrivacyPolicy" time="20.043" classname="Promesa_Test_Case_Prod.Footer"/>
  <testcase name="Footer_facebook" time="18.537" classname="Promesa_Test_Case_Prod.Footer"/>
  <testcase name="Footer_instagram" time="5.611" classname="Promesa_Test_Case_Prod.Footer"/>
  <testcase name="Footer_linkedin" time="6.295" classname="Promesa_Test_Case_Prod.Footer"/>
  <testcase name="Footer_twitter" time="6.043" classname="Promesa_Test_Case_Prod.Footer"/>
  <testcase name="Heading3" time="36.139" classname="MTL_Test_Cases_Prod.What_we_offer1_TC"/>
  <testcase name="More_offers" time="32.441" classname="MTL_Test_Cases_Prod.More_offers_TC"/>
  <testcase name="Footer" time="31.621" classname="MTL_Test_Cases_Prod.Home_URL"/>
  <testcase name="Heading" time="91.815" classname="MTL_Test_Cases_Prod.What_we_offer_URL_TC"/>
  <testcase name="Footer" time="17.939" classname="Speciality_underwriters_Test_Case_Prod.Contact_US_TC"/>
  <testcase name="Footer" time="9.275" classname="Speciality_underwriters_Test_Case_Prod.About_Us"/>
  <testcase name="Footer" time="35.909" classname="Speciality_underwriters_Test_Case_Prod.What_We_offer"/>
  <testcase name="Footer" time="15.785" classname="Speciality_underwriters_Test_Case_Prod.Home_TC"/>
  <testcase name="Footer" time="252.332" classname="AFL_Test_Case_Prod.What_We_offer_OutSideUs"/>
  <testcase name="Home_Page" time="104.515" classname="AFL_Test_Case_Prod.HomePage_TC"/>
  <testcase name="Footer" time="64.963" classname="AFL_Test_Case_Prod.Footer_TC"/>
  <testcase name="ContactUs_Page" time="28.459" classname="AFL_Test_Case_Prod.ContactUS_OutsideUS"/>
  <testcase name="main_Home_Page" time="15.405" classname="AFL_Test_Case_Prod.AboutUS_OutsideUS"/>
  <testcase name="HomePage_Header_login" time="27.897" classname="Credit_Global_Test_Cases_Prod.What_we_Do_TC"/>
  <testcase name="HomePage_Header_login" time="8.338" classname="Credit_Global_Test_Cases_Prod.Forgot_Password"/>
  <testcase name="HomePage_Header_ContactUS_btn" time="11.583" classname="Credit_Global_Test_Cases_Prod.Home_TC"/>
  <testcase name="HomePage_Header_Our_approach" time="10.683" classname="Credit_Global_Test_Cases_Prod.Home_TC"/>
  <testcase name="HomePage_Header_What_weDo" time="6.632" classname="Credit_Global_Test_Cases_Prod.Home_TC"/>
  <testcase name="HomePage_Header_login" time="10.432" classname="Credit_Global_Test_Cases_Prod.Home_TC"/>
  <testcase name="main_Home_Page" time="19.138" classname="Adler_TestCases_Prod.Home"/>
  <testcase name="main_Home_Page" time="115.833" classname="Adler_TestCases_Prod.News"/>
  <testcase name="AUW_Facebook" time="15.542" classname="Careers_Test_case_Prod.Footer"/>
  <testcase name="AUW_Instagram" time="7.52" classname="Careers_Test_case_Prod.Footer"/>
  <testcase name="AUW_Linkedin" time="8.111" classname="Careers_Test_case_Prod.Footer"/>
  <testcase name="AUW_Policy" time="23.7" classname="Careers_Test_case_Prod.Footer"/>
  <testcase name="AUW_twitter" time="9.815" classname="Careers_Test_case_Prod.Footer"/>
  <testcase name="Footer" time="47.576" classname="Solution_one_Prod.Footer_Production"/>
  <testcase name="Footer_Facebook" time="25.531" classname="JumboGC_Test_case_prod.Header_footer"/>
  <testcase name="Footer_Instagram" time="25.511" classname="JumboGC_Test_case_prod.Header_footer"/>
  <testcase name="Footer_Privacy" time="36.018" classname="JumboGC_Test_case_prod.Header_footer"/>
  <testcase name="Footer_linkedIN" time="26.678" classname="JumboGC_Test_case_prod.Header_footer"/>
  <testcase name="Header_Login" time="20.24" classname="JumboGC_Test_case_prod.Header_footer"/>
  <testcase name="Home_page" time="34.191" classname="Warranty_Test_Case_Prod.About_US"/>
  <testcase name="ContactUS" time="43.722" classname="Warranty_Test_Case_Prod.Contact_US"/>
  <testcase name="partner" time="11.61" classname="Warranty_Test_Case_Prod.Partner_With_US"/>
  <testcase name="Home_page" time="276.854" classname="Warranty_Test_Case_Prod.HomePage_Testcase"/>
  <testcase name="Partner1" time="68.215" classname="Warranty_Test_Case_Prod.Our_Partner"/>
  <testcase name="Partner2" time="67.874" classname="Warranty_Test_Case_Prod.Our_Partner"/>
  <testcase name="Partner3" time="69.333" classname="Warranty_Test_Case_Prod.Our_Partner"/>
  <testcase name="Partner4" time="77.319" classname="Warranty_Test_Case_Prod.Our_Partner"/>
  <testcase name="Partner5" time="71.739" classname="Warranty_Test_Case_Prod.Our_Partner"/>
  <testcase name="Partner6" time="71.897" classname="Warranty_Test_Case_Prod.Our_Partner"/>
  <testcase name="HomePage" time="63.299" classname="Casuality_Prod_TC.Home_page"/>
  <testcase name="HomePage" time="41.519" classname="Casuality_Prod_TC.Menu_About_US"/>
  <testcase name="HomePage" time="21.714" classname="Casuality_Prod_TC.Menu_Contact_Us"/>
  <testcase name="Carriers" time="33.442" classname="Casuality_Prod_TC.Menu_Our_Carriers"/>
  <testcase name="HomePage" time="53.217" classname="Casuality_Prod_TC.Menu_Press_Room"/>
  <testcase name="main_Home_Page" time="45.572" classname="Pinnacle_Test_Cases_Production.HomePage_TC"/>
  <testcase name="WhatsNew" time="83.317" classname="Pinnacle_Test_Cases_Production.WatsNew"/>
  <testcase name="main_Home_Page" time="31.031" classname="Tradewel_Test_Cases_Production.About_US"/>
  <testcase name="Comprehensive" time="39.442" classname="Tradewel_Test_Cases_Production.Comprehensive_Protection_FF"/>
</testsuite> <!-- Firefox_Prod -->
