<?xml version="1.0" encoding="UTF-8"?>
<!-- Generated by org.testng.reporters.JUnitXMLReporter -->
<testsuite hostname="DESKTOP-N7K85DJ" name="Firefox_Prod" tests="79" failures="2" timestamp="28 Feb 2022 06:59:27 GMT" time="2674.327" errors="0">
  <testcase name="main" time="41.831" classname="AUW_Test_case_prod.AUW_CallUpdate"/>
  <testcase name="AboutUS" time="67.989" classname="AUW_Test_case_prod.AUW_AboutUS"/>
  <testcase name="main" time="91.803" classname="AUW_Test_case_prod.AUW_Intelligence_TC"/>
  <testcase name="AUW_Footer" time="141.585" classname="AUW_Test_case_prod.AUW_Footer_Prod"/>
  <testcase name="main" time="67.722" classname="AUW_Test_case_prod.AUW_Heartwood"/>
  <testcase name="main" time="41.818" classname="AUW_Test_case_prod.AUW_NJ_Update"/>
  <testcase name="main" time="49.108" classname="AUW_Test_case_prod.AUW_header_web_Prod"/>
  <testcase name="main" time="18.009" classname="AUW_Test_case_prod.AUW_PPP"/>
  <testcase name="Practices_AgentsBrokers" time="55.043" classname="AUW_Test_case_prod.Practices_AgentsBrokers"/>
  <testcase name="main" time="308.477" classname="AUW_Test_case_prod.AUW_Experience"/>
  <testcase name="LearnMore" time="14.762" classname="AUW_Global_Test_Cases_Prod.LearnMore_TC"/>
  <testcase name="HomePage" time="17.96" classname="AUW_Global_Test_Cases_Prod.Home_Page_TC"/>
  <testcase name="Practices_CustomerSeekingCoverage" time="227.885" classname="AUW_Test_case_prod.Practices_CustomerSeekingCoverage"/>
  <testcase name="Change_Language" time="3.049" classname="Promesa_Test_Case_Prod.Change_language"/>
  <testcase name="Footer_PrivacyPolicy" time="21.641" classname="Promesa_Test_Case_Prod.Footer"/>
  <testcase name="Side_Heading_One" time="123.934" classname="Promesa_Test_Case_Prod.Pharmacy_search"/>
  <testcase name="Footer_facebook" time="19.5" classname="Promesa_Test_Case_Prod.Footer"/>
  <testcase name="Footer_instagram" time="6.354" classname="Promesa_Test_Case_Prod.Footer"/>
  <testcase name="Footer_linkedin" time="6.797" classname="Promesa_Test_Case_Prod.Footer"/>
  <testcase name="Heading1" time="34.337" classname="MTL_Test_Cases_Prod.What_we_offer1_TC"/>
  <testcase name="Footer_twitter" time="11.829" classname="Promesa_Test_Case_Prod.Footer"/>
  <testcase name="Heading10" time="36.722" classname="MTL_Test_Cases_Prod.What_we_offer1_TC"/>
  <testcase name="More_offers" time="40.499" classname="MTL_Test_Cases_Prod.More_offers_TC"/>
  <testcase name="Heading11" time="52.012" classname="MTL_Test_Cases_Prod.What_we_offer1_TC"/>
  <testcase name="Footer" time="45.414" classname="MTL_Test_Cases_Prod.Home_URL"/>
  <testcase name="Heading2" time="37.268" classname="MTL_Test_Cases_Prod.What_we_offer1_TC"/>
  <testcase name="Heading3" time="36.168" classname="MTL_Test_Cases_Prod.What_we_offer1_TC"/>
  <testcase name="Heading" time="84.414" classname="MTL_Test_Cases_Prod.What_we_offer_URL_TC"/>
  <testcase name="Footer" time="16.939" classname="Speciality_underwriters_Test_Case_Prod.Contact_US_TC"/>
  <testcase name="Heading4" time="37.026" classname="MTL_Test_Cases_Prod.What_we_offer1_TC"/>
  <testcase name="Footer" time="9.635" classname="Speciality_underwriters_Test_Case_Prod.About_Us"/>
  <testcase name="Heading5" time="37.524" classname="MTL_Test_Cases_Prod.What_we_offer1_TC"/>
  <testcase name="Footer" time="34.549" classname="Speciality_underwriters_Test_Case_Prod.What_We_offer"/>
  <testcase name="Footer" time="16.499" classname="Speciality_underwriters_Test_Case_Prod.Home_TC"/>
  <testcase name="Heading6" time="37.298" classname="MTL_Test_Cases_Prod.What_we_offer1_TC"/>
  <testcase name="Heading7" time="37.614" classname="MTL_Test_Cases_Prod.What_we_offer1_TC"/>
  <testcase name="Heading8" time="36.66" classname="MTL_Test_Cases_Prod.What_we_offer1_TC"/>
  <testcase name="Heading9" time="36.733" classname="MTL_Test_Cases_Prod.What_we_offer1_TC"/>
  <testcase name="Footer" time="271.424" classname="AFL_Test_Case_Prod.What_We_offer_OutSideUs"/>
  <testcase name="Home_Page" time="113.049" classname="AFL_Test_Case_Prod.HomePage_TC"/>
  <testcase name="ContactUs_Page" time="27.172" classname="AFL_Test_Case_Prod.ContactUS_OutsideUS"/>
  <testcase name="Footer" time="67.966" classname="AFL_Test_Case_Prod.Footer_TC"/>
  <testcase name="main_Home_Page" time="16.999" classname="AFL_Test_Case_Prod.AboutUS_OutsideUS"/>
  <testcase name="HomePage_Header_login" time="9.337" classname="Credit_Global_Test_Cases_Prod.Forgot_Password"/>
  <testcase name="HomePage_Header_login" time="28.787" classname="Credit_Global_Test_Cases_Prod.What_we_Do_TC"/>
  <testcase name="HomePage_Header_ContactUS_btn" time="12.299" classname="Credit_Global_Test_Cases_Prod.Home_TC"/>
  <testcase name="main_Home_Page" time="20.533" classname="Adler_TestCases_Prod.Home"/>
  <testcase name="HomePage_Header_Our_approach" time="11.914" classname="Credit_Global_Test_Cases_Prod.Home_TC"/>
  <testcase name="HomePage_Header_What_weDo" time="7.087" classname="Credit_Global_Test_Cases_Prod.Home_TC"/>
  <testcase name="HomePage_Header_login" time="11.72" classname="Credit_Global_Test_Cases_Prod.Home_TC"/>
  <testcase name="main_Home_Page" time="125.308" classname="Adler_TestCases_Prod.News"/>
  <testcase name="AUW_Facebook" time="30.044" classname="Careers_Test_case_Prod.Footer">
    <failure type="org.openqa.selenium.NoSuchElementException" message="Unable to locate element: //*[@alt=&amp;apos;facebook&amp;apos;]
For documentation on this error, please visit: https://www.seleniumhq.org/exceptions/no_such_element.html
Build info: version: &amp;apos;3.141.59&amp;apos;, revision: &amp;apos;e82be7d358&amp;apos;, time: &amp;apos;2018-11-14T08:17:03&amp;apos;
System info: host: &amp;apos;DESKTOP-N7K85DJ&amp;apos;, ip: &amp;apos;192.168.1.4&amp;apos;, os.name: &amp;apos;Windows 10&amp;apos;, os.arch: &amp;apos;amd64&amp;apos;, os.version: &amp;apos;10.0&amp;apos;, java.version: &amp;apos;1.8.0_291&amp;apos;
Driver info: org.openqa.selenium.firefox.FirefoxDriver
Capabilities {acceptInsecureCerts: true, browserName: firefox, browserVersion: 96.0.3, javascriptEnabled: true, moz:accessibilityChecks: false, moz:buildID: 20220126154723, moz:geckodriverVersion: 0.30.0, moz:headless: false, moz:processID: 16136, moz:profile: C:\Users\Sweta\AppData\Loca..., moz:shutdownTimeout: 60000, moz:useNonSpecCompliantPointerOrigin: false, moz:webdriverClick: true, pageLoadStrategy: normal, platform: WINDOWS, platformName: WINDOWS, platformVersion: 10.0, proxy: Proxy(), setWindowRect: true, strictFileInteractability: false, timeouts: {implicit: 0, pageLoad: 300000, script: 30000}, unhandledPromptBehavior: dismiss and notify}
Session ID: 4f2f520a-05df-4403-a924-aeca2614e51a
*** Element info: {Using=xpath, value=//*[@alt=&amp;apos;facebook&amp;apos;]}">
      <![CDATA[org.openqa.selenium.NoSuchElementException: Unable to locate element: //*[@alt='facebook']
For documentation on this error, please visit: https://www.seleniumhq.org/exceptions/no_such_element.html
Build info: version: '3.141.59', revision: 'e82be7d358', time: '2018-11-14T08:17:03'
System info: host: 'DESKTOP-N7K85DJ', ip: '192.168.1.4', os.name: 'Windows 10', os.arch: 'amd64', os.version: '10.0', java.version: '1.8.0_291'
Driver info: org.openqa.selenium.firefox.FirefoxDriver
Capabilities {acceptInsecureCerts: true, browserName: firefox, browserVersion: 96.0.3, javascriptEnabled: true, moz:accessibilityChecks: false, moz:buildID: 20220126154723, moz:geckodriverVersion: 0.30.0, moz:headless: false, moz:processID: 16136, moz:profile: C:\Users\Sweta\AppData\Loca..., moz:shutdownTimeout: 60000, moz:useNonSpecCompliantPointerOrigin: false, moz:webdriverClick: true, pageLoadStrategy: normal, platform: WINDOWS, platformName: WINDOWS, platformVersion: 10.0, proxy: Proxy(), setWindowRect: true, strictFileInteractability: false, timeouts: {implicit: 0, pageLoad: 300000, script: 30000}, unhandledPromptBehavior: dismiss and notify}
Session ID: 4f2f520a-05df-4403-a924-aeca2614e51a
*** Element info: {Using=xpath, value=//*[@alt='facebook']}
	at org.openqa.selenium.remote.http.W3CHttpResponseCodec.createException(W3CHttpResponseCodec.java:187)
	at org.openqa.selenium.remote.http.W3CHttpResponseCodec.decode(W3CHttpResponseCodec.java:122)
	at org.openqa.selenium.remote.http.W3CHttpResponseCodec.decode(W3CHttpResponseCodec.java:49)
	at org.openqa.selenium.remote.HttpCommandExecutor.execute(HttpCommandExecutor.java:158)
	at org.openqa.selenium.remote.service.DriverCommandExecutor.execute(DriverCommandExecutor.java:83)
	at org.openqa.selenium.remote.RemoteWebDriver.execute(RemoteWebDriver.java:552)
	at org.openqa.selenium.remote.RemoteWebDriver.findElement(RemoteWebDriver.java:323)
	at org.openqa.selenium.remote.RemoteWebDriver.findElementByXPath(RemoteWebDriver.java:428)
	at org.openqa.selenium.By$ByXPath.findElement(By.java:353)
	at org.openqa.selenium.remote.RemoteWebDriver.findElement(RemoteWebDriver.java:315)
	at Careers_Pages.Home_page.Facebook(Home_page.java:83)
	at Careers_Test_case_Prod.Footer.AUW_Facebook(Footer.java:35)
	at java.util.concurrent.ThreadPoolExecutor.runWorker(ThreadPoolExecutor.java:1149)
	at java.util.concurrent.ThreadPoolExecutor$Worker.run(ThreadPoolExecutor.java:624)
	at java.lang.Thread.run(Thread.java:748)
... Removed 14 stack frames]]>
    </failure>
  </testcase> <!-- AUW_Facebook -->
  <testcase name="AUW_Instagram" time="11.492" classname="Careers_Test_case_Prod.Footer"/>
  <testcase name="Footer" time="51.622" classname="Solution_one_Prod.Footer_Production"/>
  <testcase name="AUW_Linkedin" time="8.927" classname="Careers_Test_case_Prod.Footer"/>
  <testcase name="Footer_Facebook" time="25.607" classname="JumboGC_Test_case_prod.Header_footer"/>
  <testcase name="Footer_Instagram" time="25.537" classname="JumboGC_Test_case_prod.Header_footer"/>
  <testcase name="AUW_Policy" time="30.034" classname="Careers_Test_case_Prod.Footer">
    <failure type="org.openqa.selenium.NoSuchElementException" message="Unable to locate element: //*[@alt=&amp;apos;linkedin&amp;apos;]
For documentation on this error, please visit: https://www.seleniumhq.org/exceptions/no_such_element.html
Build info: version: &amp;apos;3.141.59&amp;apos;, revision: &amp;apos;e82be7d358&amp;apos;, time: &amp;apos;2018-11-14T08:17:03&amp;apos;
System info: host: &amp;apos;DESKTOP-N7K85DJ&amp;apos;, ip: &amp;apos;192.168.1.4&amp;apos;, os.name: &amp;apos;Windows 10&amp;apos;, os.arch: &amp;apos;amd64&amp;apos;, os.version: &amp;apos;10.0&amp;apos;, java.version: &amp;apos;1.8.0_291&amp;apos;
Driver info: org.openqa.selenium.firefox.FirefoxDriver
Capabilities {acceptInsecureCerts: true, browserName: firefox, browserVersion: 96.0.3, javascriptEnabled: true, moz:accessibilityChecks: false, moz:buildID: 20220126154723, moz:geckodriverVersion: 0.30.0, moz:headless: false, moz:processID: 6292, moz:profile: C:\Users\Sweta\AppData\Loca..., moz:shutdownTimeout: 60000, moz:useNonSpecCompliantPointerOrigin: false, moz:webdriverClick: true, pageLoadStrategy: normal, platform: WINDOWS, platformName: WINDOWS, platformVersion: 10.0, proxy: Proxy(), setWindowRect: true, strictFileInteractability: false, timeouts: {implicit: 0, pageLoad: 300000, script: 30000}, unhandledPromptBehavior: dismiss and notify}
Session ID: 9ee6a751-558f-441e-ad4c-783e33ba32cc
*** Element info: {Using=xpath, value=//*[@alt=&amp;apos;linkedin&amp;apos;]}">
      <![CDATA[org.openqa.selenium.NoSuchElementException: Unable to locate element: //*[@alt='linkedin']
For documentation on this error, please visit: https://www.seleniumhq.org/exceptions/no_such_element.html
Build info: version: '3.141.59', revision: 'e82be7d358', time: '2018-11-14T08:17:03'
System info: host: 'DESKTOP-N7K85DJ', ip: '192.168.1.4', os.name: 'Windows 10', os.arch: 'amd64', os.version: '10.0', java.version: '1.8.0_291'
Driver info: org.openqa.selenium.firefox.FirefoxDriver
Capabilities {acceptInsecureCerts: true, browserName: firefox, browserVersion: 96.0.3, javascriptEnabled: true, moz:accessibilityChecks: false, moz:buildID: 20220126154723, moz:geckodriverVersion: 0.30.0, moz:headless: false, moz:processID: 6292, moz:profile: C:\Users\Sweta\AppData\Loca..., moz:shutdownTimeout: 60000, moz:useNonSpecCompliantPointerOrigin: false, moz:webdriverClick: true, pageLoadStrategy: normal, platform: WINDOWS, platformName: WINDOWS, platformVersion: 10.0, proxy: Proxy(), setWindowRect: true, strictFileInteractability: false, timeouts: {implicit: 0, pageLoad: 300000, script: 30000}, unhandledPromptBehavior: dismiss and notify}
Session ID: 9ee6a751-558f-441e-ad4c-783e33ba32cc
*** Element info: {Using=xpath, value=//*[@alt='linkedin']}
	at org.openqa.selenium.remote.http.W3CHttpResponseCodec.createException(W3CHttpResponseCodec.java:187)
	at org.openqa.selenium.remote.http.W3CHttpResponseCodec.decode(W3CHttpResponseCodec.java:122)
	at org.openqa.selenium.remote.http.W3CHttpResponseCodec.decode(W3CHttpResponseCodec.java:49)
	at org.openqa.selenium.remote.HttpCommandExecutor.execute(HttpCommandExecutor.java:158)
	at org.openqa.selenium.remote.service.DriverCommandExecutor.execute(DriverCommandExecutor.java:83)
	at org.openqa.selenium.remote.RemoteWebDriver.execute(RemoteWebDriver.java:552)
	at org.openqa.selenium.remote.RemoteWebDriver.findElement(RemoteWebDriver.java:323)
	at org.openqa.selenium.remote.RemoteWebDriver.findElementByXPath(RemoteWebDriver.java:428)
	at org.openqa.selenium.By$ByXPath.findElement(By.java:353)
	at org.openqa.selenium.remote.RemoteWebDriver.findElement(RemoteWebDriver.java:315)
	at Careers_Pages.Home_page.PrivacyPolicy(Home_page.java:161)
	at Careers_Test_case_Prod.Footer.AUW_Policy(Footer.java:75)
	at java.util.concurrent.ThreadPoolExecutor.runWorker(ThreadPoolExecutor.java:1149)
	at java.util.concurrent.ThreadPoolExecutor$Worker.run(ThreadPoolExecutor.java:624)
	at java.lang.Thread.run(Thread.java:748)
... Removed 14 stack frames]]>
    </failure>
  </testcase> <!-- AUW_Policy -->
  <testcase name="AUW_twitter" time="10.886" classname="Careers_Test_case_Prod.Footer"/>
  <testcase name="Footer_Privacy" time="36.132" classname="JumboGC_Test_case_prod.Header_footer"/>
  <testcase name="Home_page" time="32.168" classname="Warranty_Test_Case_Prod.About_US"/>
  <testcase name="Footer_linkedIN" time="26.377" classname="JumboGC_Test_case_prod.Header_footer"/>
  <testcase name="Header_Login" time="20.264" classname="JumboGC_Test_case_prod.Header_footer"/>
  <testcase name="ContactUS" time="42.179" classname="Warranty_Test_Case_Prod.Contact_US"/>
  <testcase name="partner" time="11.255" classname="Warranty_Test_Case_Prod.Partner_With_US"/>
  <testcase name="Partner1" time="69.048" classname="Warranty_Test_Case_Prod.Our_Partner"/>
  <testcase name="Partner2" time="70.013" classname="Warranty_Test_Case_Prod.Our_Partner"/>
  <testcase name="Partner3" time="73.686" classname="Warranty_Test_Case_Prod.Our_Partner"/>
  <testcase name="Home_page" time="270.907" classname="Warranty_Test_Case_Prod.HomePage_Testcase"/>
  <testcase name="Partner4" time="69.211" classname="Warranty_Test_Case_Prod.Our_Partner"/>
  <testcase name="HomePage" time="65.993" classname="Casuality_Prod_TC.Home_page"/>
  <testcase name="Partner5" time="67.572" classname="Warranty_Test_Case_Prod.Our_Partner"/>
  <testcase name="HomePage" time="50.37" classname="Casuality_Prod_TC.Menu_About_US"/>
  <testcase name="HomePage" time="22.414" classname="Casuality_Prod_TC.Menu_Contact_Us"/>
  <testcase name="Partner6" time="69.0" classname="Warranty_Test_Case_Prod.Our_Partner"/>
  <testcase name="Carriers" time="34.084" classname="Casuality_Prod_TC.Menu_Our_Carriers"/>
  <testcase name="HomePage" time="54.235" classname="Casuality_Prod_TC.Menu_Press_Room"/>
  <testcase name="main_Home_Page" time="46.981" classname="Pinnacle_Test_Cases_Production.HomePage_TC"/>
  <testcase name="WhatsNew" time="84.319" classname="Pinnacle_Test_Cases_Production.WatsNew"/>
</testsuite> <!-- Firefox_Prod -->
