<?xml version="1.0" encoding="UTF-8"?>
<!-- Generated by org.testng.reporters.JUnitXMLReporter -->
<testsuite hostname="DESKTOP-N7K85DJ" name="Firefox_Prod" tests="62" failures="0" timestamp="27 Dec 2021 15:43:55 GMT" time="3574.369" errors="0">
  <testcase name="main" time="39.419" classname="AUW_Test_case_prod.AUW_CallUpdate"/>
  <testcase name="AboutUS" time="63.872" classname="AUW_Test_case_prod.AUW_AboutUS"/>
  <testcase name="main" time="80.926" classname="AUW_Test_case_prod.AUW_Intelligence_TC"/>
  <testcase name="AUW_Footer" time="75.099" classname="AUW_Test_case_prod.AUW_Footer_Prod"/>
  <testcase name="main" time="58.843" classname="AUW_Test_case_prod.AUW_Heartwood"/>
  <testcase name="main" time="39.256" classname="AUW_Test_case_prod.AUW_NJ_Update"/>
  <testcase name="main" time="303.845" classname="AUW_Test_case_prod.AUW_Experience"/>
  <testcase name="main" time="42.145" classname="AUW_Test_case_prod.AUW_header_web_Prod"/>
  <testcase name="main" time="17.089" classname="AUW_Test_case_prod.AUW_PPP"/>
  <testcase name="Practices_AgentsBrokers" time="61.832" classname="AUW_Test_case_prod.Practices_AgentsBrokers"/>
  <testcase name="Practices_CustomerSeekingCoverage" time="220.252" classname="AUW_Test_case_prod.Practices_CustomerSeekingCoverage"/>
  <testcase name="LearnMore" time="16.443" classname="AUW_Global_Test_Cases_Prod.LearnMore_TC"/>
  <testcase name="HomePage" time="15.567" classname="AUW_Global_Test_Cases_Prod.Home_Page_TC"/>
  <testcase name="Side_Heading_One" time="123.487" classname="Promesa_Test_Case_Prod.Pharmacy_search"/>
  <testcase name="Change_Language" time="3.131" classname="Promesa_Test_Case_Prod.Change_language"/>
  <testcase name="Footer_PrivacyPolicy" time="20.947" classname="Promesa_Test_Case_Prod.Footer"/>
  <testcase name="Footer_facebook" time="18.947" classname="Promesa_Test_Case_Prod.Footer"/>
  <testcase name="Footer_instagram" time="6.612" classname="Promesa_Test_Case_Prod.Footer"/>
  <testcase name="Footer_linkedin" time="6.569" classname="Promesa_Test_Case_Prod.Footer"/>
  <testcase name="Footer_twitter" time="6.728" classname="Promesa_Test_Case_Prod.Footer"/>
  <testcase name="Heading1" time="33.1" classname="MTL_Test_Cases_Prod.What_we_offer1_TC"/>
  <testcase name="Heading10" time="35.598" classname="MTL_Test_Cases_Prod.What_we_offer1_TC"/>
  <testcase name="Heading11" time="50.632" classname="MTL_Test_Cases_Prod.What_we_offer1_TC"/>
  <testcase name="Heading2" time="35.77" classname="MTL_Test_Cases_Prod.What_we_offer1_TC"/>
  <testcase name="Heading3" time="35.581" classname="MTL_Test_Cases_Prod.What_we_offer1_TC"/>
  <testcase name="Heading4" time="35.818" classname="MTL_Test_Cases_Prod.What_we_offer1_TC"/>
  <testcase name="Heading5" time="36.077" classname="MTL_Test_Cases_Prod.What_we_offer1_TC"/>
  <testcase name="Heading6" time="35.516" classname="MTL_Test_Cases_Prod.What_we_offer1_TC"/>
  <testcase name="Heading7" time="35.711" classname="MTL_Test_Cases_Prod.What_we_offer1_TC"/>
  <testcase name="Heading8" time="35.538" classname="MTL_Test_Cases_Prod.What_we_offer1_TC"/>
  <testcase name="Heading9" time="35.761" classname="MTL_Test_Cases_Prod.What_we_offer1_TC"/>
  <testcase name="More_offers" time="80.634" classname="MTL_Test_Cases_Prod.More_offers_TC"/>
  <testcase name="Footer" time="38.955" classname="MTL_Test_Cases_Prod.Home_URL"/>
  <testcase name="Heading" time="78.153" classname="MTL_Test_Cases_Prod.What_we_offer_URL_TC"/>
  <testcase name="Footer" time="16.423" classname="Speciality_underwriters_Test_Case_Prod.Contact_US_TC"/>
  <testcase name="Footer" time="9.274" classname="Speciality_underwriters_Test_Case_Prod.About_Us"/>
  <testcase name="Footer" time="34.463" classname="Speciality_underwriters_Test_Case_Prod.What_We_offer"/>
  <testcase name="Footer" time="15.76" classname="Speciality_underwriters_Test_Case_Prod.Home_TC"/>
  <testcase name="Footer" time="258.318" classname="AFL_Test_Case_Prod.What_We_offer_OutSideUs"/>
  <testcase name="Home_Page" time="112.138" classname="AFL_Test_Case_Prod.HomePage_TC"/>
  <testcase name="Footer" time="66.648" classname="AFL_Test_Case_Prod.Footer_TC"/>
  <testcase name="ContactUs_Page" time="21.439" classname="AFL_Test_Case_Prod.ContactUS_OutsideUS"/>
  <testcase name="main_Home_Page" time="15.91" classname="AFL_Test_Case_Prod.AboutUS_OutsideUS"/>
  <testcase name="HomePage_Header_login" time="36.314" classname="Credit_Global_Test_Cases_Prod.What_we_Do_TC"/>
  <testcase name="HomePage_Header_login" time="15.5" classname="Credit_Global_Test_Cases_Prod.Forgot_Password"/>
  <testcase name="HomePage_Header_ContactUS_btn" time="19.211" classname="Credit_Global_Test_Cases_Prod.Home_TC"/>
  <testcase name="HomePage_Header_Our_approach" time="18.49" classname="Credit_Global_Test_Cases_Prod.Home_TC"/>
  <testcase name="HomePage_Header_What_weDo" time="14.669" classname="Credit_Global_Test_Cases_Prod.Home_TC"/>
  <testcase name="HomePage_Header_login" time="18.683" classname="Credit_Global_Test_Cases_Prod.Home_TC"/>
  <testcase name="main_Home_Page" time="18.939" classname="Adler_TestCases_Prod.Home"/>
  <testcase name="main_Home_Page" time="116.634" classname="Adler_TestCases_Prod.News"/>
  <testcase name="AUW_Facebook" time="16.295" classname="Careers_Test_case_Prod.Footer"/>
  <testcase name="AUW_Instagram" time="7.925" classname="Careers_Test_case_Prod.Footer"/>
  <testcase name="AUW_Linkedin" time="8.45" classname="Careers_Test_case_Prod.Footer"/>
  <testcase name="AUW_Policy" time="24.371" classname="Careers_Test_case_Prod.Footer"/>
  <testcase name="AUW_twitter" time="9.483" classname="Careers_Test_case_Prod.Footer"/>
  <testcase name="Footer" time="47.778" classname="Solution_one_Prod.Footer_Production"/>
  <testcase name="Footer_Facebook" time="25.543" classname="JumboGC_Test_case_prod.Header_footer"/>
  <testcase name="Footer_Instagram" time="25.508" classname="JumboGC_Test_case_prod.Header_footer"/>
  <testcase name="Footer_Privacy" time="35.954" classname="JumboGC_Test_case_prod.Header_footer"/>
  <testcase name="Footer_linkedIN" time="25.919" classname="JumboGC_Test_case_prod.Header_footer"/>
  <testcase name="Header_Login" time="20.243" classname="JumboGC_Test_case_prod.Header_footer"/>
</testsuite> <!-- Firefox_Prod -->
