<?xml version="1.0" encoding="UTF-8"?>
<!-- Generated by org.testng.reporters.JUnitXMLReporter -->
<testsuite hostname="DESKTOP-N7K85DJ" name="Firefox_Developmet" tests="59" failures="1" timestamp="4 Mar 2022 12:49:58 GMT" time="1437.719" errors="0">
  <testcase name="main" time="52.445" classname="AUW_Test_Case_dev.AUW_header_web_Development"/>
  <testcase name="AboutUS" time="80.918" classname="AUW_Test_Case_dev.AUW_AboutUS"/>
  <testcase name="main" time="20.615" classname="AUW_Test_Case_dev.AUW_PPP"/>
  <testcase name="AUW_Footer" time="121.991" classname="AUW_Test_Case_dev.AUW_Footer_Development"/>
  <testcase name="main" time="48.544" classname="AUW_Test_Case_dev.AUW_CallUpdate"/>
  <testcase name="main" time="44.069" classname="AUW_Test_Case_dev.AUW_NJ_Update"/>
  <testcase name="main" time="89.32" classname="AUW_Test_Case_dev.AUW_Intelligence_TC"/>
  <testcase name="Practices_AgentsBrokers" time="60.907" classname="AUW_Test_Case_dev.Practices_AgentsBrokers"/>
  <testcase name="LearnMore" time="16.919" classname="AUW_Global_Test_Cases_Development.LearnMore_TC"/>
  <testcase name="HomePage" time="11.772" classname="AUW_Global_Test_Cases_Development.Home_Page_TC"/>
  <testcase name="main" time="323.739" classname="AUW_Test_Case_dev.AUW_Experience"/>
  <testcase name="Footer" time="64.756" classname="Promesa_Test_Case_Development.Footer"/>
  <testcase name="Change_Language" time="5.02" classname="Promesa_Test_Case_Development.Change_language"/>
  <testcase name="Footer" time="11.405" classname="Speciality_underwriters_Test_Case_Dev.About_Us"/>
  <testcase name="Footer" time="18.449" classname="Speciality_underwriters_Test_Case_Dev.Contact_US_TC"/>
  <testcase name="Side_Heading_One" time="124.021" classname="Promesa_Test_Case_Development.Pharmacy_search"/>
  <testcase name="Footer" time="25.875" classname="Speciality_underwriters_Test_Case_Dev.Home_TC"/>
  <testcase name="Footer" time="39.862" classname="Speciality_underwriters_Test_Case_Dev.What_We_offer"/>
  <testcase name="Practices_CustomerSeekingCoverage" time="250.519" classname="AUW_Test_Case_dev.Practices_CustomerSeekingCoverage"/>
  <testcase name="ContactUs_Page" time="27.274" classname="AFL_Test_Cases_Dev.ContactUS_OutsideUS_dev">
    <failure type="java.lang.AssertionError" message="expected [For European and Middle East Coverages] but found [For United States Coverages]">
      <![CDATA[java.lang.AssertionError: expected [For European and Middle East Coverages] but found [For United States Coverages]
	at AFL_Pages.Contact_Us_Page.Contact_US_Coverage_Outside_US(Contact_Us_Page.java:144)
	at AFL_Test_Cases_Dev.ContactUS_OutsideUS_dev.ContactUs_Page(ContactUS_OutsideUS_dev.java:21)
	at java.util.concurrent.ThreadPoolExecutor.runWorker(ThreadPoolExecutor.java:1149)
	at java.util.concurrent.ThreadPoolExecutor$Worker.run(ThreadPoolExecutor.java:624)
	at java.lang.Thread.run(Thread.java:748)
... Removed 15 stack frames]]>
    </failure>
  </testcase> <!-- ContactUs_Page -->
  <testcase name="main_Home_Page" time="33.894" classname="AFL_Test_Cases_Dev.AboutUS_OutsideUS_dev"/>
  <testcase name="Footer" time="75.777" classname="AFL_Test_Cases_Dev.Footer_TC_dev"/>
  <testcase name="main_Home_Page" time="21.728" classname="Adler_TestCases_Development.Home"/>
  <testcase name="Comprehensive" time="41.421" classname="Tradewel_Test_Cases_Development.Comprehensive_Protection_FF"/>
  <testcase name="Home_Page" time="133.051" classname="AFL_Test_Cases_Dev.HomePage_TC_dev"/>
  <testcase name="main_Home_Page" time="33.323" classname="Tradewel_Test_Cases_Development.About_US"/>
  <testcase name="main_Home_Page" time="136.749" classname="Adler_TestCases_Development.News"/>
  <testcase name="AUW_Footer" time="84.656" classname="Careers_Test_case_Development.Footer"/>
  <testcase name="Footer" time="288.134" classname="AFL_Test_Cases_Dev.What_We_offer_OutSideUs_dev"/>
  <testcase name="HomePage_Header_ContactUS_btn" time="19.254" classname="Credit_Global_Test_Cases_Dev.Home_TC"/>
  <testcase name="main_Home_Page" time="49.751" classname="Pinnacle_Test_Cases_Development.HomePage_TC"/>
  <testcase name="HomePage_Header_login" time="10.249" classname="Credit_Global_Test_Cases_Dev.Forgot_Password"/>
  <testcase name="WhatsNew" time="105.087" classname="Pinnacle_Test_Cases_Development.WatsNew"/>
  <testcase name="HomePage_Header_Our_approach" time="14.951" classname="Credit_Global_Test_Cases_Dev.Home_TC"/>
  <testcase name="HomePage_Header_login" time="30.169" classname="Credit_Global_Test_Cases_Dev.What_we_Do_TC"/>
  <testcase name="HomePage_Header_What_weDo" time="7.748" classname="Credit_Global_Test_Cases_Dev.Home_TC"/>
  <testcase name="ContactUS" time="45.542" classname="Warranty_Test_Case_Dev.Contact_US"/>
  <testcase name="HomePage_Header_login" time="12.425" classname="Credit_Global_Test_Cases_Dev.Home_TC"/>
  <testcase name="partner" time="11.885" classname="Warranty_Test_Case_Dev.Partner_With_US"/>
  <testcase name="Partner1" time="92.621" classname="Warranty_Test_Case_Dev.Our_Partner"/>
  <testcase name="Home_page" time="32.961" classname="Warranty_Test_Case_Dev.About_US"/>
  <testcase name="Footer" time="60.398" classname="Solution_one_Development.Footer_Develop"/>
  <testcase name="Partner2" time="83.766" classname="Warranty_Test_Case_Dev.Our_Partner"/>
  <testcase name="NewsEvents" time="128.971" classname="Warranty_Test_Case_Dev.NewsEvents"/>
  <testcase name="Home_page" time="285.599" classname="Warranty_Test_Case_Dev.HomePage_Testcase"/>
  <testcase name="Footer_Facebook" time="27.671" classname="JumboGC_Test_case_Devlopment.Header_footer"/>
  <testcase name="Footer_Instagram" time="25.681" classname="JumboGC_Test_case_Devlopment.Header_footer"/>
  <testcase name="Partner3" time="83.005" classname="Warranty_Test_Case_Dev.Our_Partner"/>
  <testcase name="HomePage" time="71.069" classname="Casuality_Dev_TC.Home_page"/>
  <testcase name="HomePage" time="57.698" classname="Casuality_Dev_TC.Menu_Press_Room"/>
  <testcase name="Footer_Privacy" time="37.691" classname="JumboGC_Test_case_Devlopment.Header_footer"/>
  <testcase name="HomePage" time="22.787" classname="Casuality_Dev_TC.Menu_Contact_Us"/>
  <testcase name="Carriers" time="37.195" classname="Casuality_Dev_TC.Menu_Our_Carriers"/>
  <testcase name="Footer_linkedIN" time="27.787" classname="JumboGC_Test_case_Devlopment.Header_footer"/>
  <testcase name="Partner4" time="96.243" classname="Warranty_Test_Case_Dev.Our_Partner"/>
  <testcase name="Header_Login" time="20.335" classname="JumboGC_Test_case_Devlopment.Header_footer"/>
  <testcase name="HomePage" time="56.304" classname="Casuality_Dev_TC.Menu_About_US"/>
  <testcase name="Partner5" time="67.654" classname="Warranty_Test_Case_Dev.Our_Partner"/>
  <testcase name="Partner6" time="65.792" classname="Warranty_Test_Case_Dev.Our_Partner"/>
</testsuite> <!-- Firefox_Developmet -->
