<?xml version="1.0" encoding="UTF-8"?>
<!-- Generated by org.testng.reporters.JUnitXMLReporter -->
<testsuite hostname="DESKTOP-N7K85DJ" name="Firefox_Developmet" tests="59" failures="2" timestamp="25 Feb 2022 13:22:58 GMT" time="1251.266" errors="0">
  <testcase name="main" time="46.308" classname="AUW_Test_Case_dev.AUW_Experience">
    <failure type="org.openqa.selenium.ElementClickInterceptedException" message="Element &amp;lt;span class=&amp;quot;MuiButton-label&amp;quot;&amp;gt; is not clickable at point (262,12) because another element &amp;lt;div id=&amp;quot;desktop-menu&amp;quot; class=&amp;quot;MuiGrid-root jss113 MuiGrid-container&amp;quot;&amp;gt; obscures it
Build info: version: &amp;apos;3.141.59&amp;apos;, revision: &amp;apos;e82be7d358&amp;apos;, time: &amp;apos;2018-11-14T08:17:03&amp;apos;
System info: host: &amp;apos;DESKTOP-N7K85DJ&amp;apos;, ip: &amp;apos;192.168.1.4&amp;apos;, os.name: &amp;apos;Windows 10&amp;apos;, os.arch: &amp;apos;amd64&amp;apos;, os.version: &amp;apos;10.0&amp;apos;, java.version: &amp;apos;1.8.0_291&amp;apos;
Driver info: org.openqa.selenium.firefox.FirefoxDriver
Capabilities {acceptInsecureCerts: true, browserName: firefox, browserVersion: 96.0.3, javascriptEnabled: true, moz:accessibilityChecks: false, moz:buildID: 20220126154723, moz:geckodriverVersion: 0.30.0, moz:headless: false, moz:processID: 22412, moz:profile: C:\Users\Sweta\AppData\Loca..., moz:shutdownTimeout: 60000, moz:useNonSpecCompliantPointerOrigin: false, moz:webdriverClick: true, pageLoadStrategy: normal, platform: WINDOWS, platformName: WINDOWS, platformVersion: 10.0, proxy: Proxy(), setWindowRect: true, strictFileInteractability: false, timeouts: {implicit: 0, pageLoad: 300000, script: 30000}, unhandledPromptBehavior: dismiss and notify}
Session ID: e7beec7b-5977-43b8-8322-461410aee6b7">
      <![CDATA[org.openqa.selenium.ElementClickInterceptedException: Element <span class="MuiButton-label"> is not clickable at point (262,12) because another element <div id="desktop-menu" class="MuiGrid-root jss113 MuiGrid-container"> obscures it
Build info: version: '3.141.59', revision: 'e82be7d358', time: '2018-11-14T08:17:03'
System info: host: 'DESKTOP-N7K85DJ', ip: '192.168.1.4', os.name: 'Windows 10', os.arch: 'amd64', os.version: '10.0', java.version: '1.8.0_291'
Driver info: org.openqa.selenium.firefox.FirefoxDriver
Capabilities {acceptInsecureCerts: true, browserName: firefox, browserVersion: 96.0.3, javascriptEnabled: true, moz:accessibilityChecks: false, moz:buildID: 20220126154723, moz:geckodriverVersion: 0.30.0, moz:headless: false, moz:processID: 22412, moz:profile: C:\Users\Sweta\AppData\Loca..., moz:shutdownTimeout: 60000, moz:useNonSpecCompliantPointerOrigin: false, moz:webdriverClick: true, pageLoadStrategy: normal, platform: WINDOWS, platformName: WINDOWS, platformVersion: 10.0, proxy: Proxy(), setWindowRect: true, strictFileInteractability: false, timeouts: {implicit: 0, pageLoad: 300000, script: 30000}, unhandledPromptBehavior: dismiss and notify}
Session ID: e7beec7b-5977-43b8-8322-461410aee6b7
	at org.openqa.selenium.remote.http.W3CHttpResponseCodec.createException(W3CHttpResponseCodec.java:187)
	at org.openqa.selenium.remote.http.W3CHttpResponseCodec.decode(W3CHttpResponseCodec.java:122)
	at org.openqa.selenium.remote.http.W3CHttpResponseCodec.decode(W3CHttpResponseCodec.java:49)
	at org.openqa.selenium.remote.HttpCommandExecutor.execute(HttpCommandExecutor.java:158)
	at org.openqa.selenium.remote.service.DriverCommandExecutor.execute(DriverCommandExecutor.java:83)
	at org.openqa.selenium.remote.RemoteWebDriver.execute(RemoteWebDriver.java:552)
	at org.openqa.selenium.remote.RemoteWebElement.execute(RemoteWebElement.java:285)
	at org.openqa.selenium.remote.RemoteWebElement.click(RemoteWebElement.java:84)
	at AUW_Pages.Experience_page.ExploreONE(Experience_page.java:76)
	at AUW_Test_Case_dev.AUW_Experience.main(AUW_Experience.java:56)
	at java.util.concurrent.ThreadPoolExecutor.runWorker(ThreadPoolExecutor.java:1149)
	at java.util.concurrent.ThreadPoolExecutor$Worker.run(ThreadPoolExecutor.java:624)
	at java.lang.Thread.run(Thread.java:748)
... Removed 14 stack frames]]>
    </failure>
  </testcase> <!-- main -->
  <testcase name="main" time="49.905" classname="AUW_Test_Case_dev.AUW_header_web_Development"/>
  <testcase name="AboutUS" time="74.847" classname="AUW_Test_Case_dev.AUW_AboutUS"/>
  <testcase name="main" time="20.655" classname="AUW_Test_Case_dev.AUW_PPP"/>
  <testcase name="AUW_Footer" time="92.515" classname="AUW_Test_Case_dev.AUW_Footer_Development"/>
  <testcase name="main" time="47.147" classname="AUW_Test_Case_dev.AUW_CallUpdate"/>
  <testcase name="main" time="44.946" classname="AUW_Test_Case_dev.AUW_NJ_Update"/>
  <testcase name="Practices_AgentsBrokers" time="56.767" classname="AUW_Test_Case_dev.Practices_AgentsBrokers"/>
  <testcase name="LearnMore" time="16.879" classname="AUW_Global_Test_Cases_Development.LearnMore_TC"/>
  <testcase name="main" time="90.893" classname="AUW_Test_Case_dev.AUW_Intelligence_TC"/>
  <testcase name="HomePage" time="15.012" classname="AUW_Global_Test_Cases_Development.Home_Page_TC"/>
  <testcase name="Change_Language" time="4.375" classname="Promesa_Test_Case_Development.Change_language"/>
  <testcase name="Footer" time="61.636" classname="Promesa_Test_Case_Development.Footer"/>
  <testcase name="Footer" time="17.601" classname="Speciality_underwriters_Test_Case_Dev.Contact_US_TC"/>
  <testcase name="Footer" time="10.965" classname="Speciality_underwriters_Test_Case_Dev.About_Us"/>
  <testcase name="Footer" time="15.819" classname="Speciality_underwriters_Test_Case_Dev.Home_TC"/>
  <testcase name="Footer" time="39.583" classname="Speciality_underwriters_Test_Case_Dev.What_We_offer"/>
  <testcase name="Side_Heading_One" time="124.211" classname="Promesa_Test_Case_Development.Pharmacy_search"/>
  <testcase name="ContactUs_Page" time="25.913" classname="AFL_Test_Cases_Dev.ContactUS_OutsideUS_dev">
    <failure type="java.lang.AssertionError" message="expected [For European and Middle East Coverages] but found [For United States Coverages]">
      <![CDATA[java.lang.AssertionError: expected [For European and Middle East Coverages] but found [For United States Coverages]
	at AFL_Pages.Contact_Us_Page.Contact_US_Coverage_Outside_US(Contact_Us_Page.java:144)
	at AFL_Test_Cases_Dev.ContactUS_OutsideUS_dev.ContactUs_Page(ContactUS_OutsideUS_dev.java:21)
	at java.util.concurrent.ThreadPoolExecutor.runWorker(ThreadPoolExecutor.java:1149)
	at java.util.concurrent.ThreadPoolExecutor$Worker.run(ThreadPoolExecutor.java:624)
	at java.lang.Thread.run(Thread.java:748)
... Removed 15 stack frames]]>
    </failure>
  </testcase> <!-- ContactUs_Page -->
  <testcase name="main_Home_Page" time="28.858" classname="AFL_Test_Cases_Dev.AboutUS_OutsideUS_dev"/>
  <testcase name="Practices_CustomerSeekingCoverage" time="258.399" classname="AUW_Test_Case_dev.Practices_CustomerSeekingCoverage"/>
  <testcase name="main_Home_Page" time="20.012" classname="Adler_TestCases_Development.Home"/>
  <testcase name="Footer" time="72.113" classname="AFL_Test_Cases_Dev.Footer_TC_dev"/>
  <testcase name="Comprehensive" time="40.771" classname="Tradewel_Test_Cases_Development.Comprehensive_Protection_FF"/>
  <testcase name="Home_Page" time="134.868" classname="AFL_Test_Cases_Dev.HomePage_TC_dev"/>
  <testcase name="main_Home_Page" time="34.006" classname="Tradewel_Test_Cases_Development.About_US"/>
  <testcase name="main_Home_Page" time="131.166" classname="Adler_TestCases_Development.News"/>
  <testcase name="AUW_Footer" time="68.05" classname="Careers_Test_case_Development.Footer"/>
  <testcase name="HomePage_Header_ContactUS_btn" time="18.034" classname="Credit_Global_Test_Cases_Dev.Home_TC"/>
  <testcase name="Footer" time="285.919" classname="AFL_Test_Cases_Dev.What_We_offer_OutSideUs_dev"/>
  <testcase name="main_Home_Page" time="48.562" classname="Pinnacle_Test_Cases_Development.HomePage_TC"/>
  <testcase name="WhatsNew" time="99.161" classname="Pinnacle_Test_Cases_Development.WatsNew"/>
  <testcase name="HomePage_Header_Our_approach" time="13.129" classname="Credit_Global_Test_Cases_Dev.Home_TC"/>
  <testcase name="HomePage_Header_login" time="9.229" classname="Credit_Global_Test_Cases_Dev.Forgot_Password"/>
  <testcase name="HomePage_Header_What_weDo" time="7.373" classname="Credit_Global_Test_Cases_Dev.Home_TC"/>
  <testcase name="HomePage_Header_login" time="29.629" classname="Credit_Global_Test_Cases_Dev.What_we_Do_TC"/>
  <testcase name="HomePage_Header_login" time="12.102" classname="Credit_Global_Test_Cases_Dev.Home_TC"/>
  <testcase name="ContactUS" time="44.797" classname="Warranty_Test_Case_Dev.Contact_US"/>
  <testcase name="partner" time="12.375" classname="Warranty_Test_Case_Dev.Partner_With_US"/>
  <testcase name="Home_page" time="35.151" classname="Warranty_Test_Case_Dev.About_US"/>
  <testcase name="Partner1" time="79.614" classname="Warranty_Test_Case_Dev.Our_Partner"/>
  <testcase name="Footer" time="50.52" classname="Solution_one_Development.Footer_Develop"/>
  <testcase name="Footer_Facebook" time="25.63" classname="JumboGC_Test_case_Devlopment.Header_footer"/>
  <testcase name="Partner2" time="99.865" classname="Warranty_Test_Case_Dev.Our_Partner"/>
  <testcase name="NewsEvents" time="137.871" classname="Warranty_Test_Case_Dev.NewsEvents"/>
  <testcase name="Footer_Instagram" time="26.185" classname="JumboGC_Test_case_Devlopment.Header_footer"/>
  <testcase name="Home_page" time="287.423" classname="Warranty_Test_Case_Dev.HomePage_Testcase"/>
  <testcase name="Partner3" time="71.817" classname="Warranty_Test_Case_Dev.Our_Partner"/>
  <testcase name="Footer_Privacy" time="37.119" classname="JumboGC_Test_case_Devlopment.Header_footer"/>
  <testcase name="HomePage" time="67.478" classname="Casuality_Dev_TC.Home_page"/>
  <testcase name="HomePage" time="56.908" classname="Casuality_Dev_TC.Menu_Press_Room"/>
  <testcase name="Footer_linkedIN" time="28.499" classname="JumboGC_Test_case_Devlopment.Header_footer"/>
  <testcase name="Carriers" time="35.36" classname="Casuality_Dev_TC.Menu_Our_Carriers"/>
  <testcase name="HomePage" time="22.939" classname="Casuality_Dev_TC.Menu_Contact_Us"/>
  <testcase name="Header_Login" time="20.29" classname="JumboGC_Test_case_Devlopment.Header_footer"/>
  <testcase name="Partner4" time="74.461" classname="Warranty_Test_Case_Dev.Our_Partner"/>
  <testcase name="HomePage" time="43.259" classname="Casuality_Dev_TC.Menu_About_US"/>
  <testcase name="Partner5" time="66.057" classname="Warranty_Test_Case_Dev.Our_Partner"/>
  <testcase name="Partner6" time="69.85" classname="Warranty_Test_Case_Dev.Our_Partner"/>
</testsuite> <!-- Firefox_Developmet -->
