<?xml version="1.0" encoding="UTF-8"?>
<!-- Generated by org.testng.reporters.JUnitXMLReporter -->
<testsuite hostname="DESKTOP-N7K85DJ" name="Firefox_Prod" tests="74" failures="2" timestamp="2 May 2022 06:31:49 GMT" time="4483.089" errors="0">
  <testcase name="main" time="37.93" classname="AUW_Test_case_prod.AUW_CallUpdate"/>
  <testcase name="AboutUS" time="63.367" classname="AUW_Test_case_prod.AUW_AboutUS"/>
  <testcase name="main" time="78.411" classname="AUW_Test_case_prod.AUW_Intelligence_TC"/>
  <testcase name="AUW_Footer" time="72.265" classname="AUW_Test_case_prod.AUW_Footer_Prod"/>
  <testcase name="main" time="55.391" classname="AUW_Test_case_prod.AUW_Heartwood"/>
  <testcase name="main" time="38.474" classname="AUW_Test_case_prod.AUW_NJ_Update"/>
  <testcase name="main" time="335.04" classname="AUW_Test_case_prod.AUW_Experience"/>
  <testcase name="main" time="48.575" classname="AUW_Test_case_prod.AUW_header_web_Prod"/>
  <testcase name="main" time="16.995" classname="AUW_Test_case_prod.AUW_PPP"/>
  <testcase name="Practices_AgentsBrokers" time="53.252" classname="AUW_Test_case_prod.Practices_AgentsBrokers"/>
  <testcase name="Practices_CustomerSeekingCoverage" time="214.172" classname="AUW_Test_case_prod.Practices_CustomerSeekingCoverage"/>
  <testcase name="LearnMore" time="13.638" classname="AUW_Global_Test_Cases_Prod.LearnMore_TC"/>
  <testcase name="HomePage" time="15.357" classname="AUW_Global_Test_Cases_Prod.Home_Page_TC"/>
  <testcase name="Side_Heading_One" time="123.528" classname="Promesa_Test_Case_Prod.Pharmacy_search"/>
  <testcase name="Change_Language" time="2.25" classname="Promesa_Test_Case_Prod.Change_language"/>
  <testcase name="Footer_PrivacyPolicy" time="20.096" classname="Promesa_Test_Case_Prod.Footer"/>
  <testcase name="Footer_facebook" time="18.613" classname="Promesa_Test_Case_Prod.Footer"/>
  <testcase name="Footer_instagram" time="5.625" classname="Promesa_Test_Case_Prod.Footer"/>
  <testcase name="Footer_linkedin" time="6.178" classname="Promesa_Test_Case_Prod.Footer"/>
  <testcase name="Footer_twitter" time="5.899" classname="Promesa_Test_Case_Prod.Footer"/>
  <testcase name="Heading3" time="35.993" classname="MTL_Test_Cases_Prod.What_we_offer1_TC"/>
  <testcase name="More_offers" time="28.336" classname="MTL_Test_Cases_Prod.More_offers_TC">
    <failure type="org.openqa.selenium.ElementNotInteractableException" message="Element &amp;lt;img class=&amp;quot;jss67 hasMenu&amp;quot; src=&amp;quot;https://auw.a.bigcontent.io/v1/static/mtl_logo&amp;quot;&amp;gt; could not be scrolled into view
Build info: version: &amp;apos;3.141.59&amp;apos;, revision: &amp;apos;e82be7d358&amp;apos;, time: &amp;apos;2018-11-14T08:17:03&amp;apos;
System info: host: &amp;apos;DESKTOP-N7K85DJ&amp;apos;, ip: &amp;apos;192.168.1.2&amp;apos;, os.name: &amp;apos;Windows 10&amp;apos;, os.arch: &amp;apos;amd64&amp;apos;, os.version: &amp;apos;10.0&amp;apos;, java.version: &amp;apos;1.8.0_291&amp;apos;
Driver info: org.openqa.selenium.firefox.FirefoxDriver
Capabilities {acceptInsecureCerts: true, browserName: firefox, browserVersion: 99.0, javascriptEnabled: true, moz:accessibilityChecks: false, moz:buildID: 20220330194208, moz:geckodriverVersion: 0.30.0, moz:headless: false, moz:processID: 19640, moz:profile: C:\Users\Sweta\AppData\Loca..., moz:shutdownTimeout: 60000, moz:useNonSpecCompliantPointerOrigin: false, moz:webdriverClick: true, pageLoadStrategy: normal, platform: WINDOWS, platformName: WINDOWS, platformVersion: 10.0, proxy: Proxy(), setWindowRect: true, strictFileInteractability: false, timeouts: {implicit: 0, pageLoad: 300000, script: 30000}, unhandledPromptBehavior: dismiss and notify}
Session ID: ef6b5223-c404-4508-947b-4c28e57969c9">
      <![CDATA[org.openqa.selenium.ElementNotInteractableException: Element <img class="jss67 hasMenu" src="https://auw.a.bigcontent.io/v1/static/mtl_logo"> could not be scrolled into view
Build info: version: '3.141.59', revision: 'e82be7d358', time: '2018-11-14T08:17:03'
System info: host: 'DESKTOP-N7K85DJ', ip: '192.168.1.2', os.name: 'Windows 10', os.arch: 'amd64', os.version: '10.0', java.version: '1.8.0_291'
Driver info: org.openqa.selenium.firefox.FirefoxDriver
Capabilities {acceptInsecureCerts: true, browserName: firefox, browserVersion: 99.0, javascriptEnabled: true, moz:accessibilityChecks: false, moz:buildID: 20220330194208, moz:geckodriverVersion: 0.30.0, moz:headless: false, moz:processID: 19640, moz:profile: C:\Users\Sweta\AppData\Loca..., moz:shutdownTimeout: 60000, moz:useNonSpecCompliantPointerOrigin: false, moz:webdriverClick: true, pageLoadStrategy: normal, platform: WINDOWS, platformName: WINDOWS, platformVersion: 10.0, proxy: Proxy(), setWindowRect: true, strictFileInteractability: false, timeouts: {implicit: 0, pageLoad: 300000, script: 30000}, unhandledPromptBehavior: dismiss and notify}
Session ID: ef6b5223-c404-4508-947b-4c28e57969c9
	at org.openqa.selenium.remote.http.W3CHttpResponseCodec.createException(W3CHttpResponseCodec.java:187)
	at org.openqa.selenium.remote.http.W3CHttpResponseCodec.decode(W3CHttpResponseCodec.java:122)
	at org.openqa.selenium.remote.http.W3CHttpResponseCodec.decode(W3CHttpResponseCodec.java:49)
	at org.openqa.selenium.remote.HttpCommandExecutor.execute(HttpCommandExecutor.java:158)
	at org.openqa.selenium.remote.service.DriverCommandExecutor.execute(DriverCommandExecutor.java:83)
	at org.openqa.selenium.remote.RemoteWebDriver.execute(RemoteWebDriver.java:552)
	at org.openqa.selenium.remote.RemoteWebElement.execute(RemoteWebElement.java:285)
	at org.openqa.selenium.remote.RemoteWebElement.click(RemoteWebElement.java:84)
	at MTL_Pages.More_Offers.More_offer(More_Offers.java:84)
	at MTL_Test_Cases_Prod.More_offers_TC.More_offers(More_offers_TC.java:15)
	at java.util.concurrent.ThreadPoolExecutor.runWorker(ThreadPoolExecutor.java:1149)
	at java.util.concurrent.ThreadPoolExecutor$Worker.run(ThreadPoolExecutor.java:624)
	at java.lang.Thread.run(Thread.java:748)
... Removed 14 stack frames]]>
    </failure>
  </testcase> <!-- More_offers -->
  <testcase name="Footer" time="31.322" classname="MTL_Test_Cases_Prod.Home_URL"/>
  <testcase name="Heading" time="95.779" classname="MTL_Test_Cases_Prod.What_we_offer_URL_TC"/>
  <testcase name="Footer" time="17.613" classname="Speciality_underwriters_Test_Case_Prod.Contact_US_TC"/>
  <testcase name="Footer" time="9.37" classname="Speciality_underwriters_Test_Case_Prod.About_Us"/>
  <testcase name="Footer" time="37.426" classname="Speciality_underwriters_Test_Case_Prod.What_We_offer"/>
  <testcase name="Footer" time="15.768" classname="Speciality_underwriters_Test_Case_Prod.Home_TC"/>
  <testcase name="WhatweOffer_outsideUS" time="12.793" classname="AFL_Test_Case_Prod.What_We_offer_OutSideUs"/>
  <testcase name="WhatweOffer_tab1" time="75.644" classname="AFL_Test_Case_Prod.What_We_offer_OutSideUs">
    <failure type="java.lang.AssertionError" message="Failure message expected [true] but found [false]">
      <![CDATA[java.lang.AssertionError: Failure message expected [true] but found [false]
	at AFL_Pages.What_we_offer.Heading_one_Tab1_OutsideUS(What_we_offer.java:233)
	at AFL_Test_Case_Prod.What_We_offer_OutSideUs.WhatweOffer_tab1(What_We_offer_OutSideUs.java:19)
	at java.util.concurrent.ThreadPoolExecutor.runWorker(ThreadPoolExecutor.java:1149)
	at java.util.concurrent.ThreadPoolExecutor$Worker.run(ThreadPoolExecutor.java:624)
	at java.lang.Thread.run(Thread.java:748)
... Removed 13 stack frames]]>
    </failure>
  </testcase> <!-- WhatweOffer_tab1 -->
  <testcase name="WhatweOffer_tab2" time="183.694" classname="AFL_Test_Case_Prod.What_We_offer_OutSideUs"/>
  <testcase name="WhatweOffer_tab3" time="93.532" classname="AFL_Test_Case_Prod.What_We_offer_OutSideUs"/>
  <testcase name="Home_Page" time="105.777" classname="AFL_Test_Case_Prod.HomePage_TC"/>
  <testcase name="Footer" time="66.26" classname="AFL_Test_Case_Prod.Footer_TC"/>
  <testcase name="ContactUs_Page" time="19.567" classname="AFL_Test_Case_Prod.ContactUS_OutsideUS"/>
  <testcase name="main_Home_Page" time="15.138" classname="AFL_Test_Case_Prod.AboutUS_OutsideUS"/>
  <testcase name="HomePage_Header_login" time="28.244" classname="Credit_Global_Test_Cases_Prod.What_we_Do_TC"/>
  <testcase name="HomePage_Header_login" time="7.182" classname="Credit_Global_Test_Cases_Prod.Forgot_Password"/>
  <testcase name="HomePage_Header_ContactUS_btn" time="11.922" classname="Credit_Global_Test_Cases_Prod.Home_TC"/>
  <testcase name="HomePage_Header_Our_approach" time="10.561" classname="Credit_Global_Test_Cases_Prod.Home_TC"/>
  <testcase name="HomePage_Header_What_weDo" time="6.304" classname="Credit_Global_Test_Cases_Prod.Home_TC"/>
  <testcase name="HomePage_Header_login" time="10.263" classname="Credit_Global_Test_Cases_Prod.Home_TC"/>
  <testcase name="main_Home_Page" time="18.908" classname="Adler_TestCases_Prod.Home"/>
  <testcase name="main_Home_Page" time="115.361" classname="Adler_TestCases_Prod.News"/>
  <testcase name="AUW_Facebook" time="15.511" classname="Careers_Test_case_Prod.Footer"/>
  <testcase name="AUW_Instagram" time="7.495" classname="Careers_Test_case_Prod.Footer"/>
  <testcase name="AUW_Linkedin" time="7.926" classname="Careers_Test_case_Prod.Footer"/>
  <testcase name="AUW_Policy" time="23.165" classname="Careers_Test_case_Prod.Footer"/>
  <testcase name="AUW_twitter" time="10.06" classname="Careers_Test_case_Prod.Footer"/>
  <testcase name="Footer" time="47.379" classname="Solution_one_Prod.Footer_Production"/>
  <testcase name="Footer_Facebook" time="25.531" classname="JumboGC_Test_case_prod.Header_footer"/>
  <testcase name="Footer_Instagram" time="25.515" classname="JumboGC_Test_case_prod.Header_footer"/>
  <testcase name="Footer_Privacy" time="36.011" classname="JumboGC_Test_case_prod.Header_footer"/>
  <testcase name="Footer_linkedIN" time="25.983" classname="JumboGC_Test_case_prod.Header_footer"/>
  <testcase name="Header_Login" time="20.273" classname="JumboGC_Test_case_prod.Header_footer"/>
  <testcase name="Home_page" time="34.182" classname="Warranty_Test_Case_Prod.About_US"/>
  <testcase name="ContactUS" time="44.779" classname="Warranty_Test_Case_Prod.Contact_US"/>
  <testcase name="partner" time="11.297" classname="Warranty_Test_Case_Prod.Partner_With_US"/>
  <testcase name="Home_page" time="281.109" classname="Warranty_Test_Case_Prod.HomePage_Testcase"/>
  <testcase name="Partner1" time="76.667" classname="Warranty_Test_Case_Prod.Our_Partner"/>
  <testcase name="Partner2" time="72.25" classname="Warranty_Test_Case_Prod.Our_Partner"/>
  <testcase name="Partner3" time="71.164" classname="Warranty_Test_Case_Prod.Our_Partner"/>
  <testcase name="Partner4" time="73.018" classname="Warranty_Test_Case_Prod.Our_Partner"/>
  <testcase name="Partner5" time="70.553" classname="Warranty_Test_Case_Prod.Our_Partner"/>
  <testcase name="Partner6" time="72.724" classname="Warranty_Test_Case_Prod.Our_Partner"/>
  <testcase name="HomePage" time="63.336" classname="Casuality_Prod_TC.Home_page"/>
  <testcase name="HomePage" time="41.807" classname="Casuality_Prod_TC.Menu_About_US"/>
  <testcase name="HomePage" time="21.714" classname="Casuality_Prod_TC.Menu_Contact_Us"/>
  <testcase name="Carriers" time="33.457" classname="Casuality_Prod_TC.Menu_Our_Carriers"/>
  <testcase name="HomePage" time="53.597" classname="Casuality_Prod_TC.Menu_Press_Room"/>
  <testcase name="main_Home_Page" time="45.39" classname="Pinnacle_Test_Cases_Production.HomePage_TC"/>
  <testcase name="WhatsNew" time="81.871" classname="Pinnacle_Test_Cases_Production.WatsNew"/>
  <testcase name="main_Home_Page" time="31.241" classname="Tradewel_Test_Cases_Production.About_US"/>
  <testcase name="Comprehensive" time="39.379" classname="Tradewel_Test_Cases_Production.Comprehensive_Protection_FF"/>
</testsuite> <!-- Firefox_Prod -->
