<?xml version="1.0" encoding="UTF-8"?>
<!-- Generated by org.testng.reporters.JUnitXMLReporter -->
<testsuite hostname="DESKTOP-N7K85DJ" name="Firefox_Prod" tests="79" failures="0" timestamp="1 Mar 2022 12:40:40 GMT" time="2501.01" errors="0">
  <testcase name="main" time="40.12" classname="AUW_Test_case_prod.AUW_CallUpdate"/>
  <testcase name="AboutUS" time="67.49" classname="AUW_Test_case_prod.AUW_AboutUS"/>
  <testcase name="main" time="84.746" classname="AUW_Test_case_prod.AUW_Intelligence_TC"/>
  <testcase name="AUW_Footer" time="77.609" classname="AUW_Test_case_prod.AUW_Footer_Prod"/>
  <testcase name="main" time="40.371" classname="AUW_Test_case_prod.AUW_NJ_Update"/>
  <testcase name="main" time="60.072" classname="AUW_Test_case_prod.AUW_Heartwood"/>
  <testcase name="main" time="46.707" classname="AUW_Test_case_prod.AUW_header_web_Prod"/>
  <testcase name="main" time="17.142" classname="AUW_Test_case_prod.AUW_PPP"/>
  <testcase name="Practices_AgentsBrokers" time="54.051" classname="AUW_Test_case_prod.Practices_AgentsBrokers"/>
  <testcase name="main" time="303.524" classname="AUW_Test_case_prod.AUW_Experience"/>
  <testcase name="LearnMore" time="14.8" classname="AUW_Global_Test_Cases_Prod.LearnMore_TC"/>
  <testcase name="HomePage" time="15.619" classname="AUW_Global_Test_Cases_Prod.Home_Page_TC"/>
  <testcase name="Practices_CustomerSeekingCoverage" time="222.873" classname="AUW_Test_case_prod.Practices_CustomerSeekingCoverage"/>
  <testcase name="Change_Language" time="2.999" classname="Promesa_Test_Case_Prod.Change_language"/>
  <testcase name="Footer_PrivacyPolicy" time="22.063" classname="Promesa_Test_Case_Prod.Footer"/>
  <testcase name="Footer_facebook" time="19.158" classname="Promesa_Test_Case_Prod.Footer"/>
  <testcase name="Footer_instagram" time="7.139" classname="Promesa_Test_Case_Prod.Footer"/>
  <testcase name="Side_Heading_One" time="123.562" classname="Promesa_Test_Case_Prod.Pharmacy_search"/>
  <testcase name="Footer_linkedin" time="6.905" classname="Promesa_Test_Case_Prod.Footer"/>
  <testcase name="Footer_twitter" time="6.786" classname="Promesa_Test_Case_Prod.Footer"/>
  <testcase name="Heading1" time="33.928" classname="MTL_Test_Cases_Prod.What_we_offer1_TC"/>
  <testcase name="More_offers" time="40.635" classname="MTL_Test_Cases_Prod.More_offers_TC"/>
  <testcase name="Heading10" time="37.564" classname="MTL_Test_Cases_Prod.What_we_offer1_TC"/>
  <testcase name="Footer" time="38.508" classname="MTL_Test_Cases_Prod.Home_URL"/>
  <testcase name="Heading11" time="50.96" classname="MTL_Test_Cases_Prod.What_we_offer1_TC"/>
  <testcase name="Heading2" time="35.638" classname="MTL_Test_Cases_Prod.What_we_offer1_TC"/>
  <testcase name="Heading" time="82.704" classname="MTL_Test_Cases_Prod.What_we_offer_URL_TC"/>
  <testcase name="Footer" time="16.414" classname="Speciality_underwriters_Test_Case_Prod.Contact_US_TC"/>
  <testcase name="Heading3" time="36.405" classname="MTL_Test_Cases_Prod.What_we_offer1_TC"/>
  <testcase name="Footer" time="10.03" classname="Speciality_underwriters_Test_Case_Prod.About_Us"/>
  <testcase name="Heading4" time="36.591" classname="MTL_Test_Cases_Prod.What_we_offer1_TC"/>
  <testcase name="Footer" time="34.763" classname="Speciality_underwriters_Test_Case_Prod.What_We_offer"/>
  <testcase name="Footer" time="16.99" classname="Speciality_underwriters_Test_Case_Prod.Home_TC"/>
  <testcase name="Heading5" time="36.636" classname="MTL_Test_Cases_Prod.What_we_offer1_TC"/>
  <testcase name="Heading6" time="36.436" classname="MTL_Test_Cases_Prod.What_we_offer1_TC"/>
  <testcase name="Heading7" time="36.086" classname="MTL_Test_Cases_Prod.What_we_offer1_TC"/>
  <testcase name="Heading8" time="36.621" classname="MTL_Test_Cases_Prod.What_we_offer1_TC"/>
  <testcase name="Heading9" time="35.981" classname="MTL_Test_Cases_Prod.What_we_offer1_TC"/>
  <testcase name="Footer" time="267.902" classname="AFL_Test_Case_Prod.What_We_offer_OutSideUs"/>
  <testcase name="Home_Page" time="111.996" classname="AFL_Test_Case_Prod.HomePage_TC"/>
  <testcase name="Footer" time="67.845" classname="AFL_Test_Case_Prod.Footer_TC"/>
  <testcase name="ContactUs_Page" time="27.398" classname="AFL_Test_Case_Prod.ContactUS_OutsideUS"/>
  <testcase name="main_Home_Page" time="18.118" classname="AFL_Test_Case_Prod.AboutUS_OutsideUS"/>
  <testcase name="HomePage_Header_login" time="7.769" classname="Credit_Global_Test_Cases_Prod.Forgot_Password"/>
  <testcase name="HomePage_Header_login" time="28.446" classname="Credit_Global_Test_Cases_Prod.What_we_Do_TC"/>
  <testcase name="HomePage_Header_ContactUS_btn" time="13.489" classname="Credit_Global_Test_Cases_Prod.Home_TC"/>
  <testcase name="main_Home_Page" time="20.225" classname="Adler_TestCases_Prod.Home"/>
  <testcase name="HomePage_Header_Our_approach" time="14.732" classname="Credit_Global_Test_Cases_Prod.Home_TC"/>
  <testcase name="HomePage_Header_What_weDo" time="7.119" classname="Credit_Global_Test_Cases_Prod.Home_TC"/>
  <testcase name="HomePage_Header_login" time="11.749" classname="Credit_Global_Test_Cases_Prod.Home_TC"/>
  <testcase name="AUW_Facebook" time="17.489" classname="Careers_Test_case_Prod.Footer"/>
  <testcase name="AUW_Instagram" time="8.522" classname="Careers_Test_case_Prod.Footer"/>
  <testcase name="AUW_Linkedin" time="9.535" classname="Careers_Test_case_Prod.Footer"/>
  <testcase name="main_Home_Page" time="125.879" classname="Adler_TestCases_Prod.News"/>
  <testcase name="AUW_Policy" time="26.919" classname="Careers_Test_case_Prod.Footer"/>
  <testcase name="AUW_twitter" time="9.703" classname="Careers_Test_case_Prod.Footer"/>
  <testcase name="Footer" time="51.823" classname="Solution_one_Prod.Footer_Production"/>
  <testcase name="Footer_Facebook" time="25.632" classname="JumboGC_Test_case_prod.Header_footer"/>
  <testcase name="Home_page" time="32.257" classname="Warranty_Test_Case_Prod.About_US"/>
  <testcase name="Footer_Instagram" time="25.757" classname="JumboGC_Test_case_prod.Header_footer"/>
  <testcase name="ContactUS" time="44.055" classname="Warranty_Test_Case_Prod.Contact_US"/>
  <testcase name="Footer_Privacy" time="35.944" classname="JumboGC_Test_case_prod.Header_footer"/>
  <testcase name="partner" time="11.572" classname="Warranty_Test_Case_Prod.Partner_With_US"/>
  <testcase name="Footer_linkedIN" time="26.787" classname="JumboGC_Test_case_prod.Header_footer"/>
  <testcase name="Header_Login" time="20.276" classname="JumboGC_Test_case_prod.Header_footer"/>
  <testcase name="Partner1" time="70.397" classname="Warranty_Test_Case_Prod.Our_Partner"/>
  <testcase name="Partner2" time="69.336" classname="Warranty_Test_Case_Prod.Our_Partner"/>
  <testcase name="Home_page" time="266.739" classname="Warranty_Test_Case_Prod.HomePage_Testcase"/>
  <testcase name="Partner3" time="67.21" classname="Warranty_Test_Case_Prod.Our_Partner"/>
  <testcase name="HomePage" time="64.972" classname="Casuality_Prod_TC.Home_page"/>
  <testcase name="Partner4" time="68.8" classname="Warranty_Test_Case_Prod.Our_Partner"/>
  <testcase name="HomePage" time="44.318" classname="Casuality_Prod_TC.Menu_About_US"/>
  <testcase name="HomePage" time="21.665" classname="Casuality_Prod_TC.Menu_Contact_Us"/>
  <testcase name="Partner5" time="69.191" classname="Warranty_Test_Case_Prod.Our_Partner"/>
  <testcase name="Carriers" time="35.018" classname="Casuality_Prod_TC.Menu_Our_Carriers"/>
  <testcase name="Partner6" time="67.599" classname="Warranty_Test_Case_Prod.Our_Partner"/>
  <testcase name="HomePage" time="54.235" classname="Casuality_Prod_TC.Menu_Press_Room"/>
  <testcase name="main_Home_Page" time="45.953" classname="Pinnacle_Test_Cases_Production.HomePage_TC"/>
  <testcase name="WhatsNew" time="102.914" classname="Pinnacle_Test_Cases_Production.WatsNew"/>
</testsuite> <!-- Firefox_Prod -->
