<?xml version="1.0" encoding="UTF-8"?>
<!-- Generated by org.testng.reporters.JUnitXMLReporter -->
<testsuite hostname="DESKTOP-N7K85DJ" name="Firefox_Developmet" tests="59" failures="3" timestamp="8 Mar 2022 10:47:10 GMT" time="2475.297" errors="0">
  <testcase name="main" time="46.436" classname="AUW_Test_Case_dev.AUW_Experience">
    <failure type="org.openqa.selenium.ElementClickInterceptedException" message="Element &amp;lt;span class=&amp;quot;MuiButton-label&amp;quot;&amp;gt; is not clickable at point (262,12) because another element &amp;lt;div id=&amp;quot;desktop-menu&amp;quot; class=&amp;quot;MuiGrid-root jss113 MuiGrid-container&amp;quot;&amp;gt; obscures it
Build info: version: &amp;apos;3.141.59&amp;apos;, revision: &amp;apos;e82be7d358&amp;apos;, time: &amp;apos;2018-11-14T08:17:03&amp;apos;
System info: host: &amp;apos;DESKTOP-N7K85DJ&amp;apos;, ip: &amp;apos;192.168.1.4&amp;apos;, os.name: &amp;apos;Windows 10&amp;apos;, os.arch: &amp;apos;amd64&amp;apos;, os.version: &amp;apos;10.0&amp;apos;, java.version: &amp;apos;1.8.0_291&amp;apos;
Driver info: org.openqa.selenium.firefox.FirefoxDriver
Capabilities {acceptInsecureCerts: true, browserName: firefox, browserVersion: 96.0.3, javascriptEnabled: true, moz:accessibilityChecks: false, moz:buildID: 20220126154723, moz:geckodriverVersion: 0.30.0, moz:headless: false, moz:processID: 33616, moz:profile: C:\Users\Sweta\AppData\Loca..., moz:shutdownTimeout: 60000, moz:useNonSpecCompliantPointerOrigin: false, moz:webdriverClick: true, pageLoadStrategy: normal, platform: WINDOWS, platformName: WINDOWS, platformVersion: 10.0, proxy: Proxy(), setWindowRect: true, strictFileInteractability: false, timeouts: {implicit: 0, pageLoad: 300000, script: 30000}, unhandledPromptBehavior: dismiss and notify}
Session ID: f6b7e4b3-2662-418d-89c6-fd8531412e33">
      <![CDATA[org.openqa.selenium.ElementClickInterceptedException: Element <span class="MuiButton-label"> is not clickable at point (262,12) because another element <div id="desktop-menu" class="MuiGrid-root jss113 MuiGrid-container"> obscures it
Build info: version: '3.141.59', revision: 'e82be7d358', time: '2018-11-14T08:17:03'
System info: host: 'DESKTOP-N7K85DJ', ip: '192.168.1.4', os.name: 'Windows 10', os.arch: 'amd64', os.version: '10.0', java.version: '1.8.0_291'
Driver info: org.openqa.selenium.firefox.FirefoxDriver
Capabilities {acceptInsecureCerts: true, browserName: firefox, browserVersion: 96.0.3, javascriptEnabled: true, moz:accessibilityChecks: false, moz:buildID: 20220126154723, moz:geckodriverVersion: 0.30.0, moz:headless: false, moz:processID: 33616, moz:profile: C:\Users\Sweta\AppData\Loca..., moz:shutdownTimeout: 60000, moz:useNonSpecCompliantPointerOrigin: false, moz:webdriverClick: true, pageLoadStrategy: normal, platform: WINDOWS, platformName: WINDOWS, platformVersion: 10.0, proxy: Proxy(), setWindowRect: true, strictFileInteractability: false, timeouts: {implicit: 0, pageLoad: 300000, script: 30000}, unhandledPromptBehavior: dismiss and notify}
Session ID: f6b7e4b3-2662-418d-89c6-fd8531412e33
	at org.openqa.selenium.remote.http.W3CHttpResponseCodec.createException(W3CHttpResponseCodec.java:187)
	at org.openqa.selenium.remote.http.W3CHttpResponseCodec.decode(W3CHttpResponseCodec.java:122)
	at org.openqa.selenium.remote.http.W3CHttpResponseCodec.decode(W3CHttpResponseCodec.java:49)
	at org.openqa.selenium.remote.HttpCommandExecutor.execute(HttpCommandExecutor.java:158)
	at org.openqa.selenium.remote.service.DriverCommandExecutor.execute(DriverCommandExecutor.java:83)
	at org.openqa.selenium.remote.RemoteWebDriver.execute(RemoteWebDriver.java:552)
	at org.openqa.selenium.remote.RemoteWebElement.execute(RemoteWebElement.java:285)
	at org.openqa.selenium.remote.RemoteWebElement.click(RemoteWebElement.java:84)
	at AUW_Pages.Experience_page.ExploreONE(Experience_page.java:76)
	at AUW_Test_Case_dev.AUW_Experience.main(AUW_Experience.java:56)
	at java.util.concurrent.ThreadPoolExecutor.runWorker(ThreadPoolExecutor.java:1149)
	at java.util.concurrent.ThreadPoolExecutor$Worker.run(ThreadPoolExecutor.java:624)
	at java.lang.Thread.run(Thread.java:748)
... Removed 14 stack frames]]>
    </failure>
  </testcase> <!-- main -->
  <testcase name="main" time="47.609" classname="AUW_Test_Case_dev.AUW_header_web_Development"/>
  <testcase name="AboutUS" time="72.746" classname="AUW_Test_Case_dev.AUW_AboutUS"/>
  <testcase name="AUW_Footer" time="84.517" classname="AUW_Test_Case_dev.AUW_Footer_Development"/>
  <testcase name="main" time="21.376" classname="AUW_Test_Case_dev.AUW_PPP"/>
  <testcase name="main" time="47.011" classname="AUW_Test_Case_dev.AUW_CallUpdate"/>
  <testcase name="main" time="45.217" classname="AUW_Test_Case_dev.AUW_NJ_Update"/>
  <testcase name="LearnMore" time="16.49" classname="AUW_Global_Test_Cases_Development.LearnMore_TC"/>
  <testcase name="Practices_AgentsBrokers" time="70.325" classname="AUW_Test_Case_dev.Practices_AgentsBrokers"/>
  <testcase name="main" time="89.084" classname="AUW_Test_Case_dev.AUW_Intelligence_TC"/>
  <testcase name="HomePage" time="13.28" classname="AUW_Global_Test_Cases_Development.Home_Page_TC"/>
  <testcase name="Change_Language" time="4.663" classname="Promesa_Test_Case_Development.Change_language"/>
  <testcase name="Footer" time="18.035" classname="Speciality_underwriters_Test_Case_Dev.Contact_US_TC"/>
  <testcase name="Footer" time="67.613" classname="Promesa_Test_Case_Development.Footer"/>
  <testcase name="Footer" time="10.378" classname="Speciality_underwriters_Test_Case_Dev.About_Us"/>
  <testcase name="Footer" time="15.8" classname="Speciality_underwriters_Test_Case_Dev.Home_TC"/>
  <testcase name="Footer" time="38.652" classname="Speciality_underwriters_Test_Case_Dev.What_We_offer"/>
  <testcase name="Side_Heading_One" time="123.774" classname="Promesa_Test_Case_Development.Pharmacy_search"/>
  <testcase name="ContactUs_Page" time="31.404" classname="AFL_Test_Cases_Dev.ContactUS_OutsideUS_dev"/>
  <testcase name="main_Home_Page" time="27.735" classname="AFL_Test_Cases_Dev.AboutUS_OutsideUS_dev"/>
  <testcase name="Practices_CustomerSeekingCoverage" time="241.093" classname="AUW_Test_Case_dev.Practices_CustomerSeekingCoverage"/>
  <testcase name="main_Home_Page" time="20.875" classname="Adler_TestCases_Development.Home"/>
  <testcase name="Footer" time="74.525" classname="AFL_Test_Cases_Dev.Footer_TC_dev"/>
  <testcase name="Comprehensive" time="41.417" classname="Tradewel_Test_Cases_Development.Comprehensive_Protection_FF"/>
  <testcase name="Home_Page" time="134.991" classname="AFL_Test_Cases_Dev.HomePage_TC_dev"/>
  <testcase name="main_Home_Page" time="33.076" classname="Tradewel_Test_Cases_Development.About_US"/>
  <testcase name="main_Home_Page" time="131.631" classname="Adler_TestCases_Development.News"/>
  <testcase name="AUW_Footer" time="76.88" classname="Careers_Test_case_Development.Footer"/>
  <testcase name="Footer" time="281.101" classname="AFL_Test_Cases_Dev.What_We_offer_OutSideUs_dev"/>
  <testcase name="main_Home_Page" time="48.851" classname="Pinnacle_Test_Cases_Development.HomePage_TC"/>
  <testcase name="HomePage_Header_ContactUS_btn" time="17.815" classname="Credit_Global_Test_Cases_Dev.Home_TC"/>
  <testcase name="HomePage_Header_login" time="8.854" classname="Credit_Global_Test_Cases_Dev.Forgot_Password"/>
  <testcase name="HomePage_Header_Our_approach" time="12.661" classname="Credit_Global_Test_Cases_Dev.Home_TC"/>
  <testcase name="HomePage_Header_login" time="29.798" classname="Credit_Global_Test_Cases_Dev.What_we_Do_TC"/>
  <testcase name="HomePage_Header_What_weDo" time="7.745" classname="Credit_Global_Test_Cases_Dev.Home_TC"/>
  <testcase name="ContactUS" time="45.549" classname="Warranty_Test_Case_Dev.Contact_US"/>
  <testcase name="HomePage_Header_login" time="11.909" classname="Credit_Global_Test_Cases_Dev.Home_TC"/>
  <testcase name="partner" time="11.71" classname="Warranty_Test_Case_Dev.Partner_With_US"/>
  <testcase name="Home_page" time="32.379" classname="Warranty_Test_Case_Dev.About_US"/>
  <testcase name="Partner1" time="77.635" classname="Warranty_Test_Case_Dev.Our_Partner"/>
  <testcase name="WhatsNew" time="359.374" classname="Pinnacle_Test_Cases_Development.WatsNew">
    <failure type="org.openqa.selenium.TimeoutException" message="TimedPromise timed out after 300000 ms
Build info: version: &amp;apos;3.141.59&amp;apos;, revision: &amp;apos;e82be7d358&amp;apos;, time: &amp;apos;2018-11-14T08:17:03&amp;apos;
System info: host: &amp;apos;DESKTOP-N7K85DJ&amp;apos;, ip: &amp;apos;192.168.1.4&amp;apos;, os.name: &amp;apos;Windows 10&amp;apos;, os.arch: &amp;apos;amd64&amp;apos;, os.version: &amp;apos;10.0&amp;apos;, java.version: &amp;apos;1.8.0_291&amp;apos;
Driver info: org.openqa.selenium.firefox.FirefoxDriver
Capabilities {acceptInsecureCerts: true, browserName: firefox, browserVersion: 96.0.3, javascriptEnabled: true, moz:accessibilityChecks: false, moz:buildID: 20220126154723, moz:geckodriverVersion: 0.30.0, moz:headless: false, moz:processID: 24740, moz:profile: C:\Users\Sweta\AppData\Loca..., moz:shutdownTimeout: 60000, moz:useNonSpecCompliantPointerOrigin: false, moz:webdriverClick: true, pageLoadStrategy: normal, platform: WINDOWS, platformName: WINDOWS, platformVersion: 10.0, proxy: Proxy(), setWindowRect: true, strictFileInteractability: false, timeouts: {implicit: 0, pageLoad: 300000, script: 30000}, unhandledPromptBehavior: dismiss and notify}
Session ID: b4550ca3-5a98-444f-8b08-7e5c53718e09">
      <![CDATA[org.openqa.selenium.TimeoutException: TimedPromise timed out after 300000 ms
Build info: version: '3.141.59', revision: 'e82be7d358', time: '2018-11-14T08:17:03'
System info: host: 'DESKTOP-N7K85DJ', ip: '192.168.1.4', os.name: 'Windows 10', os.arch: 'amd64', os.version: '10.0', java.version: '1.8.0_291'
Driver info: org.openqa.selenium.firefox.FirefoxDriver
Capabilities {acceptInsecureCerts: true, browserName: firefox, browserVersion: 96.0.3, javascriptEnabled: true, moz:accessibilityChecks: false, moz:buildID: 20220126154723, moz:geckodriverVersion: 0.30.0, moz:headless: false, moz:processID: 24740, moz:profile: C:\Users\Sweta\AppData\Loca..., moz:shutdownTimeout: 60000, moz:useNonSpecCompliantPointerOrigin: false, moz:webdriverClick: true, pageLoadStrategy: normal, platform: WINDOWS, platformName: WINDOWS, platformVersion: 10.0, proxy: Proxy(), setWindowRect: true, strictFileInteractability: false, timeouts: {implicit: 0, pageLoad: 300000, script: 30000}, unhandledPromptBehavior: dismiss and notify}
Session ID: b4550ca3-5a98-444f-8b08-7e5c53718e09
	at org.openqa.selenium.remote.http.W3CHttpResponseCodec.createException(W3CHttpResponseCodec.java:187)
	at org.openqa.selenium.remote.http.W3CHttpResponseCodec.decode(W3CHttpResponseCodec.java:122)
	at org.openqa.selenium.remote.http.W3CHttpResponseCodec.decode(W3CHttpResponseCodec.java:49)
	at org.openqa.selenium.remote.HttpCommandExecutor.execute(HttpCommandExecutor.java:158)
	at org.openqa.selenium.remote.service.DriverCommandExecutor.execute(DriverCommandExecutor.java:83)
	at org.openqa.selenium.remote.RemoteWebDriver.execute(RemoteWebDriver.java:552)
	at org.openqa.selenium.remote.RemoteWebDriver.execute(RemoteWebDriver.java:609)
	at org.openqa.selenium.remote.RemoteWebDriver$RemoteNavigation.back(RemoteWebDriver.java:849)
	at Pinnacle_Pages.WhatsNewPage.LoadMore(WhatsNewPage.java:151)
	at Pinnacle_Test_Cases_Development.WatsNew.WhatsNew(WatsNew.java:20)
	at java.util.concurrent.ThreadPoolExecutor.runWorker(ThreadPoolExecutor.java:1149)
	at java.util.concurrent.ThreadPoolExecutor$Worker.run(ThreadPoolExecutor.java:624)
	at java.lang.Thread.run(Thread.java:748)
... Removed 14 stack frames]]>
    </failure>
  </testcase> <!-- WhatsNew -->
  <testcase name="NewsEvents" time="74.302" classname="Warranty_Test_Case_Dev.NewsEvents">
    <failure type="org.openqa.selenium.NoSuchElementException" message="Unable to locate element: //*[@id=&amp;apos;app&amp;apos;]/main/div[1]/div/div/div[2]/div[3]/div/div[1]/div/a
For documentation on this error, please visit: https://www.seleniumhq.org/exceptions/no_such_element.html
Build info: version: &amp;apos;3.141.59&amp;apos;, revision: &amp;apos;e82be7d358&amp;apos;, time: &amp;apos;2018-11-14T08:17:03&amp;apos;
System info: host: &amp;apos;DESKTOP-N7K85DJ&amp;apos;, ip: &amp;apos;192.168.1.4&amp;apos;, os.name: &amp;apos;Windows 10&amp;apos;, os.arch: &amp;apos;amd64&amp;apos;, os.version: &amp;apos;10.0&amp;apos;, java.version: &amp;apos;1.8.0_291&amp;apos;
Driver info: org.openqa.selenium.firefox.FirefoxDriver
Capabilities {acceptInsecureCerts: true, browserName: firefox, browserVersion: 96.0.3, javascriptEnabled: true, moz:accessibilityChecks: false, moz:buildID: 20220126154723, moz:geckodriverVersion: 0.30.0, moz:headless: false, moz:processID: 25224, moz:profile: C:\Users\Sweta\AppData\Loca..., moz:shutdownTimeout: 60000, moz:useNonSpecCompliantPointerOrigin: false, moz:webdriverClick: true, pageLoadStrategy: normal, platform: WINDOWS, platformName: WINDOWS, platformVersion: 10.0, proxy: Proxy(), setWindowRect: true, strictFileInteractability: false, timeouts: {implicit: 0, pageLoad: 300000, script: 30000}, unhandledPromptBehavior: dismiss and notify}
Session ID: c72dfa3b-4abd-46ff-9f4b-430f6ba6d6b4
*** Element info: {Using=xpath, value=//*[@id=&amp;apos;app&amp;apos;]/main/div[1]/div/div/div[2]/div[3]/div/div[1]/div/a}">
      <![CDATA[org.openqa.selenium.NoSuchElementException: Unable to locate element: //*[@id='app']/main/div[1]/div/div/div[2]/div[3]/div/div[1]/div/a
For documentation on this error, please visit: https://www.seleniumhq.org/exceptions/no_such_element.html
Build info: version: '3.141.59', revision: 'e82be7d358', time: '2018-11-14T08:17:03'
System info: host: 'DESKTOP-N7K85DJ', ip: '192.168.1.4', os.name: 'Windows 10', os.arch: 'amd64', os.version: '10.0', java.version: '1.8.0_291'
Driver info: org.openqa.selenium.firefox.FirefoxDriver
Capabilities {acceptInsecureCerts: true, browserName: firefox, browserVersion: 96.0.3, javascriptEnabled: true, moz:accessibilityChecks: false, moz:buildID: 20220126154723, moz:geckodriverVersion: 0.30.0, moz:headless: false, moz:processID: 25224, moz:profile: C:\Users\Sweta\AppData\Loca..., moz:shutdownTimeout: 60000, moz:useNonSpecCompliantPointerOrigin: false, moz:webdriverClick: true, pageLoadStrategy: normal, platform: WINDOWS, platformName: WINDOWS, platformVersion: 10.0, proxy: Proxy(), setWindowRect: true, strictFileInteractability: false, timeouts: {implicit: 0, pageLoad: 300000, script: 30000}, unhandledPromptBehavior: dismiss and notify}
Session ID: c72dfa3b-4abd-46ff-9f4b-430f6ba6d6b4
*** Element info: {Using=xpath, value=//*[@id='app']/main/div[1]/div/div/div[2]/div[3]/div/div[1]/div/a}
	at org.openqa.selenium.remote.http.W3CHttpResponseCodec.createException(W3CHttpResponseCodec.java:187)
	at org.openqa.selenium.remote.http.W3CHttpResponseCodec.decode(W3CHttpResponseCodec.java:122)
	at org.openqa.selenium.remote.http.W3CHttpResponseCodec.decode(W3CHttpResponseCodec.java:49)
	at org.openqa.selenium.remote.HttpCommandExecutor.execute(HttpCommandExecutor.java:158)
	at org.openqa.selenium.remote.service.DriverCommandExecutor.execute(DriverCommandExecutor.java:83)
	at org.openqa.selenium.remote.RemoteWebDriver.execute(RemoteWebDriver.java:552)
	at org.openqa.selenium.remote.RemoteWebDriver.findElement(RemoteWebDriver.java:323)
	at org.openqa.selenium.remote.RemoteWebDriver.findElementByXPath(RemoteWebDriver.java:428)
	at org.openqa.selenium.By$ByXPath.findElement(By.java:353)
	at org.openqa.selenium.remote.RemoteWebDriver.findElement(RemoteWebDriver.java:315)
	at Warranty_Page.NewsEvents_Page.Image3(NewsEvents_Page.java:148)
	at Warranty_Test_Case_Dev.NewsEvents.NewsEvents(NewsEvents.java:18)
	at java.util.concurrent.ThreadPoolExecutor.runWorker(ThreadPoolExecutor.java:1149)
	at java.util.concurrent.ThreadPoolExecutor$Worker.run(ThreadPoolExecutor.java:624)
	at java.lang.Thread.run(Thread.java:748)
... Removed 14 stack frames]]>
    </failure>
  </testcase> <!-- NewsEvents -->
  <testcase name="Partner2" time="76.407" classname="Warranty_Test_Case_Dev.Our_Partner"/>
  <testcase name="Home_page" time="269.65" classname="Warranty_Test_Case_Dev.HomePage_Testcase"/>
  <testcase name="Footer_Facebook" time="26.307" classname="JumboGC_Test_case_Devlopment.Header_footer"/>
  <testcase name="Footer" time="64.614" classname="Solution_one_Development.Footer_Develop"/>
  <testcase name="Partner3" time="84.4" classname="Warranty_Test_Case_Dev.Our_Partner"/>
  <testcase name="Footer_Instagram" time="31.65" classname="JumboGC_Test_case_Devlopment.Header_footer"/>
  <testcase name="HomePage" time="75.683" classname="Casuality_Dev_TC.Home_page"/>
  <testcase name="Footer_Privacy" time="36.717" classname="JumboGC_Test_case_Devlopment.Header_footer"/>
  <testcase name="Partner4" time="94.666" classname="Warranty_Test_Case_Dev.Our_Partner"/>
  <testcase name="Footer_linkedIN" time="28.168" classname="JumboGC_Test_case_Devlopment.Header_footer"/>
  <testcase name="HomePage" time="61.974" classname="Casuality_Dev_TC.Menu_Press_Room"/>
  <testcase name="Header_Login" time="24.755" classname="JumboGC_Test_case_Devlopment.Header_footer"/>
  <testcase name="Partner5" time="82.353" classname="Warranty_Test_Case_Dev.Our_Partner"/>
  <testcase name="Carriers" time="43.491" classname="Casuality_Dev_TC.Menu_Our_Carriers"/>
  <testcase name="HomePage" time="24.225" classname="Casuality_Dev_TC.Menu_Contact_Us"/>
  <testcase name="HomePage" time="46.58" classname="Casuality_Dev_TC.Menu_About_US"/>
  <testcase name="Partner6" time="68.403" classname="Warranty_Test_Case_Dev.Our_Partner"/>
</testsuite> <!-- Firefox_Developmet -->
