<?xml version="1.0" encoding="UTF-8"?>
<!-- Generated by org.testng.reporters.JUnitXMLReporter -->
<testsuite hostname="DESKTOP-N7K85DJ" name="Firefox_Prod" tests="77" failures="1" timestamp="4 Feb 2022 10:36:26 GMT" time="2387.035" errors="0">
  <testcase name="main" time="40.03" classname="AUW_Test_case_prod.AUW_CallUpdate"/>
  <testcase name="AboutUS" time="65.582" classname="AUW_Test_case_prod.AUW_AboutUS"/>
  <testcase name="main" time="86.175" classname="AUW_Test_case_prod.AUW_Intelligence_TC"/>
  <testcase name="AUW_Footer" time="78.717" classname="AUW_Test_case_prod.AUW_Footer_Prod"/>
  <testcase name="main" time="39.445" classname="AUW_Test_case_prod.AUW_NJ_Update"/>
  <testcase name="main" time="59.171" classname="AUW_Test_case_prod.AUW_Heartwood"/>
  <testcase name="main" time="42.861" classname="AUW_Test_case_prod.AUW_header_web_Prod"/>
  <testcase name="main" time="17.387" classname="AUW_Test_case_prod.AUW_PPP"/>
  <testcase name="Practices_AgentsBrokers" time="53.697" classname="AUW_Test_case_prod.Practices_AgentsBrokers"/>
  <testcase name="main" time="305.974" classname="AUW_Test_case_prod.AUW_Experience"/>
  <testcase name="LearnMore" time="13.89" classname="AUW_Global_Test_Cases_Prod.LearnMore_TC"/>
  <testcase name="HomePage" time="15.98" classname="AUW_Global_Test_Cases_Prod.Home_Page_TC"/>
  <testcase name="Practices_CustomerSeekingCoverage" time="224.618" classname="AUW_Test_case_prod.Practices_CustomerSeekingCoverage"/>
  <testcase name="Change_Language" time="2.837" classname="Promesa_Test_Case_Prod.Change_language"/>
  <testcase name="Footer_PrivacyPolicy" time="20.988" classname="Promesa_Test_Case_Prod.Footer"/>
  <testcase name="Footer_facebook" time="19.323" classname="Promesa_Test_Case_Prod.Footer"/>
  <testcase name="Footer_instagram" time="6.131" classname="Promesa_Test_Case_Prod.Footer"/>
  <testcase name="Footer_linkedin" time="6.144" classname="Promesa_Test_Case_Prod.Footer"/>
  <testcase name="Side_Heading_One" time="123.552" classname="Promesa_Test_Case_Prod.Pharmacy_search"/>
  <testcase name="Footer_twitter" time="7.356" classname="Promesa_Test_Case_Prod.Footer"/>
  <testcase name="Heading1" time="33.022" classname="MTL_Test_Cases_Prod.What_we_offer1_TC"/>
  <testcase name="More_offers" time="32.966" classname="MTL_Test_Cases_Prod.More_offers_TC"/>
  <testcase name="Heading10" time="36.362" classname="MTL_Test_Cases_Prod.What_we_offer1_TC"/>
  <testcase name="Footer" time="38.967" classname="MTL_Test_Cases_Prod.Home_URL"/>
  <testcase name="Heading11" time="51.798" classname="MTL_Test_Cases_Prod.What_we_offer1_TC"/>
  <testcase name="Heading" time="81.18" classname="MTL_Test_Cases_Prod.What_we_offer_URL_TC"/>
  <testcase name="Heading2" time="35.644" classname="MTL_Test_Cases_Prod.What_we_offer1_TC"/>
  <testcase name="Footer" time="16.163" classname="Speciality_underwriters_Test_Case_Prod.Contact_US_TC"/>
  <testcase name="Footer" time="9.162" classname="Speciality_underwriters_Test_Case_Prod.About_Us"/>
  <testcase name="Heading3" time="36.683" classname="MTL_Test_Cases_Prod.What_we_offer1_TC"/>
  <testcase name="Footer" time="34.444" classname="Speciality_underwriters_Test_Case_Prod.What_We_offer"/>
  <testcase name="Heading4" time="36.162" classname="MTL_Test_Cases_Prod.What_we_offer1_TC"/>
  <testcase name="Footer" time="15.79" classname="Speciality_underwriters_Test_Case_Prod.Home_TC"/>
  <testcase name="Heading5" time="36.973" classname="MTL_Test_Cases_Prod.What_we_offer1_TC"/>
  <testcase name="Heading6" time="36.796" classname="MTL_Test_Cases_Prod.What_we_offer1_TC"/>
  <testcase name="Heading7" time="36.021" classname="MTL_Test_Cases_Prod.What_we_offer1_TC"/>
  <testcase name="Heading8" time="35.906" classname="MTL_Test_Cases_Prod.What_we_offer1_TC"/>
  <testcase name="Heading9" time="36.319" classname="MTL_Test_Cases_Prod.What_we_offer1_TC"/>
  <testcase name="Footer" time="264.995" classname="AFL_Test_Case_Prod.What_We_offer_OutSideUs"/>
  <testcase name="Home_Page" time="113.615" classname="AFL_Test_Case_Prod.HomePage_TC"/>
  <testcase name="Footer" time="67.108" classname="AFL_Test_Case_Prod.Footer_TC"/>
  <testcase name="ContactUs_Page" time="22.761" classname="AFL_Test_Case_Prod.ContactUS_OutsideUS"/>
  <testcase name="main_Home_Page" time="23.882" classname="AFL_Test_Case_Prod.AboutUS_OutsideUS"/>
  <testcase name="HomePage_Header_login" time="28.04" classname="Credit_Global_Test_Cases_Prod.What_we_Do_TC"/>
  <testcase name="HomePage_Header_login" time="7.932" classname="Credit_Global_Test_Cases_Prod.Forgot_Password"/>
  <testcase name="HomePage_Header_ContactUS_btn" time="14.349" classname="Credit_Global_Test_Cases_Prod.Home_TC"/>
  <testcase name="main_Home_Page" time="20.437" classname="Adler_TestCases_Prod.Home"/>
  <testcase name="HomePage_Header_Our_approach" time="11.36" classname="Credit_Global_Test_Cases_Prod.Home_TC"/>
  <testcase name="HomePage_Header_What_weDo" time="7.5" classname="Credit_Global_Test_Cases_Prod.Home_TC"/>
  <testcase name="HomePage_Header_login" time="11.742" classname="Credit_Global_Test_Cases_Prod.Home_TC"/>
  <testcase name="AUW_Facebook" time="16.863" classname="Careers_Test_case_Prod.Footer"/>
  <testcase name="AUW_Instagram" time="8.01" classname="Careers_Test_case_Prod.Footer"/>
  <testcase name="AUW_Linkedin" time="8.095" classname="Careers_Test_case_Prod.Footer"/>
  <testcase name="main_Home_Page" time="125.635" classname="Adler_TestCases_Prod.News"/>
  <testcase name="AUW_Policy" time="26.491" classname="Careers_Test_case_Prod.Footer"/>
  <testcase name="AUW_twitter" time="9.548" classname="Careers_Test_case_Prod.Footer"/>
  <testcase name="Footer" time="56.885" classname="Solution_one_Prod.Footer_Production"/>
  <testcase name="Footer_Facebook" time="25.613" classname="JumboGC_Test_case_prod.Header_footer"/>
  <testcase name="Home_page" time="32.251" classname="Warranty_Test_Case_Prod.About_US"/>
  <testcase name="Footer_Instagram" time="25.613" classname="JumboGC_Test_case_prod.Header_footer"/>
  <testcase name="ContactUS" time="39.847" classname="Warranty_Test_Case_Prod.Contact_US"/>
  <testcase name="Footer_Privacy" time="36.492" classname="JumboGC_Test_case_prod.Header_footer"/>
  <testcase name="partner" time="11.025" classname="Warranty_Test_Case_Prod.Partner_With_US"/>
  <testcase name="Footer_linkedIN" time="25.64" classname="JumboGC_Test_case_prod.Header_footer"/>
  <testcase name="Header_Login" time="20.26" classname="JumboGC_Test_case_prod.Header_footer"/>
  <testcase name="Partner1" time="69.195" classname="Warranty_Test_Case_Prod.Our_Partner"/>
  <testcase name="Partner2" time="69.964" classname="Warranty_Test_Case_Prod.Our_Partner"/>
  <testcase name="Home_page" time="267.725" classname="Warranty_Test_Case_Prod.HomePage_Testcase"/>
  <testcase name="Partner3" time="70.443" classname="Warranty_Test_Case_Prod.Our_Partner"/>
  <testcase name="HomePage" time="69.46" classname="Casuality_Prod_TC.Home_page"/>
  <testcase name="Partner4" time="75.197" classname="Warranty_Test_Case_Prod.Our_Partner"/>
  <testcase name="HomePage" time="51.004" classname="Casuality_Prod_TC.Menu_About_US"/>
  <testcase name="HomePage" time="22.597" classname="Casuality_Prod_TC.Menu_Contact_Us"/>
  <testcase name="Partner5" time="71.772" classname="Warranty_Test_Case_Prod.Our_Partner"/>
  <testcase name="Carriers" time="20.752" classname="Casuality_Prod_TC.Menu_Our_Carriers"/>
  <testcase name="HomePage" time="30.846" classname="Casuality_Prod_TC.Menu_Press_Room">
    <failure type="java.lang.AssertionError" message="expected [California Insurance Company’s Statement Replying to Reports of Consumer Watchdog Inquiries into California Department of Insurance Transparency and Related Matters] but found []">
      <![CDATA[java.lang.AssertionError: expected [California Insurance Company’s Statement Replying to Reports of Consumer Watchdog Inquiries into California Department of Insurance Transparency and Related Matters] but found []
	at Casuality_pages.Menu_PressRoom.text_1(Menu_PressRoom.java:92)
	at Casuality_Prod_TC.Menu_Press_Room.HomePage(Menu_Press_Room.java:21)
	at java.util.concurrent.ThreadPoolExecutor.runWorker(ThreadPoolExecutor.java:1149)
	at java.util.concurrent.ThreadPoolExecutor$Worker.run(ThreadPoolExecutor.java:624)
	at java.lang.Thread.run(Thread.java:748)
... Removed 15 stack frames]]>
    </failure>
  </testcase> <!-- HomePage -->
  <testcase name="Partner6" time="67.227" classname="Warranty_Test_Case_Prod.Our_Partner"/>
</testsuite> <!-- Firefox_Prod -->
