<?xml version="1.0" encoding="UTF-8"?>
<!-- Generated by org.testng.reporters.JUnitXMLReporter -->
<testsuite hostname="DESKTOP-N7K85DJ" name="Firefox_Prod" tests="79" failures="0" timestamp="24 Feb 2022 14:29:25 GMT" time="2450.071" errors="0">
  <testcase name="main" time="40.362" classname="AUW_Test_case_prod.AUW_CallUpdate"/>
  <testcase name="AboutUS" time="65.51" classname="AUW_Test_case_prod.AUW_AboutUS"/>
  <testcase name="main" time="84.392" classname="AUW_Test_case_prod.AUW_Intelligence_TC"/>
  <testcase name="AUW_Footer" time="76.012" classname="AUW_Test_case_prod.AUW_Footer_Prod"/>
  <testcase name="main" time="39.153" classname="AUW_Test_case_prod.AUW_NJ_Update"/>
  <testcase name="main" time="60.154" classname="AUW_Test_case_prod.AUW_Heartwood"/>
  <testcase name="main" time="40.538" classname="AUW_Test_case_prod.AUW_header_web_Prod"/>
  <testcase name="main" time="17.184" classname="AUW_Test_case_prod.AUW_PPP"/>
  <testcase name="Practices_AgentsBrokers" time="54.308" classname="AUW_Test_case_prod.Practices_AgentsBrokers"/>
  <testcase name="main" time="306.462" classname="AUW_Test_case_prod.AUW_Experience"/>
  <testcase name="LearnMore" time="14.234" classname="AUW_Global_Test_Cases_Prod.LearnMore_TC"/>
  <testcase name="HomePage" time="15.546" classname="AUW_Global_Test_Cases_Prod.Home_Page_TC"/>
  <testcase name="Practices_CustomerSeekingCoverage" time="255.49" classname="AUW_Test_case_prod.Practices_CustomerSeekingCoverage"/>
  <testcase name="Change_Language" time="2.806" classname="Promesa_Test_Case_Prod.Change_language"/>
  <testcase name="Footer_PrivacyPolicy" time="21.458" classname="Promesa_Test_Case_Prod.Footer"/>
  <testcase name="Footer_facebook" time="19.112" classname="Promesa_Test_Case_Prod.Footer"/>
  <testcase name="Footer_instagram" time="6.125" classname="Promesa_Test_Case_Prod.Footer"/>
  <testcase name="Side_Heading_One" time="123.363" classname="Promesa_Test_Case_Prod.Pharmacy_search"/>
  <testcase name="Footer_linkedin" time="7.711" classname="Promesa_Test_Case_Prod.Footer"/>
  <testcase name="Footer_twitter" time="6.15" classname="Promesa_Test_Case_Prod.Footer"/>
  <testcase name="Heading1" time="34.598" classname="MTL_Test_Cases_Prod.What_we_offer1_TC"/>
  <testcase name="More_offers" time="32.09" classname="MTL_Test_Cases_Prod.More_offers_TC"/>
  <testcase name="Heading10" time="36.221" classname="MTL_Test_Cases_Prod.What_we_offer1_TC"/>
  <testcase name="Footer" time="39.119" classname="MTL_Test_Cases_Prod.Home_URL"/>
  <testcase name="Heading11" time="50.681" classname="MTL_Test_Cases_Prod.What_we_offer1_TC"/>
  <testcase name="Heading2" time="35.645" classname="MTL_Test_Cases_Prod.What_we_offer1_TC"/>
  <testcase name="Heading" time="83.72" classname="MTL_Test_Cases_Prod.What_we_offer_URL_TC"/>
  <testcase name="Footer" time="16.712" classname="Speciality_underwriters_Test_Case_Prod.Contact_US_TC"/>
  <testcase name="Heading3" time="35.876" classname="MTL_Test_Cases_Prod.What_we_offer1_TC"/>
  <testcase name="Footer" time="10.075" classname="Speciality_underwriters_Test_Case_Prod.About_Us"/>
  <testcase name="Heading4" time="36.378" classname="MTL_Test_Cases_Prod.What_we_offer1_TC"/>
  <testcase name="Footer" time="34.791" classname="Speciality_underwriters_Test_Case_Prod.What_We_offer"/>
  <testcase name="Footer" time="15.907" classname="Speciality_underwriters_Test_Case_Prod.Home_TC"/>
  <testcase name="Heading5" time="36.464" classname="MTL_Test_Cases_Prod.What_we_offer1_TC"/>
  <testcase name="Heading6" time="35.838" classname="MTL_Test_Cases_Prod.What_we_offer1_TC"/>
  <testcase name="Heading7" time="35.736" classname="MTL_Test_Cases_Prod.What_we_offer1_TC"/>
  <testcase name="Heading8" time="35.544" classname="MTL_Test_Cases_Prod.What_we_offer1_TC"/>
  <testcase name="Heading9" time="35.795" classname="MTL_Test_Cases_Prod.What_we_offer1_TC"/>
  <testcase name="Footer" time="264.376" classname="AFL_Test_Case_Prod.What_We_offer_OutSideUs"/>
  <testcase name="Home_Page" time="112.228" classname="AFL_Test_Case_Prod.HomePage_TC"/>
  <testcase name="Footer" time="77.396" classname="AFL_Test_Case_Prod.Footer_TC"/>
  <testcase name="ContactUs_Page" time="27.817" classname="AFL_Test_Case_Prod.ContactUS_OutsideUS"/>
  <testcase name="main_Home_Page" time="24.531" classname="AFL_Test_Case_Prod.AboutUS_OutsideUS"/>
  <testcase name="HomePage_Header_login" time="28.278" classname="Credit_Global_Test_Cases_Prod.What_we_Do_TC"/>
  <testcase name="HomePage_Header_login" time="7.791" classname="Credit_Global_Test_Cases_Prod.Forgot_Password"/>
  <testcase name="HomePage_Header_ContactUS_btn" time="13.594" classname="Credit_Global_Test_Cases_Prod.Home_TC"/>
  <testcase name="main_Home_Page" time="19.857" classname="Adler_TestCases_Prod.Home"/>
  <testcase name="HomePage_Header_Our_approach" time="11.451" classname="Credit_Global_Test_Cases_Prod.Home_TC"/>
  <testcase name="HomePage_Header_What_weDo" time="7.133" classname="Credit_Global_Test_Cases_Prod.Home_TC"/>
  <testcase name="HomePage_Header_login" time="10.989" classname="Credit_Global_Test_Cases_Prod.Home_TC"/>
  <testcase name="AUW_Facebook" time="16.528" classname="Careers_Test_case_Prod.Footer"/>
  <testcase name="AUW_Instagram" time="7.939" classname="Careers_Test_case_Prod.Footer"/>
  <testcase name="AUW_Linkedin" time="8.458" classname="Careers_Test_case_Prod.Footer"/>
  <testcase name="main_Home_Page" time="124.04" classname="Adler_TestCases_Prod.News"/>
  <testcase name="AUW_Policy" time="24.741" classname="Careers_Test_case_Prod.Footer"/>
  <testcase name="AUW_twitter" time="9.927" classname="Careers_Test_case_Prod.Footer"/>
  <testcase name="Footer" time="48.56" classname="Solution_one_Prod.Footer_Production"/>
  <testcase name="Footer_Facebook" time="25.628" classname="JumboGC_Test_case_prod.Header_footer"/>
  <testcase name="Home_page" time="32.142" classname="Warranty_Test_Case_Prod.About_US"/>
  <testcase name="Footer_Instagram" time="25.609" classname="JumboGC_Test_case_prod.Header_footer"/>
  <testcase name="ContactUS" time="41.594" classname="Warranty_Test_Case_Prod.Contact_US"/>
  <testcase name="Footer_Privacy" time="36.987" classname="JumboGC_Test_case_prod.Header_footer"/>
  <testcase name="partner" time="10.87" classname="Warranty_Test_Case_Prod.Partner_With_US"/>
  <testcase name="Footer_linkedIN" time="26.187" classname="JumboGC_Test_case_prod.Header_footer"/>
  <testcase name="Header_Login" time="20.259" classname="JumboGC_Test_case_prod.Header_footer"/>
  <testcase name="Partner1" time="67.392" classname="Warranty_Test_Case_Prod.Our_Partner"/>
  <testcase name="Partner2" time="67.792" classname="Warranty_Test_Case_Prod.Our_Partner"/>
  <testcase name="Home_page" time="263.072" classname="Warranty_Test_Case_Prod.HomePage_Testcase"/>
  <testcase name="Partner3" time="66.071" classname="Warranty_Test_Case_Prod.Our_Partner"/>
  <testcase name="HomePage" time="64.789" classname="Casuality_Prod_TC.Home_page"/>
  <testcase name="Partner4" time="67.751" classname="Warranty_Test_Case_Prod.Our_Partner"/>
  <testcase name="HomePage" time="42.606" classname="Casuality_Prod_TC.Menu_About_US"/>
  <testcase name="HomePage" time="22.106" classname="Casuality_Prod_TC.Menu_Contact_Us"/>
  <testcase name="Partner5" time="66.889" classname="Warranty_Test_Case_Prod.Our_Partner"/>
  <testcase name="Carriers" time="33.714" classname="Casuality_Prod_TC.Menu_Our_Carriers"/>
  <testcase name="Partner6" time="67.598" classname="Warranty_Test_Case_Prod.Our_Partner"/>
  <testcase name="HomePage" time="53.935" classname="Casuality_Prod_TC.Menu_Press_Room"/>
  <testcase name="main_Home_Page" time="46.186" classname="Pinnacle_Test_Cases_Production.HomePage_TC"/>
  <testcase name="WhatsNew" time="82.798" classname="Pinnacle_Test_Cases_Production.WatsNew"/>
</testsuite> <!-- Firefox_Prod -->
