<?xml version="1.0" encoding="UTF-8"?>
<!-- Generated by org.testng.reporters.JUnitXMLReporter -->
<testsuite hostname="DESKTOP-N7K85DJ" name="Firefox_Prod" tests="62" failures="1" timestamp="24 Dec 2021 14:37:43 GMT" time="3821.504" errors="0">
  <testcase name="main" time="81.283" classname="AUW_Test_case_prod.AUW_CallUpdate"/>
  <testcase name="AboutUS" time="67.208" classname="AUW_Test_case_prod.AUW_AboutUS"/>
  <testcase name="main" time="91.499" classname="AUW_Test_case_prod.AUW_Intelligence_TC"/>
  <testcase name="AUW_Footer" time="79.588" classname="AUW_Test_case_prod.AUW_Footer_Prod"/>
  <testcase name="main" time="51.587" classname="AUW_Test_case_prod.AUW_Heartwood">
    <failure type="org.openqa.selenium.ElementClickInterceptedException" message="Element &amp;lt;span class=&amp;quot;MuiButton-label&amp;quot;&amp;gt; is not clickable at point (269,12) because another element &amp;lt;div id=&amp;quot;desktop-menu&amp;quot; class=&amp;quot;MuiGrid-root jss13 MuiGrid-container&amp;quot;&amp;gt; obscures it
Build info: version: &amp;apos;3.141.59&amp;apos;, revision: &amp;apos;e82be7d358&amp;apos;, time: &amp;apos;2018-11-14T08:17:03&amp;apos;
System info: host: &amp;apos;DESKTOP-N7K85DJ&amp;apos;, ip: &amp;apos;172.16.20.2&amp;apos;, os.name: &amp;apos;Windows 10&amp;apos;, os.arch: &amp;apos;amd64&amp;apos;, os.version: &amp;apos;10.0&amp;apos;, java.version: &amp;apos;1.8.0_301&amp;apos;
Driver info: org.openqa.selenium.firefox.FirefoxDriver
Capabilities {acceptInsecureCerts: true, browserName: firefox, browserVersion: 95.0.2, javascriptEnabled: true, moz:accessibilityChecks: false, moz:buildID: 20211218203254, moz:geckodriverVersion: 0.28.0, moz:headless: false, moz:processID: 17420, moz:profile: C:\Users\Sweta\AppData\Loca..., moz:shutdownTimeout: 60000, moz:useNonSpecCompliantPointerOrigin: false, moz:webdriverClick: true, pageLoadStrategy: normal, platform: WINDOWS, platformName: WINDOWS, platformVersion: 10.0, proxy: Proxy(), setWindowRect: true, strictFileInteractability: false, timeouts: {implicit: 0, pageLoad: 300000, script: 30000}, unhandledPromptBehavior: dismiss and notify}
Session ID: 5cc88511-1757-4ba7-8f2c-2f9b6a12f51c">
      <![CDATA[org.openqa.selenium.ElementClickInterceptedException: Element <span class="MuiButton-label"> is not clickable at point (269,12) because another element <div id="desktop-menu" class="MuiGrid-root jss13 MuiGrid-container"> obscures it
Build info: version: '3.141.59', revision: 'e82be7d358', time: '2018-11-14T08:17:03'
System info: host: 'DESKTOP-N7K85DJ', ip: '172.16.20.2', os.name: 'Windows 10', os.arch: 'amd64', os.version: '10.0', java.version: '1.8.0_301'
Driver info: org.openqa.selenium.firefox.FirefoxDriver
Capabilities {acceptInsecureCerts: true, browserName: firefox, browserVersion: 95.0.2, javascriptEnabled: true, moz:accessibilityChecks: false, moz:buildID: 20211218203254, moz:geckodriverVersion: 0.28.0, moz:headless: false, moz:processID: 17420, moz:profile: C:\Users\Sweta\AppData\Loca..., moz:shutdownTimeout: 60000, moz:useNonSpecCompliantPointerOrigin: false, moz:webdriverClick: true, pageLoadStrategy: normal, platform: WINDOWS, platformName: WINDOWS, platformVersion: 10.0, proxy: Proxy(), setWindowRect: true, strictFileInteractability: false, timeouts: {implicit: 0, pageLoad: 300000, script: 30000}, unhandledPromptBehavior: dismiss and notify}
Session ID: 5cc88511-1757-4ba7-8f2c-2f9b6a12f51c
	at org.openqa.selenium.remote.http.W3CHttpResponseCodec.createException(W3CHttpResponseCodec.java:187)
	at org.openqa.selenium.remote.http.W3CHttpResponseCodec.decode(W3CHttpResponseCodec.java:122)
	at org.openqa.selenium.remote.http.W3CHttpResponseCodec.decode(W3CHttpResponseCodec.java:49)
	at org.openqa.selenium.remote.HttpCommandExecutor.execute(HttpCommandExecutor.java:158)
	at org.openqa.selenium.remote.service.DriverCommandExecutor.execute(DriverCommandExecutor.java:83)
	at org.openqa.selenium.remote.RemoteWebDriver.execute(RemoteWebDriver.java:552)
	at org.openqa.selenium.remote.RemoteWebElement.execute(RemoteWebElement.java:285)
	at org.openqa.selenium.remote.RemoteWebElement.click(RemoteWebElement.java:84)
	at AUW_Test_case_prod.AUW_Heartwood.main(AUW_Heartwood.java:113)
... Removed 28 stack frames]]>
    </failure>
  </testcase> <!-- main -->
  <testcase name="main" time="42.131" classname="AUW_Test_case_prod.AUW_NJ_Update"/>
  <testcase name="main" time="312.392" classname="AUW_Test_case_prod.AUW_Experience"/>
  <testcase name="main" time="42.86" classname="AUW_Test_case_prod.AUW_header_web_Prod"/>
  <testcase name="main" time="18.297" classname="AUW_Test_case_prod.AUW_PPP"/>
  <testcase name="Practices_AgentsBrokers" time="57.898" classname="AUW_Test_case_prod.Practices_AgentsBrokers"/>
  <testcase name="Practices_CustomerSeekingCoverage" time="240.494" classname="AUW_Test_case_prod.Practices_CustomerSeekingCoverage"/>
  <testcase name="LearnMore" time="13.978" classname="AUW_Global_Test_Cases_Prod.LearnMore_TC"/>
  <testcase name="HomePage" time="16.143" classname="AUW_Global_Test_Cases_Prod.Home_Page_TC"/>
  <testcase name="Side_Heading_One" time="123.435" classname="Promesa_Test_Case_Prod.Pharmacy_search"/>
  <testcase name="Change_Language" time="3.525" classname="Promesa_Test_Case_Prod.Change_language"/>
  <testcase name="Footer_PrivacyPolicy" time="21.783" classname="Promesa_Test_Case_Prod.Footer"/>
  <testcase name="Footer_facebook" time="20.654" classname="Promesa_Test_Case_Prod.Footer"/>
  <testcase name="Footer_instagram" time="6.862" classname="Promesa_Test_Case_Prod.Footer"/>
  <testcase name="Footer_linkedin" time="6.706" classname="Promesa_Test_Case_Prod.Footer"/>
  <testcase name="Footer_twitter" time="6.814" classname="Promesa_Test_Case_Prod.Footer"/>
  <testcase name="Heading1" time="32.42" classname="MTL_Test_Cases_Prod.What_we_offer1_TC"/>
  <testcase name="Heading10" time="36.346" classname="MTL_Test_Cases_Prod.What_we_offer1_TC"/>
  <testcase name="Heading11" time="50.781" classname="MTL_Test_Cases_Prod.What_we_offer1_TC"/>
  <testcase name="Heading2" time="38.963" classname="MTL_Test_Cases_Prod.What_we_offer1_TC"/>
  <testcase name="Heading3" time="36.154" classname="MTL_Test_Cases_Prod.What_we_offer1_TC"/>
  <testcase name="Heading4" time="41.113" classname="MTL_Test_Cases_Prod.What_we_offer1_TC"/>
  <testcase name="Heading5" time="36.481" classname="MTL_Test_Cases_Prod.What_we_offer1_TC"/>
  <testcase name="Heading6" time="35.972" classname="MTL_Test_Cases_Prod.What_we_offer1_TC"/>
  <testcase name="Heading7" time="36.562" classname="MTL_Test_Cases_Prod.What_we_offer1_TC"/>
  <testcase name="Heading8" time="40.775" classname="MTL_Test_Cases_Prod.What_we_offer1_TC"/>
  <testcase name="Heading9" time="36.715" classname="MTL_Test_Cases_Prod.What_we_offer1_TC"/>
  <testcase name="More_offers" time="79.487" classname="MTL_Test_Cases_Prod.More_offers_TC"/>
  <testcase name="Footer" time="39.056" classname="MTL_Test_Cases_Prod.Home_URL"/>
  <testcase name="Heading" time="86.455" classname="MTL_Test_Cases_Prod.What_we_offer_URL_TC"/>
  <testcase name="Footer" time="16.702" classname="Speciality_underwriters_Test_Case_Prod.Contact_US_TC"/>
  <testcase name="Footer" time="9.793" classname="Speciality_underwriters_Test_Case_Prod.About_Us"/>
  <testcase name="Footer" time="34.731" classname="Speciality_underwriters_Test_Case_Prod.What_We_offer"/>
  <testcase name="Footer" time="16.417" classname="Speciality_underwriters_Test_Case_Prod.Home_TC"/>
  <testcase name="Footer" time="258.962" classname="AFL_Test_Case_Prod.What_We_offer_OutSideUs"/>
  <testcase name="Home_Page" time="107.907" classname="AFL_Test_Case_Prod.HomePage_TC"/>
  <testcase name="Footer" time="67.205" classname="AFL_Test_Case_Prod.Footer_TC"/>
  <testcase name="ContactUs_Page" time="21.905" classname="AFL_Test_Case_Prod.ContactUS_OutsideUS"/>
  <testcase name="main_Home_Page" time="27.482" classname="AFL_Test_Case_Prod.AboutUS_OutsideUS"/>
  <testcase name="HomePage_Header_login" time="35.449" classname="Credit_Global_Test_Cases_Prod.What_we_Do_TC"/>
  <testcase name="HomePage_Header_login" time="16.445" classname="Credit_Global_Test_Cases_Prod.Forgot_Password"/>
  <testcase name="HomePage_Header_ContactUS_btn" time="18.198" classname="Credit_Global_Test_Cases_Prod.Home_TC"/>
  <testcase name="HomePage_Header_Our_approach" time="18.908" classname="Credit_Global_Test_Cases_Prod.Home_TC"/>
  <testcase name="HomePage_Header_What_weDo" time="14.002" classname="Credit_Global_Test_Cases_Prod.Home_TC"/>
  <testcase name="HomePage_Header_login" time="18.071" classname="Credit_Global_Test_Cases_Prod.Home_TC"/>
  <testcase name="main_Home_Page" time="20.746" classname="Adler_TestCases_Prod.Home"/>
  <testcase name="main_Home_Page" time="120.038" classname="Adler_TestCases_Prod.News"/>
  <testcase name="AUW_Facebook" time="16.9" classname="Careers_Test_case_Prod.Footer"/>
  <testcase name="AUW_Instagram" time="9.786" classname="Careers_Test_case_Prod.Footer"/>
  <testcase name="AUW_Linkedin" time="9.997" classname="Careers_Test_case_Prod.Footer"/>
  <testcase name="AUW_Policy" time="29.241" classname="Careers_Test_case_Prod.Footer"/>
  <testcase name="AUW_twitter" time="9.473" classname="Careers_Test_case_Prod.Footer"/>
  <testcase name="Footer" time="48.806" classname="Solution_one_Prod.Footer_Production"/>
  <testcase name="Footer_Facebook" time="27.497" classname="JumboGC_Test_case_prod.Header_footer"/>
  <testcase name="Footer_Instagram" time="25.571" classname="JumboGC_Test_case_prod.Header_footer"/>
  <testcase name="Footer_Privacy" time="36.114" classname="JumboGC_Test_case_prod.Header_footer"/>
  <testcase name="Footer_linkedIN" time="26.047" classname="JumboGC_Test_case_prod.Header_footer"/>
  <testcase name="Header_Login" time="20.293" classname="JumboGC_Test_case_prod.Header_footer"/>
</testsuite> <!-- Firefox_Prod -->
