<?xml version="1.0" encoding="UTF-8"?>
<!-- Generated by org.testng.reporters.JUnitXMLReporter -->
<testsuite hostname="DESKTOP-N7K85DJ" name="Firefox_Prod" tests="55" failures="3" timestamp="14 Dec 2021 11:47:23 GMT" time="3955.932" errors="0">
  <testcase name="main" time="286.152" classname="AUW_Test_Case_dev.AUW_Experience"/>
  <testcase name="main" time="47.671" classname="AUW_Test_Case_dev.AUW_header_web_Development"/>
  <testcase name="AUW_Footer" time="74.332" classname="AUW_Test_Case_dev.AUW_Footer_Development"/>
  <testcase name="AboutUS" time="67.023" classname="AUW_Test_Case_dev.AUW_AboutUS"/>
  <testcase name="main" time="19.218" classname="AUW_Test_Case_dev.AUW_PPP"/>
  <testcase name="main" time="43.752" classname="AUW_Test_Case_dev.AUW_CallUpdate"/>
  <testcase name="main" time="41.934" classname="AUW_Test_Case_dev.AUW_NJ_Update"/>
  <testcase name="main" time="82.391" classname="AUW_Test_Case_dev.AUW_Intelligence_TC"/>
  <testcase name="Practices_AgentsBrokers" time="53.144" classname="AUW_Test_Case_dev.Practices_AgentsBrokers"/>
  <testcase name="Practices_CustomerSeekingCoverage" time="221.756" classname="AUW_Test_Case_dev.Practices_CustomerSeekingCoverage"/>
  <testcase name="LearnMore" time="15.945" classname="AUW_Global_Test_Cases_Development.LearnMore_TC"/>
  <testcase name="HomePage" time="7.271" classname="AUW_Global_Test_Cases_Development.Home_Page_TC">
    <failure type="java.lang.AssertionError" message="expected [https://develop--auw-global.netlify.app/about] but found [https://develop--auw-global.netlify.app/]">
      <![CDATA[java.lang.AssertionError: expected [https://develop--auw-global.netlify.app/about] but found [https://develop--auw-global.netlify.app/]
	at AUW_Global_Test_Cases_Development.Home_Page_TC.HomePage(Home_Page_TC.java:32)
... Removed 29 stack frames]]>
    </failure>
  </testcase> <!-- HomePage -->
  <testcase name="Footer" time="61.946" classname="Promesa_Test_Case_Development.Footer"/>
  <testcase name="Side_Heading_One" time="123.4" classname="Promesa_Test_Case_Development.Pharmacy_search"/>
  <testcase name="Change_Language" time="4.26" classname="Promesa_Test_Case_Development.Change_language"/>
  <testcase name="Footer" time="19.408" classname="Speciality_underwriters_Test_Case_Dev.Contact_US_TC"/>
  <testcase name="Footer" time="10.287" classname="Speciality_underwriters_Test_Case_Dev.About_Us"/>
  <testcase name="Footer" time="37.05" classname="Speciality_underwriters_Test_Case_Dev.What_We_offer"/>
  <testcase name="Footer" time="15.796" classname="Speciality_underwriters_Test_Case_Dev.Home_TC"/>
  <testcase name="ContactUs_Page" time="22.591" classname="AFL_Test_Cases_Dev.ContactUS_OutsideUS_dev"/>
  <testcase name="main_Home_Page" time="25.967" classname="AFL_Test_Cases_Dev.AboutUS_OutsideUS_dev"/>
  <testcase name="Footer" time="285.991" classname="AFL_Test_Cases_Dev.What_We_offer_OutSideUs_dev"/>
  <testcase name="Footer" time="70.932" classname="AFL_Test_Cases_Dev.Footer_TC_dev"/>
  <testcase name="Home_Page" time="121.354" classname="AFL_Test_Cases_Dev.HomePage_TC_dev">
    <failure type="java.lang.AssertionError" message="expected [Applied Financial Lines is bringing a powerful proposition to the European and Mideast Financial Lines markets—much-needed, first-rate capacity combined with a stellar team of underwriters.] but found [Applied Financial Lines bringt ein starkes Angebot in den europäischen und nahöstlichen Financial Lines Markt - dringend benötigte, erstklassige Kapazitäten in Kombination mit einem hervorragenden Team von Underwritern.]">
      <![CDATA[java.lang.AssertionError: expected [Applied Financial Lines is bringing a powerful proposition to the European and Mideast Financial Lines markets—much-needed, first-rate capacity combined with a stellar team of underwriters.] but found [Applied Financial Lines bringt ein starkes Angebot in den europäischen und nahöstlichen Financial Lines Markt - dringend benötigte, erstklassige Kapazitäten in Kombination mit einem hervorragenden Team von Underwritern.]
	at AFL_Pages.Home_page.Quote(Home_page.java:562)
	at AFL_Test_Cases_Dev.HomePage_TC_dev.Home_Page(HomePage_TC_dev.java:21)
... Removed 29 stack frames]]>
    </failure>
  </testcase> <!-- Home_Page -->
  <testcase name="main_Home_Page" time="18.708" classname="Adler_TestCases_Development.Home"/>
  <testcase name="main_Home_Page" time="122.063" classname="Adler_TestCases_Development.News"/>
  <testcase name="Comprehensive" time="41.48" classname="Tradewel_Test_Cases_Development.Comprehensive_Protection_FF"/>
  <testcase name="AUW_Footer" time="64.42" classname="Careers_Test_case_Development.Footer"/>
  <testcase name="WhatsNew" time="82.96" classname="Pinnacle_Test_Cases_Development.WatsNew"/>
  <testcase name="main_Home_Page" time="45.103" classname="Pinnacle_Test_Cases_Development.HomePage_TC"/>
  <testcase name="HomePage_Header_ContactUS_btn" time="16.227" classname="Credit_Global_Test_Cases_Dev.Home_TC"/>
  <testcase name="HomePage_Header_Our_approach" time="19.128" classname="Credit_Global_Test_Cases_Dev.Home_TC"/>
  <testcase name="HomePage_Header_What_weDo" time="15.884" classname="Credit_Global_Test_Cases_Dev.Home_TC"/>
  <testcase name="HomePage_Header_login" time="17.402" classname="Credit_Global_Test_Cases_Dev.Home_TC"/>
  <testcase name="HomePage_Header_login" time="16.681" classname="Credit_Global_Test_Cases_Dev.Forgot_Password"/>
  <testcase name="HomePage_Header_login" time="86.498" classname="Credit_Global_Test_Cases_Dev.What_we_Do_TC"/>
  <testcase name="Home_page" time="270.96" classname="Warranty_Test_Case_Dev.HomePage_Testcase"/>
  <testcase name="ContactUS" time="38.796" classname="Warranty_Test_Case_Dev.Contact_US"/>
  <testcase name="Partner1" time="64.061" classname="Warranty_Test_Case_Dev.Our_Partner"/>
  <testcase name="Partner2" time="63.309" classname="Warranty_Test_Case_Dev.Our_Partner"/>
  <testcase name="Partner3" time="63.317" classname="Warranty_Test_Case_Dev.Our_Partner"/>
  <testcase name="Partner4" time="65.673" classname="Warranty_Test_Case_Dev.Our_Partner"/>
  <testcase name="Partner5" time="63.472" classname="Warranty_Test_Case_Dev.Our_Partner"/>
  <testcase name="Partner6" time="63.72" classname="Warranty_Test_Case_Dev.Our_Partner"/>
  <testcase name="partner" time="10.626" classname="Warranty_Test_Case_Dev.Partner_With_US"/>
  <testcase name="Home_page" time="32.021" classname="Warranty_Test_Case_Dev.About_US"/>
  <testcase name="NewsEvents" time="135.911" classname="Warranty_Test_Case_Dev.NewsEvents"/>
  <testcase name="Footer" time="49.29" classname="Solution_one_Development.Footer_Develop"/>
  <testcase name="Footer_Facebook" time="25.559" classname="JumboGC_Test_case_Devlopment.Header_footer"/>
  <testcase name="Footer_Instagram" time="25.55" classname="JumboGC_Test_case_Devlopment.Header_footer"/>
  <testcase name="Footer_Privacy" time="36.124" classname="JumboGC_Test_case_Devlopment.Header_footer"/>
  <testcase name="Footer_linkedIN" time="25.953" classname="JumboGC_Test_case_Devlopment.Header_footer"/>
  <testcase name="Header_Login" time="20.276" classname="JumboGC_Test_case_Devlopment.Header_footer"/>
  <testcase name="main_Home_Page" time="32.651" classname="Tradewel_Test_Cases_Development.About_US"/>
  <testcase name="Comprehensive" time="57.159" classname="Tradewel_Test_Cases_Development.comprehensive_Protection">
    <failure type="org.openqa.selenium.ElementClickInterceptedException" message="Element &amp;lt;ng-transclude&amp;gt; is not clickable at point (116,421) because another element &amp;lt;div class=&amp;quot;layout-fill layout-align-center-center layout-row&amp;quot;&amp;gt; obscures it
Build info: version: &amp;apos;3.141.59&amp;apos;, revision: &amp;apos;e82be7d358&amp;apos;, time: &amp;apos;2018-11-14T08:17:03&amp;apos;
System info: host: &amp;apos;DESKTOP-N7K85DJ&amp;apos;, ip: &amp;apos;192.168.1.3&amp;apos;, os.name: &amp;apos;Windows 10&amp;apos;, os.arch: &amp;apos;amd64&amp;apos;, os.version: &amp;apos;10.0&amp;apos;, java.version: &amp;apos;1.8.0_301&amp;apos;
Driver info: org.openqa.selenium.firefox.FirefoxDriver
Capabilities {acceptInsecureCerts: true, browserName: firefox, browserVersion: 95.0, javascriptEnabled: true, moz:accessibilityChecks: false, moz:buildID: 20211129150630, moz:geckodriverVersion: 0.28.0, moz:headless: false, moz:processID: 44848, moz:profile: C:\Users\Sweta\AppData\Loca..., moz:shutdownTimeout: 60000, moz:useNonSpecCompliantPointerOrigin: false, moz:webdriverClick: true, pageLoadStrategy: normal, platform: WINDOWS, platformName: WINDOWS, platformVersion: 10.0, proxy: Proxy(), setWindowRect: true, strictFileInteractability: false, timeouts: {implicit: 0, pageLoad: 300000, script: 30000}, unhandledPromptBehavior: dismiss and notify}
Session ID: db9c01a1-1a58-472f-ada9-c51f629040a5">
      <![CDATA[org.openqa.selenium.ElementClickInterceptedException: Element <ng-transclude> is not clickable at point (116,421) because another element <div class="layout-fill layout-align-center-center layout-row"> obscures it
Build info: version: '3.141.59', revision: 'e82be7d358', time: '2018-11-14T08:17:03'
System info: host: 'DESKTOP-N7K85DJ', ip: '192.168.1.3', os.name: 'Windows 10', os.arch: 'amd64', os.version: '10.0', java.version: '1.8.0_301'
Driver info: org.openqa.selenium.firefox.FirefoxDriver
Capabilities {acceptInsecureCerts: true, browserName: firefox, browserVersion: 95.0, javascriptEnabled: true, moz:accessibilityChecks: false, moz:buildID: 20211129150630, moz:geckodriverVersion: 0.28.0, moz:headless: false, moz:processID: 44848, moz:profile: C:\Users\Sweta\AppData\Loca..., moz:shutdownTimeout: 60000, moz:useNonSpecCompliantPointerOrigin: false, moz:webdriverClick: true, pageLoadStrategy: normal, platform: WINDOWS, platformName: WINDOWS, platformVersion: 10.0, proxy: Proxy(), setWindowRect: true, strictFileInteractability: false, timeouts: {implicit: 0, pageLoad: 300000, script: 30000}, unhandledPromptBehavior: dismiss and notify}
Session ID: db9c01a1-1a58-472f-ada9-c51f629040a5
	at org.openqa.selenium.remote.http.W3CHttpResponseCodec.createException(W3CHttpResponseCodec.java:187)
	at org.openqa.selenium.remote.http.W3CHttpResponseCodec.decode(W3CHttpResponseCodec.java:122)
	at org.openqa.selenium.remote.http.W3CHttpResponseCodec.decode(W3CHttpResponseCodec.java:49)
	at org.openqa.selenium.remote.HttpCommandExecutor.execute(HttpCommandExecutor.java:158)
	at org.openqa.selenium.remote.service.DriverCommandExecutor.execute(DriverCommandExecutor.java:83)
	at org.openqa.selenium.remote.RemoteWebDriver.execute(RemoteWebDriver.java:552)
	at org.openqa.selenium.remote.RemoteWebElement.execute(RemoteWebElement.java:285)
	at org.openqa.selenium.remote.RemoteWebElement.click(RemoteWebElement.java:84)
	at Tradewel_Pages.Amplience.Tradewel_content(Amplience.java:104)
	at Tradewel_Test_Cases_Development.comprehensive_Protection.Comprehensive(comprehensive_Protection.java:62)
... Removed 28 stack frames]]>
    </failure>
  </testcase> <!-- Comprehensive -->
</testsuite> <!-- Firefox_Prod -->
