<?xml version="1.0" encoding="UTF-8"?>
<!-- Generated by org.testng.reporters.JUnitXMLReporter -->
<testsuite hostname="DESKTOP-N7K85DJ" name="Firefox_Prod" tests="62" failures="1" timestamp="4 Jan 2022 15:10:56 GMT" time="1251.2" errors="0">
  <testcase name="@AfterMethod tearDown" time="0.0" classname="Careers_Test_case_Prod.Footer">
    <failure type="org.openqa.selenium.NoSuchSessionException" message="Tried to run command without establishing a connection
Build info: version: &amp;apos;3.141.59&amp;apos;, revision: &amp;apos;e82be7d358&amp;apos;, time: &amp;apos;2018-11-14T08:17:03&amp;apos;
System info: host: &amp;apos;DESKTOP-N7K85DJ&amp;apos;, ip: &amp;apos;192.168.1.4&amp;apos;, os.name: &amp;apos;Windows 10&amp;apos;, os.arch: &amp;apos;amd64&amp;apos;, os.version: &amp;apos;10.0&amp;apos;, java.version: &amp;apos;1.8.0_301&amp;apos;
Driver info: org.openqa.selenium.firefox.FirefoxDriver
Capabilities {acceptInsecureCerts: true, browserName: firefox, browserVersion: 95.0.2, javascriptEnabled: true, moz:accessibilityChecks: false, moz:buildID: 20211218203254, moz:geckodriverVersion: 0.28.0, moz:headless: false, moz:processID: 32504, moz:profile: C:\Users\Sweta\AppData\Loca..., moz:shutdownTimeout: 60000, moz:useNonSpecCompliantPointerOrigin: false, moz:webdriverClick: true, pageLoadStrategy: normal, platform: WINDOWS, platformName: WINDOWS, platformVersion: 10.0, proxy: Proxy(), setWindowRect: true, strictFileInteractability: false, timeouts: {implicit: 0, pageLoad: 300000, script: 30000}, unhandledPromptBehavior: dismiss and notify}
Session ID: 9c8c3e88-bd42-453c-9e56-66f67daaad56">
      <![CDATA[org.openqa.selenium.NoSuchSessionException: Tried to run command without establishing a connection
Build info: version: '3.141.59', revision: 'e82be7d358', time: '2018-11-14T08:17:03'
System info: host: 'DESKTOP-N7K85DJ', ip: '192.168.1.4', os.name: 'Windows 10', os.arch: 'amd64', os.version: '10.0', java.version: '1.8.0_301'
Driver info: org.openqa.selenium.firefox.FirefoxDriver
Capabilities {acceptInsecureCerts: true, browserName: firefox, browserVersion: 95.0.2, javascriptEnabled: true, moz:accessibilityChecks: false, moz:buildID: 20211218203254, moz:geckodriverVersion: 0.28.0, moz:headless: false, moz:processID: 32504, moz:profile: C:\Users\Sweta\AppData\Loca..., moz:shutdownTimeout: 60000, moz:useNonSpecCompliantPointerOrigin: false, moz:webdriverClick: true, pageLoadStrategy: normal, platform: WINDOWS, platformName: WINDOWS, platformVersion: 10.0, proxy: Proxy(), setWindowRect: true, strictFileInteractability: false, timeouts: {implicit: 0, pageLoad: 300000, script: 30000}, unhandledPromptBehavior: dismiss and notify}
Session ID: 9c8c3e88-bd42-453c-9e56-66f67daaad56
	at org.openqa.selenium.remote.http.W3CHttpResponseCodec.createException(W3CHttpResponseCodec.java:187)
	at org.openqa.selenium.remote.http.W3CHttpResponseCodec.decode(W3CHttpResponseCodec.java:122)
	at org.openqa.selenium.remote.http.W3CHttpResponseCodec.decode(W3CHttpResponseCodec.java:49)
	at org.openqa.selenium.remote.HttpCommandExecutor.execute(HttpCommandExecutor.java:158)
	at org.openqa.selenium.remote.service.DriverCommandExecutor.execute(DriverCommandExecutor.java:83)
	at org.openqa.selenium.remote.RemoteWebDriver.execute(RemoteWebDriver.java:552)
	at org.openqa.selenium.remote.RemoteWebDriver.execute(RemoteWebDriver.java:609)
	at org.openqa.selenium.remote.RemoteWebDriver.quit(RemoteWebDriver.java:452)
	at Careers_Test_case_Prod.Base_class.tearDown(Base_class.java:109)
	at java.util.concurrent.ThreadPoolExecutor.runWorker(Unknown Source)
	at java.util.concurrent.ThreadPoolExecutor$Worker.run(Unknown Source)
	at java.lang.Thread.run(Unknown Source)
... Removed 16 stack frames]]>
    </failure>
  </testcase> <!-- @AfterMethod tearDown -->
  <testcase name="@BeforeMethod setupApplication" time="0.0" classname="Careers_Test_case_Prod.Footer">
    <skipped/>
  </testcase> <!-- @BeforeMethod setupApplication -->
  <testcase name="@AfterMethod tearDown" time="0.0" classname="Careers_Test_case_Prod.Footer">
    <skipped/>
  </testcase> <!-- @AfterMethod tearDown -->
  <testcase name="@BeforeMethod setupApplication" time="0.0" classname="Careers_Test_case_Prod.Footer">
    <skipped/>
  </testcase> <!-- @BeforeMethod setupApplication -->
  <testcase name="@AfterMethod tearDown" time="0.0" classname="Careers_Test_case_Prod.Footer">
    <skipped/>
  </testcase> <!-- @AfterMethod tearDown -->
  <testcase name="@BeforeMethod setupApplication" time="0.0" classname="Careers_Test_case_Prod.Footer">
    <skipped/>
  </testcase> <!-- @BeforeMethod setupApplication -->
  <testcase name="@AfterMethod tearDown" time="0.0" classname="Careers_Test_case_Prod.Footer">
    <skipped/>
  </testcase> <!-- @AfterMethod tearDown -->
  <testcase name="@BeforeMethod setupApplication" time="0.0" classname="Careers_Test_case_Prod.Footer">
    <skipped/>
  </testcase> <!-- @BeforeMethod setupApplication -->
  <testcase name="@AfterMethod tearDown" time="0.0" classname="Careers_Test_case_Prod.Footer">
    <skipped/>
  </testcase> <!-- @AfterMethod tearDown -->
  <testcase name="main" time="44.623" classname="AUW_Test_case_prod.AUW_CallUpdate"/>
  <testcase name="AboutUS" time="72.919" classname="AUW_Test_case_prod.AUW_AboutUS"/>
  <testcase name="AUW_Footer" time="95.095" classname="AUW_Test_case_prod.AUW_Footer_Prod"/>
  <testcase name="main" time="94.51" classname="AUW_Test_case_prod.AUW_Intelligence_TC"/>
  <testcase name="main" time="45.608" classname="AUW_Test_case_prod.AUW_NJ_Update"/>
  <testcase name="main" time="65.669" classname="AUW_Test_case_prod.AUW_Heartwood"/>
  <testcase name="main" time="52.26" classname="AUW_Test_case_prod.AUW_header_web_Prod"/>
  <testcase name="main" time="18.306" classname="AUW_Test_case_prod.AUW_PPP"/>
  <testcase name="LearnMore" time="15.275" classname="AUW_Global_Test_Cases_Prod.LearnMore_TC"/>
  <testcase name="Practices_AgentsBrokers" time="72.796" classname="AUW_Test_case_prod.Practices_AgentsBrokers"/>
  <testcase name="HomePage" time="17.906" classname="AUW_Global_Test_Cases_Prod.Home_Page_TC"/>
  <testcase name="Change_Language" time="3.613" classname="Promesa_Test_Case_Prod.Change_language"/>
  <testcase name="Footer_PrivacyPolicy" time="24.202" classname="Promesa_Test_Case_Prod.Footer"/>
  <testcase name="Footer_facebook" time="19.36" classname="Promesa_Test_Case_Prod.Footer"/>
  <testcase name="Footer_instagram" time="7.43" classname="Promesa_Test_Case_Prod.Footer"/>
  <testcase name="Side_Heading_One" time="123.966" classname="Promesa_Test_Case_Prod.Pharmacy_search"/>
  <testcase name="Footer_linkedin" time="8.763" classname="Promesa_Test_Case_Prod.Footer"/>
  <testcase name="Footer_twitter" time="9.581" classname="Promesa_Test_Case_Prod.Footer"/>
  <testcase name="Practices_CustomerSeekingCoverage" time="243.686" classname="AUW_Test_case_prod.Practices_CustomerSeekingCoverage"/>
  <testcase name="main" time="317.792" classname="AUW_Test_case_prod.AUW_Experience"/>
  <testcase name="Heading1" time="35.266" classname="MTL_Test_Cases_Prod.What_we_offer1_TC"/>
  <testcase name="More_offers" time="35.461" classname="MTL_Test_Cases_Prod.More_offers_TC"/>
  <testcase name="Footer" time="39.097" classname="MTL_Test_Cases_Prod.Home_URL"/>
  <testcase name="Heading10" time="38.179" classname="MTL_Test_Cases_Prod.What_we_offer1_TC"/>
  <testcase name="Footer" time="17.969" classname="Speciality_underwriters_Test_Case_Prod.Contact_US_TC"/>
  <testcase name="Footer" time="9.805" classname="Speciality_underwriters_Test_Case_Prod.About_Us"/>
  <testcase name="Heading" time="88.346" classname="MTL_Test_Cases_Prod.What_we_offer_URL_TC"/>
  <testcase name="Footer" time="16.144" classname="Speciality_underwriters_Test_Case_Prod.Home_TC"/>
  <testcase name="Footer" time="37.364" classname="Speciality_underwriters_Test_Case_Prod.What_We_offer"/>
  <testcase name="Heading11" time="53.474" classname="MTL_Test_Cases_Prod.What_we_offer1_TC"/>
  <testcase name="Heading2" time="39.536" classname="MTL_Test_Cases_Prod.What_we_offer1_TC"/>
  <testcase name="Footer" time="76.49" classname="AFL_Test_Case_Prod.Footer_TC"/>
  <testcase name="Home_Page" time="123.901" classname="AFL_Test_Case_Prod.HomePage_TC"/>
  <testcase name="Heading3" time="38.773" classname="MTL_Test_Cases_Prod.What_we_offer1_TC"/>
  <testcase name="ContactUs_Page" time="25.974" classname="AFL_Test_Case_Prod.ContactUS_OutsideUS"/>
  <testcase name="main_Home_Page" time="20.905" classname="AFL_Test_Case_Prod.AboutUS_OutsideUS"/>
  <testcase name="HomePage_Header_login" time="15.689" classname="Credit_Global_Test_Cases_Prod.Forgot_Password"/>
  <testcase name="HomePage_Header_login" time="34.009" classname="Credit_Global_Test_Cases_Prod.What_we_Do_TC"/>
  <testcase name="Heading4" time="45.306" classname="MTL_Test_Cases_Prod.What_we_offer1_TC"/>
  <testcase name="HomePage_Header_ContactUS_btn" time="18.514" classname="Credit_Global_Test_Cases_Prod.Home_TC"/>
  <testcase name="main_Home_Page" time="21.427" classname="Adler_TestCases_Prod.Home"/>
  <testcase name="Footer" time="293.598" classname="AFL_Test_Case_Prod.What_We_offer_OutSideUs"/>
  <testcase name="Heading5" time="40.353" classname="MTL_Test_Cases_Prod.What_we_offer1_TC"/>
  <testcase name="HomePage_Header_Our_approach" time="19.878" classname="Credit_Global_Test_Cases_Prod.Home_TC"/>
  <testcase name="HomePage_Header_What_weDo" time="16.271" classname="Credit_Global_Test_Cases_Prod.Home_TC"/>
  <testcase name="AUW_Facebook" time="47.714" classname="Careers_Test_case_Prod.Footer">
    <failure type="org.openqa.selenium.WebDriverException" message="Failed to decode response from marionette
Build info: version: &amp;apos;3.141.59&amp;apos;, revision: &amp;apos;e82be7d358&amp;apos;, time: &amp;apos;2018-11-14T08:17:03&amp;apos;
System info: host: &amp;apos;DESKTOP-N7K85DJ&amp;apos;, ip: &amp;apos;192.168.1.4&amp;apos;, os.name: &amp;apos;Windows 10&amp;apos;, os.arch: &amp;apos;amd64&amp;apos;, os.version: &amp;apos;10.0&amp;apos;, java.version: &amp;apos;1.8.0_301&amp;apos;
Driver info: org.openqa.selenium.firefox.FirefoxDriver
Capabilities {acceptInsecureCerts: true, browserName: firefox, browserVersion: 95.0.2, javascriptEnabled: true, moz:accessibilityChecks: false, moz:buildID: 20211218203254, moz:geckodriverVersion: 0.28.0, moz:headless: false, moz:processID: 32504, moz:profile: C:\Users\Sweta\AppData\Loca..., moz:shutdownTimeout: 60000, moz:useNonSpecCompliantPointerOrigin: false, moz:webdriverClick: true, pageLoadStrategy: normal, platform: WINDOWS, platformName: WINDOWS, platformVersion: 10.0, proxy: Proxy(), setWindowRect: true, strictFileInteractability: false, timeouts: {implicit: 0, pageLoad: 300000, script: 30000}, unhandledPromptBehavior: dismiss and notify}
Session ID: 9c8c3e88-bd42-453c-9e56-66f67daaad56">
      <![CDATA[org.openqa.selenium.WebDriverException: Failed to decode response from marionette
Build info: version: '3.141.59', revision: 'e82be7d358', time: '2018-11-14T08:17:03'
System info: host: 'DESKTOP-N7K85DJ', ip: '192.168.1.4', os.name: 'Windows 10', os.arch: 'amd64', os.version: '10.0', java.version: '1.8.0_301'
Driver info: org.openqa.selenium.firefox.FirefoxDriver
Capabilities {acceptInsecureCerts: true, browserName: firefox, browserVersion: 95.0.2, javascriptEnabled: true, moz:accessibilityChecks: false, moz:buildID: 20211218203254, moz:geckodriverVersion: 0.28.0, moz:headless: false, moz:processID: 32504, moz:profile: C:\Users\Sweta\AppData\Loca..., moz:shutdownTimeout: 60000, moz:useNonSpecCompliantPointerOrigin: false, moz:webdriverClick: true, pageLoadStrategy: normal, platform: WINDOWS, platformName: WINDOWS, platformVersion: 10.0, proxy: Proxy(), setWindowRect: true, strictFileInteractability: false, timeouts: {implicit: 0, pageLoad: 300000, script: 30000}, unhandledPromptBehavior: dismiss and notify}
Session ID: 9c8c3e88-bd42-453c-9e56-66f67daaad56
	at org.openqa.selenium.remote.http.W3CHttpResponseCodec.createException(W3CHttpResponseCodec.java:187)
	at org.openqa.selenium.remote.http.W3CHttpResponseCodec.decode(W3CHttpResponseCodec.java:122)
	at org.openqa.selenium.remote.http.W3CHttpResponseCodec.decode(W3CHttpResponseCodec.java:49)
	at org.openqa.selenium.remote.HttpCommandExecutor.execute(HttpCommandExecutor.java:158)
	at org.openqa.selenium.remote.service.DriverCommandExecutor.execute(DriverCommandExecutor.java:83)
	at org.openqa.selenium.remote.RemoteWebDriver.execute(RemoteWebDriver.java:552)
	at org.openqa.selenium.remote.RemoteWebDriver.execute(RemoteWebDriver.java:609)
	at org.openqa.selenium.remote.RemoteWebDriver.getWindowHandle(RemoteWebDriver.java:472)
	at org.openqa.selenium.remote.RemoteWebDriver$RemoteTargetLocator.window(RemoteWebDriver.java:907)
	at Careers_Pages.Home_page.Facebook(Home_page.java:98)
	at Careers_Test_case_Prod.Footer.AUW_Facebook(Footer.java:35)
	at java.util.concurrent.ThreadPoolExecutor.runWorker(Unknown Source)
	at java.util.concurrent.ThreadPoolExecutor$Worker.run(Unknown Source)
	at java.lang.Thread.run(Unknown Source)
... Removed 14 stack frames]]>
    </failure>
  </testcase> <!-- AUW_Facebook -->
  <testcase name="AUW_Instagram" time="0.0" classname="Careers_Test_case_Prod.Footer">
    <skipped/>
  </testcase> <!-- AUW_Instagram -->
  <testcase name="AUW_Linkedin" time="0.0" classname="Careers_Test_case_Prod.Footer">
    <skipped/>
  </testcase> <!-- AUW_Linkedin -->
  <testcase name="AUW_Policy" time="0.0" classname="Careers_Test_case_Prod.Footer">
    <skipped/>
  </testcase> <!-- AUW_Policy -->
  <testcase name="AUW_twitter" time="0.0" classname="Careers_Test_case_Prod.Footer">
    <skipped/>
  </testcase> <!-- AUW_twitter -->
  <testcase name="Heading6" time="41.904" classname="MTL_Test_Cases_Prod.What_we_offer1_TC"/>
  <testcase name="HomePage_Header_login" time="17.239" classname="Credit_Global_Test_Cases_Prod.Home_TC"/>
  <testcase name="Footer" time="78.094" classname="Solution_one_Prod.Footer_Production"/>
  <testcase name="Heading7" time="39.422" classname="MTL_Test_Cases_Prod.What_we_offer1_TC"/>
  <testcase name="main_Home_Page" time="147.981" classname="Adler_TestCases_Prod.News"/>
  <testcase name="Footer_Facebook" time="31.02" classname="JumboGC_Test_case_prod.Header_footer"/>
  <testcase name="Footer_Instagram" time="25.543" classname="JumboGC_Test_case_prod.Header_footer"/>
  <testcase name="Heading8" time="37.446" classname="MTL_Test_Cases_Prod.What_we_offer1_TC"/>
  <testcase name="Footer_Privacy" time="35.934" classname="JumboGC_Test_case_prod.Header_footer"/>
  <testcase name="Heading9" time="37.444" classname="MTL_Test_Cases_Prod.What_we_offer1_TC"/>
  <testcase name="Footer_linkedIN" time="25.965" classname="JumboGC_Test_case_prod.Header_footer"/>
  <testcase name="Header_Login" time="20.302" classname="JumboGC_Test_case_prod.Header_footer"/>
</testsuite> <!-- Firefox_Prod -->
