<?xml version="1.0" encoding="UTF-8"?>
<!-- Generated by org.testng.reporters.JUnitXMLReporter -->
<testsuite hostname="DESKTOP-N7K85DJ" name="Firefox_Developmet" tests="59" failures="0" timestamp="17 Feb 2022 14:18:49 GMT" time="1534.019" errors="0">
  <testcase name="main" time="56.194" classname="AUW_Test_Case_dev.AUW_header_web_Development"/>
  <testcase name="AboutUS" time="84.064" classname="AUW_Test_Case_dev.AUW_AboutUS"/>
  <testcase name="main" time="24.661" classname="AUW_Test_Case_dev.AUW_PPP"/>
  <testcase name="main" time="49.523" classname="AUW_Test_Case_dev.AUW_CallUpdate"/>
  <testcase name="AUW_Footer" time="172.252" classname="AUW_Test_Case_dev.AUW_Footer_Development"/>
  <testcase name="main" time="48.742" classname="AUW_Test_Case_dev.AUW_NJ_Update"/>
  <testcase name="Practices_AgentsBrokers" time="60.253" classname="AUW_Test_Case_dev.Practices_AgentsBrokers"/>
  <testcase name="main" time="93.433" classname="AUW_Test_Case_dev.AUW_Intelligence_TC"/>
  <testcase name="LearnMore" time="19.446" classname="AUW_Global_Test_Cases_Development.LearnMore_TC"/>
  <testcase name="HomePage" time="15.902" classname="AUW_Global_Test_Cases_Development.Home_Page_TC"/>
  <testcase name="main" time="326.341" classname="AUW_Test_Case_dev.AUW_Experience"/>
  <testcase name="Change_Language" time="6.25" classname="Promesa_Test_Case_Development.Change_language"/>
  <testcase name="Footer" time="70.616" classname="Promesa_Test_Case_Development.Footer"/>
  <testcase name="Footer" time="19.059" classname="Speciality_underwriters_Test_Case_Dev.Contact_US_TC"/>
  <testcase name="Footer" time="16.863" classname="Speciality_underwriters_Test_Case_Dev.About_Us"/>
  <testcase name="Footer" time="15.981" classname="Speciality_underwriters_Test_Case_Dev.Home_TC"/>
  <testcase name="Footer" time="41.11" classname="Speciality_underwriters_Test_Case_Dev.What_We_offer"/>
  <testcase name="Side_Heading_One" time="124.026" classname="Promesa_Test_Case_Development.Pharmacy_search"/>
  <testcase name="Practices_CustomerSeekingCoverage" time="255.156" classname="AUW_Test_Case_dev.Practices_CustomerSeekingCoverage"/>
  <testcase name="ContactUs_Page" time="28.931" classname="AFL_Test_Cases_Dev.ContactUS_OutsideUS_dev"/>
  <testcase name="main_Home_Page" time="32.292" classname="AFL_Test_Cases_Dev.AboutUS_OutsideUS_dev"/>
  <testcase name="main_Home_Page" time="21.286" classname="Adler_TestCases_Development.Home"/>
  <testcase name="Footer" time="80.37" classname="AFL_Test_Cases_Dev.Footer_TC_dev"/>
  <testcase name="Comprehensive" time="41.052" classname="Tradewel_Test_Cases_Development.Comprehensive_Protection_FF"/>
  <testcase name="Home_Page" time="143.623" classname="AFL_Test_Cases_Dev.HomePage_TC_dev"/>
  <testcase name="main_Home_Page" time="38.389" classname="Tradewel_Test_Cases_Development.About_US"/>
  <testcase name="main_Home_Page" time="136.742" classname="Adler_TestCases_Development.News"/>
  <testcase name="AUW_Footer" time="73.661" classname="Careers_Test_case_Development.Footer"/>
  <testcase name="Footer" time="304.299" classname="AFL_Test_Cases_Dev.What_We_offer_OutSideUs_dev"/>
  <testcase name="main_Home_Page" time="48.646" classname="Pinnacle_Test_Cases_Development.HomePage_TC"/>
  <testcase name="HomePage_Header_ContactUS_btn" time="20.529" classname="Credit_Global_Test_Cases_Dev.Home_TC"/>
  <testcase name="HomePage_Header_login" time="9.786" classname="Credit_Global_Test_Cases_Dev.Forgot_Password"/>
  <testcase name="WhatsNew" time="108.974" classname="Pinnacle_Test_Cases_Development.WatsNew"/>
  <testcase name="HomePage_Header_login" time="32.079" classname="Credit_Global_Test_Cases_Dev.What_we_Do_TC"/>
  <testcase name="HomePage_Header_Our_approach" time="25.409" classname="Credit_Global_Test_Cases_Dev.Home_TC"/>
  <testcase name="HomePage_Header_What_weDo" time="9.208" classname="Credit_Global_Test_Cases_Dev.Home_TC"/>
  <testcase name="ContactUS" time="47.254" classname="Warranty_Test_Case_Dev.Contact_US"/>
  <testcase name="HomePage_Header_login" time="15.084" classname="Credit_Global_Test_Cases_Dev.Home_TC"/>
  <testcase name="partner" time="12.34" classname="Warranty_Test_Case_Dev.Partner_With_US"/>
  <testcase name="Partner1" time="104.3" classname="Warranty_Test_Case_Dev.Our_Partner"/>
  <testcase name="Home_page" time="32.256" classname="Warranty_Test_Case_Dev.About_US"/>
  <testcase name="Footer" time="55.938" classname="Solution_one_Development.Footer_Develop"/>
  <testcase name="NewsEvents" time="138.076" classname="Warranty_Test_Case_Dev.NewsEvents"/>
  <testcase name="Partner2" time="101.759" classname="Warranty_Test_Case_Dev.Our_Partner"/>
  <testcase name="Footer_Facebook" time="27.225" classname="JumboGC_Test_case_Devlopment.Header_footer"/>
  <testcase name="Home_page" time="301.773" classname="Warranty_Test_Case_Dev.HomePage_Testcase"/>
  <testcase name="Footer_Instagram" time="26.125" classname="JumboGC_Test_case_Devlopment.Header_footer"/>
  <testcase name="HomePage" time="70.706" classname="Casuality_Dev_TC.Home_page"/>
  <testcase name="Partner3" time="86.457" classname="Warranty_Test_Case_Dev.Our_Partner"/>
  <testcase name="HomePage" time="58.862" classname="Casuality_Dev_TC.Menu_Press_Room"/>
  <testcase name="Footer_Privacy" time="36.225" classname="JumboGC_Test_case_Devlopment.Header_footer"/>
  <testcase name="Carriers" time="35.663" classname="Casuality_Dev_TC.Menu_Our_Carriers"/>
  <testcase name="HomePage" time="24.199" classname="Casuality_Dev_TC.Menu_Contact_Us"/>
  <testcase name="Footer_linkedIN" time="26.954" classname="JumboGC_Test_case_Devlopment.Header_footer"/>
  <testcase name="Header_Login" time="20.63" classname="JumboGC_Test_case_Devlopment.Header_footer"/>
  <testcase name="HomePage" time="47.849" classname="Casuality_Dev_TC.Menu_About_US"/>
  <testcase name="Partner4" time="120.447" classname="Warranty_Test_Case_Dev.Our_Partner"/>
  <testcase name="Partner5" time="79.953" classname="Warranty_Test_Case_Dev.Our_Partner"/>
  <testcase name="Partner6" time="69.769" classname="Warranty_Test_Case_Dev.Our_Partner"/>
</testsuite> <!-- Firefox_Developmet -->
