<?xml version="1.0" encoding="UTF-8"?>
<!-- Generated by org.testng.reporters.JUnitXMLReporter -->
<testsuite hostname="DESKTOP-N7K85DJ" name="Firefox_Prod" tests="77" failures="2" timestamp="16 Feb 2022 08:42:45 GMT" time="2492.735" errors="0">
  <testcase name="main" time="39.146" classname="AUW_Test_case_prod.AUW_CallUpdate"/>
  <testcase name="AboutUS" time="76.431" classname="AUW_Test_case_prod.AUW_AboutUS"/>
  <testcase name="main" time="83.679" classname="AUW_Test_case_prod.AUW_Intelligence_TC"/>
  <testcase name="AUW_Footer" time="78.693" classname="AUW_Test_case_prod.AUW_Footer_Prod"/>
  <testcase name="main" time="59.466" classname="AUW_Test_case_prod.AUW_Heartwood"/>
  <testcase name="main" time="40.482" classname="AUW_Test_case_prod.AUW_NJ_Update"/>
  <testcase name="main" time="48.473" classname="AUW_Test_case_prod.AUW_header_web_Prod"/>
  <testcase name="main" time="17.219" classname="AUW_Test_case_prod.AUW_PPP"/>
  <testcase name="Practices_AgentsBrokers" time="54.241" classname="AUW_Test_case_prod.Practices_AgentsBrokers"/>
  <testcase name="main" time="303.396" classname="AUW_Test_case_prod.AUW_Experience"/>
  <testcase name="LearnMore" time="14.369" classname="AUW_Global_Test_Cases_Prod.LearnMore_TC"/>
  <testcase name="HomePage" time="16.525" classname="AUW_Global_Test_Cases_Prod.Home_Page_TC"/>
  <testcase name="Practices_CustomerSeekingCoverage" time="223.506" classname="AUW_Test_case_prod.Practices_CustomerSeekingCoverage"/>
  <testcase name="Change_Language" time="2.942" classname="Promesa_Test_Case_Prod.Change_language"/>
  <testcase name="Footer_PrivacyPolicy" time="21.689" classname="Promesa_Test_Case_Prod.Footer"/>
  <testcase name="Footer_facebook" time="19.102" classname="Promesa_Test_Case_Prod.Footer"/>
  <testcase name="Side_Heading_One" time="123.841" classname="Promesa_Test_Case_Prod.Pharmacy_search"/>
  <testcase name="Footer_instagram" time="7.39" classname="Promesa_Test_Case_Prod.Footer"/>
  <testcase name="Footer_linkedin" time="6.068" classname="Promesa_Test_Case_Prod.Footer"/>
  <testcase name="Heading1" time="34.991" classname="MTL_Test_Cases_Prod.What_we_offer1_TC"/>
  <testcase name="Footer_twitter" time="6.402" classname="Promesa_Test_Case_Prod.Footer"/>
  <testcase name="Heading10" time="37.165" classname="MTL_Test_Cases_Prod.What_we_offer1_TC"/>
  <testcase name="More_offers" time="40.103" classname="MTL_Test_Cases_Prod.More_offers_TC"/>
  <testcase name="Footer" time="31.709" classname="MTL_Test_Cases_Prod.Home_URL"/>
  <testcase name="Heading11" time="51.415" classname="MTL_Test_Cases_Prod.What_we_offer1_TC"/>
  <testcase name="Heading2" time="39.823" classname="MTL_Test_Cases_Prod.What_we_offer1_TC">
    <failure type="java.lang.AssertionError" message="expected [https://moretolove.auw.com/] but found [https://moretolove.auw.com/what-we-offer/transportation-liability]">
      <![CDATA[java.lang.AssertionError: expected [https://moretolove.auw.com/] but found [https://moretolove.auw.com/what-we-offer/transportation-liability]
	at MTL_Pages.WhatWeOffer_page.Heading_two(WhatWeOffer_page.java:469)
	at MTL_Test_Cases_Prod.What_we_offer1_TC.Heading2(What_we_offer1_TC.java:29)
	at java.util.concurrent.ThreadPoolExecutor.runWorker(ThreadPoolExecutor.java:1149)
	at java.util.concurrent.ThreadPoolExecutor$Worker.run(ThreadPoolExecutor.java:624)
	at java.lang.Thread.run(Thread.java:748)
... Removed 15 stack frames]]>
    </failure>
  </testcase> <!-- Heading2 -->
  <testcase name="Heading" time="94.507" classname="MTL_Test_Cases_Prod.What_we_offer_URL_TC"/>
  <testcase name="Heading3" time="36.123" classname="MTL_Test_Cases_Prod.What_we_offer1_TC"/>
  <testcase name="Footer" time="16.385" classname="Speciality_underwriters_Test_Case_Prod.Contact_US_TC"/>
  <testcase name="Footer" time="9.616" classname="Speciality_underwriters_Test_Case_Prod.About_Us"/>
  <testcase name="Heading4" time="36.54" classname="MTL_Test_Cases_Prod.What_we_offer1_TC"/>
  <testcase name="Footer" time="36.466" classname="Speciality_underwriters_Test_Case_Prod.What_We_offer"/>
  <testcase name="Heading5" time="36.461" classname="MTL_Test_Cases_Prod.What_we_offer1_TC"/>
  <testcase name="Footer" time="16.917" classname="Speciality_underwriters_Test_Case_Prod.Home_TC"/>
  <testcase name="Heading6" time="37.567" classname="MTL_Test_Cases_Prod.What_we_offer1_TC"/>
  <testcase name="Heading7" time="39.777" classname="MTL_Test_Cases_Prod.What_we_offer1_TC"/>
  <testcase name="Heading8" time="36.116" classname="MTL_Test_Cases_Prod.What_we_offer1_TC"/>
  <testcase name="Heading9" time="37.198" classname="MTL_Test_Cases_Prod.What_we_offer1_TC"/>
  <testcase name="Home_Page" time="9.334" classname="AFL_Test_Case_Prod.HomePage_TC">
    <failure type="org.openqa.selenium.ElementNotInteractableException" message="Element &amp;lt;a class=&amp;quot;jss68&amp;quot; href=&amp;quot;/&amp;quot;&amp;gt; could not be scrolled into view
Build info: version: &amp;apos;3.141.59&amp;apos;, revision: &amp;apos;e82be7d358&amp;apos;, time: &amp;apos;2018-11-14T08:17:03&amp;apos;
System info: host: &amp;apos;DESKTOP-N7K85DJ&amp;apos;, ip: &amp;apos;192.168.1.3&amp;apos;, os.name: &amp;apos;Windows 10&amp;apos;, os.arch: &amp;apos;amd64&amp;apos;, os.version: &amp;apos;10.0&amp;apos;, java.version: &amp;apos;1.8.0_291&amp;apos;
Driver info: org.openqa.selenium.firefox.FirefoxDriver
Capabilities {acceptInsecureCerts: true, browserName: firefox, browserVersion: 96.0.3, javascriptEnabled: true, moz:accessibilityChecks: false, moz:buildID: 20220126154723, moz:geckodriverVersion: 0.30.0, moz:headless: false, moz:processID: 66940, moz:profile: C:\Users\Sweta\AppData\Loca..., moz:shutdownTimeout: 60000, moz:useNonSpecCompliantPointerOrigin: false, moz:webdriverClick: true, pageLoadStrategy: normal, platform: WINDOWS, platformName: WINDOWS, platformVersion: 10.0, proxy: Proxy(), setWindowRect: true, strictFileInteractability: false, timeouts: {implicit: 0, pageLoad: 300000, script: 30000}, unhandledPromptBehavior: dismiss and notify}
Session ID: cba85b53-40a6-401b-b5f2-32b3570aea10">
      <![CDATA[org.openqa.selenium.ElementNotInteractableException: Element <a class="jss68" href="/"> could not be scrolled into view
Build info: version: '3.141.59', revision: 'e82be7d358', time: '2018-11-14T08:17:03'
System info: host: 'DESKTOP-N7K85DJ', ip: '192.168.1.3', os.name: 'Windows 10', os.arch: 'amd64', os.version: '10.0', java.version: '1.8.0_291'
Driver info: org.openqa.selenium.firefox.FirefoxDriver
Capabilities {acceptInsecureCerts: true, browserName: firefox, browserVersion: 96.0.3, javascriptEnabled: true, moz:accessibilityChecks: false, moz:buildID: 20220126154723, moz:geckodriverVersion: 0.30.0, moz:headless: false, moz:processID: 66940, moz:profile: C:\Users\Sweta\AppData\Loca..., moz:shutdownTimeout: 60000, moz:useNonSpecCompliantPointerOrigin: false, moz:webdriverClick: true, pageLoadStrategy: normal, platform: WINDOWS, platformName: WINDOWS, platformVersion: 10.0, proxy: Proxy(), setWindowRect: true, strictFileInteractability: false, timeouts: {implicit: 0, pageLoad: 300000, script: 30000}, unhandledPromptBehavior: dismiss and notify}
Session ID: cba85b53-40a6-401b-b5f2-32b3570aea10
	at org.openqa.selenium.remote.http.W3CHttpResponseCodec.createException(W3CHttpResponseCodec.java:187)
	at org.openqa.selenium.remote.http.W3CHttpResponseCodec.decode(W3CHttpResponseCodec.java:122)
	at org.openqa.selenium.remote.http.W3CHttpResponseCodec.decode(W3CHttpResponseCodec.java:49)
	at org.openqa.selenium.remote.HttpCommandExecutor.execute(HttpCommandExecutor.java:158)
	at org.openqa.selenium.remote.service.DriverCommandExecutor.execute(DriverCommandExecutor.java:83)
	at org.openqa.selenium.remote.RemoteWebDriver.execute(RemoteWebDriver.java:552)
	at org.openqa.selenium.remote.RemoteWebElement.execute(RemoteWebElement.java:285)
	at org.openqa.selenium.remote.RemoteWebElement.click(RemoteWebElement.java:84)
	at AFL_Pages.Home_page.Moreoffers(Home_page.java:615)
	at AFL_Test_Case_Prod.HomePage_TC.Home_Page(HomePage_TC.java:15)
	at java.util.concurrent.ThreadPoolExecutor.runWorker(ThreadPoolExecutor.java:1149)
	at java.util.concurrent.ThreadPoolExecutor$Worker.run(ThreadPoolExecutor.java:624)
	at java.lang.Thread.run(Thread.java:748)
... Removed 14 stack frames]]>
    </failure>
  </testcase> <!-- Home_Page -->
  <testcase name="Footer" time="68.128" classname="AFL_Test_Case_Prod.Footer_TC"/>
  <testcase name="Footer" time="268.833" classname="AFL_Test_Case_Prod.What_We_offer_OutSideUs"/>
  <testcase name="ContactUs_Page" time="22.94" classname="AFL_Test_Case_Prod.ContactUS_OutsideUS"/>
  <testcase name="main_Home_Page" time="24.263" classname="AFL_Test_Case_Prod.AboutUS_OutsideUS"/>
  <testcase name="HomePage_Header_login" time="8.583" classname="Credit_Global_Test_Cases_Prod.Forgot_Password"/>
  <testcase name="HomePage_Header_login" time="28.345" classname="Credit_Global_Test_Cases_Prod.What_we_Do_TC"/>
  <testcase name="HomePage_Header_ContactUS_btn" time="13.933" classname="Credit_Global_Test_Cases_Prod.Home_TC"/>
  <testcase name="main_Home_Page" time="20.194" classname="Adler_TestCases_Prod.Home"/>
  <testcase name="HomePage_Header_Our_approach" time="11.705" classname="Credit_Global_Test_Cases_Prod.Home_TC"/>
  <testcase name="HomePage_Header_What_weDo" time="8.542" classname="Credit_Global_Test_Cases_Prod.Home_TC"/>
  <testcase name="HomePage_Header_login" time="11.829" classname="Credit_Global_Test_Cases_Prod.Home_TC"/>
  <testcase name="AUW_Facebook" time="16.668" classname="Careers_Test_case_Prod.Footer"/>
  <testcase name="AUW_Instagram" time="7.921" classname="Careers_Test_case_Prod.Footer"/>
  <testcase name="AUW_Linkedin" time="8.07" classname="Careers_Test_case_Prod.Footer"/>
  <testcase name="AUW_Policy" time="25.142" classname="Careers_Test_case_Prod.Footer"/>
  <testcase name="AUW_twitter" time="9.811" classname="Careers_Test_case_Prod.Footer"/>
  <testcase name="Footer" time="48.408" classname="Solution_one_Prod.Footer_Production"/>
  <testcase name="Footer_Facebook" time="25.683" classname="JumboGC_Test_case_prod.Header_footer"/>
  <testcase name="main_Home_Page" time="305.299" classname="Adler_TestCases_Prod.News"/>
  <testcase name="Footer_Instagram" time="25.643" classname="JumboGC_Test_case_prod.Header_footer"/>
  <testcase name="Home_page" time="32.181" classname="Warranty_Test_Case_Prod.About_US"/>
  <testcase name="Footer_Privacy" time="36.231" classname="JumboGC_Test_case_prod.Header_footer"/>
  <testcase name="ContactUS" time="41.446" classname="Warranty_Test_Case_Prod.Contact_US"/>
  <testcase name="Footer_linkedIN" time="25.516" classname="JumboGC_Test_case_prod.Header_footer"/>
  <testcase name="partner" time="12.428" classname="Warranty_Test_Case_Prod.Partner_With_US"/>
  <testcase name="Header_Login" time="20.264" classname="JumboGC_Test_case_prod.Header_footer"/>
  <testcase name="Partner1" time="69.206" classname="Warranty_Test_Case_Prod.Our_Partner"/>
  <testcase name="Partner2" time="68.233" classname="Warranty_Test_Case_Prod.Our_Partner"/>
  <testcase name="Partner3" time="68.9" classname="Warranty_Test_Case_Prod.Our_Partner"/>
  <testcase name="Home_page" time="270.876" classname="Warranty_Test_Case_Prod.HomePage_Testcase"/>
  <testcase name="Partner4" time="71.353" classname="Warranty_Test_Case_Prod.Our_Partner"/>
  <testcase name="HomePage" time="65.879" classname="Casuality_Prod_TC.Home_page"/>
  <testcase name="Partner5" time="67.579" classname="Warranty_Test_Case_Prod.Our_Partner"/>
  <testcase name="HomePage" time="43.298" classname="Casuality_Prod_TC.Menu_About_US"/>
  <testcase name="HomePage" time="22.103" classname="Casuality_Prod_TC.Menu_Contact_Us"/>
  <testcase name="Partner6" time="67.62" classname="Warranty_Test_Case_Prod.Our_Partner"/>
  <testcase name="Carriers" time="40.715" classname="Casuality_Prod_TC.Menu_Our_Carriers"/>
  <testcase name="HomePage" time="54.89" classname="Casuality_Prod_TC.Menu_Press_Room"/>
</testsuite> <!-- Firefox_Prod -->
