<?xml version="1.0" encoding="UTF-8"?>
<!-- Generated by org.testng.reporters.JUnitXMLReporter -->
<testsuite hostname="DESKTOP-N7K85DJ" name="Firefox_Prod" tests="72" failures="1" timestamp="12 Jan 2022 15:20:26 GMT" time="4386.779" errors="0">
  <testcase name="main" time="38.028" classname="AUW_Test_case_prod.AUW_CallUpdate"/>
  <testcase name="AboutUS" time="63.912" classname="AUW_Test_case_prod.AUW_AboutUS"/>
  <testcase name="main" time="80.063" classname="AUW_Test_case_prod.AUW_Intelligence_TC"/>
  <testcase name="AUW_Footer" time="74.348" classname="AUW_Test_case_prod.AUW_Footer_Prod"/>
  <testcase name="main" time="57.527" classname="AUW_Test_case_prod.AUW_Heartwood"/>
  <testcase name="main" time="39.115" classname="AUW_Test_case_prod.AUW_NJ_Update"/>
  <testcase name="main" time="300.506" classname="AUW_Test_case_prod.AUW_Experience"/>
  <testcase name="main" time="44.804" classname="AUW_Test_case_prod.AUW_header_web_Prod"/>
  <testcase name="main" time="17.65" classname="AUW_Test_case_prod.AUW_PPP"/>
  <testcase name="Practices_AgentsBrokers" time="64.031" classname="AUW_Test_case_prod.Practices_AgentsBrokers"/>
  <testcase name="Practices_CustomerSeekingCoverage" time="223.755" classname="AUW_Test_case_prod.Practices_CustomerSeekingCoverage"/>
  <testcase name="LearnMore" time="13.355" classname="AUW_Global_Test_Cases_Prod.LearnMore_TC"/>
  <testcase name="HomePage" time="15.085" classname="AUW_Global_Test_Cases_Prod.Home_Page_TC"/>
  <testcase name="Side_Heading_One" time="123.443" classname="Promesa_Test_Case_Prod.Pharmacy_search"/>
  <testcase name="Change_Language" time="2.973" classname="Promesa_Test_Case_Prod.Change_language"/>
  <testcase name="Footer_PrivacyPolicy" time="20.801" classname="Promesa_Test_Case_Prod.Footer"/>
  <testcase name="Footer_facebook" time="19.392" classname="Promesa_Test_Case_Prod.Footer"/>
  <testcase name="Footer_instagram" time="6.702" classname="Promesa_Test_Case_Prod.Footer"/>
  <testcase name="Footer_linkedin" time="6.991" classname="Promesa_Test_Case_Prod.Footer"/>
  <testcase name="Footer_twitter" time="7.414" classname="Promesa_Test_Case_Prod.Footer"/>
  <testcase name="Heading1" time="32.346" classname="MTL_Test_Cases_Prod.What_we_offer1_TC"/>
  <testcase name="Heading10" time="35.814" classname="MTL_Test_Cases_Prod.What_we_offer1_TC"/>
  <testcase name="Heading11" time="50.678" classname="MTL_Test_Cases_Prod.What_we_offer1_TC"/>
  <testcase name="Heading2" time="35.802" classname="MTL_Test_Cases_Prod.What_we_offer1_TC"/>
  <testcase name="Heading3" time="36.208" classname="MTL_Test_Cases_Prod.What_we_offer1_TC"/>
  <testcase name="Heading4" time="35.91" classname="MTL_Test_Cases_Prod.What_we_offer1_TC"/>
  <testcase name="Heading5" time="35.921" classname="MTL_Test_Cases_Prod.What_we_offer1_TC"/>
  <testcase name="Heading6" time="35.837" classname="MTL_Test_Cases_Prod.What_we_offer1_TC"/>
  <testcase name="Heading7" time="35.53" classname="MTL_Test_Cases_Prod.What_we_offer1_TC"/>
  <testcase name="Heading8" time="35.656" classname="MTL_Test_Cases_Prod.What_we_offer1_TC"/>
  <testcase name="Heading9" time="35.932" classname="MTL_Test_Cases_Prod.What_we_offer1_TC"/>
  <testcase name="More_offers" time="41.703" classname="MTL_Test_Cases_Prod.More_offers_TC"/>
  <testcase name="Footer" time="30.861" classname="MTL_Test_Cases_Prod.Home_URL"/>
  <testcase name="Heading" time="78.822" classname="MTL_Test_Cases_Prod.What_we_offer_URL_TC"/>
  <testcase name="Footer" time="16.134" classname="Speciality_underwriters_Test_Case_Prod.Contact_US_TC"/>
  <testcase name="Footer" time="9.478" classname="Speciality_underwriters_Test_Case_Prod.About_Us"/>
  <testcase name="Footer" time="34.812" classname="Speciality_underwriters_Test_Case_Prod.What_We_offer"/>
  <testcase name="Footer" time="16.071" classname="Speciality_underwriters_Test_Case_Prod.Home_TC"/>
  <testcase name="Footer" time="265.886" classname="AFL_Test_Case_Prod.What_We_offer_OutSideUs"/>
  <testcase name="Home_Page" time="115.279" classname="AFL_Test_Case_Prod.HomePage_TC"/>
  <testcase name="Footer" time="66.649" classname="AFL_Test_Case_Prod.Footer_TC"/>
  <testcase name="ContactUs_Page" time="22.277" classname="AFL_Test_Case_Prod.ContactUS_OutsideUS"/>
  <testcase name="main_Home_Page" time="25.034" classname="AFL_Test_Case_Prod.AboutUS_OutsideUS"/>
  <testcase name="HomePage_Header_login" time="36.051" classname="Credit_Global_Test_Cases_Prod.What_we_Do_TC"/>
  <testcase name="HomePage_Header_login" time="15.985" classname="Credit_Global_Test_Cases_Prod.Forgot_Password"/>
  <testcase name="HomePage_Header_ContactUS_btn" time="18.3" classname="Credit_Global_Test_Cases_Prod.Home_TC"/>
  <testcase name="HomePage_Header_Our_approach" time="18.968" classname="Credit_Global_Test_Cases_Prod.Home_TC"/>
  <testcase name="HomePage_Header_What_weDo" time="14.72" classname="Credit_Global_Test_Cases_Prod.Home_TC"/>
  <testcase name="HomePage_Header_login" time="19.081" classname="Credit_Global_Test_Cases_Prod.Home_TC"/>
  <testcase name="main_Home_Page" time="19.054" classname="Adler_TestCases_Prod.Home"/>
  <testcase name="main_Home_Page" time="117.972" classname="Adler_TestCases_Prod.News"/>
  <testcase name="AUW_Facebook" time="17.135" classname="Careers_Test_case_Prod.Footer"/>
  <testcase name="AUW_Instagram" time="8.092" classname="Careers_Test_case_Prod.Footer"/>
  <testcase name="AUW_Linkedin" time="10.094" classname="Careers_Test_case_Prod.Footer"/>
  <testcase name="AUW_Policy" time="25.236" classname="Careers_Test_case_Prod.Footer"/>
  <testcase name="AUW_twitter" time="10.263" classname="Careers_Test_case_Prod.Footer"/>
  <testcase name="Footer" time="6.208" classname="Solution_one_Prod.Footer_Production">
    <failure type="java.lang.AssertionError" message="expected [true] but found [false]">
      <![CDATA[java.lang.AssertionError: expected [true] but found [false]
	at Solution_one_Pages.Home.Login(Home.java:89)
	at Solution_one_Prod.Footer_Production.Footer(Footer_Production.java:15)
	at java.util.concurrent.ThreadPoolExecutor.runWorker(Unknown Source)
	at java.util.concurrent.ThreadPoolExecutor$Worker.run(Unknown Source)
	at java.lang.Thread.run(Unknown Source)
... Removed 14 stack frames]]>
    </failure>
  </testcase> <!-- Footer -->
  <testcase name="Footer_Facebook" time="26.398" classname="JumboGC_Test_case_prod.Header_footer"/>
  <testcase name="Footer_Instagram" time="25.586" classname="JumboGC_Test_case_prod.Header_footer"/>
  <testcase name="Footer_Privacy" time="35.973" classname="JumboGC_Test_case_prod.Header_footer"/>
  <testcase name="Footer_linkedIN" time="25.996" classname="JumboGC_Test_case_prod.Header_footer"/>
  <testcase name="Header_Login" time="21.23" classname="JumboGC_Test_case_prod.Header_footer"/>
  <testcase name="Home_page" time="32.218" classname="Warranty_Test_Case_Prod.About_US"/>
  <testcase name="ContactUS" time="38.468" classname="Warranty_Test_Case_Prod.Contact_US"/>
  <testcase name="partner" time="11.074" classname="Warranty_Test_Case_Prod.Partner_With_US"/>
  <testcase name="Home_page" time="267.406" classname="Warranty_Test_Case_Prod.HomePage_Testcase"/>
  <testcase name="Partner1" time="69.105" classname="Warranty_Test_Case_Prod.Our_Partner"/>
  <testcase name="Partner2" time="67.437" classname="Warranty_Test_Case_Prod.Our_Partner"/>
  <testcase name="Partner3" time="68.716" classname="Warranty_Test_Case_Prod.Our_Partner"/>
  <testcase name="Partner4" time="66.768" classname="Warranty_Test_Case_Prod.Our_Partner"/>
  <testcase name="Partner5" time="64.64" classname="Warranty_Test_Case_Prod.Our_Partner"/>
  <testcase name="Partner6" time="64.827" classname="Warranty_Test_Case_Prod.Our_Partner"/>
</testsuite> <!-- Firefox_Prod -->
