<?xml version="1.0" encoding="UTF-8"?>
<!-- Generated by org.testng.reporters.JUnitXMLReporter -->
<testsuite hostname="DESKTOP-N7K85DJ" name="Firefox_Developmet" tests="59" failures="4" timestamp="9 Jun 2022 14:42:53 GMT" time="4267.57" errors="0">
  <testcase name="main" time="332.782" classname="AUW_Test_Case_dev.AUW_Experience"/>
  <testcase name="main" time="47.159" classname="AUW_Test_Case_dev.AUW_header_web_Development">
    <failure type="java.lang.AssertionError" message="expected [https://www.appliedunderwriters.com/Login.aspx] but found [https://www.appliedunderwriters.com/LoginWUO.aspx]">
      <![CDATA[java.lang.AssertionError: expected [https://www.appliedunderwriters.com/Login.aspx] but found [https://www.appliedunderwriters.com/LoginWUO.aspx]
	at AUW_Test_Case_dev.AUW_header_web_Development.main(AUW_header_web_Development.java:65)
	at java.util.concurrent.ThreadPoolExecutor.runWorker(ThreadPoolExecutor.java:1149)
	at java.util.concurrent.ThreadPoolExecutor$Worker.run(ThreadPoolExecutor.java:624)
	at java.lang.Thread.run(Thread.java:748)
... Removed 15 stack frames]]>
    </failure>
  </testcase> <!-- main -->
  <testcase name="AUW_Footer" time="71.918" classname="AUW_Test_Case_dev.AUW_Footer_Development"/>
  <testcase name="AboutUS" time="71.873" classname="AUW_Test_Case_dev.AUW_AboutUS"/>
  <testcase name="main" time="19.06" classname="AUW_Test_Case_dev.AUW_PPP"/>
  <testcase name="main" time="42.811" classname="AUW_Test_Case_dev.AUW_CallUpdate"/>
  <testcase name="main" time="41.056" classname="AUW_Test_Case_dev.AUW_NJ_Update"/>
  <testcase name="main" time="79.578" classname="AUW_Test_Case_dev.AUW_Intelligence_TC"/>
  <testcase name="Practices_AgentsBrokers" time="54.055" classname="AUW_Test_Case_dev.Practices_AgentsBrokers"/>
  <testcase name="Practices_CustomerSeekingCoverage" time="249.895" classname="AUW_Test_Case_dev.Practices_CustomerSeekingCoverage"/>
  <testcase name="LearnMore" time="12.755" classname="AUW_Global_Test_Cases_Development.LearnMore_TC"/>
  <testcase name="HomePage" time="5.949" classname="AUW_Global_Test_Cases_Development.Home_Page_TC"/>
  <testcase name="Footer" time="56.277" classname="Promesa_Test_Case_Development.Footer"/>
  <testcase name="Side_Heading_One" time="123.379" classname="Promesa_Test_Case_Development.Pharmacy_search"/>
  <testcase name="Change_Language" time="2.263" classname="Promesa_Test_Case_Development.Change_language"/>
  <testcase name="Footer" time="18.075" classname="Speciality_underwriters_Test_Case_Dev.Contact_US_TC"/>
  <testcase name="Footer" time="10.518" classname="Speciality_underwriters_Test_Case_Dev.About_Us"/>
  <testcase name="Footer" time="39.829" classname="Speciality_underwriters_Test_Case_Dev.What_We_offer"/>
  <testcase name="Footer" time="16.173" classname="Speciality_underwriters_Test_Case_Dev.Home_TC"/>
  <testcase name="ContactUs_Page" time="29.867" classname="AFL_Test_Cases_Dev.ContactUS_OutsideUS_dev"/>
  <testcase name="main_Home_Page" time="25.961" classname="AFL_Test_Cases_Dev.AboutUS_OutsideUS_dev"/>
  <testcase name="WhatweOffer_outsideUS" time="264.168" classname="AFL_Test_Cases_Dev.What_We_offer_OutSideUs_dev"/>
  <testcase name="Footer" time="67.363" classname="AFL_Test_Cases_Dev.Footer_TC_dev"/>
  <testcase name="Home_Page" time="121.4" classname="AFL_Test_Cases_Dev.HomePage_TC_dev"/>
  <testcase name="main_Home_Page" time="19.199" classname="Adler_TestCases_Development.Home"/>
  <testcase name="main_Home_Page" time="123.104" classname="Adler_TestCases_Development.News"/>
  <testcase name="Comprehensive" time="38.838" classname="Tradewel_Test_Cases_Development.Comprehensive_Protection_FF"/>
  <testcase name="main_Home_Page" time="32.826" classname="Tradewel_Test_Cases_Development.About_US"/>
  <testcase name="AUW_Footer" time="64.563" classname="Careers_Test_case_Development.Footer"/>
  <testcase name="WhatsNew" time="85.571" classname="Pinnacle_Test_Cases_Development.WatsNew"/>
  <testcase name="main_Home_Page" time="45.295" classname="Pinnacle_Test_Cases_Development.HomePage_TC"/>
  <testcase name="HomePage_Header_ContactUS_btn" time="16.675" classname="Credit_Global_Test_Cases_Dev.Home_TC"/>
  <testcase name="HomePage_Header_Our_approach" time="11.983" classname="Credit_Global_Test_Cases_Dev.Home_TC"/>
  <testcase name="HomePage_Header_What_weDo" time="7.554" classname="Credit_Global_Test_Cases_Dev.Home_TC"/>
  <testcase name="HomePage_Header_login" time="10.516" classname="Credit_Global_Test_Cases_Dev.Home_TC"/>
  <testcase name="HomePage_Header_login" time="7.842" classname="Credit_Global_Test_Cases_Dev.Forgot_Password"/>
  <testcase name="HomePage_Header_login" time="28.7" classname="Credit_Global_Test_Cases_Dev.What_we_Do_TC"/>
  <testcase name="Home_page" time="287.707" classname="Warranty_Test_Case_Dev.HomePage_Testcase"/>
  <testcase name="ContactUS" time="61.384" classname="Warranty_Test_Case_Dev.Contact_US"/>
  <testcase name="Partner1" time="73.235" classname="Warranty_Test_Case_Dev.Our_Partner"/>
  <testcase name="Partner2" time="74.007" classname="Warranty_Test_Case_Dev.Our_Partner"/>
  <testcase name="Partner3" time="74.413" classname="Warranty_Test_Case_Dev.Our_Partner"/>
  <testcase name="Partner4" time="78.271" classname="Warranty_Test_Case_Dev.Our_Partner"/>
  <testcase name="Partner5" time="74.628" classname="Warranty_Test_Case_Dev.Our_Partner"/>
  <testcase name="Partner6" time="77.504" classname="Warranty_Test_Case_Dev.Our_Partner"/>
  <testcase name="partner" time="16.598" classname="Warranty_Test_Case_Dev.Partner_With_US"/>
  <testcase name="Home_page" time="34.29" classname="Warranty_Test_Case_Dev.About_US"/>
  <testcase name="NewsEvents" time="14.562" classname="Warranty_Test_Case_Dev.NewsEvents"/>
  <testcase name="Footer" time="5.263" classname="Solution_one_Development.Footer_Develop">
    <failure type="java.lang.AssertionError" message="expected [true] but found [false]">
      <![CDATA[java.lang.AssertionError: expected [true] but found [false]
	at Solution_one_Pages.Home.Login(Home.java:89)
	at Solution_one_Development.Footer_Develop.Footer(Footer_Develop.java:15)
	at java.util.concurrent.ThreadPoolExecutor.runWorker(ThreadPoolExecutor.java:1149)
	at java.util.concurrent.ThreadPoolExecutor$Worker.run(ThreadPoolExecutor.java:624)
	at java.lang.Thread.run(Thread.java:748)
... Removed 14 stack frames]]>
    </failure>
  </testcase> <!-- Footer -->
  <testcase name="Footer_Facebook" time="25.548" classname="JumboGC_Test_case_Devlopment.Header_footer"/>
  <testcase name="Footer_Instagram" time="25.557" classname="JumboGC_Test_case_Devlopment.Header_footer"/>
  <testcase name="Footer_Privacy" time="36.012" classname="JumboGC_Test_case_Devlopment.Header_footer"/>
  <testcase name="Footer_linkedIN" time="25.856" classname="JumboGC_Test_case_Devlopment.Header_footer"/>
  <testcase name="Header_Login" time="20.238" classname="JumboGC_Test_case_Devlopment.Header_footer">
    <failure type="java.lang.AssertionError" message="expected [https://www.appliedunderwriters.com/LoginWUO.aspx] but found [https://www.appliedunderwriters.com/Login.aspx]">
      <![CDATA[java.lang.AssertionError: expected [https://www.appliedunderwriters.com/LoginWUO.aspx] but found [https://www.appliedunderwriters.com/Login.aspx]
	at JumboGC_Pages.Home.Login(Home.java:147)
	at JumboGC_Test_case_Devlopment.Header_footer.Header_Login(Header_footer.java:16)
	at java.util.concurrent.ThreadPoolExecutor.runWorker(ThreadPoolExecutor.java:1149)
	at java.util.concurrent.ThreadPoolExecutor$Worker.run(ThreadPoolExecutor.java:624)
	at java.lang.Thread.run(Thread.java:748)
... Removed 15 stack frames]]>
    </failure>
  </testcase> <!-- Header_Login -->
  <testcase name="HomePage" time="66.585" classname="Casuality_Dev_TC.Home_page"/>
  <testcase name="HomePage" time="57.963" classname="Casuality_Dev_TC.Menu_Press_Room">
    <failure type="java.lang.AssertionError" message="expected [Applied Underwriters Looks to Complete Major Acquisitions, Continue Organic Growth following Successful 2021 Year] but found []">
      <![CDATA[java.lang.AssertionError: expected [Applied Underwriters Looks to Complete Major Acquisitions, Continue Organic Growth following Successful 2021 Year] but found []
	at Casuality_pages.Menu_PressRoom.text_2(Menu_PressRoom.java:122)
	at Casuality_Dev_TC.Menu_Press_Room.HomePage(Menu_Press_Room.java:23)
	at java.util.concurrent.ThreadPoolExecutor.runWorker(ThreadPoolExecutor.java:1149)
	at java.util.concurrent.ThreadPoolExecutor$Worker.run(ThreadPoolExecutor.java:624)
	at java.lang.Thread.run(Thread.java:748)
... Removed 15 stack frames]]>
    </failure>
  </testcase> <!-- HomePage -->
  <testcase name="Carriers" time="34.805" classname="Casuality_Dev_TC.Menu_Our_Carriers"/>
  <testcase name="HomePage" time="23.315" classname="Casuality_Dev_TC.Menu_Contact_Us"/>
  <testcase name="HomePage" time="51.732" classname="Casuality_Dev_TC.Menu_About_US"/>
</testsuite> <!-- Firefox_Developmet -->
