<?xml version="1.0" encoding="UTF-8"?>
<!-- Generated by org.testng.reporters.JUnitXMLReporter -->
<testsuite hostname="DESKTOP-N7K85DJ" name="Firefox_Prod" tests="62" failures="1" timestamp="30 Dec 2021 15:02:03 GMT" time="3509.451" errors="0">
  <testcase name="main" time="38.153" classname="AUW_Test_case_prod.AUW_CallUpdate"/>
  <testcase name="AboutUS" time="64.771" classname="AUW_Test_case_prod.AUW_AboutUS"/>
  <testcase name="main" time="81.753" classname="AUW_Test_case_prod.AUW_Intelligence_TC"/>
  <testcase name="AUW_Footer" time="75.134" classname="AUW_Test_case_prod.AUW_Footer_Prod"/>
  <testcase name="main" time="59.856" classname="AUW_Test_case_prod.AUW_Heartwood"/>
  <testcase name="main" time="39.945" classname="AUW_Test_case_prod.AUW_NJ_Update"/>
  <testcase name="main" time="304.825" classname="AUW_Test_case_prod.AUW_Experience"/>
  <testcase name="main" time="47.125" classname="AUW_Test_case_prod.AUW_header_web_Prod"/>
  <testcase name="main" time="17.241" classname="AUW_Test_case_prod.AUW_PPP"/>
  <testcase name="Practices_AgentsBrokers" time="54.428" classname="AUW_Test_case_prod.Practices_AgentsBrokers"/>
  <testcase name="Practices_CustomerSeekingCoverage" time="222.078" classname="AUW_Test_case_prod.Practices_CustomerSeekingCoverage"/>
  <testcase name="LearnMore" time="14.087" classname="AUW_Global_Test_Cases_Prod.LearnMore_TC"/>
  <testcase name="HomePage" time="15.658" classname="AUW_Global_Test_Cases_Prod.Home_Page_TC"/>
  <testcase name="Side_Heading_One" time="123.709" classname="Promesa_Test_Case_Prod.Pharmacy_search"/>
  <testcase name="Change_Language" time="2.847" classname="Promesa_Test_Case_Prod.Change_language"/>
  <testcase name="Footer_PrivacyPolicy" time="20.712" classname="Promesa_Test_Case_Prod.Footer"/>
  <testcase name="Footer_facebook" time="19.155" classname="Promesa_Test_Case_Prod.Footer"/>
  <testcase name="Footer_instagram" time="6.062" classname="Promesa_Test_Case_Prod.Footer"/>
  <testcase name="Footer_linkedin" time="6.605" classname="Promesa_Test_Case_Prod.Footer"/>
  <testcase name="Footer_twitter" time="6.605" classname="Promesa_Test_Case_Prod.Footer"/>
  <testcase name="Heading1" time="33.069" classname="MTL_Test_Cases_Prod.What_we_offer1_TC"/>
  <testcase name="Heading10" time="36.304" classname="MTL_Test_Cases_Prod.What_we_offer1_TC"/>
  <testcase name="Heading11" time="51.033" classname="MTL_Test_Cases_Prod.What_we_offer1_TC"/>
  <testcase name="Heading2" time="35.702" classname="MTL_Test_Cases_Prod.What_we_offer1_TC"/>
  <testcase name="Heading3" time="35.613" classname="MTL_Test_Cases_Prod.What_we_offer1_TC"/>
  <testcase name="Heading4" time="36.066" classname="MTL_Test_Cases_Prod.What_we_offer1_TC"/>
  <testcase name="Heading5" time="35.778" classname="MTL_Test_Cases_Prod.What_we_offer1_TC"/>
  <testcase name="Heading6" time="36.043" classname="MTL_Test_Cases_Prod.What_we_offer1_TC"/>
  <testcase name="Heading7" time="36.098" classname="MTL_Test_Cases_Prod.What_we_offer1_TC"/>
  <testcase name="Heading8" time="36.059" classname="MTL_Test_Cases_Prod.What_we_offer1_TC"/>
  <testcase name="Heading9" time="36.134" classname="MTL_Test_Cases_Prod.What_we_offer1_TC"/>
  <testcase name="More_offers" time="39.357" classname="MTL_Test_Cases_Prod.More_offers_TC"/>
  <testcase name="Footer" time="30.608" classname="MTL_Test_Cases_Prod.Home_URL"/>
  <testcase name="Heading" time="78.511" classname="MTL_Test_Cases_Prod.What_we_offer_URL_TC"/>
  <testcase name="Footer" time="16.312" classname="Speciality_underwriters_Test_Case_Prod.Contact_US_TC"/>
  <testcase name="Footer" time="9.256" classname="Speciality_underwriters_Test_Case_Prod.About_Us"/>
  <testcase name="Footer" time="34.479" classname="Speciality_underwriters_Test_Case_Prod.What_We_offer"/>
  <testcase name="Footer" time="15.914" classname="Speciality_underwriters_Test_Case_Prod.Home_TC"/>
  <testcase name="Footer" time="261.727" classname="AFL_Test_Case_Prod.What_We_offer_OutSideUs"/>
  <testcase name="Home_Page" time="171.122" classname="AFL_Test_Case_Prod.HomePage_TC"/>
  <testcase name="Footer" time="67.203" classname="AFL_Test_Case_Prod.Footer_TC"/>
  <testcase name="ContactUs_Page" time="22.338" classname="AFL_Test_Case_Prod.ContactUS_OutsideUS"/>
  <testcase name="main_Home_Page" time="15.877" classname="AFL_Test_Case_Prod.AboutUS_OutsideUS"/>
  <testcase name="HomePage_Header_login" time="36.172" classname="Credit_Global_Test_Cases_Prod.What_we_Do_TC"/>
  <testcase name="HomePage_Header_login" time="15.592" classname="Credit_Global_Test_Cases_Prod.Forgot_Password"/>
  <testcase name="HomePage_Header_ContactUS_btn" time="18.909" classname="Credit_Global_Test_Cases_Prod.Home_TC"/>
  <testcase name="HomePage_Header_Our_approach" time="19.146" classname="Credit_Global_Test_Cases_Prod.Home_TC"/>
  <testcase name="HomePage_Header_What_weDo" time="14.708" classname="Credit_Global_Test_Cases_Prod.Home_TC"/>
  <testcase name="HomePage_Header_login" time="18.614" classname="Credit_Global_Test_Cases_Prod.Home_TC"/>
  <testcase name="main_Home_Page" time="19.462" classname="Adler_TestCases_Prod.Home"/>
  <testcase name="main_Home_Page" time="116.052" classname="Adler_TestCases_Prod.News"/>
  <testcase name="AUW_Facebook" time="16.044" classname="Careers_Test_case_Prod.Footer"/>
  <testcase name="AUW_Instagram" time="7.881" classname="Careers_Test_case_Prod.Footer"/>
  <testcase name="AUW_Linkedin" time="8.312" classname="Careers_Test_case_Prod.Footer"/>
  <testcase name="AUW_Policy" time="24.227" classname="Careers_Test_case_Prod.Footer"/>
  <testcase name="AUW_twitter" time="9.593" classname="Careers_Test_case_Prod.Footer"/>
  <testcase name="Footer" time="47.818" classname="Solution_one_Prod.Footer_Production">
    <failure type="java.lang.AssertionError" message="expected [https://www.auw.com/ca-privacy-notice] but found [about:blank]">
      <![CDATA[java.lang.AssertionError: expected [https://www.auw.com/ca-privacy-notice] but found [about:blank]
	at Solution_one_Pages.Home.CA_Privacy_Policy(Home.java:235)
	at Solution_one_Prod.Footer_Production.Footer(Footer_Production.java:21)
... Removed 29 stack frames]]>
    </failure>
  </testcase> <!-- Footer -->
  <testcase name="Footer_Facebook" time="25.698" classname="JumboGC_Test_case_prod.Header_footer"/>
  <testcase name="Footer_Instagram" time="25.529" classname="JumboGC_Test_case_prod.Header_footer"/>
  <testcase name="Footer_Privacy" time="36.126" classname="JumboGC_Test_case_prod.Header_footer"/>
  <testcase name="Footer_linkedIN" time="25.914" classname="JumboGC_Test_case_prod.Header_footer"/>
  <testcase name="Header_Login" time="20.253" classname="JumboGC_Test_case_prod.Header_footer"/>
</testsuite> <!-- Firefox_Prod -->
