<?xml version="1.0" encoding="UTF-8"?>
<!-- Generated by org.testng.reporters.JUnitXMLReporter -->
<testsuite hostname="DESKTOP-N7K85DJ" name="Firefox_Prod" tests="81" failures="0" timestamp="23 Mar 2022 12:03:16 GMT" time="2484.956" errors="0">
  <testcase name="main" time="39.296" classname="AUW_Test_case_prod.AUW_CallUpdate"/>
  <testcase name="AboutUS" time="65.888" classname="AUW_Test_case_prod.AUW_AboutUS"/>
  <testcase name="main" time="82.695" classname="AUW_Test_case_prod.AUW_Intelligence_TC"/>
  <testcase name="AUW_Footer" time="73.617" classname="AUW_Test_case_prod.AUW_Footer_Prod"/>
  <testcase name="main" time="38.985" classname="AUW_Test_case_prod.AUW_NJ_Update"/>
  <testcase name="main" time="57.031" classname="AUW_Test_case_prod.AUW_Heartwood"/>
  <testcase name="main" time="47.806" classname="AUW_Test_case_prod.AUW_header_web_Prod"/>
  <testcase name="main" time="16.578" classname="AUW_Test_case_prod.AUW_PPP"/>
  <testcase name="Practices_AgentsBrokers" time="54.754" classname="AUW_Test_case_prod.Practices_AgentsBrokers"/>
  <testcase name="main" time="309.9" classname="AUW_Test_case_prod.AUW_Experience"/>
  <testcase name="LearnMore" time="14.201" classname="AUW_Global_Test_Cases_Prod.LearnMore_TC"/>
  <testcase name="HomePage" time="16.0" classname="AUW_Global_Test_Cases_Prod.Home_Page_TC"/>
  <testcase name="Practices_CustomerSeekingCoverage" time="224.669" classname="AUW_Test_case_prod.Practices_CustomerSeekingCoverage"/>
  <testcase name="Change_Language" time="2.717" classname="Promesa_Test_Case_Prod.Change_language"/>
  <testcase name="Footer_PrivacyPolicy" time="20.731" classname="Promesa_Test_Case_Prod.Footer"/>
  <testcase name="Footer_facebook" time="19.204" classname="Promesa_Test_Case_Prod.Footer"/>
  <testcase name="Footer_instagram" time="6.087" classname="Promesa_Test_Case_Prod.Footer"/>
  <testcase name="Footer_linkedin" time="6.098" classname="Promesa_Test_Case_Prod.Footer"/>
  <testcase name="Side_Heading_One" time="123.511" classname="Promesa_Test_Case_Prod.Pharmacy_search"/>
  <testcase name="Footer_twitter" time="8.134" classname="Promesa_Test_Case_Prod.Footer"/>
  <testcase name="Heading1" time="33.227" classname="MTL_Test_Cases_Prod.What_we_offer1_TC"/>
  <testcase name="More_offers" time="39.933" classname="MTL_Test_Cases_Prod.More_offers_TC"/>
  <testcase name="Heading10" time="35.895" classname="MTL_Test_Cases_Prod.What_we_offer1_TC"/>
  <testcase name="Footer" time="39.057" classname="MTL_Test_Cases_Prod.Home_URL"/>
  <testcase name="Heading11" time="51.306" classname="MTL_Test_Cases_Prod.What_we_offer1_TC"/>
  <testcase name="Heading2" time="35.971" classname="MTL_Test_Cases_Prod.What_we_offer1_TC"/>
  <testcase name="Heading" time="88.429" classname="MTL_Test_Cases_Prod.What_we_offer_URL_TC"/>
  <testcase name="Footer" time="16.306" classname="Speciality_underwriters_Test_Case_Prod.Contact_US_TC"/>
  <testcase name="Heading3" time="37.628" classname="MTL_Test_Cases_Prod.What_we_offer1_TC"/>
  <testcase name="Footer" time="9.598" classname="Speciality_underwriters_Test_Case_Prod.About_Us"/>
  <testcase name="Footer" time="34.58" classname="Speciality_underwriters_Test_Case_Prod.What_We_offer"/>
  <testcase name="Heading4" time="35.747" classname="MTL_Test_Cases_Prod.What_we_offer1_TC"/>
  <testcase name="Footer" time="18.408" classname="Speciality_underwriters_Test_Case_Prod.Home_TC"/>
  <testcase name="Heading5" time="36.625" classname="MTL_Test_Cases_Prod.What_we_offer1_TC"/>
  <testcase name="Heading6" time="35.976" classname="MTL_Test_Cases_Prod.What_we_offer1_TC"/>
  <testcase name="Heading7" time="35.405" classname="MTL_Test_Cases_Prod.What_we_offer1_TC"/>
  <testcase name="Heading8" time="36.125" classname="MTL_Test_Cases_Prod.What_we_offer1_TC"/>
  <testcase name="Heading9" time="35.934" classname="MTL_Test_Cases_Prod.What_we_offer1_TC"/>
  <testcase name="Footer" time="264.592" classname="AFL_Test_Case_Prod.What_We_offer_OutSideUs"/>
  <testcase name="Home_Page" time="109.785" classname="AFL_Test_Case_Prod.HomePage_TC"/>
  <testcase name="Footer" time="67.586" classname="AFL_Test_Case_Prod.Footer_TC"/>
  <testcase name="ContactUs_Page" time="29.482" classname="AFL_Test_Case_Prod.ContactUS_OutsideUS"/>
  <testcase name="main_Home_Page" time="17.262" classname="AFL_Test_Case_Prod.AboutUS_OutsideUS"/>
  <testcase name="HomePage_Header_login" time="8.177" classname="Credit_Global_Test_Cases_Prod.Forgot_Password"/>
  <testcase name="HomePage_Header_login" time="28.332" classname="Credit_Global_Test_Cases_Prod.What_we_Do_TC"/>
  <testcase name="HomePage_Header_ContactUS_btn" time="11.915" classname="Credit_Global_Test_Cases_Prod.Home_TC"/>
  <testcase name="HomePage_Header_Our_approach" time="12.028" classname="Credit_Global_Test_Cases_Prod.Home_TC"/>
  <testcase name="main_Home_Page" time="20.181" classname="Adler_TestCases_Prod.Home"/>
  <testcase name="HomePage_Header_What_weDo" time="7.196" classname="Credit_Global_Test_Cases_Prod.Home_TC"/>
  <testcase name="HomePage_Header_login" time="11.526" classname="Credit_Global_Test_Cases_Prod.Home_TC"/>
  <testcase name="AUW_Facebook" time="16.239" classname="Careers_Test_case_Prod.Footer"/>
  <testcase name="AUW_Instagram" time="7.892" classname="Careers_Test_case_Prod.Footer"/>
  <testcase name="AUW_Linkedin" time="9.061" classname="Careers_Test_case_Prod.Footer"/>
  <testcase name="main_Home_Page" time="125.208" classname="Adler_TestCases_Prod.News"/>
  <testcase name="AUW_Policy" time="24.836" classname="Careers_Test_case_Prod.Footer"/>
  <testcase name="AUW_twitter" time="11.094" classname="Careers_Test_case_Prod.Footer"/>
  <testcase name="Footer" time="48.682" classname="Solution_one_Prod.Footer_Production"/>
  <testcase name="Footer_Facebook" time="25.57" classname="JumboGC_Test_case_prod.Header_footer"/>
  <testcase name="Home_page" time="32.284" classname="Warranty_Test_Case_Prod.About_US"/>
  <testcase name="Footer_Instagram" time="25.632" classname="JumboGC_Test_case_prod.Header_footer"/>
  <testcase name="ContactUS" time="39.459" classname="Warranty_Test_Case_Prod.Contact_US"/>
  <testcase name="Footer_Privacy" time="36.024" classname="JumboGC_Test_case_prod.Header_footer"/>
  <testcase name="partner" time="11.005" classname="Warranty_Test_Case_Prod.Partner_With_US"/>
  <testcase name="Footer_linkedIN" time="27.309" classname="JumboGC_Test_case_prod.Header_footer"/>
  <testcase name="Header_Login" time="20.335" classname="JumboGC_Test_case_prod.Header_footer"/>
  <testcase name="Partner1" time="66.641" classname="Warranty_Test_Case_Prod.Our_Partner"/>
  <testcase name="Partner2" time="67.146" classname="Warranty_Test_Case_Prod.Our_Partner"/>
  <testcase name="Home_page" time="262.02" classname="Warranty_Test_Case_Prod.HomePage_Testcase"/>
  <testcase name="Partner3" time="67.111" classname="Warranty_Test_Case_Prod.Our_Partner"/>
  <testcase name="HomePage" time="65.708" classname="Casuality_Prod_TC.Home_page"/>
  <testcase name="Partner4" time="67.676" classname="Warranty_Test_Case_Prod.Our_Partner"/>
  <testcase name="HomePage" time="45.776" classname="Casuality_Prod_TC.Menu_About_US"/>
  <testcase name="HomePage" time="22.575" classname="Casuality_Prod_TC.Menu_Contact_Us"/>
  <testcase name="Partner5" time="65.79" classname="Warranty_Test_Case_Prod.Our_Partner"/>
  <testcase name="Carriers" time="38.958" classname="Casuality_Prod_TC.Menu_Our_Carriers"/>
  <testcase name="Partner6" time="67.562" classname="Warranty_Test_Case_Prod.Our_Partner"/>
  <testcase name="HomePage" time="53.916" classname="Casuality_Prod_TC.Menu_Press_Room"/>
  <testcase name="main_Home_Page" time="46.477" classname="Pinnacle_Test_Cases_Production.HomePage_TC"/>
  <testcase name="main_Home_Page" time="31.281" classname="Tradewel_Test_Cases_Production.About_US"/>
  <testcase name="WhatsNew" time="88.52" classname="Pinnacle_Test_Cases_Production.WatsNew"/>
  <testcase name="Comprehensive" time="39.426" classname="Tradewel_Test_Cases_Production.Comprehensive_Protection_FF"/>
</testsuite> <!-- Firefox_Prod -->
