<?xml version="1.0" encoding="UTF-8"?>
<!-- Generated by org.testng.reporters.JUnitXMLReporter -->
<testsuite hostname="DESKTOP-N7K85DJ" name="Firefox_Prod" tests="81" failures="2" timestamp="11 Mar 2022 13:55:30 GMT" time="2488.554" errors="0">
  <testcase name="main" time="37.639" classname="AUW_Test_case_prod.AUW_CallUpdate"/>
  <testcase name="AboutUS" time="64.007" classname="AUW_Test_case_prod.AUW_AboutUS"/>
  <testcase name="main" time="81.686" classname="AUW_Test_case_prod.AUW_Intelligence_TC"/>
  <testcase name="AUW_Footer" time="74.882" classname="AUW_Test_case_prod.AUW_Footer_Prod"/>
  <testcase name="main" time="38.312" classname="AUW_Test_case_prod.AUW_NJ_Update"/>
  <testcase name="main" time="58.382" classname="AUW_Test_case_prod.AUW_Heartwood"/>
  <testcase name="main" time="47.195" classname="AUW_Test_case_prod.AUW_header_web_Prod"/>
  <testcase name="main" time="17.345" classname="AUW_Test_case_prod.AUW_PPP"/>
  <testcase name="Practices_AgentsBrokers" time="52.896" classname="AUW_Test_case_prod.Practices_AgentsBrokers"/>
  <testcase name="main" time="302.437" classname="AUW_Test_case_prod.AUW_Experience"/>
  <testcase name="LearnMore" time="12.569" classname="AUW_Global_Test_Cases_Prod.LearnMore_TC"/>
  <testcase name="HomePage" time="14.137" classname="AUW_Global_Test_Cases_Prod.Home_Page_TC"/>
  <testcase name="Practices_CustomerSeekingCoverage" time="215.116" classname="AUW_Test_case_prod.Practices_CustomerSeekingCoverage"/>
  <testcase name="Change_Language" time="2.683" classname="Promesa_Test_Case_Prod.Change_language"/>
  <testcase name="Footer_PrivacyPolicy" time="19.525" classname="Promesa_Test_Case_Prod.Footer"/>
  <testcase name="Footer_facebook" time="19.606" classname="Promesa_Test_Case_Prod.Footer"/>
  <testcase name="Footer_instagram" time="6.597" classname="Promesa_Test_Case_Prod.Footer"/>
  <testcase name="Footer_linkedin" time="6.502" classname="Promesa_Test_Case_Prod.Footer"/>
  <testcase name="Footer_twitter" time="6.784" classname="Promesa_Test_Case_Prod.Footer"/>
  <testcase name="Side_Heading_One" time="123.384" classname="Promesa_Test_Case_Prod.Pharmacy_search"/>
  <testcase name="Heading1" time="32.289" classname="MTL_Test_Cases_Prod.What_we_offer1_TC"/>
  <testcase name="More_offers" time="39.151" classname="MTL_Test_Cases_Prod.More_offers_TC"/>
  <testcase name="Heading10" time="35.128" classname="MTL_Test_Cases_Prod.What_we_offer1_TC"/>
  <testcase name="Footer" time="38.934" classname="MTL_Test_Cases_Prod.Home_URL"/>
  <testcase name="Heading11" time="50.519" classname="MTL_Test_Cases_Prod.What_we_offer1_TC"/>
  <testcase name="Heading" time="50.816" classname="MTL_Test_Cases_Prod.What_we_offer_URL_TC">
    <failure type="java.lang.AssertionError" message="expected [true] but found [false]">
      <![CDATA[java.lang.AssertionError: expected [true] but found [false]
	at MTL_Pages.WhatWeOffer_page.Heading_one_URL(WhatWeOffer_page.java:247)
	at MTL_Test_Cases_Prod.What_we_offer_URL_TC.Heading(What_we_offer_URL_TC.java:18)
	at java.util.concurrent.ThreadPoolExecutor.runWorker(ThreadPoolExecutor.java:1149)
	at java.util.concurrent.ThreadPoolExecutor$Worker.run(ThreadPoolExecutor.java:624)
	at java.lang.Thread.run(Thread.java:748)
... Removed 14 stack frames]]>
    </failure>
  </testcase> <!-- Heading -->
  <testcase name="Footer" time="17.196" classname="Speciality_underwriters_Test_Case_Prod.Contact_US_TC"/>
  <testcase name="Heading2" time="35.44" classname="MTL_Test_Cases_Prod.What_we_offer1_TC"/>
  <testcase name="Footer" time="10.018" classname="Speciality_underwriters_Test_Case_Prod.About_Us"/>
  <testcase name="Heading3" time="37.391" classname="MTL_Test_Cases_Prod.What_we_offer1_TC"/>
  <testcase name="Footer" time="33.971" classname="Speciality_underwriters_Test_Case_Prod.What_We_offer"/>
  <testcase name="Footer" time="16.028" classname="Speciality_underwriters_Test_Case_Prod.Home_TC"/>
  <testcase name="Heading4" time="35.974" classname="MTL_Test_Cases_Prod.What_we_offer1_TC"/>
  <testcase name="Heading5" time="35.512" classname="MTL_Test_Cases_Prod.What_we_offer1_TC"/>
  <testcase name="Heading6" time="35.17" classname="MTL_Test_Cases_Prod.What_we_offer1_TC"/>
  <testcase name="Heading7" time="35.305" classname="MTL_Test_Cases_Prod.What_we_offer1_TC"/>
  <testcase name="Heading8" time="51.004" classname="MTL_Test_Cases_Prod.What_we_offer1_TC"/>
  <testcase name="Heading9" time="35.025" classname="MTL_Test_Cases_Prod.What_we_offer1_TC"/>
  <testcase name="Footer" time="270.892" classname="AFL_Test_Case_Prod.What_We_offer_OutSideUs"/>
  <testcase name="Footer" time="66.528" classname="AFL_Test_Case_Prod.Footer_TC"/>
  <testcase name="Home_Page" time="108.05" classname="AFL_Test_Case_Prod.HomePage_TC"/>
  <testcase name="ContactUs_Page" time="29.256" classname="AFL_Test_Case_Prod.ContactUS_OutsideUS"/>
  <testcase name="main_Home_Page" time="17.784" classname="AFL_Test_Case_Prod.AboutUS_OutsideUS"/>
  <testcase name="HomePage_Header_login" time="7.97" classname="Credit_Global_Test_Cases_Prod.Forgot_Password"/>
  <testcase name="HomePage_Header_login" time="28.32" classname="Credit_Global_Test_Cases_Prod.What_we_Do_TC"/>
  <testcase name="HomePage_Header_ContactUS_btn" time="12.557" classname="Credit_Global_Test_Cases_Prod.Home_TC"/>
  <testcase name="main_Home_Page" time="19.266" classname="Adler_TestCases_Prod.Home"/>
  <testcase name="HomePage_Header_Our_approach" time="11.409" classname="Credit_Global_Test_Cases_Prod.Home_TC"/>
  <testcase name="HomePage_Header_What_weDo" time="7.083" classname="Credit_Global_Test_Cases_Prod.Home_TC"/>
  <testcase name="HomePage_Header_login" time="11.456" classname="Credit_Global_Test_Cases_Prod.Home_TC"/>
  <testcase name="AUW_Facebook" time="19.389" classname="Careers_Test_case_Prod.Footer"/>
  <testcase name="AUW_Instagram" time="7.859" classname="Careers_Test_case_Prod.Footer"/>
  <testcase name="AUW_Linkedin" time="8.141" classname="Careers_Test_case_Prod.Footer"/>
  <testcase name="main_Home_Page" time="126.243" classname="Adler_TestCases_Prod.News"/>
  <testcase name="AUW_Policy" time="25.844" classname="Careers_Test_case_Prod.Footer"/>
  <testcase name="AUW_twitter" time="10.947" classname="Careers_Test_case_Prod.Footer"/>
  <testcase name="Footer" time="48.429" classname="Solution_one_Prod.Footer_Production"/>
  <testcase name="Footer_Facebook" time="27.936" classname="JumboGC_Test_case_prod.Header_footer"/>
  <testcase name="Home_page" time="32.317" classname="Warranty_Test_Case_Prod.About_US"/>
  <testcase name="Footer_Instagram" time="26.434" classname="JumboGC_Test_case_prod.Header_footer"/>
  <testcase name="ContactUS" time="42.257" classname="Warranty_Test_Case_Prod.Contact_US"/>
  <testcase name="Footer_Privacy" time="36.102" classname="JumboGC_Test_case_prod.Header_footer"/>
  <testcase name="partner" time="11.267" classname="Warranty_Test_Case_Prod.Partner_With_US"/>
  <testcase name="Footer_linkedIN" time="25.654" classname="JumboGC_Test_case_prod.Header_footer"/>
  <testcase name="Header_Login" time="20.255" classname="JumboGC_Test_case_prod.Header_footer"/>
  <testcase name="Partner1" time="72.165" classname="Warranty_Test_Case_Prod.Our_Partner"/>
  <testcase name="Partner2" time="72.457" classname="Warranty_Test_Case_Prod.Our_Partner"/>
  <testcase name="Home_page" time="267.591" classname="Warranty_Test_Case_Prod.HomePage_Testcase"/>
  <testcase name="Partner3" time="68.527" classname="Warranty_Test_Case_Prod.Our_Partner"/>
  <testcase name="HomePage" time="66.969" classname="Casuality_Prod_TC.Home_page"/>
  <testcase name="Partner4" time="71.707" classname="Warranty_Test_Case_Prod.Our_Partner"/>
  <testcase name="HomePage" time="48.806" classname="Casuality_Prod_TC.Menu_About_US"/>
  <testcase name="HomePage" time="23.297" classname="Casuality_Prod_TC.Menu_Contact_Us"/>
  <testcase name="Carriers" time="28.345" classname="Casuality_Prod_TC.Menu_Our_Carriers">
    <failure type="org.openqa.selenium.ElementClickInterceptedException" message="element click intercepted: Element &amp;lt;a href=&amp;quot;https://www..../home/default.aspx&amp;quot; target=&amp;quot;_blank&amp;quot; rel=&amp;quot;noreferrer noopener&amp;quot;&amp;gt;ambest.com&amp;lt;/a&amp;gt; is not clickable at point (499, 10). Other element would receive the click: &amp;lt;div class=&amp;quot;jss40 jss23&amp;quot;&amp;gt;...&amp;lt;/div&amp;gt;
  (Session info: chrome=98.0.4758.102)
Build info: version: &amp;apos;3.141.59&amp;apos;, revision: &amp;apos;e82be7d358&amp;apos;, time: &amp;apos;2018-11-14T08:17:03&amp;apos;
System info: host: &amp;apos;DESKTOP-N7K85DJ&amp;apos;, ip: &amp;apos;192.168.1.5&amp;apos;, os.name: &amp;apos;Windows 10&amp;apos;, os.arch: &amp;apos;amd64&amp;apos;, os.version: &amp;apos;10.0&amp;apos;, java.version: &amp;apos;1.8.0_291&amp;apos;
Driver info: org.openqa.selenium.chrome.ChromeDriver
Capabilities {acceptInsecureCerts: false, browserName: chrome, browserVersion: 98.0.4758.102, chrome: {chromedriverVersion: 98.0.4758.102 (273bf7ac8c90..., userDataDir: C:\Users\Sweta\AppData\Loca...}, goog:chromeOptions: {debuggerAddress: localhost:52761}, javascriptEnabled: true, networkConnectionEnabled: false, pageLoadStrategy: normal, platform: WINDOWS, platformName: WINDOWS, proxy: Proxy(), setWindowRect: true, strictFileInteractability: false, timeouts: {implicit: 0, pageLoad: 300000, script: 30000}, unhandledPromptBehavior: dismiss and notify, webauthn:extension:credBlob: true, webauthn:extension:largeBlob: true, webauthn:virtualAuthenticators: true}
Session ID: e64464f20e07c244e1183c462cc36951">
      <![CDATA[org.openqa.selenium.ElementClickInterceptedException: element click intercepted: Element <a href="https://www..../home/default.aspx" target="_blank" rel="noreferrer noopener">ambest.com</a> is not clickable at point (499, 10). Other element would receive the click: <div class="jss40 jss23">...</div>
  (Session info: chrome=98.0.4758.102)
Build info: version: '3.141.59', revision: 'e82be7d358', time: '2018-11-14T08:17:03'
System info: host: 'DESKTOP-N7K85DJ', ip: '192.168.1.5', os.name: 'Windows 10', os.arch: 'amd64', os.version: '10.0', java.version: '1.8.0_291'
Driver info: org.openqa.selenium.chrome.ChromeDriver
Capabilities {acceptInsecureCerts: false, browserName: chrome, browserVersion: 98.0.4758.102, chrome: {chromedriverVersion: 98.0.4758.102 (273bf7ac8c90..., userDataDir: C:\Users\Sweta\AppData\Loca...}, goog:chromeOptions: {debuggerAddress: localhost:52761}, javascriptEnabled: true, networkConnectionEnabled: false, pageLoadStrategy: normal, platform: WINDOWS, platformName: WINDOWS, proxy: Proxy(), setWindowRect: true, strictFileInteractability: false, timeouts: {implicit: 0, pageLoad: 300000, script: 30000}, unhandledPromptBehavior: dismiss and notify, webauthn:extension:credBlob: true, webauthn:extension:largeBlob: true, webauthn:virtualAuthenticators: true}
Session ID: e64464f20e07c244e1183c462cc36951
	at org.openqa.selenium.remote.http.W3CHttpResponseCodec.createException(W3CHttpResponseCodec.java:187)
	at org.openqa.selenium.remote.http.W3CHttpResponseCodec.decode(W3CHttpResponseCodec.java:122)
	at org.openqa.selenium.remote.http.W3CHttpResponseCodec.decode(W3CHttpResponseCodec.java:49)
	at org.openqa.selenium.remote.HttpCommandExecutor.execute(HttpCommandExecutor.java:158)
	at org.openqa.selenium.remote.service.DriverCommandExecutor.execute(DriverCommandExecutor.java:83)
	at org.openqa.selenium.remote.RemoteWebDriver.execute(RemoteWebDriver.java:552)
	at org.openqa.selenium.remote.RemoteWebElement.execute(RemoteWebElement.java:285)
	at org.openqa.selenium.remote.RemoteWebElement.click(RemoteWebElement.java:84)
	at Casuality_pages.Menu_Carriers.Ambest(Menu_Carriers.java:55)
	at Casuality_Prod_TC.Menu_Our_Carriers.Carriers(Menu_Our_Carriers.java:19)
	at java.util.concurrent.ThreadPoolExecutor.runWorker(ThreadPoolExecutor.java:1149)
	at java.util.concurrent.ThreadPoolExecutor$Worker.run(ThreadPoolExecutor.java:624)
	at java.lang.Thread.run(Thread.java:748)
... Removed 14 stack frames]]>
    </failure>
  </testcase> <!-- Carriers -->
  <testcase name="Partner5" time="69.629" classname="Warranty_Test_Case_Prod.Our_Partner"/>
  <testcase name="HomePage" time="53.544" classname="Casuality_Prod_TC.Menu_Press_Room"/>
  <testcase name="Partner6" time="66.618" classname="Warranty_Test_Case_Prod.Our_Partner"/>
  <testcase name="main_Home_Page" time="46.729" classname="Pinnacle_Test_Cases_Production.HomePage_TC"/>
  <testcase name="main_Home_Page" time="31.098" classname="Tradewel_Test_Cases_Production.About_US"/>
  <testcase name="WhatsNew" time="90.026" classname="Pinnacle_Test_Cases_Production.WatsNew"/>
  <testcase name="Comprehensive" time="39.868" classname="Tradewel_Test_Cases_Production.Comprehensive_Protection_FF"/>
</testsuite> <!-- Firefox_Prod -->
