<?xml version="1.0" encoding="UTF-8"?>
<!-- Generated by org.testng.reporters.JUnitXMLReporter -->
<testsuite hostname="DESKTOP-N7K85DJ" name="Firefox_Prod" tests="72" failures="2" timestamp="25 Jan 2022 14:00:34 GMT" time="2421.884" errors="0">
  <testcase name="main" time="39.072" classname="AUW_Test_case_prod.AUW_CallUpdate"/>
  <testcase name="AboutUS" time="65.919" classname="AUW_Test_case_prod.AUW_AboutUS"/>
  <testcase name="main" time="87.996" classname="AUW_Test_case_prod.AUW_Intelligence_TC"/>
  <testcase name="AUW_Footer" time="82.963" classname="AUW_Test_case_prod.AUW_Footer_Prod"/>
  <testcase name="main" time="49.692" classname="AUW_Test_case_prod.AUW_Heartwood">
    <failure type="org.openqa.selenium.ElementClickInterceptedException" message="Element &amp;lt;span class=&amp;quot;MuiButton-label&amp;quot;&amp;gt; is not clickable at point (269,12) because another element &amp;lt;div id=&amp;quot;desktop-menu&amp;quot; class=&amp;quot;MuiGrid-root jss13 MuiGrid-container&amp;quot;&amp;gt; obscures it
Build info: version: &amp;apos;3.141.59&amp;apos;, revision: &amp;apos;e82be7d358&amp;apos;, time: &amp;apos;2018-11-14T08:17:03&amp;apos;
System info: host: &amp;apos;DESKTOP-N7K85DJ&amp;apos;, ip: &amp;apos;192.168.1.4&amp;apos;, os.name: &amp;apos;Windows 10&amp;apos;, os.arch: &amp;apos;amd64&amp;apos;, os.version: &amp;apos;10.0&amp;apos;, java.version: &amp;apos;1.8.0_301&amp;apos;
Driver info: org.openqa.selenium.firefox.FirefoxDriver
Capabilities {acceptInsecureCerts: true, browserName: firefox, browserVersion: 95.0.2, javascriptEnabled: true, moz:accessibilityChecks: false, moz:buildID: 20211218203254, moz:geckodriverVersion: 0.28.0, moz:headless: false, moz:processID: 10176, moz:profile: C:\Users\Sweta\AppData\Loca..., moz:shutdownTimeout: 60000, moz:useNonSpecCompliantPointerOrigin: false, moz:webdriverClick: true, pageLoadStrategy: normal, platform: WINDOWS, platformName: WINDOWS, platformVersion: 10.0, proxy: Proxy(), setWindowRect: true, strictFileInteractability: false, timeouts: {implicit: 0, pageLoad: 300000, script: 30000}, unhandledPromptBehavior: dismiss and notify}
Session ID: 32230221-83a9-4c5b-8c1d-27b90162601c">
      <![CDATA[org.openqa.selenium.ElementClickInterceptedException: Element <span class="MuiButton-label"> is not clickable at point (269,12) because another element <div id="desktop-menu" class="MuiGrid-root jss13 MuiGrid-container"> obscures it
Build info: version: '3.141.59', revision: 'e82be7d358', time: '2018-11-14T08:17:03'
System info: host: 'DESKTOP-N7K85DJ', ip: '192.168.1.4', os.name: 'Windows 10', os.arch: 'amd64', os.version: '10.0', java.version: '1.8.0_301'
Driver info: org.openqa.selenium.firefox.FirefoxDriver
Capabilities {acceptInsecureCerts: true, browserName: firefox, browserVersion: 95.0.2, javascriptEnabled: true, moz:accessibilityChecks: false, moz:buildID: 20211218203254, moz:geckodriverVersion: 0.28.0, moz:headless: false, moz:processID: 10176, moz:profile: C:\Users\Sweta\AppData\Loca..., moz:shutdownTimeout: 60000, moz:useNonSpecCompliantPointerOrigin: false, moz:webdriverClick: true, pageLoadStrategy: normal, platform: WINDOWS, platformName: WINDOWS, platformVersion: 10.0, proxy: Proxy(), setWindowRect: true, strictFileInteractability: false, timeouts: {implicit: 0, pageLoad: 300000, script: 30000}, unhandledPromptBehavior: dismiss and notify}
Session ID: 32230221-83a9-4c5b-8c1d-27b90162601c
	at org.openqa.selenium.remote.http.W3CHttpResponseCodec.createException(W3CHttpResponseCodec.java:187)
	at org.openqa.selenium.remote.http.W3CHttpResponseCodec.decode(W3CHttpResponseCodec.java:122)
	at org.openqa.selenium.remote.http.W3CHttpResponseCodec.decode(W3CHttpResponseCodec.java:49)
	at org.openqa.selenium.remote.HttpCommandExecutor.execute(HttpCommandExecutor.java:158)
	at org.openqa.selenium.remote.service.DriverCommandExecutor.execute(DriverCommandExecutor.java:83)
	at org.openqa.selenium.remote.RemoteWebDriver.execute(RemoteWebDriver.java:552)
	at org.openqa.selenium.remote.RemoteWebElement.execute(RemoteWebElement.java:285)
	at org.openqa.selenium.remote.RemoteWebElement.click(RemoteWebElement.java:84)
	at AUW_Test_case_prod.AUW_Heartwood.main(AUW_Heartwood.java:113)
	at java.util.concurrent.ThreadPoolExecutor.runWorker(Unknown Source)
	at java.util.concurrent.ThreadPoolExecutor$Worker.run(Unknown Source)
	at java.lang.Thread.run(Unknown Source)
... Removed 14 stack frames]]>
    </failure>
  </testcase> <!-- main -->
  <testcase name="main" time="41.65" classname="AUW_Test_case_prod.AUW_NJ_Update"/>
  <testcase name="main" time="43.745" classname="AUW_Test_case_prod.AUW_header_web_Prod"/>
  <testcase name="main" time="16.782" classname="AUW_Test_case_prod.AUW_PPP"/>
  <testcase name="Practices_AgentsBrokers" time="55.754" classname="AUW_Test_case_prod.Practices_AgentsBrokers"/>
  <testcase name="main" time="305.353" classname="AUW_Test_case_prod.AUW_Experience"/>
  <testcase name="LearnMore" time="14.112" classname="AUW_Global_Test_Cases_Prod.LearnMore_TC"/>
  <testcase name="HomePage" time="15.127" classname="AUW_Global_Test_Cases_Prod.Home_Page_TC"/>
  <testcase name="Practices_CustomerSeekingCoverage" time="174.525" classname="AUW_Test_case_prod.Practices_CustomerSeekingCoverage">
    <failure type="org.openqa.selenium.NoSuchElementException" message="Unable to locate element: (//*[text()=&amp;apos;Financial Lines&amp;apos;])
For documentation on this error, please visit: https://www.seleniumhq.org/exceptions/no_such_element.html
Build info: version: &amp;apos;3.141.59&amp;apos;, revision: &amp;apos;e82be7d358&amp;apos;, time: &amp;apos;2018-11-14T08:17:03&amp;apos;
System info: host: &amp;apos;DESKTOP-N7K85DJ&amp;apos;, ip: &amp;apos;192.168.1.4&amp;apos;, os.name: &amp;apos;Windows 10&amp;apos;, os.arch: &amp;apos;amd64&amp;apos;, os.version: &amp;apos;10.0&amp;apos;, java.version: &amp;apos;1.8.0_301&amp;apos;
Driver info: org.openqa.selenium.firefox.FirefoxDriver
Capabilities {acceptInsecureCerts: true, browserName: firefox, browserVersion: 95.0.2, javascriptEnabled: true, moz:accessibilityChecks: false, moz:buildID: 20211218203254, moz:geckodriverVersion: 0.28.0, moz:headless: false, moz:processID: 20444, moz:profile: C:\Users\Sweta\AppData\Loca..., moz:shutdownTimeout: 60000, moz:useNonSpecCompliantPointerOrigin: false, moz:webdriverClick: true, pageLoadStrategy: normal, platform: WINDOWS, platformName: WINDOWS, platformVersion: 10.0, proxy: Proxy(), setWindowRect: true, strictFileInteractability: false, timeouts: {implicit: 0, pageLoad: 300000, script: 30000}, unhandledPromptBehavior: dismiss and notify}
Session ID: e6ad5b4e-9d9b-454d-bbdd-0bdea44413ed
*** Element info: {Using=xpath, value=(//*[text()=&amp;apos;Financial Lines&amp;apos;])}">
      <![CDATA[org.openqa.selenium.NoSuchElementException: Unable to locate element: (//*[text()='Financial Lines'])
For documentation on this error, please visit: https://www.seleniumhq.org/exceptions/no_such_element.html
Build info: version: '3.141.59', revision: 'e82be7d358', time: '2018-11-14T08:17:03'
System info: host: 'DESKTOP-N7K85DJ', ip: '192.168.1.4', os.name: 'Windows 10', os.arch: 'amd64', os.version: '10.0', java.version: '1.8.0_301'
Driver info: org.openqa.selenium.firefox.FirefoxDriver
Capabilities {acceptInsecureCerts: true, browserName: firefox, browserVersion: 95.0.2, javascriptEnabled: true, moz:accessibilityChecks: false, moz:buildID: 20211218203254, moz:geckodriverVersion: 0.28.0, moz:headless: false, moz:processID: 20444, moz:profile: C:\Users\Sweta\AppData\Loca..., moz:shutdownTimeout: 60000, moz:useNonSpecCompliantPointerOrigin: false, moz:webdriverClick: true, pageLoadStrategy: normal, platform: WINDOWS, platformName: WINDOWS, platformVersion: 10.0, proxy: Proxy(), setWindowRect: true, strictFileInteractability: false, timeouts: {implicit: 0, pageLoad: 300000, script: 30000}, unhandledPromptBehavior: dismiss and notify}
Session ID: e6ad5b4e-9d9b-454d-bbdd-0bdea44413ed
*** Element info: {Using=xpath, value=(//*[text()='Financial Lines'])}
	at org.openqa.selenium.remote.http.W3CHttpResponseCodec.createException(W3CHttpResponseCodec.java:187)
	at org.openqa.selenium.remote.http.W3CHttpResponseCodec.decode(W3CHttpResponseCodec.java:122)
	at org.openqa.selenium.remote.http.W3CHttpResponseCodec.decode(W3CHttpResponseCodec.java:49)
	at org.openqa.selenium.remote.HttpCommandExecutor.execute(HttpCommandExecutor.java:158)
	at org.openqa.selenium.remote.service.DriverCommandExecutor.execute(DriverCommandExecutor.java:83)
	at org.openqa.selenium.remote.RemoteWebDriver.execute(RemoteWebDriver.java:552)
	at org.openqa.selenium.remote.RemoteWebDriver.findElement(RemoteWebDriver.java:323)
	at org.openqa.selenium.remote.RemoteWebDriver.findElementByXPath(RemoteWebDriver.java:428)
	at org.openqa.selenium.By$ByXPath.findElement(By.java:353)
	at org.openqa.selenium.remote.RemoteWebDriver.findElement(RemoteWebDriver.java:315)
	at AUW_Pages.Practices_customerSeekingCoverage_prod.CustomerSeekingCoverage_Heading5(Practices_customerSeekingCoverage_prod.java:344)
	at AUW_Test_case_prod.Practices_CustomerSeekingCoverage.Practices_CustomerSeekingCoverage(Practices_CustomerSeekingCoverage.java:35)
	at java.util.concurrent.ThreadPoolExecutor.runWorker(Unknown Source)
	at java.util.concurrent.ThreadPoolExecutor$Worker.run(Unknown Source)
	at java.lang.Thread.run(Unknown Source)
... Removed 14 stack frames]]>
    </failure>
  </testcase> <!-- Practices_CustomerSeekingCoverage -->
  <testcase name="Change_Language" time="2.831" classname="Promesa_Test_Case_Prod.Change_language"/>
  <testcase name="Footer_PrivacyPolicy" time="24.535" classname="Promesa_Test_Case_Prod.Footer"/>
  <testcase name="Footer_facebook" time="19.072" classname="Promesa_Test_Case_Prod.Footer"/>
  <testcase name="Footer_instagram" time="5.896" classname="Promesa_Test_Case_Prod.Footer"/>
  <testcase name="Side_Heading_One" time="123.385" classname="Promesa_Test_Case_Prod.Pharmacy_search"/>
  <testcase name="Footer_linkedin" time="6.386" classname="Promesa_Test_Case_Prod.Footer"/>
  <testcase name="Heading1" time="32.339" classname="MTL_Test_Cases_Prod.What_we_offer1_TC"/>
  <testcase name="Footer_twitter" time="6.761" classname="Promesa_Test_Case_Prod.Footer"/>
  <testcase name="Heading10" time="35.568" classname="MTL_Test_Cases_Prod.What_we_offer1_TC"/>
  <testcase name="More_offers" time="38.932" classname="MTL_Test_Cases_Prod.More_offers_TC"/>
  <testcase name="Heading11" time="50.171" classname="MTL_Test_Cases_Prod.What_we_offer1_TC"/>
  <testcase name="Footer" time="39.264" classname="MTL_Test_Cases_Prod.Home_URL"/>
  <testcase name="Heading2" time="35.406" classname="MTL_Test_Cases_Prod.What_we_offer1_TC"/>
  <testcase name="Heading" time="78.136" classname="MTL_Test_Cases_Prod.What_we_offer_URL_TC"/>
  <testcase name="Heading3" time="35.729" classname="MTL_Test_Cases_Prod.What_we_offer1_TC"/>
  <testcase name="Footer" time="16.082" classname="Speciality_underwriters_Test_Case_Prod.Contact_US_TC"/>
  <testcase name="Heading4" time="36.072" classname="MTL_Test_Cases_Prod.What_we_offer1_TC"/>
  <testcase name="Footer" time="8.87" classname="Speciality_underwriters_Test_Case_Prod.About_Us"/>
  <testcase name="Footer" time="34.741" classname="Speciality_underwriters_Test_Case_Prod.What_We_offer"/>
  <testcase name="Heading5" time="35.792" classname="MTL_Test_Cases_Prod.What_we_offer1_TC"/>
  <testcase name="Footer" time="15.744" classname="Speciality_underwriters_Test_Case_Prod.Home_TC"/>
  <testcase name="Heading6" time="35.546" classname="MTL_Test_Cases_Prod.What_we_offer1_TC"/>
  <testcase name="Heading7" time="35.608" classname="MTL_Test_Cases_Prod.What_we_offer1_TC"/>
  <testcase name="Heading8" time="35.329" classname="MTL_Test_Cases_Prod.What_we_offer1_TC"/>
  <testcase name="Heading9" time="35.334" classname="MTL_Test_Cases_Prod.What_we_offer1_TC"/>
  <testcase name="Footer" time="259.379" classname="AFL_Test_Case_Prod.What_We_offer_OutSideUs"/>
  <testcase name="Home_Page" time="107.424" classname="AFL_Test_Case_Prod.HomePage_TC"/>
  <testcase name="ContactUs_Page" time="20.989" classname="AFL_Test_Case_Prod.ContactUS_OutsideUS"/>
  <testcase name="main_Home_Page" time="15.924" classname="AFL_Test_Case_Prod.AboutUS_OutsideUS"/>
  <testcase name="Footer" time="67.047" classname="AFL_Test_Case_Prod.Footer_TC"/>
  <testcase name="HomePage_Header_login" time="28.294" classname="Credit_Global_Test_Cases_Prod.What_we_Do_TC"/>
  <testcase name="HomePage_Header_login" time="16.07" classname="Credit_Global_Test_Cases_Prod.Forgot_Password"/>
  <testcase name="HomePage_Header_ContactUS_btn" time="18.738" classname="Credit_Global_Test_Cases_Prod.Home_TC"/>
  <testcase name="main_Home_Page" time="20.002" classname="Adler_TestCases_Prod.Home"/>
  <testcase name="HomePage_Header_Our_approach" time="19.284" classname="Credit_Global_Test_Cases_Prod.Home_TC"/>
  <testcase name="HomePage_Header_What_weDo" time="14.875" classname="Credit_Global_Test_Cases_Prod.Home_TC"/>
  <testcase name="HomePage_Header_login" time="18.532" classname="Credit_Global_Test_Cases_Prod.Home_TC"/>
  <testcase name="AUW_Facebook" time="16.496" classname="Careers_Test_case_Prod.Footer"/>
  <testcase name="main_Home_Page" time="120.398" classname="Adler_TestCases_Prod.News"/>
  <testcase name="AUW_Instagram" time="8.113" classname="Careers_Test_case_Prod.Footer"/>
  <testcase name="AUW_Linkedin" time="8.606" classname="Careers_Test_case_Prod.Footer"/>
  <testcase name="Footer" time="49.505" classname="Solution_one_Prod.Footer_Production"/>
  <testcase name="AUW_Policy" time="23.958" classname="Careers_Test_case_Prod.Footer"/>
  <testcase name="AUW_twitter" time="9.593" classname="Careers_Test_case_Prod.Footer"/>
  <testcase name="Footer_Facebook" time="25.546" classname="JumboGC_Test_case_prod.Header_footer"/>
  <testcase name="Home_page" time="32.157" classname="Warranty_Test_Case_Prod.About_US"/>
  <testcase name="Footer_Instagram" time="25.463" classname="JumboGC_Test_case_prod.Header_footer"/>
  <testcase name="ContactUS" time="38.81" classname="Warranty_Test_Case_Prod.Contact_US"/>
  <testcase name="partner" time="11.238" classname="Warranty_Test_Case_Prod.Partner_With_US"/>
  <testcase name="Footer_Privacy" time="35.966" classname="JumboGC_Test_case_prod.Header_footer"/>
  <testcase name="Footer_linkedIN" time="25.831" classname="JumboGC_Test_case_prod.Header_footer"/>
  <testcase name="Header_Login" time="20.265" classname="JumboGC_Test_case_prod.Header_footer"/>
  <testcase name="Partner1" time="66.451" classname="Warranty_Test_Case_Prod.Our_Partner"/>
  <testcase name="Partner2" time="71.436" classname="Warranty_Test_Case_Prod.Our_Partner"/>
  <testcase name="Home_page" time="264.053" classname="Warranty_Test_Case_Prod.HomePage_Testcase"/>
  <testcase name="Partner3" time="63.96" classname="Warranty_Test_Case_Prod.Our_Partner"/>
  <testcase name="Partner4" time="66.784" classname="Warranty_Test_Case_Prod.Our_Partner"/>
  <testcase name="Partner5" time="64.619" classname="Warranty_Test_Case_Prod.Our_Partner"/>
  <testcase name="Partner6" time="64.15" classname="Warranty_Test_Case_Prod.Our_Partner"/>
</testsuite> <!-- Firefox_Prod -->
