<?xml version="1.0" encoding="UTF-8"?>
<!-- Generated by org.testng.reporters.JUnitXMLReporter -->
<testsuite hostname="DESKTOP-N7K85DJ" name="Firefox_Prod" tests="81" failures="1" timestamp="17 Mar 2022 11:54:44 GMT" time="2458.906" errors="0">
  <testcase name="main" time="38.861" classname="AUW_Test_case_prod.AUW_CallUpdate"/>
  <testcase name="AboutUS" time="65.358" classname="AUW_Test_case_prod.AUW_AboutUS"/>
  <testcase name="main" time="82.252" classname="AUW_Test_case_prod.AUW_Intelligence_TC"/>
  <testcase name="AUW_Footer" time="73.948" classname="AUW_Test_case_prod.AUW_Footer_Prod"/>
  <testcase name="main" time="38.307" classname="AUW_Test_case_prod.AUW_NJ_Update"/>
  <testcase name="main" time="56.203" classname="AUW_Test_case_prod.AUW_Heartwood"/>
  <testcase name="main" time="47.49" classname="AUW_Test_case_prod.AUW_header_web_Prod"/>
  <testcase name="main" time="17.14" classname="AUW_Test_case_prod.AUW_PPP"/>
  <testcase name="Practices_AgentsBrokers" time="53.906" classname="AUW_Test_case_prod.Practices_AgentsBrokers"/>
  <testcase name="main" time="304.437" classname="AUW_Test_case_prod.AUW_Experience"/>
  <testcase name="LearnMore" time="13.414" classname="AUW_Global_Test_Cases_Prod.LearnMore_TC"/>
  <testcase name="HomePage" time="15.609" classname="AUW_Global_Test_Cases_Prod.Home_Page_TC"/>
  <testcase name="Practices_CustomerSeekingCoverage" time="216.572" classname="AUW_Test_case_prod.Practices_CustomerSeekingCoverage"/>
  <testcase name="Change_Language" time="2.768" classname="Promesa_Test_Case_Prod.Change_language"/>
  <testcase name="Footer_PrivacyPolicy" time="19.938" classname="Promesa_Test_Case_Prod.Footer"/>
  <testcase name="Footer_facebook" time="19.11" classname="Promesa_Test_Case_Prod.Footer"/>
  <testcase name="Footer_instagram" time="6.59" classname="Promesa_Test_Case_Prod.Footer"/>
  <testcase name="Footer_linkedin" time="6.021" classname="Promesa_Test_Case_Prod.Footer"/>
  <testcase name="Footer_twitter" time="7.122" classname="Promesa_Test_Case_Prod.Footer"/>
  <testcase name="Side_Heading_One" time="123.38" classname="Promesa_Test_Case_Prod.Pharmacy_search"/>
  <testcase name="Heading1" time="32.666" classname="MTL_Test_Cases_Prod.What_we_offer1_TC">
    <failure type="java.lang.AssertionError" message="expected [] but found [WORKERS&amp;apos; COMPENSATION]">
      <![CDATA[java.lang.AssertionError: expected [] but found [WORKERS' COMPENSATION]
	at MTL_Pages.WhatWeOffer_page.Heading_one(WhatWeOffer_page.java:390)
	at MTL_Test_Cases_Prod.What_we_offer1_TC.Heading1(What_we_offer1_TC.java:20)
	at java.util.concurrent.ThreadPoolExecutor.runWorker(ThreadPoolExecutor.java:1149)
	at java.util.concurrent.ThreadPoolExecutor$Worker.run(ThreadPoolExecutor.java:624)
	at java.lang.Thread.run(Thread.java:748)
... Removed 15 stack frames]]>
    </failure>
  </testcase> <!-- Heading1 -->
  <testcase name="More_offers" time="41.03" classname="MTL_Test_Cases_Prod.More_offers_TC"/>
  <testcase name="Heading10" time="36.502" classname="MTL_Test_Cases_Prod.What_we_offer1_TC"/>
  <testcase name="Footer" time="39.229" classname="MTL_Test_Cases_Prod.Home_URL"/>
  <testcase name="Heading11" time="50.91" classname="MTL_Test_Cases_Prod.What_we_offer1_TC"/>
  <testcase name="Heading2" time="35.562" classname="MTL_Test_Cases_Prod.What_we_offer1_TC"/>
  <testcase name="Heading" time="86.075" classname="MTL_Test_Cases_Prod.What_we_offer_URL_TC"/>
  <testcase name="Footer" time="17.291" classname="Speciality_underwriters_Test_Case_Prod.Contact_US_TC"/>
  <testcase name="Footer" time="9.345" classname="Speciality_underwriters_Test_Case_Prod.About_Us"/>
  <testcase name="Heading3" time="36.274" classname="MTL_Test_Cases_Prod.What_we_offer1_TC"/>
  <testcase name="Footer" time="35.182" classname="Speciality_underwriters_Test_Case_Prod.What_We_offer"/>
  <testcase name="Heading4" time="35.927" classname="MTL_Test_Cases_Prod.What_we_offer1_TC"/>
  <testcase name="Footer" time="17.321" classname="Speciality_underwriters_Test_Case_Prod.Home_TC"/>
  <testcase name="Heading5" time="35.876" classname="MTL_Test_Cases_Prod.What_we_offer1_TC"/>
  <testcase name="Heading6" time="35.818" classname="MTL_Test_Cases_Prod.What_we_offer1_TC"/>
  <testcase name="Heading7" time="35.876" classname="MTL_Test_Cases_Prod.What_we_offer1_TC"/>
  <testcase name="Heading8" time="35.526" classname="MTL_Test_Cases_Prod.What_we_offer1_TC"/>
  <testcase name="Heading9" time="41.533" classname="MTL_Test_Cases_Prod.What_we_offer1_TC"/>
  <testcase name="Footer" time="258.101" classname="AFL_Test_Case_Prod.What_We_offer_OutSideUs"/>
  <testcase name="Footer" time="64.872" classname="AFL_Test_Case_Prod.Footer_TC"/>
  <testcase name="Home_Page" time="115.566" classname="AFL_Test_Case_Prod.HomePage_TC"/>
  <testcase name="main_Home_Page" time="23.328" classname="AFL_Test_Case_Prod.AboutUS_OutsideUS"/>
  <testcase name="ContactUs_Page" time="29.256" classname="AFL_Test_Case_Prod.ContactUS_OutsideUS"/>
  <testcase name="HomePage_Header_login" time="8.117" classname="Credit_Global_Test_Cases_Prod.Forgot_Password"/>
  <testcase name="HomePage_Header_login" time="28.348" classname="Credit_Global_Test_Cases_Prod.What_we_Do_TC"/>
  <testcase name="HomePage_Header_ContactUS_btn" time="12.164" classname="Credit_Global_Test_Cases_Prod.Home_TC"/>
  <testcase name="HomePage_Header_Our_approach" time="11.465" classname="Credit_Global_Test_Cases_Prod.Home_TC"/>
  <testcase name="main_Home_Page" time="20.739" classname="Adler_TestCases_Prod.Home"/>
  <testcase name="HomePage_Header_What_weDo" time="6.619" classname="Credit_Global_Test_Cases_Prod.Home_TC"/>
  <testcase name="HomePage_Header_login" time="11.552" classname="Credit_Global_Test_Cases_Prod.Home_TC"/>
  <testcase name="AUW_Facebook" time="16.793" classname="Careers_Test_case_Prod.Footer"/>
  <testcase name="AUW_Instagram" time="7.789" classname="Careers_Test_case_Prod.Footer"/>
  <testcase name="AUW_Linkedin" time="9.187" classname="Careers_Test_case_Prod.Footer"/>
  <testcase name="main_Home_Page" time="121.709" classname="Adler_TestCases_Prod.News"/>
  <testcase name="AUW_Policy" time="25.598" classname="Careers_Test_case_Prod.Footer"/>
  <testcase name="AUW_twitter" time="11.875" classname="Careers_Test_case_Prod.Footer"/>
  <testcase name="Footer" time="48.656" classname="Solution_one_Prod.Footer_Production"/>
  <testcase name="Footer_Facebook" time="26.374" classname="JumboGC_Test_case_prod.Header_footer"/>
  <testcase name="Home_page" time="32.166" classname="Warranty_Test_Case_Prod.About_US"/>
  <testcase name="Footer_Instagram" time="25.528" classname="JumboGC_Test_case_prod.Header_footer"/>
  <testcase name="ContactUS" time="38.806" classname="Warranty_Test_Case_Prod.Contact_US"/>
  <testcase name="Footer_Privacy" time="36.016" classname="JumboGC_Test_case_prod.Header_footer"/>
  <testcase name="partner" time="10.992" classname="Warranty_Test_Case_Prod.Partner_With_US"/>
  <testcase name="Footer_linkedIN" time="26.471" classname="JumboGC_Test_case_prod.Header_footer"/>
  <testcase name="Header_Login" time="20.396" classname="JumboGC_Test_case_prod.Header_footer"/>
  <testcase name="Partner1" time="66.621" classname="Warranty_Test_Case_Prod.Our_Partner"/>
  <testcase name="Partner2" time="67.13" classname="Warranty_Test_Case_Prod.Our_Partner"/>
  <testcase name="Home_page" time="261.841" classname="Warranty_Test_Case_Prod.HomePage_Testcase"/>
  <testcase name="Partner3" time="66.84" classname="Warranty_Test_Case_Prod.Our_Partner"/>
  <testcase name="HomePage" time="64.162" classname="Casuality_Prod_TC.Home_page"/>
  <testcase name="Partner4" time="68.39" classname="Warranty_Test_Case_Prod.Our_Partner"/>
  <testcase name="HomePage" time="43.2" classname="Casuality_Prod_TC.Menu_About_US"/>
  <testcase name="Partner5" time="65.109" classname="Warranty_Test_Case_Prod.Our_Partner"/>
  <testcase name="HomePage" time="21.58" classname="Casuality_Prod_TC.Menu_Contact_Us"/>
  <testcase name="Carriers" time="33.699" classname="Casuality_Prod_TC.Menu_Our_Carriers"/>
  <testcase name="Partner6" time="65.239" classname="Warranty_Test_Case_Prod.Our_Partner"/>
  <testcase name="HomePage" time="53.58" classname="Casuality_Prod_TC.Menu_Press_Room"/>
  <testcase name="main_Home_Page" time="46.167" classname="Pinnacle_Test_Cases_Production.HomePage_TC"/>
  <testcase name="main_Home_Page" time="31.867" classname="Tradewel_Test_Cases_Production.About_US"/>
  <testcase name="WhatsNew" time="85.121" classname="Pinnacle_Test_Cases_Production.WatsNew"/>
  <testcase name="Comprehensive" time="39.526" classname="Tradewel_Test_Cases_Production.Comprehensive_Protection_FF"/>
</testsuite> <!-- Firefox_Prod -->
