<?xml version="1.0" encoding="UTF-8"?>
<!-- Generated by org.testng.reporters.JUnitXMLReporter -->
<testsuite hostname="DESKTOP-N7K85DJ" name="Firefox_Developmet" tests="59" failures="2" timestamp="23 Feb 2022 12:36:00 GMT" time="1436.779" errors="0">
  <testcase name="main" time="52.321" classname="AUW_Test_Case_dev.AUW_header_web_Development"/>
  <testcase name="AboutUS" time="76.995" classname="AUW_Test_Case_dev.AUW_AboutUS"/>
  <testcase name="AUW_Footer" time="83.422" classname="AUW_Test_Case_dev.AUW_Footer_Development"/>
  <testcase name="main" time="20.366" classname="AUW_Test_Case_dev.AUW_PPP"/>
  <testcase name="main" time="44.44" classname="AUW_Test_Case_dev.AUW_NJ_Update"/>
  <testcase name="main" time="58.001" classname="AUW_Test_Case_dev.AUW_CallUpdate">
    <failure type="org.openqa.selenium.ElementClickInterceptedException" message="Element &amp;lt;span&amp;gt; is not clickable at point (373,8) because another element &amp;lt;div class=&amp;quot;MuiToolbar-root-94 MuiToolbar-regular-96 jss27 MuiToolbar-gutters-95&amp;quot;&amp;gt; obscures it
Build info: version: &amp;apos;3.141.59&amp;apos;, revision: &amp;apos;e82be7d358&amp;apos;, time: &amp;apos;2018-11-14T08:17:03&amp;apos;
System info: host: &amp;apos;DESKTOP-N7K85DJ&amp;apos;, ip: &amp;apos;192.168.1.3&amp;apos;, os.name: &amp;apos;Windows 10&amp;apos;, os.arch: &amp;apos;amd64&amp;apos;, os.version: &amp;apos;10.0&amp;apos;, java.version: &amp;apos;1.8.0_291&amp;apos;
Driver info: org.openqa.selenium.firefox.FirefoxDriver
Capabilities {acceptInsecureCerts: true, browserName: firefox, browserVersion: 96.0.3, javascriptEnabled: true, moz:accessibilityChecks: false, moz:buildID: 20220126154723, moz:geckodriverVersion: 0.30.0, moz:headless: false, moz:processID: 18192, moz:profile: C:\Users\Sweta\AppData\Loca..., moz:shutdownTimeout: 60000, moz:useNonSpecCompliantPointerOrigin: false, moz:webdriverClick: true, pageLoadStrategy: normal, platform: WINDOWS, platformName: WINDOWS, platformVersion: 10.0, proxy: Proxy(), setWindowRect: true, strictFileInteractability: false, timeouts: {implicit: 0, pageLoad: 300000, script: 30000}, unhandledPromptBehavior: dismiss and notify}
Session ID: b5ad6249-3f56-4345-b369-3a7e2265e717">
      <![CDATA[org.openqa.selenium.ElementClickInterceptedException: Element <span> is not clickable at point (373,8) because another element <div class="MuiToolbar-root-94 MuiToolbar-regular-96 jss27 MuiToolbar-gutters-95"> obscures it
Build info: version: '3.141.59', revision: 'e82be7d358', time: '2018-11-14T08:17:03'
System info: host: 'DESKTOP-N7K85DJ', ip: '192.168.1.3', os.name: 'Windows 10', os.arch: 'amd64', os.version: '10.0', java.version: '1.8.0_291'
Driver info: org.openqa.selenium.firefox.FirefoxDriver
Capabilities {acceptInsecureCerts: true, browserName: firefox, browserVersion: 96.0.3, javascriptEnabled: true, moz:accessibilityChecks: false, moz:buildID: 20220126154723, moz:geckodriverVersion: 0.30.0, moz:headless: false, moz:processID: 18192, moz:profile: C:\Users\Sweta\AppData\Loca..., moz:shutdownTimeout: 60000, moz:useNonSpecCompliantPointerOrigin: false, moz:webdriverClick: true, pageLoadStrategy: normal, platform: WINDOWS, platformName: WINDOWS, platformVersion: 10.0, proxy: Proxy(), setWindowRect: true, strictFileInteractability: false, timeouts: {implicit: 0, pageLoad: 300000, script: 30000}, unhandledPromptBehavior: dismiss and notify}
Session ID: b5ad6249-3f56-4345-b369-3a7e2265e717
	at org.openqa.selenium.remote.http.W3CHttpResponseCodec.createException(W3CHttpResponseCodec.java:187)
	at org.openqa.selenium.remote.http.W3CHttpResponseCodec.decode(W3CHttpResponseCodec.java:122)
	at org.openqa.selenium.remote.http.W3CHttpResponseCodec.decode(W3CHttpResponseCodec.java:49)
	at org.openqa.selenium.remote.HttpCommandExecutor.execute(HttpCommandExecutor.java:158)
	at org.openqa.selenium.remote.service.DriverCommandExecutor.execute(DriverCommandExecutor.java:83)
	at org.openqa.selenium.remote.RemoteWebDriver.execute(RemoteWebDriver.java:552)
	at org.openqa.selenium.remote.RemoteWebElement.execute(RemoteWebElement.java:285)
	at org.openqa.selenium.remote.RemoteWebElement.click(RemoteWebElement.java:84)
	at AUW_Pages.AUW_callupdate.Facts_Download(AUW_callupdate.java:108)
	at AUW_Test_Case_dev.AUW_CallUpdate.main(AUW_CallUpdate.java:28)
	at java.util.concurrent.ThreadPoolExecutor.runWorker(ThreadPoolExecutor.java:1149)
	at java.util.concurrent.ThreadPoolExecutor$Worker.run(ThreadPoolExecutor.java:624)
	at java.lang.Thread.run(Thread.java:748)
... Removed 14 stack frames]]>
    </failure>
  </testcase> <!-- main -->
  <testcase name="main" time="101.074" classname="AUW_Test_Case_dev.AUW_Intelligence_TC"/>
  <testcase name="Practices_AgentsBrokers" time="65.136" classname="AUW_Test_Case_dev.Practices_AgentsBrokers"/>
  <testcase name="LearnMore" time="16.734" classname="AUW_Global_Test_Cases_Development.LearnMore_TC"/>
  <testcase name="HomePage" time="13.009" classname="AUW_Global_Test_Cases_Development.Home_Page_TC"/>
  <testcase name="main" time="323.656" classname="AUW_Test_Case_dev.AUW_Experience">
    <failure type="java.lang.AssertionError" message="expected [What Applied knew about California wildfires that others didn&amp;apos;t] but found []">
      <![CDATA[java.lang.AssertionError: expected [What Applied knew about California wildfires that others didn't] but found []
	at AUW_Test_Case_dev.AUW_Experience.main(AUW_Experience.java:149)
	at java.util.concurrent.ThreadPoolExecutor.runWorker(ThreadPoolExecutor.java:1149)
	at java.util.concurrent.ThreadPoolExecutor$Worker.run(ThreadPoolExecutor.java:624)
	at java.lang.Thread.run(Thread.java:748)
... Removed 15 stack frames]]>
    </failure>
  </testcase> <!-- main -->
  <testcase name="Footer" time="73.381" classname="Promesa_Test_Case_Development.Footer"/>
  <testcase name="Change_Language" time="4.852" classname="Promesa_Test_Case_Development.Change_language"/>
  <testcase name="Footer" time="17.767" classname="Speciality_underwriters_Test_Case_Dev.Contact_US_TC"/>
  <testcase name="Footer" time="11.175" classname="Speciality_underwriters_Test_Case_Dev.About_Us"/>
  <testcase name="Side_Heading_One" time="124.267" classname="Promesa_Test_Case_Development.Pharmacy_search"/>
  <testcase name="Footer" time="22.445" classname="Speciality_underwriters_Test_Case_Dev.Home_TC"/>
  <testcase name="Practices_CustomerSeekingCoverage" time="262.548" classname="AUW_Test_Case_dev.Practices_CustomerSeekingCoverage"/>
  <testcase name="Footer" time="42.754" classname="Speciality_underwriters_Test_Case_Dev.What_We_offer"/>
  <testcase name="ContactUs_Page" time="26.183" classname="AFL_Test_Cases_Dev.ContactUS_OutsideUS_dev"/>
  <testcase name="main_Home_Page" time="31.013" classname="AFL_Test_Cases_Dev.AboutUS_OutsideUS_dev"/>
  <testcase name="main_Home_Page" time="21.322" classname="Adler_TestCases_Development.Home"/>
  <testcase name="Footer" time="78.641" classname="AFL_Test_Cases_Dev.Footer_TC_dev"/>
  <testcase name="Home_Page" time="140.487" classname="AFL_Test_Cases_Dev.HomePage_TC_dev"/>
  <testcase name="Comprehensive" time="41.26" classname="Tradewel_Test_Cases_Development.Comprehensive_Protection_FF"/>
  <testcase name="main_Home_Page" time="35.3" classname="Tradewel_Test_Cases_Development.About_US"/>
  <testcase name="main_Home_Page" time="143.711" classname="Adler_TestCases_Development.News"/>
  <testcase name="AUW_Footer" time="74.025" classname="Careers_Test_case_Development.Footer"/>
  <testcase name="Footer" time="298.317" classname="AFL_Test_Cases_Dev.What_We_offer_OutSideUs_dev"/>
  <testcase name="HomePage_Header_ContactUS_btn" time="18.983" classname="Credit_Global_Test_Cases_Dev.Home_TC"/>
  <testcase name="main_Home_Page" time="47.535" classname="Pinnacle_Test_Cases_Development.HomePage_TC"/>
  <testcase name="HomePage_Header_login" time="9.31" classname="Credit_Global_Test_Cases_Dev.Forgot_Password"/>
  <testcase name="WhatsNew" time="103.627" classname="Pinnacle_Test_Cases_Development.WatsNew"/>
  <testcase name="HomePage_Header_Our_approach" time="12.909" classname="Credit_Global_Test_Cases_Dev.Home_TC"/>
  <testcase name="HomePage_Header_login" time="29.71" classname="Credit_Global_Test_Cases_Dev.What_we_Do_TC"/>
  <testcase name="ContactUS" time="45.933" classname="Warranty_Test_Case_Dev.Contact_US"/>
  <testcase name="HomePage_Header_What_weDo" time="7.899" classname="Credit_Global_Test_Cases_Dev.Home_TC"/>
  <testcase name="partner" time="12.51" classname="Warranty_Test_Case_Dev.Partner_With_US"/>
  <testcase name="HomePage_Header_login" time="12.632" classname="Credit_Global_Test_Cases_Dev.Home_TC"/>
  <testcase name="Partner1" time="87.767" classname="Warranty_Test_Case_Dev.Our_Partner"/>
  <testcase name="Home_page" time="33.784" classname="Warranty_Test_Case_Dev.About_US"/>
  <testcase name="Partner2" time="93.354" classname="Warranty_Test_Case_Dev.Our_Partner"/>
  <testcase name="Footer" time="70.835" classname="Solution_one_Development.Footer_Develop"/>
  <testcase name="NewsEvents" time="137.033" classname="Warranty_Test_Case_Dev.NewsEvents"/>
  <testcase name="Home_page" time="288.032" classname="Warranty_Test_Case_Dev.HomePage_Testcase"/>
  <testcase name="Footer_Facebook" time="31.326" classname="JumboGC_Test_case_Devlopment.Header_footer"/>
  <testcase name="Partner3" time="95.896" classname="Warranty_Test_Case_Dev.Our_Partner"/>
  <testcase name="Footer_Instagram" time="27.469" classname="JumboGC_Test_case_Devlopment.Header_footer"/>
  <testcase name="HomePage" time="70.533" classname="Casuality_Dev_TC.Home_page"/>
  <testcase name="HomePage" time="58.375" classname="Casuality_Dev_TC.Menu_Press_Room"/>
  <testcase name="Footer_Privacy" time="36.038" classname="JumboGC_Test_case_Devlopment.Header_footer"/>
  <testcase name="HomePage" time="22.554" classname="Casuality_Dev_TC.Menu_Contact_Us"/>
  <testcase name="Carriers" time="45.461" classname="Casuality_Dev_TC.Menu_Our_Carriers"/>
  <testcase name="Partner4" time="83.184" classname="Warranty_Test_Case_Dev.Our_Partner"/>
  <testcase name="Footer_linkedIN" time="28.391" classname="JumboGC_Test_case_Devlopment.Header_footer"/>
  <testcase name="HomePage" time="60.73" classname="Casuality_Dev_TC.Menu_About_US"/>
  <testcase name="Header_Login" time="20.274" classname="JumboGC_Test_case_Devlopment.Header_footer"/>
  <testcase name="Partner5" time="71.961" classname="Warranty_Test_Case_Dev.Our_Partner"/>
  <testcase name="Partner6" time="67.093" classname="Warranty_Test_Case_Dev.Our_Partner"/>
</testsuite> <!-- Firefox_Developmet -->
