<?xml version="1.0" encoding="UTF-8"?>
<!-- Generated by org.testng.reporters.JUnitXMLReporter -->
<testsuite hostname="DESKTOP-N7K85DJ" name="Firefox_Developmet" tests="54" failures="1" timestamp="24 Jan 2022 11:23:10 GMT" time="2698.028" errors="0">
  <testcase name="main" time="49.815" classname="AUW_Test_Case_dev.AUW_header_web_Development"/>
  <testcase name="AUW_Footer" time="82.948" classname="AUW_Test_Case_dev.AUW_Footer_Development"/>
  <testcase name="AboutUS" time="72.081" classname="AUW_Test_Case_dev.AUW_AboutUS"/>
  <testcase name="main" time="20.737" classname="AUW_Test_Case_dev.AUW_PPP"/>
  <testcase name="main" time="311.538" classname="AUW_Test_Case_dev.AUW_Experience"/>
  <testcase name="main" time="45.825" classname="AUW_Test_Case_dev.AUW_CallUpdate"/>
  <testcase name="main" time="45.627" classname="AUW_Test_Case_dev.AUW_NJ_Update"/>
  <testcase name="main" time="96.418" classname="AUW_Test_Case_dev.AUW_Intelligence_TC"/>
  <testcase name="Practices_AgentsBrokers" time="69.113" classname="AUW_Test_Case_dev.Practices_AgentsBrokers"/>
  <testcase name="LearnMore" time="17.002" classname="AUW_Global_Test_Cases_Development.LearnMore_TC"/>
  <testcase name="HomePage" time="13.581" classname="AUW_Global_Test_Cases_Development.Home_Page_TC"/>
  <testcase name="Footer" time="63.52" classname="Promesa_Test_Case_Development.Footer"/>
  <testcase name="Practices_CustomerSeekingCoverage" time="242.274" classname="AUW_Test_Case_dev.Practices_CustomerSeekingCoverage"/>
  <testcase name="Change_Language" time="4.19" classname="Promesa_Test_Case_Development.Change_language"/>
  <testcase name="Side_Heading_One" time="123.59" classname="Promesa_Test_Case_Development.Pharmacy_search"/>
  <testcase name="Footer" time="16.938" classname="Speciality_underwriters_Test_Case_Dev.Contact_US_TC"/>
  <testcase name="Footer" time="9.765" classname="Speciality_underwriters_Test_Case_Dev.About_Us"/>
  <testcase name="Footer" time="21.545" classname="Speciality_underwriters_Test_Case_Dev.Home_TC"/>
  <testcase name="Footer" time="40.498" classname="Speciality_underwriters_Test_Case_Dev.What_We_offer"/>
  <testcase name="ContactUs_Page" time="25.63" classname="AFL_Test_Cases_Dev.ContactUS_OutsideUS_dev"/>
  <testcase name="main_Home_Page" time="33.401" classname="AFL_Test_Cases_Dev.AboutUS_OutsideUS_dev"/>
  <testcase name="Footer" time="81.021" classname="AFL_Test_Cases_Dev.Footer_TC_dev"/>
  <testcase name="Home_Page" time="140.542" classname="AFL_Test_Cases_Dev.HomePage_TC_dev"/>
  <testcase name="Footer" time="295.826" classname="AFL_Test_Cases_Dev.What_We_offer_OutSideUs_dev"/>
  <testcase name="main_Home_Page" time="23.03" classname="Adler_TestCases_Development.Home"/>
  <testcase name="Comprehensive" time="40.819" classname="Tradewel_Test_Cases_Development.Comprehensive_Protection_FF"/>
  <testcase name="main_Home_Page" time="33.236" classname="Tradewel_Test_Cases_Development.About_US"/>
  <testcase name="main_Home_Page" time="142.952" classname="Adler_TestCases_Development.News"/>
  <testcase name="AUW_Footer" time="87.309" classname="Careers_Test_case_Development.Footer"/>
  <testcase name="WhatsNew" time="102.685" classname="Pinnacle_Test_Cases_Development.WatsNew"/>
  <testcase name="main_Home_Page" time="49.338" classname="Pinnacle_Test_Cases_Development.HomePage_TC"/>
  <testcase name="HomePage_Header_ContactUS_btn" time="22.577" classname="Credit_Global_Test_Cases_Dev.Home_TC"/>
  <testcase name="HomePage_Header_login" time="17.983" classname="Credit_Global_Test_Cases_Dev.Forgot_Password"/>
  <testcase name="HomePage_Header_Our_approach" time="21.19" classname="Credit_Global_Test_Cases_Dev.Home_TC"/>
  <testcase name="HomePage_Header_What_weDo" time="12.294" classname="Credit_Global_Test_Cases_Dev.Home_TC"/>
  <testcase name="HomePage_Header_login" time="33.202" classname="Credit_Global_Test_Cases_Dev.What_we_Do_TC"/>
  <testcase name="HomePage_Header_login" time="18.019" classname="Credit_Global_Test_Cases_Dev.Home_TC"/>
  <testcase name="ContactUS" time="17.832" classname="Warranty_Test_Case_Dev.Contact_US">
    <failure type="org.openqa.selenium.ElementNotInteractableException" message="Element &amp;lt;p class=&amp;quot;jss163 jss7&amp;quot;&amp;gt; could not be scrolled into view
Build info: version: &amp;apos;3.141.59&amp;apos;, revision: &amp;apos;e82be7d358&amp;apos;, time: &amp;apos;2018-11-14T08:17:03&amp;apos;
System info: host: &amp;apos;DESKTOP-N7K85DJ&amp;apos;, ip: &amp;apos;192.168.1.3&amp;apos;, os.name: &amp;apos;Windows 10&amp;apos;, os.arch: &amp;apos;amd64&amp;apos;, os.version: &amp;apos;10.0&amp;apos;, java.version: &amp;apos;1.8.0_301&amp;apos;
Driver info: org.openqa.selenium.firefox.FirefoxDriver
Capabilities {acceptInsecureCerts: true, browserName: firefox, browserVersion: 95.0.2, javascriptEnabled: true, moz:accessibilityChecks: false, moz:buildID: 20211218203254, moz:geckodriverVersion: 0.28.0, moz:headless: false, moz:processID: 26576, moz:profile: C:\Users\Sweta\AppData\Loca..., moz:shutdownTimeout: 60000, moz:useNonSpecCompliantPointerOrigin: false, moz:webdriverClick: true, pageLoadStrategy: normal, platform: WINDOWS, platformName: WINDOWS, platformVersion: 10.0, proxy: Proxy(), setWindowRect: true, strictFileInteractability: false, timeouts: {implicit: 0, pageLoad: 300000, script: 30000}, unhandledPromptBehavior: dismiss and notify}
Session ID: 949debac-8cfa-4eee-9fa4-f9e4dfe19797">
      <![CDATA[org.openqa.selenium.ElementNotInteractableException: Element <p class="jss163 jss7"> could not be scrolled into view
Build info: version: '3.141.59', revision: 'e82be7d358', time: '2018-11-14T08:17:03'
System info: host: 'DESKTOP-N7K85DJ', ip: '192.168.1.3', os.name: 'Windows 10', os.arch: 'amd64', os.version: '10.0', java.version: '1.8.0_301'
Driver info: org.openqa.selenium.firefox.FirefoxDriver
Capabilities {acceptInsecureCerts: true, browserName: firefox, browserVersion: 95.0.2, javascriptEnabled: true, moz:accessibilityChecks: false, moz:buildID: 20211218203254, moz:geckodriverVersion: 0.28.0, moz:headless: false, moz:processID: 26576, moz:profile: C:\Users\Sweta\AppData\Loca..., moz:shutdownTimeout: 60000, moz:useNonSpecCompliantPointerOrigin: false, moz:webdriverClick: true, pageLoadStrategy: normal, platform: WINDOWS, platformName: WINDOWS, platformVersion: 10.0, proxy: Proxy(), setWindowRect: true, strictFileInteractability: false, timeouts: {implicit: 0, pageLoad: 300000, script: 30000}, unhandledPromptBehavior: dismiss and notify}
Session ID: 949debac-8cfa-4eee-9fa4-f9e4dfe19797
	at org.openqa.selenium.remote.http.W3CHttpResponseCodec.createException(W3CHttpResponseCodec.java:187)
	at org.openqa.selenium.remote.http.W3CHttpResponseCodec.decode(W3CHttpResponseCodec.java:122)
	at org.openqa.selenium.remote.http.W3CHttpResponseCodec.decode(W3CHttpResponseCodec.java:49)
	at org.openqa.selenium.remote.HttpCommandExecutor.execute(HttpCommandExecutor.java:158)
	at org.openqa.selenium.remote.service.DriverCommandExecutor.execute(DriverCommandExecutor.java:83)
	at org.openqa.selenium.remote.RemoteWebDriver.execute(RemoteWebDriver.java:552)
	at org.openqa.selenium.remote.RemoteWebElement.execute(RemoteWebElement.java:285)
	at org.openqa.selenium.remote.RemoteWebElement.click(RemoteWebElement.java:84)
	at Warranty_Page.ContactUS_page.contactUS(ContactUS_page.java:121)
	at Warranty_Test_Case_Dev.Contact_US.ContactUS(Contact_US.java:16)
	at java.util.concurrent.ThreadPoolExecutor.runWorker(Unknown Source)
	at java.util.concurrent.ThreadPoolExecutor$Worker.run(Unknown Source)
	at java.lang.Thread.run(Unknown Source)
... Removed 14 stack frames]]>
    </failure>
  </testcase> <!-- ContactUS -->
  <testcase name="Partner1" time="101.655" classname="Warranty_Test_Case_Dev.Our_Partner"/>
  <testcase name="Partner2" time="77.985" classname="Warranty_Test_Case_Dev.Our_Partner"/>
  <testcase name="Home_page" time="291.095" classname="Warranty_Test_Case_Dev.HomePage_Testcase"/>
  <testcase name="partner" time="11.805" classname="Warranty_Test_Case_Dev.Partner_With_US"/>
  <testcase name="Partner3" time="95.736" classname="Warranty_Test_Case_Dev.Our_Partner"/>
  <testcase name="Home_page" time="33.681" classname="Warranty_Test_Case_Dev.About_US"/>
  <testcase name="Partner4" time="90.563" classname="Warranty_Test_Case_Dev.Our_Partner"/>
  <testcase name="NewsEvents" time="136.251" classname="Warranty_Test_Case_Dev.NewsEvents"/>
  <testcase name="Partner5" time="88.934" classname="Warranty_Test_Case_Dev.Our_Partner"/>
  <testcase name="Footer" time="75.587" classname="Solution_one_Development.Footer_Develop"/>
  <testcase name="Partner6" time="98.312" classname="Warranty_Test_Case_Dev.Our_Partner"/>
  <testcase name="Footer_Facebook" time="43.463" classname="JumboGC_Test_case_Devlopment.Header_footer"/>
  <testcase name="Footer_Instagram" time="25.871" classname="JumboGC_Test_case_Devlopment.Header_footer"/>
  <testcase name="Footer_Privacy" time="36.277" classname="JumboGC_Test_case_Devlopment.Header_footer"/>
  <testcase name="Footer_linkedIN" time="26.175" classname="JumboGC_Test_case_Devlopment.Header_footer"/>
  <testcase name="Header_Login" time="20.331" classname="JumboGC_Test_case_Devlopment.Header_footer"/>
</testsuite> <!-- Firefox_Developmet -->
