<?xml version="1.0" encoding="UTF-8"?>
<!-- Generated by org.testng.reporters.JUnitXMLReporter -->
<testsuite hostname="DESKTOP-N7K85DJ" name="Firefox_Developmet" tests="59" failures="0" timestamp="24 Feb 2022 15:18:05 GMT" time="1321.161" errors="0">
  <testcase name="main" time="47.683" classname="AUW_Test_Case_dev.AUW_header_web_Development"/>
  <testcase name="AboutUS" time="72.921" classname="AUW_Test_Case_dev.AUW_AboutUS"/>
  <testcase name="AUW_Footer" time="83.368" classname="AUW_Test_Case_dev.AUW_Footer_Development"/>
  <testcase name="main" time="20.019" classname="AUW_Test_Case_dev.AUW_PPP"/>
  <testcase name="main" time="48.085" classname="AUW_Test_Case_dev.AUW_CallUpdate"/>
  <testcase name="main" time="44.397" classname="AUW_Test_Case_dev.AUW_NJ_Update"/>
  <testcase name="main" time="87.802" classname="AUW_Test_Case_dev.AUW_Intelligence_TC"/>
  <testcase name="Practices_AgentsBrokers" time="57.093" classname="AUW_Test_Case_dev.Practices_AgentsBrokers"/>
  <testcase name="LearnMore" time="17.053" classname="AUW_Global_Test_Cases_Development.LearnMore_TC"/>
  <testcase name="HomePage" time="21.249" classname="AUW_Global_Test_Cases_Development.Home_Page_TC"/>
  <testcase name="Footer" time="61.053" classname="Promesa_Test_Case_Development.Footer"/>
  <testcase name="Change_Language" time="4.353" classname="Promesa_Test_Case_Development.Change_language"/>
  <testcase name="main" time="316.57" classname="AUW_Test_Case_dev.AUW_Experience"/>
  <testcase name="Footer" time="11.681" classname="Speciality_underwriters_Test_Case_Dev.About_Us"/>
  <testcase name="Footer" time="18.179" classname="Speciality_underwriters_Test_Case_Dev.Contact_US_TC"/>
  <testcase name="Footer" time="15.849" classname="Speciality_underwriters_Test_Case_Dev.Home_TC"/>
  <testcase name="Side_Heading_One" time="123.841" classname="Promesa_Test_Case_Development.Pharmacy_search"/>
  <testcase name="Footer" time="40.858" classname="Speciality_underwriters_Test_Case_Dev.What_We_offer"/>
  <testcase name="Practices_CustomerSeekingCoverage" time="243.028" classname="AUW_Test_Case_dev.Practices_CustomerSeekingCoverage"/>
  <testcase name="ContactUs_Page" time="30.324" classname="AFL_Test_Cases_Dev.ContactUS_OutsideUS_dev"/>
  <testcase name="main_Home_Page" time="30.419" classname="AFL_Test_Cases_Dev.AboutUS_OutsideUS_dev"/>
  <testcase name="main_Home_Page" time="20.314" classname="Adler_TestCases_Development.Home"/>
  <testcase name="Footer" time="81.385" classname="AFL_Test_Cases_Dev.Footer_TC_dev"/>
  <testcase name="Comprehensive" time="41.244" classname="Tradewel_Test_Cases_Development.Comprehensive_Protection_FF"/>
  <testcase name="Home_Page" time="135.739" classname="AFL_Test_Cases_Dev.HomePage_TC_dev"/>
  <testcase name="main_Home_Page" time="33.256" classname="Tradewel_Test_Cases_Development.About_US"/>
  <testcase name="main_Home_Page" time="136.275" classname="Adler_TestCases_Development.News"/>
  <testcase name="AUW_Footer" time="76.646" classname="Careers_Test_case_Development.Footer"/>
  <testcase name="main_Home_Page" time="49.108" classname="Pinnacle_Test_Cases_Development.HomePage_TC"/>
  <testcase name="Footer" time="290.384" classname="AFL_Test_Cases_Dev.What_We_offer_OutSideUs_dev"/>
  <testcase name="HomePage_Header_ContactUS_btn" time="19.065" classname="Credit_Global_Test_Cases_Dev.Home_TC"/>
  <testcase name="HomePage_Header_login" time="10.436" classname="Credit_Global_Test_Cases_Dev.Forgot_Password"/>
  <testcase name="WhatsNew" time="101.213" classname="Pinnacle_Test_Cases_Development.WatsNew"/>
  <testcase name="HomePage_Header_Our_approach" time="12.548" classname="Credit_Global_Test_Cases_Dev.Home_TC"/>
  <testcase name="HomePage_Header_login" time="30.043" classname="Credit_Global_Test_Cases_Dev.What_we_Do_TC"/>
  <testcase name="HomePage_Header_What_weDo" time="7.568" classname="Credit_Global_Test_Cases_Dev.Home_TC"/>
  <testcase name="ContactUS" time="46.694" classname="Warranty_Test_Case_Dev.Contact_US"/>
  <testcase name="HomePage_Header_login" time="12.193" classname="Credit_Global_Test_Cases_Dev.Home_TC"/>
  <testcase name="partner" time="11.967" classname="Warranty_Test_Case_Dev.Partner_With_US"/>
  <testcase name="Partner1" time="84.854" classname="Warranty_Test_Case_Dev.Our_Partner"/>
  <testcase name="Home_page" time="32.377" classname="Warranty_Test_Case_Dev.About_US"/>
  <testcase name="Partner2" time="77.415" classname="Warranty_Test_Case_Dev.Our_Partner"/>
  <testcase name="Footer" time="56.709" classname="Solution_one_Development.Footer_Develop"/>
  <testcase name="NewsEvents" time="125.044" classname="Warranty_Test_Case_Dev.NewsEvents"/>
  <testcase name="Footer_Facebook" time="27.437" classname="JumboGC_Test_case_Devlopment.Header_footer"/>
  <testcase name="Home_page" time="282.377" classname="Warranty_Test_Case_Dev.HomePage_Testcase"/>
  <testcase name="Partner3" time="76.01" classname="Warranty_Test_Case_Dev.Our_Partner"/>
  <testcase name="Footer_Instagram" time="25.578" classname="JumboGC_Test_case_Devlopment.Header_footer"/>
  <testcase name="HomePage" time="71.022" classname="Casuality_Dev_TC.Home_page"/>
  <testcase name="HomePage" time="58.141" classname="Casuality_Dev_TC.Menu_Press_Room"/>
  <testcase name="Footer_Privacy" time="36.783" classname="JumboGC_Test_case_Devlopment.Header_footer"/>
  <testcase name="Carriers" time="35.45" classname="Casuality_Dev_TC.Menu_Our_Carriers"/>
  <testcase name="HomePage" time="23.198" classname="Casuality_Dev_TC.Menu_Contact_Us"/>
  <testcase name="Partner4" time="81.908" classname="Warranty_Test_Case_Dev.Our_Partner"/>
  <testcase name="Footer_linkedIN" time="36.888" classname="JumboGC_Test_case_Devlopment.Header_footer"/>
  <testcase name="Header_Login" time="20.342" classname="JumboGC_Test_case_Devlopment.Header_footer"/>
  <testcase name="HomePage" time="46.401" classname="Casuality_Dev_TC.Menu_About_US"/>
  <testcase name="Partner5" time="68.898" classname="Warranty_Test_Case_Dev.Our_Partner"/>
  <testcase name="Partner6" time="65.793" classname="Warranty_Test_Case_Dev.Our_Partner"/>
</testsuite> <!-- Firefox_Developmet -->
