<?xml version="1.0" encoding="UTF-8"?>
<!-- Generated by org.testng.reporters.JUnitXMLReporter -->
<testsuite hostname="DESKTOP-N7K85DJ" name="Firefox_Developmet" tests="54" failures="2" timestamp="18 Jan 2022 10:21:16 GMT" time="1427.332" errors="0">
  <testcase name="main" time="52.858" classname="AUW_Test_Case_dev.AUW_header_web_Development"/>
  <testcase name="AboutUS" time="77.66" classname="AUW_Test_Case_dev.AUW_AboutUS"/>
  <testcase name="AUW_Footer" time="86.606" classname="AUW_Test_Case_dev.AUW_Footer_Development"/>
  <testcase name="main" time="21.067" classname="AUW_Test_Case_dev.AUW_PPP"/>
  <testcase name="main" time="47.188" classname="AUW_Test_Case_dev.AUW_CallUpdate"/>
  <testcase name="main" time="48.275" classname="AUW_Test_Case_dev.AUW_NJ_Update"/>
  <testcase name="Practices_AgentsBrokers" time="62.384" classname="AUW_Test_Case_dev.Practices_AgentsBrokers"/>
  <testcase name="main" time="105.613" classname="AUW_Test_Case_dev.AUW_Intelligence_TC"/>
  <testcase name="LearnMore" time="18.933" classname="AUW_Global_Test_Cases_Development.LearnMore_TC"/>
  <testcase name="HomePage" time="17.204" classname="AUW_Global_Test_Cases_Development.Home_Page_TC"/>
  <testcase name="main" time="326.132" classname="AUW_Test_Case_dev.AUW_Experience"/>
  <testcase name="Change_Language" time="3.839" classname="Promesa_Test_Case_Development.Change_language"/>
  <testcase name="Footer" time="77.232" classname="Promesa_Test_Case_Development.Footer"/>
  <testcase name="Footer" time="18.173" classname="Speciality_underwriters_Test_Case_Dev.Contact_US_TC"/>
  <testcase name="Footer" time="11.072" classname="Speciality_underwriters_Test_Case_Dev.About_Us"/>
  <testcase name="Side_Heading_One" time="123.948" classname="Promesa_Test_Case_Development.Pharmacy_search"/>
  <testcase name="Practices_CustomerSeekingCoverage" time="257.393" classname="AUW_Test_Case_dev.Practices_CustomerSeekingCoverage"/>
  <testcase name="Footer" time="39.378" classname="Speciality_underwriters_Test_Case_Dev.What_We_offer"/>
  <testcase name="Footer" time="24.98" classname="Speciality_underwriters_Test_Case_Dev.Home_TC"/>
  <testcase name="ContactUs_Page" time="29.383" classname="AFL_Test_Cases_Dev.ContactUS_OutsideUS_dev"/>
  <testcase name="main_Home_Page" time="30.718" classname="AFL_Test_Cases_Dev.AboutUS_OutsideUS_dev"/>
  <testcase name="main_Home_Page" time="19.747" classname="Adler_TestCases_Development.Home"/>
  <testcase name="Footer" time="75.963" classname="AFL_Test_Cases_Dev.Footer_TC_dev"/>
  <testcase name="Comprehensive" time="40.598" classname="Tradewel_Test_Cases_Development.Comprehensive_Protection_FF"/>
  <testcase name="Home_Page" time="130.962" classname="AFL_Test_Cases_Dev.HomePage_TC_dev"/>
  <testcase name="main_Home_Page" time="35.377" classname="Tradewel_Test_Cases_Development.About_US"/>
  <testcase name="main_Home_Page" time="131.044" classname="Adler_TestCases_Development.News"/>
  <testcase name="AUW_Footer" time="70.759" classname="Careers_Test_case_Development.Footer"/>
  <testcase name="main_Home_Page" time="47.928" classname="Pinnacle_Test_Cases_Development.HomePage_TC"/>
  <testcase name="Footer" time="300.275" classname="AFL_Test_Cases_Dev.What_We_offer_OutSideUs_dev"/>
  <testcase name="HomePage_Header_login" time="15.597" classname="Credit_Global_Test_Cases_Dev.Forgot_Password"/>
  <testcase name="WhatsNew" time="91.05" classname="Pinnacle_Test_Cases_Development.WatsNew"/>
  <testcase name="HomePage_Header_login" time="35.444" classname="Credit_Global_Test_Cases_Dev.What_we_Do_TC"/>
  <testcase name="ContactUS" time="45.196" classname="Warranty_Test_Case_Dev.Contact_US"/>
  <testcase name="HomePage_Header_ContactUS_btn" time="123.246" classname="Credit_Global_Test_Cases_Dev.Home_TC"/>
  <testcase name="partner" time="11.654" classname="Warranty_Test_Case_Dev.Partner_With_US"/>
  <testcase name="Partner1" time="90.247" classname="Warranty_Test_Case_Dev.Our_Partner"/>
  <testcase name="HomePage_Header_Our_approach" time="20.615" classname="Credit_Global_Test_Cases_Dev.Home_TC"/>
  <testcase name="Home_page" time="34.015" classname="Warranty_Test_Case_Dev.About_US"/>
  <testcase name="HomePage_Header_What_weDo" time="13.981" classname="Credit_Global_Test_Cases_Dev.Home_TC"/>
  <testcase name="HomePage_Header_login" time="21.403" classname="Credit_Global_Test_Cases_Dev.Home_TC"/>
  <testcase name="Home_page" time="257.936" classname="Warranty_Test_Case_Dev.HomePage_Testcase">
    <failure type="org.openqa.selenium.NoSuchElementException" message="Unable to locate element: //a[@href=&amp;apos;/our-products/auto-dealership-program&amp;apos;]/div/img
For documentation on this error, please visit: https://www.seleniumhq.org/exceptions/no_such_element.html
Build info: version: &amp;apos;3.141.59&amp;apos;, revision: &amp;apos;e82be7d358&amp;apos;, time: &amp;apos;2018-11-14T08:17:03&amp;apos;
System info: host: &amp;apos;DESKTOP-N7K85DJ&amp;apos;, ip: &amp;apos;192.168.1.5&amp;apos;, os.name: &amp;apos;Windows 10&amp;apos;, os.arch: &amp;apos;amd64&amp;apos;, os.version: &amp;apos;10.0&amp;apos;, java.version: &amp;apos;1.8.0_301&amp;apos;
Driver info: org.openqa.selenium.firefox.FirefoxDriver
Capabilities {acceptInsecureCerts: true, browserName: firefox, browserVersion: 95.0.2, javascriptEnabled: true, moz:accessibilityChecks: false, moz:buildID: 20211218203254, moz:geckodriverVersion: 0.28.0, moz:headless: false, moz:processID: 16560, moz:profile: C:\Users\Sweta\AppData\Loca..., moz:shutdownTimeout: 60000, moz:useNonSpecCompliantPointerOrigin: false, moz:webdriverClick: true, pageLoadStrategy: normal, platform: WINDOWS, platformName: WINDOWS, platformVersion: 10.0, proxy: Proxy(), setWindowRect: true, strictFileInteractability: false, timeouts: {implicit: 0, pageLoad: 300000, script: 30000}, unhandledPromptBehavior: dismiss and notify}
Session ID: e847f82d-baf3-46e8-b4ad-454b4f936eb3
*** Element info: {Using=xpath, value=//a[@href=&amp;apos;/our-products/auto-dealership-program&amp;apos;]/div/img}">
      <![CDATA[org.openqa.selenium.NoSuchElementException: Unable to locate element: //a[@href='/our-products/auto-dealership-program']/div/img
For documentation on this error, please visit: https://www.seleniumhq.org/exceptions/no_such_element.html
Build info: version: '3.141.59', revision: 'e82be7d358', time: '2018-11-14T08:17:03'
System info: host: 'DESKTOP-N7K85DJ', ip: '192.168.1.5', os.name: 'Windows 10', os.arch: 'amd64', os.version: '10.0', java.version: '1.8.0_301'
Driver info: org.openqa.selenium.firefox.FirefoxDriver
Capabilities {acceptInsecureCerts: true, browserName: firefox, browserVersion: 95.0.2, javascriptEnabled: true, moz:accessibilityChecks: false, moz:buildID: 20211218203254, moz:geckodriverVersion: 0.28.0, moz:headless: false, moz:processID: 16560, moz:profile: C:\Users\Sweta\AppData\Loca..., moz:shutdownTimeout: 60000, moz:useNonSpecCompliantPointerOrigin: false, moz:webdriverClick: true, pageLoadStrategy: normal, platform: WINDOWS, platformName: WINDOWS, platformVersion: 10.0, proxy: Proxy(), setWindowRect: true, strictFileInteractability: false, timeouts: {implicit: 0, pageLoad: 300000, script: 30000}, unhandledPromptBehavior: dismiss and notify}
Session ID: e847f82d-baf3-46e8-b4ad-454b4f936eb3
*** Element info: {Using=xpath, value=//a[@href='/our-products/auto-dealership-program']/div/img}
	at org.openqa.selenium.remote.http.W3CHttpResponseCodec.createException(W3CHttpResponseCodec.java:187)
	at org.openqa.selenium.remote.http.W3CHttpResponseCodec.decode(W3CHttpResponseCodec.java:122)
	at org.openqa.selenium.remote.http.W3CHttpResponseCodec.decode(W3CHttpResponseCodec.java:49)
	at org.openqa.selenium.remote.HttpCommandExecutor.execute(HttpCommandExecutor.java:158)
	at org.openqa.selenium.remote.service.DriverCommandExecutor.execute(DriverCommandExecutor.java:83)
	at org.openqa.selenium.remote.RemoteWebDriver.execute(RemoteWebDriver.java:552)
	at org.openqa.selenium.remote.RemoteWebDriver.findElement(RemoteWebDriver.java:323)
	at org.openqa.selenium.remote.RemoteWebDriver.findElementByXPath(RemoteWebDriver.java:428)
	at org.openqa.selenium.By$ByXPath.findElement(By.java:353)
	at org.openqa.selenium.remote.RemoteWebDriver.findElement(RemoteWebDriver.java:315)
	at Warranty_Page.Home_Page.Our_products_section6(Home_Page.java:508)
	at Warranty_Test_Case_Dev.HomePage_Testcase.Home_page(HomePage_Testcase.java:24)
	at java.util.concurrent.ThreadPoolExecutor.runWorker(Unknown Source)
	at java.util.concurrent.ThreadPoolExecutor$Worker.run(Unknown Source)
	at java.lang.Thread.run(Unknown Source)
... Removed 14 stack frames]]>
    </failure>
  </testcase> <!-- Home_page -->
  <testcase name="Partner2" time="102.075" classname="Warranty_Test_Case_Dev.Our_Partner">
    <failure type="org.openqa.selenium.NoSuchElementException" message="Unable to locate element: (//*[text()=&amp;apos;Learn More&amp;apos;])[2]
For documentation on this error, please visit: https://www.seleniumhq.org/exceptions/no_such_element.html
Build info: version: &amp;apos;3.141.59&amp;apos;, revision: &amp;apos;e82be7d358&amp;apos;, time: &amp;apos;2018-11-14T08:17:03&amp;apos;
System info: host: &amp;apos;DESKTOP-N7K85DJ&amp;apos;, ip: &amp;apos;192.168.1.5&amp;apos;, os.name: &amp;apos;Windows 10&amp;apos;, os.arch: &amp;apos;amd64&amp;apos;, os.version: &amp;apos;10.0&amp;apos;, java.version: &amp;apos;1.8.0_301&amp;apos;
Driver info: org.openqa.selenium.firefox.FirefoxDriver
Capabilities {acceptInsecureCerts: true, browserName: firefox, browserVersion: 95.0.2, javascriptEnabled: true, moz:accessibilityChecks: false, moz:buildID: 20211218203254, moz:geckodriverVersion: 0.28.0, moz:headless: false, moz:processID: 10880, moz:profile: C:\Users\Sweta\AppData\Loca..., moz:shutdownTimeout: 60000, moz:useNonSpecCompliantPointerOrigin: false, moz:webdriverClick: true, pageLoadStrategy: normal, platform: WINDOWS, platformName: WINDOWS, platformVersion: 10.0, proxy: Proxy(), setWindowRect: true, strictFileInteractability: false, timeouts: {implicit: 0, pageLoad: 300000, script: 30000}, unhandledPromptBehavior: dismiss and notify}
Session ID: cc1174c7-6521-47d6-9b44-3dbe4a0e1a4b
*** Element info: {Using=xpath, value=(//*[text()=&amp;apos;Learn More&amp;apos;])[2]}">
      <![CDATA[org.openqa.selenium.NoSuchElementException: Unable to locate element: (//*[text()='Learn More'])[2]
For documentation on this error, please visit: https://www.seleniumhq.org/exceptions/no_such_element.html
Build info: version: '3.141.59', revision: 'e82be7d358', time: '2018-11-14T08:17:03'
System info: host: 'DESKTOP-N7K85DJ', ip: '192.168.1.5', os.name: 'Windows 10', os.arch: 'amd64', os.version: '10.0', java.version: '1.8.0_301'
Driver info: org.openqa.selenium.firefox.FirefoxDriver
Capabilities {acceptInsecureCerts: true, browserName: firefox, browserVersion: 95.0.2, javascriptEnabled: true, moz:accessibilityChecks: false, moz:buildID: 20211218203254, moz:geckodriverVersion: 0.28.0, moz:headless: false, moz:processID: 10880, moz:profile: C:\Users\Sweta\AppData\Loca..., moz:shutdownTimeout: 60000, moz:useNonSpecCompliantPointerOrigin: false, moz:webdriverClick: true, pageLoadStrategy: normal, platform: WINDOWS, platformName: WINDOWS, platformVersion: 10.0, proxy: Proxy(), setWindowRect: true, strictFileInteractability: false, timeouts: {implicit: 0, pageLoad: 300000, script: 30000}, unhandledPromptBehavior: dismiss and notify}
Session ID: cc1174c7-6521-47d6-9b44-3dbe4a0e1a4b
*** Element info: {Using=xpath, value=(//*[text()='Learn More'])[2]}
	at org.openqa.selenium.remote.http.W3CHttpResponseCodec.createException(W3CHttpResponseCodec.java:187)
	at org.openqa.selenium.remote.http.W3CHttpResponseCodec.decode(W3CHttpResponseCodec.java:122)
	at org.openqa.selenium.remote.http.W3CHttpResponseCodec.decode(W3CHttpResponseCodec.java:49)
	at org.openqa.selenium.remote.HttpCommandExecutor.execute(HttpCommandExecutor.java:158)
	at org.openqa.selenium.remote.service.DriverCommandExecutor.execute(DriverCommandExecutor.java:83)
	at org.openqa.selenium.remote.RemoteWebDriver.execute(RemoteWebDriver.java:552)
	at org.openqa.selenium.remote.RemoteWebDriver.findElement(RemoteWebDriver.java:323)
	at org.openqa.selenium.remote.RemoteWebDriver.findElementByXPath(RemoteWebDriver.java:428)
	at org.openqa.selenium.By$ByXPath.findElement(By.java:353)
	at org.openqa.selenium.remote.RemoteWebDriver.findElement(RemoteWebDriver.java:315)
	at Warranty_Page.Our_Partners_page.card2(Our_Partners_page.java:268)
	at Warranty_Test_Case_Dev.Our_Partner.Partner2(Our_Partner.java:34)
	at java.util.concurrent.ThreadPoolExecutor.runWorker(Unknown Source)
	at java.util.concurrent.ThreadPoolExecutor$Worker.run(Unknown Source)
	at java.lang.Thread.run(Unknown Source)
... Removed 14 stack frames]]>
    </failure>
  </testcase> <!-- Partner2 -->
  <testcase name="Footer" time="50.593" classname="Solution_one_Development.Footer_Develop"/>
  <testcase name="NewsEvents" time="140.849" classname="Warranty_Test_Case_Dev.NewsEvents"/>
  <testcase name="Footer_Facebook" time="26.23" classname="JumboGC_Test_case_Devlopment.Header_footer"/>
  <testcase name="Partner3" time="69.348" classname="Warranty_Test_Case_Dev.Our_Partner"/>
  <testcase name="Footer_Instagram" time="29.94" classname="JumboGC_Test_case_Devlopment.Header_footer"/>
  <testcase name="Footer_Privacy" time="36.004" classname="JumboGC_Test_case_Devlopment.Header_footer"/>
  <testcase name="Partner4" time="70.665" classname="Warranty_Test_Case_Dev.Our_Partner"/>
  <testcase name="Footer_linkedIN" time="26.166" classname="JumboGC_Test_case_Devlopment.Header_footer"/>
  <testcase name="Header_Login" time="20.522" classname="JumboGC_Test_case_Devlopment.Header_footer"/>
  <testcase name="Partner5" time="70.732" classname="Warranty_Test_Case_Dev.Our_Partner"/>
  <testcase name="Partner6" time="75.74" classname="Warranty_Test_Case_Dev.Our_Partner"/>
</testsuite> <!-- Firefox_Developmet -->
