<?xml version="1.0" encoding="UTF-8"?>
<!-- Generated by org.testng.reporters.JUnitXMLReporter -->
<testsuite hostname="DESKTOP-N7K85DJ" name="Firefox_Developmet" tests="59" failures="1" timestamp="10 Feb 2022 13:28:18 GMT" time="2574.27" errors="0">
  <testcase name="main" time="48.169" classname="AUW_Test_Case_dev.AUW_header_web_Development"/>
  <testcase name="AUW_Footer" time="106.402" classname="AUW_Test_Case_dev.AUW_Footer_Development"/>
  <testcase name="AboutUS" time="70.52" classname="AUW_Test_Case_dev.AUW_AboutUS"/>
  <testcase name="main" time="19.994" classname="AUW_Test_Case_dev.AUW_PPP"/>
  <testcase name="main" time="312.235" classname="AUW_Test_Case_dev.AUW_Experience"/>
  <testcase name="main" time="46.592" classname="AUW_Test_Case_dev.AUW_CallUpdate"/>
  <testcase name="main" time="44.234" classname="AUW_Test_Case_dev.AUW_NJ_Update"/>
  <testcase name="Practices_AgentsBrokers" time="56.434" classname="AUW_Test_Case_dev.Practices_AgentsBrokers"/>
  <testcase name="main" time="93.916" classname="AUW_Test_Case_dev.AUW_Intelligence_TC"/>
  <testcase name="LearnMore" time="16.005" classname="AUW_Global_Test_Cases_Development.LearnMore_TC"/>
  <testcase name="HomePage" time="13.386" classname="AUW_Global_Test_Cases_Development.Home_Page_TC"/>
  <testcase name="Footer" time="60.893" classname="Promesa_Test_Case_Development.Footer"/>
  <testcase name="Practices_CustomerSeekingCoverage" time="243.355" classname="AUW_Test_Case_dev.Practices_CustomerSeekingCoverage"/>
  <testcase name="Change_Language" time="3.827" classname="Promesa_Test_Case_Development.Change_language"/>
  <testcase name="Side_Heading_One" time="123.763" classname="Promesa_Test_Case_Development.Pharmacy_search"/>
  <testcase name="Footer" time="76.024" classname="Speciality_underwriters_Test_Case_Dev.Contact_US_TC"/>
  <testcase name="Footer" time="74.796" classname="Speciality_underwriters_Test_Case_Dev.About_Us"/>
  <testcase name="Footer" time="15.984" classname="Speciality_underwriters_Test_Case_Dev.Home_TC"/>
  <testcase name="Footer" time="40.186" classname="Speciality_underwriters_Test_Case_Dev.What_We_offer"/>
  <testcase name="ContactUs_Page" time="24.921" classname="AFL_Test_Cases_Dev.ContactUS_OutsideUS_dev"/>
  <testcase name="main_Home_Page" time="29.945" classname="AFL_Test_Cases_Dev.AboutUS_OutsideUS_dev"/>
  <testcase name="Footer" time="72.807" classname="AFL_Test_Cases_Dev.Footer_TC_dev"/>
  <testcase name="Home_Page" time="131.58" classname="AFL_Test_Cases_Dev.HomePage_TC_dev"/>
  <testcase name="main_Home_Page" time="20.708" classname="Adler_TestCases_Development.Home"/>
  <testcase name="Footer" time="282.365" classname="AFL_Test_Cases_Dev.What_We_offer_OutSideUs_dev"/>
  <testcase name="Comprehensive" time="40.962" classname="Tradewel_Test_Cases_Development.Comprehensive_Protection_FF"/>
  <testcase name="main_Home_Page" time="33.989" classname="Tradewel_Test_Cases_Development.About_US"/>
  <testcase name="main_Home_Page" time="162.916" classname="Adler_TestCases_Development.News"/>
  <testcase name="AUW_Footer" time="68.736" classname="Careers_Test_case_Development.Footer"/>
  <testcase name="main_Home_Page" time="46.944" classname="Pinnacle_Test_Cases_Development.HomePage_TC"/>
  <testcase name="HomePage_Header_ContactUS_btn" time="18.52" classname="Credit_Global_Test_Cases_Dev.Home_TC"/>
  <testcase name="HomePage_Header_Our_approach" time="20.928" classname="Credit_Global_Test_Cases_Dev.Home_TC"/>
  <testcase name="WhatsNew" time="148.564" classname="Pinnacle_Test_Cases_Development.WatsNew"/>
  <testcase name="HomePage_Header_What_weDo" time="14.017" classname="Credit_Global_Test_Cases_Dev.Home_TC"/>
  <testcase name="HomePage_Header_login" time="50.065" classname="Credit_Global_Test_Cases_Dev.Forgot_Password"/>
  <testcase name="HomePage_Header_login" time="11.795" classname="Credit_Global_Test_Cases_Dev.Home_TC"/>
  <testcase name="HomePage_Header_login" time="36.653" classname="Credit_Global_Test_Cases_Dev.What_we_Do_TC"/>
  <testcase name="ContactUS" time="43.757" classname="Warranty_Test_Case_Dev.Contact_US"/>
  <testcase name="Partner1" time="80.786" classname="Warranty_Test_Case_Dev.Our_Partner"/>
  <testcase name="Partner2" time="73.979" classname="Warranty_Test_Case_Dev.Our_Partner"/>
  <testcase name="Home_page" time="280.402" classname="Warranty_Test_Case_Dev.HomePage_Testcase"/>
  <testcase name="partner" time="11.861" classname="Warranty_Test_Case_Dev.Partner_With_US"/>
  <testcase name="Home_page" time="32.262" classname="Warranty_Test_Case_Dev.About_US"/>
  <testcase name="Partner3" time="75.585" classname="Warranty_Test_Case_Dev.Our_Partner"/>
  <testcase name="Partner4" time="71.122" classname="Warranty_Test_Case_Dev.Our_Partner"/>
  <testcase name="NewsEvents" time="118.175" classname="Warranty_Test_Case_Dev.NewsEvents"/>
  <testcase name="Partner5" time="78.075" classname="Warranty_Test_Case_Dev.Our_Partner"/>
  <testcase name="Footer" time="61.03" classname="Solution_one_Development.Footer_Develop"/>
  <testcase name="Footer_Facebook" time="27.114" classname="JumboGC_Test_case_Devlopment.Header_footer"/>
  <testcase name="Partner6" time="79.34" classname="Warranty_Test_Case_Dev.Our_Partner"/>
  <testcase name="Footer_Instagram" time="25.619" classname="JumboGC_Test_case_Devlopment.Header_footer"/>
  <testcase name="HomePage" time="67.786" classname="Casuality_Dev_TC.Home_page"/>
  <testcase name="Footer_Privacy" time="36.177" classname="JumboGC_Test_case_Devlopment.Header_footer"/>
  <testcase name="HomePage" time="34.746" classname="Casuality_Dev_TC.Menu_Press_Room">
    <failure type="java.lang.AssertionError" message="expected [QBE Lawsuits against Former Individual Employees and against Applied Underwriters, their New Employer, Termed “Meritless” by Applied’s General Counsel] but found [placeholder title]">
      <![CDATA[java.lang.AssertionError: expected [QBE Lawsuits against Former Individual Employees and against Applied Underwriters, their New Employer, Termed “Meritless” by Applied’s General Counsel] but found [placeholder title]
	at Casuality_pages.Menu_PressRoom.text_1(Menu_PressRoom.java:94)
	at Casuality_Dev_TC.Menu_Press_Room.HomePage(Menu_Press_Room.java:21)
	at java.util.concurrent.ThreadPoolExecutor.runWorker(ThreadPoolExecutor.java:1149)
	at java.util.concurrent.ThreadPoolExecutor$Worker.run(ThreadPoolExecutor.java:624)
	at java.lang.Thread.run(Thread.java:748)
... Removed 15 stack frames]]>
    </failure>
  </testcase> <!-- HomePage -->
  <testcase name="Footer_linkedIN" time="25.546" classname="JumboGC_Test_case_Devlopment.Header_footer"/>
  <testcase name="Carriers" time="32.077" classname="Casuality_Dev_TC.Menu_Our_Carriers"/>
  <testcase name="HomePage" time="23.126" classname="Casuality_Dev_TC.Menu_Contact_Us"/>
  <testcase name="Header_Login" time="20.366" classname="JumboGC_Test_case_Devlopment.Header_footer"/>
  <testcase name="HomePage" time="43.236" classname="Casuality_Dev_TC.Menu_About_US"/>
</testsuite> <!-- Firefox_Developmet -->
