<?xml version="1.0" encoding="UTF-8"?>
<!-- Generated by org.testng.reporters.JUnitXMLReporter -->
<testsuite hostname="DESKTOP-N7K85DJ" name="Firefox_Prod" tests="71" failures="1" timestamp="27 Apr 2022 10:41:56 GMT" time="4723.81" errors="0">
  <testcase name="main" time="39.788" classname="AUW_Test_case_prod.AUW_CallUpdate"/>
  <testcase name="AboutUS" time="64.509" classname="AUW_Test_case_prod.AUW_AboutUS"/>
  <testcase name="main" time="80.641" classname="AUW_Test_case_prod.AUW_Intelligence_TC"/>
  <testcase name="AUW_Footer" time="81.432" classname="AUW_Test_case_prod.AUW_Footer_Prod"/>
  <testcase name="main" time="54.739" classname="AUW_Test_case_prod.AUW_Heartwood"/>
  <testcase name="main" time="38.499" classname="AUW_Test_case_prod.AUW_NJ_Update"/>
  <testcase name="main" time="331.725" classname="AUW_Test_case_prod.AUW_Experience"/>
  <testcase name="main" time="47.824" classname="AUW_Test_case_prod.AUW_header_web_Prod"/>
  <testcase name="main" time="16.787" classname="AUW_Test_case_prod.AUW_PPP"/>
  <testcase name="Practices_AgentsBrokers" time="52.981" classname="AUW_Test_case_prod.Practices_AgentsBrokers"/>
  <testcase name="Practices_CustomerSeekingCoverage" time="214.032" classname="AUW_Test_case_prod.Practices_CustomerSeekingCoverage"/>
  <testcase name="LearnMore" time="13.875" classname="AUW_Global_Test_Cases_Prod.LearnMore_TC"/>
  <testcase name="HomePage" time="15.595" classname="AUW_Global_Test_Cases_Prod.Home_Page_TC"/>
  <testcase name="Side_Heading_One" time="123.469" classname="Promesa_Test_Case_Prod.Pharmacy_search"/>
  <testcase name="Change_Language" time="2.506" classname="Promesa_Test_Case_Prod.Change_language"/>
  <testcase name="Footer_PrivacyPolicy" time="20.626" classname="Promesa_Test_Case_Prod.Footer"/>
  <testcase name="Footer_facebook" time="18.747" classname="Promesa_Test_Case_Prod.Footer"/>
  <testcase name="Footer_instagram" time="5.625" classname="Promesa_Test_Case_Prod.Footer"/>
  <testcase name="Footer_linkedin" time="6.888" classname="Promesa_Test_Case_Prod.Footer"/>
  <testcase name="Footer_twitter" time="6.318" classname="Promesa_Test_Case_Prod.Footer"/>
  <testcase name="Heading3" time="334.415" classname="MTL_Test_Cases_Prod.What_we_offer1_TC">
    <failure type="org.openqa.selenium.NoSuchElementException" message="Unable to locate element: //*[@id=&amp;apos;__next&amp;apos;]/main/div[4]/div/div/div/div/div[1]
For documentation on this error, please visit: https://www.seleniumhq.org/exceptions/no_such_element.html
Build info: version: &amp;apos;3.141.59&amp;apos;, revision: &amp;apos;e82be7d358&amp;apos;, time: &amp;apos;2018-11-14T08:17:03&amp;apos;
System info: host: &amp;apos;DESKTOP-N7K85DJ&amp;apos;, ip: &amp;apos;192.168.1.5&amp;apos;, os.name: &amp;apos;Windows 10&amp;apos;, os.arch: &amp;apos;amd64&amp;apos;, os.version: &amp;apos;10.0&amp;apos;, java.version: &amp;apos;1.8.0_291&amp;apos;
Driver info: org.openqa.selenium.firefox.FirefoxDriver
Capabilities {acceptInsecureCerts: true, browserName: firefox, browserVersion: 99.0, javascriptEnabled: true, moz:accessibilityChecks: false, moz:buildID: 20220330194208, moz:geckodriverVersion: 0.30.0, moz:headless: false, moz:processID: 58944, moz:profile: C:\Users\Sweta\AppData\Loca..., moz:shutdownTimeout: 60000, moz:useNonSpecCompliantPointerOrigin: false, moz:webdriverClick: true, pageLoadStrategy: normal, platform: WINDOWS, platformName: WINDOWS, platformVersion: 10.0, proxy: Proxy(), setWindowRect: true, strictFileInteractability: false, timeouts: {implicit: 0, pageLoad: 300000, script: 30000}, unhandledPromptBehavior: dismiss and notify}
Session ID: 6176ef0e-23c9-4ec3-b9f4-689a57f20ac4
*** Element info: {Using=xpath, value=//*[@id=&amp;apos;__next&amp;apos;]/main/div[4]/div/div/div/div/div[1]}">
      <![CDATA[org.openqa.selenium.NoSuchElementException: Unable to locate element: //*[@id='__next']/main/div[4]/div/div/div/div/div[1]
For documentation on this error, please visit: https://www.seleniumhq.org/exceptions/no_such_element.html
Build info: version: '3.141.59', revision: 'e82be7d358', time: '2018-11-14T08:17:03'
System info: host: 'DESKTOP-N7K85DJ', ip: '192.168.1.5', os.name: 'Windows 10', os.arch: 'amd64', os.version: '10.0', java.version: '1.8.0_291'
Driver info: org.openqa.selenium.firefox.FirefoxDriver
Capabilities {acceptInsecureCerts: true, browserName: firefox, browserVersion: 99.0, javascriptEnabled: true, moz:accessibilityChecks: false, moz:buildID: 20220330194208, moz:geckodriverVersion: 0.30.0, moz:headless: false, moz:processID: 58944, moz:profile: C:\Users\Sweta\AppData\Loca..., moz:shutdownTimeout: 60000, moz:useNonSpecCompliantPointerOrigin: false, moz:webdriverClick: true, pageLoadStrategy: normal, platform: WINDOWS, platformName: WINDOWS, platformVersion: 10.0, proxy: Proxy(), setWindowRect: true, strictFileInteractability: false, timeouts: {implicit: 0, pageLoad: 300000, script: 30000}, unhandledPromptBehavior: dismiss and notify}
Session ID: 6176ef0e-23c9-4ec3-b9f4-689a57f20ac4
*** Element info: {Using=xpath, value=//*[@id='__next']/main/div[4]/div/div/div/div/div[1]}
	at org.openqa.selenium.remote.http.W3CHttpResponseCodec.createException(W3CHttpResponseCodec.java:187)
	at org.openqa.selenium.remote.http.W3CHttpResponseCodec.decode(W3CHttpResponseCodec.java:122)
	at org.openqa.selenium.remote.http.W3CHttpResponseCodec.decode(W3CHttpResponseCodec.java:49)
	at org.openqa.selenium.remote.HttpCommandExecutor.execute(HttpCommandExecutor.java:158)
	at org.openqa.selenium.remote.service.DriverCommandExecutor.execute(DriverCommandExecutor.java:83)
	at org.openqa.selenium.remote.RemoteWebDriver.execute(RemoteWebDriver.java:552)
	at org.openqa.selenium.remote.RemoteWebDriver.findElement(RemoteWebDriver.java:323)
	at org.openqa.selenium.remote.RemoteWebDriver.findElementByXPath(RemoteWebDriver.java:428)
	at org.openqa.selenium.By$ByXPath.findElement(By.java:353)
	at org.openqa.selenium.remote.RemoteWebDriver.findElement(RemoteWebDriver.java:315)
	at MTL_Pages.WhatWeOffer_page.Heading_three(WhatWeOffer_page.java:547)
	at MTL_Test_Cases_Prod.What_we_offer1_TC.Heading3(What_we_offer1_TC.java:40)
	at java.util.concurrent.ThreadPoolExecutor.runWorker(ThreadPoolExecutor.java:1149)
	at java.util.concurrent.ThreadPoolExecutor$Worker.run(ThreadPoolExecutor.java:624)
	at java.lang.Thread.run(Thread.java:748)
... Removed 14 stack frames]]>
    </failure>
  </testcase> <!-- Heading3 -->
  <testcase name="More_offers" time="32.349" classname="MTL_Test_Cases_Prod.More_offers_TC"/>
  <testcase name="Footer" time="31.607" classname="MTL_Test_Cases_Prod.Home_URL"/>
  <testcase name="Heading" time="89.97" classname="MTL_Test_Cases_Prod.What_we_offer_URL_TC"/>
  <testcase name="Footer" time="17.898" classname="Speciality_underwriters_Test_Case_Prod.Contact_US_TC"/>
  <testcase name="Footer" time="9.255" classname="Speciality_underwriters_Test_Case_Prod.About_Us"/>
  <testcase name="Footer" time="35.998" classname="Speciality_underwriters_Test_Case_Prod.What_We_offer"/>
  <testcase name="Footer" time="15.804" classname="Speciality_underwriters_Test_Case_Prod.Home_TC"/>
  <testcase name="Footer" time="254.884" classname="AFL_Test_Case_Prod.What_We_offer_OutSideUs"/>
  <testcase name="Home_Page" time="106.065" classname="AFL_Test_Case_Prod.HomePage_TC"/>
  <testcase name="Footer" time="64.917" classname="AFL_Test_Case_Prod.Footer_TC"/>
  <testcase name="ContactUs_Page" time="28.419" classname="AFL_Test_Case_Prod.ContactUS_OutsideUS"/>
  <testcase name="main_Home_Page" time="15.752" classname="AFL_Test_Case_Prod.AboutUS_OutsideUS"/>
  <testcase name="HomePage_Header_login" time="28.223" classname="Credit_Global_Test_Cases_Prod.What_we_Do_TC"/>
  <testcase name="HomePage_Header_login" time="7.885" classname="Credit_Global_Test_Cases_Prod.Forgot_Password"/>
  <testcase name="HomePage_Header_ContactUS_btn" time="12.555" classname="Credit_Global_Test_Cases_Prod.Home_TC"/>
  <testcase name="HomePage_Header_Our_approach" time="10.794" classname="Credit_Global_Test_Cases_Prod.Home_TC"/>
  <testcase name="HomePage_Header_What_weDo" time="6.434" classname="Credit_Global_Test_Cases_Prod.Home_TC"/>
  <testcase name="HomePage_Header_login" time="10.819" classname="Credit_Global_Test_Cases_Prod.Home_TC"/>
  <testcase name="main_Home_Page" time="19.457" classname="Adler_TestCases_Prod.Home"/>
  <testcase name="main_Home_Page" time="117.186" classname="Adler_TestCases_Prod.News"/>
  <testcase name="AUW_Facebook" time="15.466" classname="Careers_Test_case_Prod.Footer"/>
  <testcase name="AUW_Instagram" time="7.43" classname="Careers_Test_case_Prod.Footer"/>
  <testcase name="AUW_Linkedin" time="7.846" classname="Careers_Test_case_Prod.Footer"/>
  <testcase name="AUW_Policy" time="23.34" classname="Careers_Test_case_Prod.Footer"/>
  <testcase name="AUW_twitter" time="9.665" classname="Careers_Test_case_Prod.Footer"/>
  <testcase name="Footer" time="47.812" classname="Solution_one_Prod.Footer_Production"/>
  <testcase name="Footer_Facebook" time="25.578" classname="JumboGC_Test_case_prod.Header_footer"/>
  <testcase name="Footer_Instagram" time="25.535" classname="JumboGC_Test_case_prod.Header_footer"/>
  <testcase name="Footer_Privacy" time="35.956" classname="JumboGC_Test_case_prod.Header_footer"/>
  <testcase name="Footer_linkedIN" time="25.866" classname="JumboGC_Test_case_prod.Header_footer"/>
  <testcase name="Header_Login" time="20.268" classname="JumboGC_Test_case_prod.Header_footer"/>
  <testcase name="Home_page" time="33.146" classname="Warranty_Test_Case_Prod.About_US"/>
  <testcase name="ContactUS" time="44.483" classname="Warranty_Test_Case_Prod.Contact_US"/>
  <testcase name="partner" time="11.783" classname="Warranty_Test_Case_Prod.Partner_With_US"/>
  <testcase name="Home_page" time="279.19" classname="Warranty_Test_Case_Prod.HomePage_Testcase"/>
  <testcase name="Partner1" time="69.594" classname="Warranty_Test_Case_Prod.Our_Partner"/>
  <testcase name="Partner2" time="69.366" classname="Warranty_Test_Case_Prod.Our_Partner"/>
  <testcase name="Partner3" time="69.916" classname="Warranty_Test_Case_Prod.Our_Partner"/>
  <testcase name="Partner4" time="73.175" classname="Warranty_Test_Case_Prod.Our_Partner"/>
  <testcase name="Partner5" time="68.724" classname="Warranty_Test_Case_Prod.Our_Partner"/>
  <testcase name="Partner6" time="71.815" classname="Warranty_Test_Case_Prod.Our_Partner"/>
  <testcase name="HomePage" time="63.744" classname="Casuality_Prod_TC.Home_page"/>
  <testcase name="HomePage" time="41.754" classname="Casuality_Prod_TC.Menu_About_US"/>
  <testcase name="HomePage" time="21.625" classname="Casuality_Prod_TC.Menu_Contact_Us"/>
  <testcase name="Carriers" time="33.52" classname="Casuality_Prod_TC.Menu_Our_Carriers"/>
  <testcase name="HomePage" time="53.287" classname="Casuality_Prod_TC.Menu_Press_Room"/>
  <testcase name="main_Home_Page" time="45.854" classname="Pinnacle_Test_Cases_Production.HomePage_TC"/>
  <testcase name="WhatsNew" time="84.703" classname="Pinnacle_Test_Cases_Production.WatsNew"/>
  <testcase name="main_Home_Page" time="31.553" classname="Tradewel_Test_Cases_Production.About_US"/>
  <testcase name="Comprehensive" time="39.409" classname="Tradewel_Test_Cases_Production.Comprehensive_Protection_FF"/>
</testsuite> <!-- Firefox_Prod -->
