<?xml version="1.0" encoding="UTF-8"?>
<!-- Generated by org.testng.reporters.JUnitXMLReporter -->
<testsuite hostname="DESKTOP-N7K85DJ" name="Firefox_Prod" tests="79" failures="1" timestamp="21 Feb 2022 13:14:20 GMT" time="2713.182" errors="0">
  <testcase name="@BeforeMethod setupApplication" time="0.0" classname="Careers_Test_case_Prod.Footer">
    <failure type="org.openqa.selenium.TimeoutException" message="TimedPromise timed out after 300000 ms
Build info: version: &amp;apos;3.141.59&amp;apos;, revision: &amp;apos;e82be7d358&amp;apos;, time: &amp;apos;2018-11-14T08:17:03&amp;apos;
System info: host: &amp;apos;DESKTOP-N7K85DJ&amp;apos;, ip: &amp;apos;192.168.1.5&amp;apos;, os.name: &amp;apos;Windows 10&amp;apos;, os.arch: &amp;apos;amd64&amp;apos;, os.version: &amp;apos;10.0&amp;apos;, java.version: &amp;apos;1.8.0_291&amp;apos;
Driver info: org.openqa.selenium.firefox.FirefoxDriver
Capabilities {acceptInsecureCerts: true, browserName: firefox, browserVersion: 96.0.3, javascriptEnabled: true, moz:accessibilityChecks: false, moz:buildID: 20220126154723, moz:geckodriverVersion: 0.30.0, moz:headless: false, moz:processID: 23488, moz:profile: C:\Users\Sweta\AppData\Loca..., moz:shutdownTimeout: 60000, moz:useNonSpecCompliantPointerOrigin: false, moz:webdriverClick: true, pageLoadStrategy: normal, platform: WINDOWS, platformName: WINDOWS, platformVersion: 10.0, proxy: Proxy(), setWindowRect: true, strictFileInteractability: false, timeouts: {implicit: 0, pageLoad: 300000, script: 30000}, unhandledPromptBehavior: dismiss and notify}
Session ID: 16f9b367-c43f-4018-8634-e3bc83bdfc39">
      <![CDATA[org.openqa.selenium.TimeoutException: TimedPromise timed out after 300000 ms
Build info: version: '3.141.59', revision: 'e82be7d358', time: '2018-11-14T08:17:03'
System info: host: 'DESKTOP-N7K85DJ', ip: '192.168.1.5', os.name: 'Windows 10', os.arch: 'amd64', os.version: '10.0', java.version: '1.8.0_291'
Driver info: org.openqa.selenium.firefox.FirefoxDriver
Capabilities {acceptInsecureCerts: true, browserName: firefox, browserVersion: 96.0.3, javascriptEnabled: true, moz:accessibilityChecks: false, moz:buildID: 20220126154723, moz:geckodriverVersion: 0.30.0, moz:headless: false, moz:processID: 23488, moz:profile: C:\Users\Sweta\AppData\Loca..., moz:shutdownTimeout: 60000, moz:useNonSpecCompliantPointerOrigin: false, moz:webdriverClick: true, pageLoadStrategy: normal, platform: WINDOWS, platformName: WINDOWS, platformVersion: 10.0, proxy: Proxy(), setWindowRect: true, strictFileInteractability: false, timeouts: {implicit: 0, pageLoad: 300000, script: 30000}, unhandledPromptBehavior: dismiss and notify}
Session ID: 16f9b367-c43f-4018-8634-e3bc83bdfc39
	at org.openqa.selenium.remote.http.W3CHttpResponseCodec.createException(W3CHttpResponseCodec.java:187)
	at org.openqa.selenium.remote.http.W3CHttpResponseCodec.decode(W3CHttpResponseCodec.java:122)
	at org.openqa.selenium.remote.http.W3CHttpResponseCodec.decode(W3CHttpResponseCodec.java:49)
	at org.openqa.selenium.remote.HttpCommandExecutor.execute(HttpCommandExecutor.java:158)
	at org.openqa.selenium.remote.service.DriverCommandExecutor.execute(DriverCommandExecutor.java:83)
	at org.openqa.selenium.remote.RemoteWebDriver.execute(RemoteWebDriver.java:552)
	at org.openqa.selenium.remote.RemoteWebDriver.get(RemoteWebDriver.java:277)
	at Careers_Test_case_Prod.Base_class.setupApplication(Base_class.java:71)
	at java.util.concurrent.ThreadPoolExecutor.runWorker(ThreadPoolExecutor.java:1149)
	at java.util.concurrent.ThreadPoolExecutor$Worker.run(ThreadPoolExecutor.java:624)
	at java.lang.Thread.run(Thread.java:748)
... Removed 16 stack frames]]>
    </failure>
  </testcase> <!-- @BeforeMethod setupApplication -->
  <testcase name="@AfterMethod tearDown" time="0.0" classname="Careers_Test_case_Prod.Footer">
    <skipped/>
  </testcase> <!-- @AfterMethod tearDown -->
  <testcase name="@BeforeMethod setupApplication" time="0.0" classname="Careers_Test_case_Prod.Footer">
    <skipped/>
  </testcase> <!-- @BeforeMethod setupApplication -->
  <testcase name="@AfterMethod tearDown" time="0.0" classname="Careers_Test_case_Prod.Footer">
    <skipped/>
  </testcase> <!-- @AfterMethod tearDown -->
  <testcase name="@BeforeMethod setupApplication" time="0.0" classname="Careers_Test_case_Prod.Footer">
    <skipped/>
  </testcase> <!-- @BeforeMethod setupApplication -->
  <testcase name="@AfterMethod tearDown" time="0.0" classname="Careers_Test_case_Prod.Footer">
    <skipped/>
  </testcase> <!-- @AfterMethod tearDown -->
  <testcase name="@BeforeMethod setupApplication" time="0.0" classname="Careers_Test_case_Prod.Footer">
    <skipped/>
  </testcase> <!-- @BeforeMethod setupApplication -->
  <testcase name="@AfterMethod tearDown" time="0.0" classname="Careers_Test_case_Prod.Footer">
    <skipped/>
  </testcase> <!-- @AfterMethod tearDown -->
  <testcase name="main" time="40.326" classname="AUW_Test_case_prod.AUW_CallUpdate"/>
  <testcase name="AboutUS" time="66.457" classname="AUW_Test_case_prod.AUW_AboutUS"/>
  <testcase name="main" time="86.09" classname="AUW_Test_case_prod.AUW_Intelligence_TC"/>
  <testcase name="AUW_Footer" time="81.997" classname="AUW_Test_case_prod.AUW_Footer_Prod"/>
  <testcase name="main" time="61.906" classname="AUW_Test_case_prod.AUW_Heartwood"/>
  <testcase name="main" time="41.027" classname="AUW_Test_case_prod.AUW_NJ_Update"/>
  <testcase name="main" time="42.264" classname="AUW_Test_case_prod.AUW_header_web_Prod"/>
  <testcase name="main" time="18.329" classname="AUW_Test_case_prod.AUW_PPP"/>
  <testcase name="Practices_AgentsBrokers" time="56.624" classname="AUW_Test_case_prod.Practices_AgentsBrokers"/>
  <testcase name="main" time="307.297" classname="AUW_Test_case_prod.AUW_Experience"/>
  <testcase name="LearnMore" time="15.346" classname="AUW_Global_Test_Cases_Prod.LearnMore_TC"/>
  <testcase name="HomePage" time="17.129" classname="AUW_Global_Test_Cases_Prod.Home_Page_TC"/>
  <testcase name="Practices_CustomerSeekingCoverage" time="231.911" classname="AUW_Test_case_prod.Practices_CustomerSeekingCoverage"/>
  <testcase name="Change_Language" time="3.172" classname="Promesa_Test_Case_Prod.Change_language"/>
  <testcase name="Footer_PrivacyPolicy" time="21.916" classname="Promesa_Test_Case_Prod.Footer"/>
  <testcase name="Footer_facebook" time="19.516" classname="Promesa_Test_Case_Prod.Footer"/>
  <testcase name="Footer_instagram" time="6.94" classname="Promesa_Test_Case_Prod.Footer"/>
  <testcase name="Footer_linkedin" time="7.168" classname="Promesa_Test_Case_Prod.Footer"/>
  <testcase name="Side_Heading_One" time="123.844" classname="Promesa_Test_Case_Prod.Pharmacy_search"/>
  <testcase name="Footer_twitter" time="9.296" classname="Promesa_Test_Case_Prod.Footer"/>
  <testcase name="Heading1" time="37.91" classname="MTL_Test_Cases_Prod.What_we_offer1_TC"/>
  <testcase name="More_offers" time="33.096" classname="MTL_Test_Cases_Prod.More_offers_TC"/>
  <testcase name="Heading10" time="39.42" classname="MTL_Test_Cases_Prod.What_we_offer1_TC"/>
  <testcase name="Footer" time="39.139" classname="MTL_Test_Cases_Prod.Home_URL"/>
  <testcase name="Heading11" time="51.415" classname="MTL_Test_Cases_Prod.What_we_offer1_TC"/>
  <testcase name="Heading2" time="36.039" classname="MTL_Test_Cases_Prod.What_we_offer1_TC"/>
  <testcase name="Heading" time="95.96" classname="MTL_Test_Cases_Prod.What_we_offer_URL_TC"/>
  <testcase name="Footer" time="16.73" classname="Speciality_underwriters_Test_Case_Prod.Contact_US_TC"/>
  <testcase name="Heading3" time="37.986" classname="MTL_Test_Cases_Prod.What_we_offer1_TC"/>
  <testcase name="Footer" time="10.041" classname="Speciality_underwriters_Test_Case_Prod.About_Us"/>
  <testcase name="Footer" time="35.772" classname="Speciality_underwriters_Test_Case_Prod.What_We_offer"/>
  <testcase name="Heading4" time="36.512" classname="MTL_Test_Cases_Prod.What_we_offer1_TC"/>
  <testcase name="Footer" time="21.733" classname="Speciality_underwriters_Test_Case_Prod.Home_TC"/>
  <testcase name="Heading5" time="36.651" classname="MTL_Test_Cases_Prod.What_we_offer1_TC"/>
  <testcase name="Heading6" time="36.174" classname="MTL_Test_Cases_Prod.What_we_offer1_TC"/>
  <testcase name="Heading7" time="36.386" classname="MTL_Test_Cases_Prod.What_we_offer1_TC"/>
  <testcase name="Heading8" time="37.088" classname="MTL_Test_Cases_Prod.What_we_offer1_TC"/>
  <testcase name="Heading9" time="36.651" classname="MTL_Test_Cases_Prod.What_we_offer1_TC"/>
  <testcase name="Footer" time="270.21" classname="AFL_Test_Case_Prod.What_We_offer_OutSideUs"/>
  <testcase name="Home_Page" time="116.003" classname="AFL_Test_Case_Prod.HomePage_TC"/>
  <testcase name="Footer" time="69.161" classname="AFL_Test_Case_Prod.Footer_TC"/>
  <testcase name="ContactUs_Page" time="23.892" classname="AFL_Test_Case_Prod.ContactUS_OutsideUS"/>
  <testcase name="main_Home_Page" time="18.002" classname="AFL_Test_Case_Prod.AboutUS_OutsideUS"/>
  <testcase name="HomePage_Header_login" time="8.182" classname="Credit_Global_Test_Cases_Prod.Forgot_Password"/>
  <testcase name="HomePage_Header_login" time="28.388" classname="Credit_Global_Test_Cases_Prod.What_we_Do_TC"/>
  <testcase name="HomePage_Header_ContactUS_btn" time="13.271" classname="Credit_Global_Test_Cases_Prod.Home_TC"/>
  <testcase name="main_Home_Page" time="20.18" classname="Adler_TestCases_Prod.Home"/>
  <testcase name="HomePage_Header_Our_approach" time="11.055" classname="Credit_Global_Test_Cases_Prod.Home_TC"/>
  <testcase name="HomePage_Header_What_weDo" time="7.113" classname="Credit_Global_Test_Cases_Prod.Home_TC"/>
  <testcase name="HomePage_Header_login" time="12.109" classname="Credit_Global_Test_Cases_Prod.Home_TC"/>
  <testcase name="AUW_Facebook" time="18.16" classname="Careers_Test_case_Prod.Footer"/>
  <testcase name="main_Home_Page" time="124.054" classname="Adler_TestCases_Prod.News"/>
  <testcase name="Footer" time="49.608" classname="Solution_one_Prod.Footer_Production"/>
  <testcase name="Footer_Facebook" time="25.55" classname="JumboGC_Test_case_prod.Header_footer"/>
  <testcase name="Footer_Instagram" time="25.587" classname="JumboGC_Test_case_prod.Header_footer"/>
  <testcase name="Footer_Privacy" time="35.988" classname="JumboGC_Test_case_prod.Header_footer"/>
  <testcase name="Footer_linkedIN" time="25.986" classname="JumboGC_Test_case_prod.Header_footer"/>
  <testcase name="Header_Login" time="20.267" classname="JumboGC_Test_case_prod.Header_footer">
    <failure type="java.lang.AssertionError" message="expected [https://www.appliedunderwriters.com/LoginWUO.aspx] but found [about:blank]">
      <![CDATA[java.lang.AssertionError: expected [https://www.appliedunderwriters.com/LoginWUO.aspx] but found [about:blank]
	at JumboGC_Pages.Home.Login(Home.java:147)
	at JumboGC_Test_case_prod.Header_footer.Header_Login(Header_footer.java:16)
	at java.util.concurrent.ThreadPoolExecutor.runWorker(ThreadPoolExecutor.java:1149)
	at java.util.concurrent.ThreadPoolExecutor$Worker.run(ThreadPoolExecutor.java:624)
	at java.lang.Thread.run(Thread.java:748)
... Removed 15 stack frames]]>
    </failure>
  </testcase> <!-- Header_Login -->
  <testcase name="AUW_Instagram" time="0.0" classname="Careers_Test_case_Prod.Footer">
    <skipped/>
  </testcase> <!-- AUW_Instagram -->
  <testcase name="AUW_Linkedin" time="0.0" classname="Careers_Test_case_Prod.Footer">
    <skipped/>
  </testcase> <!-- AUW_Linkedin -->
  <testcase name="AUW_Policy" time="0.0" classname="Careers_Test_case_Prod.Footer">
    <skipped/>
  </testcase> <!-- AUW_Policy -->
  <testcase name="AUW_twitter" time="0.001" classname="Careers_Test_case_Prod.Footer">
    <skipped/>
  </testcase> <!-- AUW_twitter -->
  <testcase name="Home_page" time="32.235" classname="Warranty_Test_Case_Prod.About_US"/>
  <testcase name="partner" time="11.228" classname="Warranty_Test_Case_Prod.Partner_With_US"/>
  <testcase name="ContactUS" time="40.601" classname="Warranty_Test_Case_Prod.Contact_US"/>
  <testcase name="Partner1" time="73.536" classname="Warranty_Test_Case_Prod.Our_Partner"/>
  <testcase name="Partner2" time="72.06" classname="Warranty_Test_Case_Prod.Our_Partner"/>
  <testcase name="Partner3" time="75.969" classname="Warranty_Test_Case_Prod.Our_Partner"/>
  <testcase name="Home_page" time="270.083" classname="Warranty_Test_Case_Prod.HomePage_Testcase"/>
  <testcase name="Partner4" time="71.014" classname="Warranty_Test_Case_Prod.Our_Partner"/>
  <testcase name="HomePage" time="67.359" classname="Casuality_Prod_TC.Home_page"/>
  <testcase name="Partner5" time="69.371" classname="Warranty_Test_Case_Prod.Our_Partner"/>
  <testcase name="HomePage" time="57.957" classname="Casuality_Prod_TC.Menu_About_US"/>
  <testcase name="HomePage" time="22.486" classname="Casuality_Prod_TC.Menu_Contact_Us"/>
  <testcase name="Partner6" time="73.012" classname="Warranty_Test_Case_Prod.Our_Partner"/>
  <testcase name="Carriers" time="34.512" classname="Casuality_Prod_TC.Menu_Our_Carriers"/>
  <testcase name="HomePage" time="55.966" classname="Casuality_Prod_TC.Menu_Press_Room"/>
  <testcase name="main_Home_Page" time="48.53" classname="Pinnacle_Test_Cases_Production.HomePage_TC"/>
  <testcase name="WhatsNew" time="90.039" classname="Pinnacle_Test_Cases_Production.WatsNew"/>
</testsuite> <!-- Firefox_Prod -->
