<?xml version="1.0" encoding="UTF-8"?>
<!-- Generated by org.testng.reporters.JUnitXMLReporter -->
<testsuite hostname="DESKTOP-N7K85DJ" name="MTL_Prod_FF" tests="14" failures="0" timestamp="4 Feb 2022 12:46:15 GMT" time="671.938" errors="0">
  <testcase name="Footer" time="39.024" classname="MTL_Test_Cases_Prod.Home_URL"/>
  <testcase name="Heading1" time="32.128" classname="MTL_Test_Cases_Prod.What_we_offer1_TC"/>
  <testcase name="Heading10" time="35.372" classname="MTL_Test_Cases_Prod.What_we_offer1_TC"/>
  <testcase name="Heading11" time="50.166" classname="MTL_Test_Cases_Prod.What_we_offer1_TC"/>
  <testcase name="Heading2" time="35.162" classname="MTL_Test_Cases_Prod.What_we_offer1_TC"/>
  <testcase name="Heading3" time="35.339" classname="MTL_Test_Cases_Prod.What_we_offer1_TC"/>
  <testcase name="Heading4" time="35.23" classname="MTL_Test_Cases_Prod.What_we_offer1_TC"/>
  <testcase name="Heading5" time="35.233" classname="MTL_Test_Cases_Prod.What_we_offer1_TC"/>
  <testcase name="Heading6" time="36.687" classname="MTL_Test_Cases_Prod.What_we_offer1_TC"/>
  <testcase name="Heading7" time="35.218" classname="MTL_Test_Cases_Prod.What_we_offer1_TC"/>
  <testcase name="Heading8" time="35.341" classname="MTL_Test_Cases_Prod.What_we_offer1_TC"/>
  <testcase name="Heading9" time="35.181" classname="MTL_Test_Cases_Prod.What_we_offer1_TC"/>
  <testcase name="More_offers" time="31.474" classname="MTL_Test_Cases_Prod.More_offers_TC"/>
  <testcase name="Heading" time="77.406" classname="MTL_Test_Cases_Prod.What_we_offer_URL_TC"/>
</testsuite> <!-- MTL_Prod_FF -->
