<?xml version="1.0" encoding="UTF-8"?>
<!-- Generated by org.testng.reporters.JUnitXMLReporter -->
<testsuite hostname="DESKTOP-N7K85DJ" name="MTL_Prod_FF" tests="14" failures="0" timestamp="14 Feb 2022 15:05:18 GMT" time="709.783" errors="0">
  <testcase name="Footer" time="38.458" classname="MTL_Test_Cases_Prod.Home_URL"/>
  <testcase name="Heading1" time="32.775" classname="MTL_Test_Cases_Prod.What_we_offer1_TC"/>
  <testcase name="Heading10" time="36.426" classname="MTL_Test_Cases_Prod.What_we_offer1_TC"/>
  <testcase name="Heading11" time="51.476" classname="MTL_Test_Cases_Prod.What_we_offer1_TC"/>
  <testcase name="Heading2" time="35.692" classname="MTL_Test_Cases_Prod.What_we_offer1_TC"/>
  <testcase name="Heading3" time="36.894" classname="MTL_Test_Cases_Prod.What_we_offer1_TC"/>
  <testcase name="Heading4" time="35.78" classname="MTL_Test_Cases_Prod.What_we_offer1_TC"/>
  <testcase name="Heading5" time="35.64" classname="MTL_Test_Cases_Prod.What_we_offer1_TC"/>
  <testcase name="Heading6" time="36.366" classname="MTL_Test_Cases_Prod.What_we_offer1_TC"/>
  <testcase name="Heading7" time="36.698" classname="MTL_Test_Cases_Prod.What_we_offer1_TC"/>
  <testcase name="Heading8" time="35.877" classname="MTL_Test_Cases_Prod.What_we_offer1_TC"/>
  <testcase name="Heading9" time="35.651" classname="MTL_Test_Cases_Prod.What_we_offer1_TC"/>
  <testcase name="More_offers" time="31.816" classname="MTL_Test_Cases_Prod.More_offers_TC"/>
  <testcase name="Heading" time="78.855" classname="MTL_Test_Cases_Prod.What_we_offer_URL_TC"/>
</testsuite> <!-- MTL_Prod_FF -->
