<?xml version="1.0" encoding="UTF-8"?>
<!-- Generated by org.testng.reporters.JUnitXMLReporter -->
<testsuite hostname="DESKTOP-N7K85DJ" name="Promesa_Chrome" tests="10" failures="0" timestamp="10 Feb 2022 16:37:50 GMT" time="316.869" errors="0">
  <testcase name="Side_Heading_One" time="29.802" classname="Promesa_Test_Case_Prod.Side_Heading_One"/>
  <testcase name="Siheading_2" time="16.776" classname="Promesa_Test_Case_Prod.Side_Heading_Two"/>
  <testcase name="Siheading_2" time="23.181" classname="Promesa_Test_Case_Prod.FAQ"/>
  <testcase name="Footer_PrivacyPolicy" time="20.139" classname="Promesa_Test_Case_Prod.Footer"/>
  <testcase name="Footer_facebook" time="19.373" classname="Promesa_Test_Case_Prod.Footer"/>
  <testcase name="Footer_instagram" time="7.038" classname="Promesa_Test_Case_Prod.Footer"/>
  <testcase name="Footer_linkedin" time="6.559" classname="Promesa_Test_Case_Prod.Footer"/>
  <testcase name="Footer_twitter" time="8.575" classname="Promesa_Test_Case_Prod.Footer"/>
  <testcase name="Change_Language" time="1.907" classname="Promesa_Test_Case_Prod.Change_language"/>
  <testcase name="Side_Heading_One" time="124.114" classname="Promesa_Test_Case_Prod.Pharmacy_search"/>
</testsuite> <!-- Promesa_Chrome -->
