<?xml version="1.0" encoding="UTF-8"?>
<!-- Generated by org.testng.reporters.JUnitXMLReporter -->
<testsuite hostname="DESKTOP-N7K85DJ" name="Promesa_Firefox" tests="7" failures="0" timestamp="10 Feb 2022 16:32:33 GMT" time="269.42" errors="0">
  <testcase name="Change_Language" time="3.524" classname="Promesa_Test_Case_Prod.Change_language"/>
  <testcase name="Footer_PrivacyPolicy" time="20.333" classname="Promesa_Test_Case_Prod.Footer"/>
  <testcase name="Footer_facebook" time="19.187" classname="Promesa_Test_Case_Prod.Footer"/>
  <testcase name="Footer_instagram" time="6.677" classname="Promesa_Test_Case_Prod.Footer"/>
  <testcase name="Footer_linkedin" time="6.133" classname="Promesa_Test_Case_Prod.Footer"/>
  <testcase name="Footer_twitter" time="10.952" classname="Promesa_Test_Case_Prod.Footer"/>
  <testcase name="Side_Heading_One" time="123.708" classname="Promesa_Test_Case_Prod.Pharmacy_search"/>
</testsuite> <!-- Promesa_Firefox -->
