<?xml version="1.0" encoding="UTF-8"?>
<!-- Generated by org.testng.reporters.JUnitXMLReporter -->
<testsuite hostname="DESKTOP-N7K85DJ" name="Warranty_firefox_Prod" tests="10" failures="0" timestamp="10 Mar 2022 15:19:57 GMT" time="825.992" errors="0">
  <testcase name="Home_page" time="32.19" classname="Warranty_Test_Case_Prod.About_US"/>
  <testcase name="ContactUS" time="39.276" classname="Warranty_Test_Case_Prod.Contact_US"/>
  <testcase name="partner" time="10.821" classname="Warranty_Test_Case_Prod.Partner_With_US"/>
  <testcase name="Home_page" time="259.483" classname="Warranty_Test_Case_Prod.HomePage_Testcase"/>
  <testcase name="Partner1" time="66.345" classname="Warranty_Test_Case_Prod.Our_Partner"/>
  <testcase name="Partner2" time="66.695" classname="Warranty_Test_Case_Prod.Our_Partner"/>
  <testcase name="Partner3" time="66.096" classname="Warranty_Test_Case_Prod.Our_Partner"/>
  <testcase name="Partner4" time="68.229" classname="Warranty_Test_Case_Prod.Our_Partner"/>
  <testcase name="Partner5" time="66.292" classname="Warranty_Test_Case_Prod.Our_Partner"/>
  <testcase name="Partner6" time="65.988" classname="Warranty_Test_Case_Prod.Our_Partner"/>
</testsuite> <!-- Warranty_firefox_Prod -->
