<?xml version="1.0" encoding="UTF-8"?>
<!-- Generated by org.testng.reporters.JUnitXMLReporter -->
<testsuite hostname="DESKTOP-N7K85DJ" name="Warranty_FF_Dev" tests="11" failures="0" timestamp="9 Feb 2022 17:11:13 GMT" time="555.339" errors="0">
  <testcase name="Home_page" time="32.243" classname="Warranty_Test_Case_Dev.About_US"/>
  <testcase name="ContactUS" time="46.507" classname="Warranty_Test_Case_Dev.Contact_US"/>
  <testcase name="partner" time="12.334" classname="Warranty_Test_Case_Dev.Partner_With_US"/>
  <testcase name="Partner1" time="76.101" classname="Warranty_Test_Case_Dev.Our_Partner"/>
  <testcase name="NewsEvents" time="125.621" classname="Warranty_Test_Case_Dev.NewsEvents"/>
  <testcase name="Partner2" time="74.157" classname="Warranty_Test_Case_Dev.Our_Partner"/>
  <testcase name="Home_page" time="275.51" classname="Warranty_Test_Case_Dev.HomePage_Testcase"/>
  <testcase name="Partner3" time="70.331" classname="Warranty_Test_Case_Dev.Our_Partner"/>
  <testcase name="Partner4" time="69.934" classname="Warranty_Test_Case_Dev.Our_Partner"/>
  <testcase name="Partner5" time="68.184" classname="Warranty_Test_Case_Dev.Our_Partner"/>
  <testcase name="Partner6" time="68.845" classname="Warranty_Test_Case_Dev.Our_Partner"/>
</testsuite> <!-- Warranty_FF_Dev -->
