<?xml version="1.0" encoding="UTF-8"?>
<!-- Generated by org.testng.reporters.JUnitXMLReporter -->
<testsuite hostname="DESKTOP-N7K85DJ" name="Warranty_chrome_Prod" tests="10" failures="0" timestamp="7 Apr 2022 18:34:40 GMT" time="757.251" errors="0">
  <testcase name="Home_page" time="31.908" classname="Warranty_Test_Case_Prod.About_US"/>
  <testcase name="ContactUS" time="36.695" classname="Warranty_Test_Case_Prod.Contact_US"/>
  <testcase name="partner" time="10.751" classname="Warranty_Test_Case_Prod.Partner_With_US"/>
  <testcase name="Home_page" time="254.403" classname="Warranty_Test_Case_Prod.HomePage_Testcase"/>
  <testcase name="Partner1" time="60.978" classname="Warranty_Test_Case_Prod.Our_Partner"/>
  <testcase name="Partner2" time="61.564" classname="Warranty_Test_Case_Prod.Our_Partner"/>
  <testcase name="Partner3" time="61.717" classname="Warranty_Test_Case_Prod.Our_Partner"/>
  <testcase name="Partner4" time="62.836" classname="Warranty_Test_Case_Prod.Our_Partner"/>
  <testcase name="Partner5" time="62.901" classname="Warranty_Test_Case_Prod.Our_Partner"/>
  <testcase name="Partner6" time="61.207" classname="Warranty_Test_Case_Prod.Our_Partner"/>
</testsuite> <!-- Warranty_chrome_Prod -->
