<?xml version="1.0" encoding="UTF-8"?>
<!-- Generated by org.testng.reporters.JUnitXMLReporter -->
<testsuite hostname="DESKTOP-N7K85DJ" name="Warranty_firefox_Prod" tests="10" failures="6" timestamp="3 May 2022 14:44:10 GMT" time="704.148" errors="0">
  <testcase name="Home_page" time="23.809" classname="Warranty_Test_Case_Prod.About_US">
    <failure type="org.openqa.selenium.ElementNotInteractableException" message="Element &amp;lt;p class=&amp;quot;jss108 jss11 false&amp;quot;&amp;gt; could not be scrolled into view
Build info: version: &amp;apos;3.141.59&amp;apos;, revision: &amp;apos;e82be7d358&amp;apos;, time: &amp;apos;2018-11-14T08:17:03&amp;apos;
System info: host: &amp;apos;DESKTOP-N7K85DJ&amp;apos;, ip: &amp;apos;192.168.1.2&amp;apos;, os.name: &amp;apos;Windows 10&amp;apos;, os.arch: &amp;apos;amd64&amp;apos;, os.version: &amp;apos;10.0&amp;apos;, java.version: &amp;apos;1.8.0_291&amp;apos;
Driver info: org.openqa.selenium.firefox.FirefoxDriver
Capabilities {acceptInsecureCerts: true, browserName: firefox, browserVersion: 99.0, javascriptEnabled: true, moz:accessibilityChecks: false, moz:buildID: 20220330194208, moz:geckodriverVersion: 0.30.0, moz:headless: false, moz:processID: 23240, moz:profile: C:\Users\Sweta\AppData\Loca..., moz:shutdownTimeout: 60000, moz:useNonSpecCompliantPointerOrigin: false, moz:webdriverClick: true, pageLoadStrategy: normal, platform: WINDOWS, platformName: WINDOWS, platformVersion: 10.0, proxy: Proxy(), setWindowRect: true, strictFileInteractability: false, timeouts: {implicit: 0, pageLoad: 300000, script: 30000}, unhandledPromptBehavior: dismiss and notify}
Session ID: e4d203ad-f4ff-422d-abb3-1335b7fd92ca">
      <![CDATA[org.openqa.selenium.ElementNotInteractableException: Element <p class="jss108 jss11 false"> could not be scrolled into view
Build info: version: '3.141.59', revision: 'e82be7d358', time: '2018-11-14T08:17:03'
System info: host: 'DESKTOP-N7K85DJ', ip: '192.168.1.2', os.name: 'Windows 10', os.arch: 'amd64', os.version: '10.0', java.version: '1.8.0_291'
Driver info: org.openqa.selenium.firefox.FirefoxDriver
Capabilities {acceptInsecureCerts: true, browserName: firefox, browserVersion: 99.0, javascriptEnabled: true, moz:accessibilityChecks: false, moz:buildID: 20220330194208, moz:geckodriverVersion: 0.30.0, moz:headless: false, moz:processID: 23240, moz:profile: C:\Users\Sweta\AppData\Loca..., moz:shutdownTimeout: 60000, moz:useNonSpecCompliantPointerOrigin: false, moz:webdriverClick: true, pageLoadStrategy: normal, platform: WINDOWS, platformName: WINDOWS, platformVersion: 10.0, proxy: Proxy(), setWindowRect: true, strictFileInteractability: false, timeouts: {implicit: 0, pageLoad: 300000, script: 30000}, unhandledPromptBehavior: dismiss and notify}
Session ID: e4d203ad-f4ff-422d-abb3-1335b7fd92ca
	at org.openqa.selenium.remote.http.W3CHttpResponseCodec.createException(W3CHttpResponseCodec.java:187)
	at org.openqa.selenium.remote.http.W3CHttpResponseCodec.decode(W3CHttpResponseCodec.java:122)
	at org.openqa.selenium.remote.http.W3CHttpResponseCodec.decode(W3CHttpResponseCodec.java:49)
	at org.openqa.selenium.remote.HttpCommandExecutor.execute(HttpCommandExecutor.java:158)
	at org.openqa.selenium.remote.service.DriverCommandExecutor.execute(DriverCommandExecutor.java:83)
	at org.openqa.selenium.remote.RemoteWebDriver.execute(RemoteWebDriver.java:552)
	at org.openqa.selenium.remote.RemoteWebElement.execute(RemoteWebElement.java:285)
	at org.openqa.selenium.remote.RemoteWebElement.click(RemoteWebElement.java:84)
	at Warranty_Page.About_us_page.Affiliates(About_us_page.java:95)
	at Warranty_Test_Case_Prod.About_US.Home_page(About_US.java:23)
... Removed 28 stack frames]]>
    </failure>
  </testcase> <!-- Home_page -->
  <testcase name="ContactUS" time="50.515" classname="Warranty_Test_Case_Prod.Contact_US"/>
  <testcase name="partner" time="12.059" classname="Warranty_Test_Case_Prod.Partner_With_US"/>
  <testcase name="Home_page" time="296.793" classname="Warranty_Test_Case_Prod.HomePage_Testcase"/>
  <testcase name="Partner1" time="78.956" classname="Warranty_Test_Case_Prod.Our_Partner"/>
  <testcase name="Partner2" time="17.795" classname="Warranty_Test_Case_Prod.Our_Partner">
    <failure type="java.lang.AssertionError" message="expected [Portable Electronics Insurance] but found []">
      <![CDATA[java.lang.AssertionError: expected [Portable Electronics Insurance] but found []
	at Warranty_Page.Our_Partners_page.Partner2(Our_Partners_page.java:111)
	at Warranty_Test_Case_Prod.Our_Partner.Partner2(Our_Partner.java:32)
... Removed 29 stack frames]]>
    </failure>
  </testcase> <!-- Partner2 -->
  <testcase name="Partner3" time="18.141" classname="Warranty_Test_Case_Prod.Our_Partner">
    <failure type="java.lang.AssertionError" message="expected [Travel Insurance] but found []">
      <![CDATA[java.lang.AssertionError: expected [Travel Insurance] but found []
	at Warranty_Page.Our_Partners_page.Partner3(Our_Partners_page.java:151)
	at Warranty_Test_Case_Prod.Our_Partner.Partner3(Our_Partner.java:44)
... Removed 29 stack frames]]>
    </failure>
  </testcase> <!-- Partner3 -->
  <testcase name="Partner4" time="19.799" classname="Warranty_Test_Case_Prod.Our_Partner">
    <failure type="java.lang.AssertionError" message="expected [Event Ticket Protection] but found []">
      <![CDATA[java.lang.AssertionError: expected [Event Ticket Protection] but found []
	at Warranty_Page.Our_Partners_page.Partner4(Our_Partners_page.java:191)
	at Warranty_Test_Case_Prod.Our_Partner.Partner4(Our_Partner.java:56)
... Removed 29 stack frames]]>
    </failure>
  </testcase> <!-- Partner4 -->
  <testcase name="Partner5" time="19.929" classname="Warranty_Test_Case_Prod.Our_Partner">
    <failure type="org.openqa.selenium.ElementNotInteractableException" message="Element &amp;lt;img class=&amp;quot;blog-image jss120 jss129 jss10&amp;quot; src=&amp;quot;https://cdn.media.amplience.net/i/auw/Auto Dealership Program&amp;quot;&amp;gt; could not be scrolled into view
Build info: version: &amp;apos;3.141.59&amp;apos;, revision: &amp;apos;e82be7d358&amp;apos;, time: &amp;apos;2018-11-14T08:17:03&amp;apos;
System info: host: &amp;apos;DESKTOP-N7K85DJ&amp;apos;, ip: &amp;apos;192.168.1.2&amp;apos;, os.name: &amp;apos;Windows 10&amp;apos;, os.arch: &amp;apos;amd64&amp;apos;, os.version: &amp;apos;10.0&amp;apos;, java.version: &amp;apos;1.8.0_291&amp;apos;
Driver info: org.openqa.selenium.firefox.FirefoxDriver
Capabilities {acceptInsecureCerts: true, browserName: firefox, browserVersion: 99.0, javascriptEnabled: true, moz:accessibilityChecks: false, moz:buildID: 20220330194208, moz:geckodriverVersion: 0.30.0, moz:headless: false, moz:processID: 27184, moz:profile: C:\Users\Sweta\AppData\Loca..., moz:shutdownTimeout: 60000, moz:useNonSpecCompliantPointerOrigin: false, moz:webdriverClick: true, pageLoadStrategy: normal, platform: WINDOWS, platformName: WINDOWS, platformVersion: 10.0, proxy: Proxy(), setWindowRect: true, strictFileInteractability: false, timeouts: {implicit: 0, pageLoad: 300000, script: 30000}, unhandledPromptBehavior: dismiss and notify}
Session ID: 8916f41e-875c-41b7-af26-8a94baf0e23a">
      <![CDATA[org.openqa.selenium.ElementNotInteractableException: Element <img class="blog-image jss120 jss129 jss10" src="https://cdn.media.amplience.net/i/auw/Auto Dealership Program"> could not be scrolled into view
Build info: version: '3.141.59', revision: 'e82be7d358', time: '2018-11-14T08:17:03'
System info: host: 'DESKTOP-N7K85DJ', ip: '192.168.1.2', os.name: 'Windows 10', os.arch: 'amd64', os.version: '10.0', java.version: '1.8.0_291'
Driver info: org.openqa.selenium.firefox.FirefoxDriver
Capabilities {acceptInsecureCerts: true, browserName: firefox, browserVersion: 99.0, javascriptEnabled: true, moz:accessibilityChecks: false, moz:buildID: 20220330194208, moz:geckodriverVersion: 0.30.0, moz:headless: false, moz:processID: 27184, moz:profile: C:\Users\Sweta\AppData\Loca..., moz:shutdownTimeout: 60000, moz:useNonSpecCompliantPointerOrigin: false, moz:webdriverClick: true, pageLoadStrategy: normal, platform: WINDOWS, platformName: WINDOWS, platformVersion: 10.0, proxy: Proxy(), setWindowRect: true, strictFileInteractability: false, timeouts: {implicit: 0, pageLoad: 300000, script: 30000}, unhandledPromptBehavior: dismiss and notify}
Session ID: 8916f41e-875c-41b7-af26-8a94baf0e23a
	at org.openqa.selenium.remote.http.W3CHttpResponseCodec.createException(W3CHttpResponseCodec.java:187)
	at org.openqa.selenium.remote.http.W3CHttpResponseCodec.decode(W3CHttpResponseCodec.java:122)
	at org.openqa.selenium.remote.http.W3CHttpResponseCodec.decode(W3CHttpResponseCodec.java:49)
	at org.openqa.selenium.remote.HttpCommandExecutor.execute(HttpCommandExecutor.java:158)
	at org.openqa.selenium.remote.service.DriverCommandExecutor.execute(DriverCommandExecutor.java:83)
	at org.openqa.selenium.remote.RemoteWebDriver.execute(RemoteWebDriver.java:552)
	at org.openqa.selenium.remote.RemoteWebElement.execute(RemoteWebElement.java:285)
	at org.openqa.selenium.remote.RemoteWebElement.click(RemoteWebElement.java:84)
	at Warranty_Page.Our_Partners_page.card1(Our_Partners_page.java:303)
	at Warranty_Test_Case_Prod.Our_Partner.Partner5(Our_Partner.java:73)
... Removed 28 stack frames]]>
    </failure>
  </testcase> <!-- Partner5 -->
  <testcase name="Partner6" time="20.94" classname="Warranty_Test_Case_Prod.Our_Partner">
    <failure type="java.lang.AssertionError" message="expected [Auto Dealership Programs] but found []">
      <![CDATA[java.lang.AssertionError: expected [Auto Dealership Programs] but found []
	at Warranty_Page.Our_Partners_page.Partner6(Our_Partners_page.java:271)
	at Warranty_Test_Case_Prod.Our_Partner.Partner6(Our_Partner.java:86)
... Removed 29 stack frames]]>
    </failure>
  </testcase> <!-- Partner6 -->
</testsuite> <!-- Warranty_firefox_Prod -->
