<?xml version="1.0" encoding="UTF-8"?>
<!-- Generated by org.testng.reporters.JUnitXMLReporter -->
<testsuite hostname="DESKTOP-N7K85DJ" name="Warranty_FF_Dev" tests="11" failures="0" timestamp="11 Feb 2022 14:03:16 GMT" time="656.473" errors="0">
  <testcase name="Home_page" time="32.514" classname="Warranty_Test_Case_Dev.About_US"/>
  <testcase name="ContactUS" time="48.909" classname="Warranty_Test_Case_Dev.Contact_US"/>
  <testcase name="partner" time="12.354" classname="Warranty_Test_Case_Dev.Partner_With_US"/>
  <testcase name="Partner1" time="99.164" classname="Warranty_Test_Case_Dev.Our_Partner"/>
  <testcase name="NewsEvents" time="144.032" classname="Warranty_Test_Case_Dev.NewsEvents"/>
  <testcase name="Partner2" time="86.536" classname="Warranty_Test_Case_Dev.Our_Partner"/>
  <testcase name="Home_page" time="298.999" classname="Warranty_Test_Case_Dev.HomePage_Testcase"/>
  <testcase name="Partner3" time="72.408" classname="Warranty_Test_Case_Dev.Our_Partner"/>
  <testcase name="Partner4" time="71.205" classname="Warranty_Test_Case_Dev.Our_Partner"/>
  <testcase name="Partner5" time="73.145" classname="Warranty_Test_Case_Dev.Our_Partner"/>
  <testcase name="Partner6" time="68.965" classname="Warranty_Test_Case_Dev.Our_Partner"/>
</testsuite> <!-- Warranty_FF_Dev -->
