<?xml version="1.0" encoding="UTF-8"?>
<!-- Generated by org.testng.reporters.JUnitXMLReporter -->
<testsuite hostname="DESKTOP-N7K85DJ" name="Warranty_chrome_Prod" tests="10" failures="0" timestamp="11 Jan 2022 15:06:02 GMT" time="776.039" errors="0">
  <testcase name="Home_page" time="31.906" classname="Warranty_Test_Case_Prod.About_US"/>
  <testcase name="ContactUS" time="39.505" classname="Warranty_Test_Case_Prod.Contact_US"/>
  <testcase name="partner" time="11.172" classname="Warranty_Test_Case_Prod.Partner_With_US"/>
  <testcase name="Home_page" time="260.637" classname="Warranty_Test_Case_Prod.HomePage_Testcase"/>
  <testcase name="Partner1" time="61.051" classname="Warranty_Test_Case_Prod.Our_Partner"/>
  <testcase name="Partner2" time="62.272" classname="Warranty_Test_Case_Prod.Our_Partner"/>
  <testcase name="Partner3" time="61.67" classname="Warranty_Test_Case_Prod.Our_Partner"/>
  <testcase name="Partner4" time="67.046" classname="Warranty_Test_Case_Prod.Our_Partner"/>
  <testcase name="Partner5" time="64.391" classname="Warranty_Test_Case_Prod.Our_Partner"/>
  <testcase name="Partner6" time="67.783" classname="Warranty_Test_Case_Prod.Our_Partner"/>
</testsuite> <!-- Warranty_chrome_Prod -->
