<?xml version="1.0" encoding="UTF-8"?>
<!-- Generated by org.testng.reporters.JUnitXMLReporter -->
<testsuite hostname="DESKTOP-N7K85DJ" name="Warranty_chrome_Dev" tests="11" failures="0" timestamp="16 Feb 2022 15:04:14 GMT" time="595.456" errors="0">
  <testcase name="Home_page" time="37.833" classname="Warranty_Test_Case_Dev.About_US"/>
  <testcase name="ContactUS" time="53.906" classname="Warranty_Test_Case_Dev.Contact_US"/>
  <testcase name="partner" time="13.834" classname="Warranty_Test_Case_Dev.Partner_With_US"/>
  <testcase name="Partner1" time="81.385" classname="Warranty_Test_Case_Dev.Our_Partner"/>
  <testcase name="Partner2" time="86.53" classname="Warranty_Test_Case_Dev.Our_Partner"/>
  <testcase name="NewsEvents" time="144.7" classname="Warranty_Test_Case_Dev.NewsEvents"/>
  <testcase name="Home_page" time="322.725" classname="Warranty_Test_Case_Dev.HomePage_Testcase"/>
  <testcase name="Partner3" time="72.775" classname="Warranty_Test_Case_Dev.Our_Partner"/>
  <testcase name="Partner4" time="70.093" classname="Warranty_Test_Case_Dev.Our_Partner"/>
  <testcase name="Partner5" time="68.096" classname="Warranty_Test_Case_Dev.Our_Partner"/>
  <testcase name="Partner6" time="67.009" classname="Warranty_Test_Case_Dev.Our_Partner"/>
</testsuite> <!-- Warranty_chrome_Dev -->
