<?xml version="1.0" encoding="UTF-8"?>
<!-- Generated by org.testng.reporters.JUnitXMLReporter -->
<testsuite hostname="DESKTOP-N7K85DJ" name="Warranty_FF_Dev" tests="11" failures="1" timestamp="4 Apr 2022 07:43:46 GMT" time="579.829" errors="0">
  <testcase name="Home_page" time="35.121" classname="Warranty_Test_Case_Dev.About_US"/>
  <testcase name="ContactUS" time="48.128" classname="Warranty_Test_Case_Dev.Contact_US"/>
  <testcase name="partner" time="11.87" classname="Warranty_Test_Case_Dev.Partner_With_US"/>
  <testcase name="NewsEvents" time="32.258" classname="Warranty_Test_Case_Dev.NewsEvents">
    <failure type="org.openqa.selenium.ElementClickInterceptedException" message="Element &amp;lt;h3 class=&amp;quot;jss285&amp;quot;&amp;gt; is not clickable at point (867,100) because another element &amp;lt;div id=&amp;quot;translucent-desktop-menu&amp;quot; class=&amp;quot;jss208&amp;quot;&amp;gt; obscures it
Build info: version: &amp;apos;3.141.59&amp;apos;, revision: &amp;apos;e82be7d358&amp;apos;, time: &amp;apos;2018-11-14T08:17:03&amp;apos;
System info: host: &amp;apos;DESKTOP-N7K85DJ&amp;apos;, ip: &amp;apos;192.168.1.2&amp;apos;, os.name: &amp;apos;Windows 10&amp;apos;, os.arch: &amp;apos;amd64&amp;apos;, os.version: &amp;apos;10.0&amp;apos;, java.version: &amp;apos;1.8.0_291&amp;apos;
Driver info: org.openqa.selenium.firefox.FirefoxDriver
Capabilities {acceptInsecureCerts: true, browserName: firefox, browserVersion: 96.0.3, javascriptEnabled: true, moz:accessibilityChecks: false, moz:buildID: 20220126154723, moz:geckodriverVersion: 0.30.0, moz:headless: false, moz:processID: 29568, moz:profile: C:\Users\Sweta\AppData\Loca..., moz:shutdownTimeout: 60000, moz:useNonSpecCompliantPointerOrigin: false, moz:webdriverClick: true, pageLoadStrategy: normal, platform: WINDOWS, platformName: WINDOWS, platformVersion: 10.0, proxy: Proxy(), setWindowRect: true, strictFileInteractability: false, timeouts: {implicit: 0, pageLoad: 300000, script: 30000}, unhandledPromptBehavior: dismiss and notify}
Session ID: f02dfa92-fc1b-411f-b01f-219bf32c7162">
      <![CDATA[org.openqa.selenium.ElementClickInterceptedException: Element <h3 class="jss285"> is not clickable at point (867,100) because another element <div id="translucent-desktop-menu" class="jss208"> obscures it
Build info: version: '3.141.59', revision: 'e82be7d358', time: '2018-11-14T08:17:03'
System info: host: 'DESKTOP-N7K85DJ', ip: '192.168.1.2', os.name: 'Windows 10', os.arch: 'amd64', os.version: '10.0', java.version: '1.8.0_291'
Driver info: org.openqa.selenium.firefox.FirefoxDriver
Capabilities {acceptInsecureCerts: true, browserName: firefox, browserVersion: 96.0.3, javascriptEnabled: true, moz:accessibilityChecks: false, moz:buildID: 20220126154723, moz:geckodriverVersion: 0.30.0, moz:headless: false, moz:processID: 29568, moz:profile: C:\Users\Sweta\AppData\Loca..., moz:shutdownTimeout: 60000, moz:useNonSpecCompliantPointerOrigin: false, moz:webdriverClick: true, pageLoadStrategy: normal, platform: WINDOWS, platformName: WINDOWS, platformVersion: 10.0, proxy: Proxy(), setWindowRect: true, strictFileInteractability: false, timeouts: {implicit: 0, pageLoad: 300000, script: 30000}, unhandledPromptBehavior: dismiss and notify}
Session ID: f02dfa92-fc1b-411f-b01f-219bf32c7162
	at org.openqa.selenium.remote.http.W3CHttpResponseCodec.createException(W3CHttpResponseCodec.java:187)
	at org.openqa.selenium.remote.http.W3CHttpResponseCodec.decode(W3CHttpResponseCodec.java:122)
	at org.openqa.selenium.remote.http.W3CHttpResponseCodec.decode(W3CHttpResponseCodec.java:49)
	at org.openqa.selenium.remote.HttpCommandExecutor.execute(HttpCommandExecutor.java:158)
	at org.openqa.selenium.remote.service.DriverCommandExecutor.execute(DriverCommandExecutor.java:83)
	at org.openqa.selenium.remote.RemoteWebDriver.execute(RemoteWebDriver.java:552)
	at org.openqa.selenium.remote.RemoteWebElement.execute(RemoteWebElement.java:285)
	at org.openqa.selenium.remote.RemoteWebElement.click(RemoteWebElement.java:84)
	at Warranty_Page.NewsEvents_Page.Image2(NewsEvents_Page.java:119)
	at Warranty_Test_Case_Dev.NewsEvents.NewsEvents(NewsEvents.java:17)
	at java.util.concurrent.ThreadPoolExecutor.runWorker(ThreadPoolExecutor.java:1149)
	at java.util.concurrent.ThreadPoolExecutor$Worker.run(ThreadPoolExecutor.java:624)
	at java.lang.Thread.run(Thread.java:748)
... Removed 14 stack frames]]>
    </failure>
  </testcase> <!-- NewsEvents -->
  <testcase name="Partner1" time="73.956" classname="Warranty_Test_Case_Dev.Our_Partner"/>
  <testcase name="Partner2" time="74.393" classname="Warranty_Test_Case_Dev.Our_Partner"/>
  <testcase name="Home_page" time="277.208" classname="Warranty_Test_Case_Dev.HomePage_Testcase"/>
  <testcase name="Partner3" time="69.499" classname="Warranty_Test_Case_Dev.Our_Partner"/>
  <testcase name="Partner4" time="69.66" classname="Warranty_Test_Case_Dev.Our_Partner"/>
  <testcase name="Partner5" time="70.296" classname="Warranty_Test_Case_Dev.Our_Partner"/>
  <testcase name="Partner6" time="70.429" classname="Warranty_Test_Case_Dev.Our_Partner"/>
</testsuite> <!-- Warranty_FF_Dev -->
