<?xml version="1.0" encoding="UTF-8"?>
<!-- Generated by org.testng.reporters.JUnitXMLReporter -->
<testsuite hostname="DESKTOP-N7K85DJ" name="Warranty_FF_Dev" tests="11" failures="0" timestamp="16 Feb 2022 15:13:50 GMT" time="575.791" errors="0">
  <testcase name="Home_page" time="33.241" classname="Warranty_Test_Case_Dev.About_US"/>
  <testcase name="ContactUS" time="46.607" classname="Warranty_Test_Case_Dev.Contact_US"/>
  <testcase name="partner" time="12.203" classname="Warranty_Test_Case_Dev.Partner_With_US"/>
  <testcase name="Partner1" time="80.572" classname="Warranty_Test_Case_Dev.Our_Partner"/>
  <testcase name="NewsEvents" time="125.022" classname="Warranty_Test_Case_Dev.NewsEvents"/>
  <testcase name="Partner2" time="74.803" classname="Warranty_Test_Case_Dev.Our_Partner"/>
  <testcase name="Home_page" time="280.891" classname="Warranty_Test_Case_Dev.HomePage_Testcase"/>
  <testcase name="Partner3" time="69.776" classname="Warranty_Test_Case_Dev.Our_Partner"/>
  <testcase name="Partner4" time="70.231" classname="Warranty_Test_Case_Dev.Our_Partner"/>
  <testcase name="Partner5" time="67.957" classname="Warranty_Test_Case_Dev.Our_Partner"/>
  <testcase name="Partner6" time="69.736" classname="Warranty_Test_Case_Dev.Our_Partner"/>
</testsuite> <!-- Warranty_FF_Dev -->
