<?xml version="1.0" encoding="UTF-8"?>
<!-- Generated by org.testng.reporters.JUnitXMLReporter -->
<testsuite hostname="DESKTOP-N7K85DJ" name="Warranty_FF_Dev" tests="11" failures="0" timestamp="7 Mar 2022 16:16:37 GMT" time="518.821" errors="0">
  <testcase name="Home_page" time="32.5" classname="Warranty_Test_Case_Dev.About_US"/>
  <testcase name="ContactUS" time="42.545" classname="Warranty_Test_Case_Dev.Contact_US"/>
  <testcase name="partner" time="11.74" classname="Warranty_Test_Case_Dev.Partner_With_US"/>
  <testcase name="Partner1" time="70.341" classname="Warranty_Test_Case_Dev.Our_Partner"/>
  <testcase name="NewsEvents" time="118.447" classname="Warranty_Test_Case_Dev.NewsEvents"/>
  <testcase name="Partner2" time="67.905" classname="Warranty_Test_Case_Dev.Our_Partner"/>
  <testcase name="Home_page" time="265.403" classname="Warranty_Test_Case_Dev.HomePage_Testcase"/>
  <testcase name="Partner3" time="67.609" classname="Warranty_Test_Case_Dev.Our_Partner"/>
  <testcase name="Partner4" time="67.784" classname="Warranty_Test_Case_Dev.Our_Partner"/>
  <testcase name="Partner5" time="68.17" classname="Warranty_Test_Case_Dev.Our_Partner"/>
  <testcase name="Partner6" time="65.143" classname="Warranty_Test_Case_Dev.Our_Partner"/>
</testsuite> <!-- Warranty_FF_Dev -->
