<?xml version="1.0" encoding="UTF-8"?>
<!-- Generated by org.testng.reporters.JUnitXMLReporter -->
<testsuite hostname="DESKTOP-N7K85DJ" name="SpecialityUnderwriter_Firefox_Development" tests="4" failures="0" timestamp="29 Dec 2021 13:34:18 GMT" time="116.853" errors="0">
  <testcase name="Footer" time="19.633" classname="Speciality_underwriters_Test_Case_Dev.Contact_US_TC"/>
  <testcase name="Footer" time="15.802" classname="Speciality_underwriters_Test_Case_Dev.Home_TC"/>
  <testcase name="Footer" time="10.069" classname="Speciality_underwriters_Test_Case_Dev.About_Us"/>
  <testcase name="Footer" time="35.416" classname="Speciality_underwriters_Test_Case_Dev.What_We_offer"/>
</testsuite> <!-- SpecialityUnderwriter_Firefox_Development -->
