<?xml version="1.0" encoding="UTF-8"?>
<!-- Generated by org.testng.reporters.JUnitXMLReporter -->
<testsuite hostname="DESKTOP-N7K85DJ" name="SpecialityUnderwriter_Firefox_Development" tests="4" failures="0" timestamp="15 Nov 2021 13:59:10 GMT" time="128.297" errors="0">
  <testcase name="Footer" time="17.916" classname="Test_Case_Dev.Contact_US_TC"/>
  <testcase name="Footer" time="15.853" classname="Test_Case_Dev.Home_TC"/>
  <testcase name="Footer" time="10.558" classname="Test_Case_Dev.About_Us"/>
  <testcase name="Footer" time="36.615" classname="Test_Case_Dev.What_We_offer"/>
</testsuite> <!-- SpecialityUnderwriter_Firefox_Development -->
